0 0
0.0625 6.25e-05
0.125 0.000124218505859375
0.1875 0.000185164810146308
0.25 0.000245348107144047
0.3125 0.000304777493573891
0.375 0.000363461969321681
0.4375 0.000421410438167463
0.5 0.000478631708518033
0.5625 0.000535134494142032
0.625 0.000590927414907331
0.6875 0.000646018997520384
0.75 0.000700417676267307
0.8125 0.000754131793756388
0.875 0.000807169601661786
0.9375 0.000859539261468149
1 0.000911248845215921
1.0625 0.000962306336247103
1.125 0.00101271962995122
1.1875 0.00106249653451127
1.25 0.00111164477164951
1.3125 0.00116017197737275
1.375 0.00120808570271702
1.4375 0.00125539341449149
1.5 0.00130210249602127
1.5625 0.00134822024788912
1.625 0.00139375388867571
1.6875 0.00143871055569838
1.75 0.0014830973057482
1.8125 0.00152692111582521
1.875 0.00157018888387152
1.9375 0.00161290742950244
2 0.00165508349473515
2.0625 0.00169672374471505
2.125 0.00173783476843949
2.1875 0.00177842307947885
2.25 0.00181849511669476
2.3125 0.00185805724495549
2.375 0.0018971157558482
2.4375 0.00193567686838815
2.5 0.00197374672972462
2.5625 0.0020113314158435
2.625 0.00204843693226643
2.6875 0.00208506921474651
2.75 0.00212123412996028
2.8125 0.00215693747619615
2.875 0.00219218498403893
2.9375 0.00222698231705068
3 0.00226133507244752
3.0625 0.00229524878177256
3.125 0.00232872891156476
3.1875 0.00236178086402373
3.25 0.00239440997767033
3.3125 0.00242662152800313
3.375 0.00245842072815058
3.4375 0.00248981272951891
3.5 0.00252080262243567
3.5625 0.00255139543678889
3.625 0.00258159614266185
3.6875 0.00261140965096334
3.75 0.00264084081405348
3.8125 0.00266989442636498
3.875 0.00269857522501993
3.9375 0.00272688789044186
4 0.0027548370469634
4.0625 0.00278242726342915
4.125 0.00280966305379401
4.1875 0.00283654887771685
4.25 0.00286308914114941
4.3125 0.00288928819692065
4.375 0.00291515034531634
4.4375 0.0029406798346539
4.5 0.00296588086185261
4.5625 0.00299075757299903
4.625 0.00301531406390776
4.6875 0.00303955438067742
4.75 0.00306348252024188
4.8125 0.00308710243091687
4.875 0.00311041801294172
4.9375 0.0031334331190165
5 0.00315615155483433
5.0625 0.00317857707960909
5.125 0.00320071340659828
5.1875 0.00322256420362136
5.25 0.00324413309357319
5.3125 0.00326542365493297
5.375 0.00328643942226842
5.4375 0.0033071838867353
5.5 0.00332766049657232
5.5625 0.00334787265759138
5.625 0.00336782373366328
5.6875 0.00338751704719867
5.75 0.00340695587962462
5.8125 0.00342614347185646
5.875 0.00344508302476514
5.9375 0.00346377769964011
6 0.00348223061864757
6.0625 0.00350044486528439
6.125 0.0035184234848274
6.1875 0.0035361694847784
6.25 0.0035536858353046
6.3125 0.00357097546967479
6.375 0.00358804128469104
6.4375 0.00360488614111611
6.5 0.00362151286409651
6.5625 0.00363792424358125
6.625 0.00365412303473636
6.6875 0.0036701119583551
6.75 0.00368589370126398
6.8125 0.00370147091672461
6.875 0.00371684622483135
6.9375 0.00373202221290476
7 0.0037470014358811
7.0625 0.00376178641669756
7.125 0.00377637964667354
7.1875 0.00379078358588788
7.25 0.00380500066355209
7.3125 0.00381903327837959
7.375 0.00383288379895101
7.4375 0.0038465545640756
7.5 0.00386004788314876
7.5625 0.00387336603650564
7.625 0.00388651127577102
7.6875 0.00389948582420534
7.75 0.00391229187704695
7.8125 0.00392493160185066
7.875 0.00393740713882258
7.9375 0.00394972060115124
8 0.00396187407533515
8.0625 0.00397386962150666
8.125 0.00398570927375228
8.1875 0.00399739504042945
8.25 0.00400892890447975
8.3125 0.00402031282373868
8.375 0.00403154873124191
8.4375 0.00404263853552811
8.5 0.00405358412093845
8.5625 0.00406438734791262
8.625 0.0040750500532816
8.6875 0.00408557405055703
8.75 0.00409596113021741
8.8125 0.00410621305999092
8.875 0.00411633158513516
8.9375 0.00412631842871355
9 0.00413617529186868
9.0625 0.00414590385409251
9.125 0.00415550577349339
9.1875 0.00416498268706012
9.25 0.0041743362109229
9.3125 0.00418356794061125
9.375 0.00419267945130901
9.4375 0.0042016722981063
9.5 0.00421054801624868
9.5625 0.00421930812138325
9.625 0.00422795410980201
9.6875 0.00423648745868233
9.75 0.00424490962632457
9.8125 0.00425322205238704
9.875 0.00426142615811802
9.9375 0.00426952334658522
10 0.00427751500290247
10.0625 0.00428540249445369
10.125 0.0042931871711143
10.1875 0.00430087036546998
10.25 0.00430845339303282
10.3125 0.00431593755245491
10.375 0.00432332412573943
10.4375 0.00433061437844918
10.5 0.00433780955991264
10.5625 0.0043449109034276
10.625 0.00435191962646233
10.6875 0.00435883693085436
10.75 0.00436566400300682
10.8125 0.00437240201408253
10.875 0.0043790521201957
10.9375 0.0043856154626013
11 0.00439209316788217
11.0625 0.00439848634813393
11.125 0.00440479610114759
11.1875 0.00441102351058995
11.25 0.00441716964618189
11.3125 0.00442323556387442
11.375 0.00442922230602264
11.4375 0.0044351309015576
11.5 0.00444096236615601
11.5625 0.00444671770240795
11.625 0.00445239789998255
11.6875 0.00445800393579153
11.75 0.00446353677415092
11.8125 0.00446899736694064
11.875 0.00447438665376228
11.9375 0.00447970556209479
12 0.00448495500744841
12.0625 0.00449013589351663
12.125 0.00449524911232628
12.1875 0.00450029554438583
12.25 0.00450527605883184
12.3125 0.00451019151357354
12.375 0.00451504275543581
12.4375 0.00451983062030014
12.5 0.00452455593324413
12.5625 0.00452921950867901
12.625 0.00453382215048566
12.6875 0.00453836465214883
12.75 0.00454284779688972
12.8125 0.004547272357797
12.875 0.00455163909795603
12.9375 0.00455594877057671
13 0.00456020211911949
13.0625 0.00456439987742005
13.125 0.00456854276981223
13.1875 0.0045726315112496
13.25 0.00457666680742538
13.3125 0.00458064935489093
13.375 0.00458457984117276
13.4375 0.00458845894488809
13.5 0.00459228733585894
13.5625 0.00459606567522476
13.625 0.00459979461555376
13.6875 0.00460347480095276
13.75 0.00460710686717566
13.8125 0.00461069144173062
13.875 0.00461422914398581
13.9375 0.00461772058527391
14 0.00462116636899526
14.0625 0.00462456709071969
14.125 0.00462792333828716
14.1875 0.00463123569190701
14.25 0.00463450472425605
14.3125 0.0046377310005754
14.375 0.0046409150787661
14.4375 0.0046440575094835
14.5 0.0046471588362305
14.5625 0.00465021959544954
14.625 0.00465324031661355
14.6875 0.00465622152231563
14.75 0.00465916372835763
14.8125 0.00466206744383768
14.875 0.00466493317123653
14.9375 0.00466776140650281
15 0.00467055263913727
15.0625 0.00467330735227587
15.125 0.00467602602277187
15.1875 0.00467870912127687
15.25 0.00468135711232082
15.3125 0.00468397045439099
15.375 0.00468654960001
15.4375 0.00468909499581279
15.5 0.00469160708262265
15.5625 0.00469408629552626
15.625 0.00469653306394781
15.6875 0.00469894781172217
15.75 0.00470133095716706
15.8125 0.00470368291315442
15.875 0.00470600408718077
15.9375 0.00470829488143673
16 0.00471055569287561
16.0625 0.00471278691328118
16.125 0.00471498892933454
16.1875 0.00471716212268013
16.25 0.0047193068699909
16.3125 0.00472142354303269
16.375 0.00472351250872774
16.4375 0.00472557412921739
16.5 0.004727608761924
16.5625 0.00472961675961208
16.625 0.00473159847044863
16.6875 0.00473355423806268
16.75 0.0047354844016041
16.8125 0.00473738929580169
16.875 0.00473926925102042
16.9375 0.00474112459331806
17 0.004742955644501
17.0625 0.00474476272217938
17.125 0.00474654613982152
17.1875 0.00474830620680766
17.25 0.00475004322848297
17.3125 0.0047517575062099
17.375 0.00475344933741991
17.4375 0.00475511901566445
17.5 0.00475676683066532
17.5625 0.00475839306836442
17.625 0.0047599980109728
17.6875 0.00476158193701911
17.75 0.00476314512139744
17.8125 0.00476468783541451
17.875 0.00476621034683626
17.9375 0.00476771291993392
18 0.00476919581552931
18.0625 0.00477065929103977
18.125 0.00477210360052232
18.1875 0.00477352899471741
18.25 0.00477493572109198
18.3125 0.00477632402388204
18.375 0.0047776941441347
18.4375 0.00477904631974958
18.5 0.00478038078551982
18.5625 0.00478169777317241
18.625 0.00478299751140813
18.6875 0.0047842802259409
18.75 0.00478554613953662
18.8125 0.00478679547205156
18.875 0.00478802844047021
18.9375 0.00478924525894266
19 0.00479044613882148
19.0625 0.00479163128869815
19.125 0.004792800914439
19.1875 0.00479395521922067
19.25 0.00479509440356517
19.3125 0.00479621866537441
19.375 0.00479732819996435
19.4375 0.00479842320009866
19.5 0.00479950385602197
19.5625 0.0048005703554927
19.625 0.00480162288381542
19.6875 0.00480266162387282
19.75 0.00480368675615733
19.8125 0.00480469845880215
19.875 0.00480569690761213
19.9375 0.00480668227609398
20 0.00480765473548635
20.0625 0.0048086144547893
20.125 0.0048095616007935
20.1875 0.0048104963381091
20.25 0.00481141882919405
20.3125 0.00481232923438225
20.375 0.00481322771191122
20.4375 0.00481411441794941
20.5 0.00481498950662322
20.5625 0.00481585313004362
20.625 0.00481670543833244
20.6875 0.00481754657964831
20.75 0.00481837670021226
20.8125 0.00481919594433304
20.875 0.00482000445443201
20.9375 0.00482080237106781
21 0.00482158983296066
21.0625 0.00482236697701632
21.125 0.0048231339383498
21.1875 0.00482389085030872
21.25 0.00482463784449638
21.3125 0.00482537505079452
21.375 0.00482610259738579
21.4375 0.00482682061077593
21.5 0.0048275292158157
21.5625 0.0048282285357224
21.625 0.0048289186921013
21.6875 0.0048295998049666
21.75 0.00483027199276226
21.8125 0.00483093537238248
21.875 0.00483159005919194
21.9375 0.00483223616704578
22 0.00483287380830933
22.0625 0.00483350309387752
22.125 0.00483412413319415
22.1875 0.00483473703427077
22.25 0.00483534190370548
22.3125 0.0048359388467013
22.375 0.00483652796708447
22.4375 0.00483710936732239
22.5 0.0048376831485414
22.5625 0.00483824941054428
22.625 0.00483880825182756
22.6875 0.00483935976959859
22.75 0.00483990405979238
22.8125 0.00484044121708823
22.875 0.00484097133492612
22.9375 0.00484149450552295
23 0.00484201081988847
23.0625 0.00484252036784112
23.125 0.00484302323802355
23.1875 0.004843519517918
23.25 0.0048440092938615
23.3125 0.00484449265106079
23.375 0.00484496967360714
23.4375 0.00484544044449092
23.5 0.00484590504561596
23.5625 0.00484636355781382
23.625 0.00484681606085774
23.6875 0.00484726263347653
23.75 0.0048477033533682
23.8125 0.00484813829721346
23.875 0.00484856754068898
23.9375 0.00484899115848058
24 0.00484940922429614
24.0625 0.00484982181087839
24.125 0.00485022899001758
24.1875 0.00485063083256389
24.25 0.00485102740843973
24.3125 0.00485141878665189
24.375 0.00485180503530352
24.4375 0.00485218622160594
24.5 0.0048525624118903
24.5625 0.00485293367161909
24.625 0.00485330006539753
24.6875 0.00485366165698476
24.75 0.00485401850930492
24.8125 0.00485437068445807
24.875 0.00485471824373096
24.9375 0.00485506124760769
25 0.00485539975578022
25.0625 0.00485573382715869
25.125 0.00485606351988169
25.1875 0.00485638889132635
25.25 0.00485670999811829
25.3125 0.00485702689614144
25.375 0.00485733964054781
25.4375 0.00485764828576699
25.5 0.00485795288551564
25.5625 0.00485825349280682
25.625 0.00485855015995921
25.6875 0.00485884293860617
25.75 0.00485913187970472
25.8125 0.00485941703354438
25.875 0.00485969844975596
25.9375 0.0048599761773201
26 0.00486025026457584
26.0625 0.004860520759229
26.125 0.00486078770836046
26.1875 0.00486105115843434
26.25 0.00486131115530611
26.3125 0.00486156774423049
26.375 0.00486182096986937
26.4375 0.00486207087629956
26.5 0.00486231750702043
26.5625 0.00486256090496148
26.625 0.00486280111248981
26.6875 0.00486303817141746
26.75 0.0048632721230087
26.8125 0.00486350300798719
26.875 0.00486373086654306
26.9375 0.00486395573833988
27 0.0048641776625216
27.0625 0.0048643966777193
27.125 0.00486461282205792
27.1875 0.00486482613316291
27.25 0.00486503664816675
27.3125 0.00486524440371542
27.375 0.00486544943597473
27.4375 0.00486565178063667
27.5 0.00486585147292556
27.5625 0.00486604854760421
27.625 0.00486624303897993
27.6875 0.00486643498091053
27.75 0.00486662440681018
27.8125 0.00486681134965525
27.875 0.00486699584198998
27.9375 0.00486717791593224
28 0.004867357603179
28.0625 0.00486753493501194
28.125 0.00486770994230281
28.1875 0.00486788265551888
28.25 0.00486805310472815
28.3125 0.00486822131960464
28.375 0.00486838732943355
28.4375 0.00486855116311629
28.5 0.00486871284917559
28.5625 0.00486887241576042
28.625 0.00486902989065085
28.6875 0.00486918530126296
28.75 0.00486933867465355
28.8125 0.00486949003752485
28.875 0.00486963941622919
28.9375 0.00486978683677357
29 0.00486993232482417
29.0625 0.00487007590571085
29.125 0.0048702176044315
29.1875 0.00487035744565645
29.25 0.00487049545373272
29.3125 0.00487063165268826
29.375 0.00487076606623614
29.4375 0.00487089871777869
29.5 0.00487102963041153
29.5625 0.00487115882692761
29.625 0.0048712863298212
29.6875 0.00487141216129174
29.75 0.00487153634324777
29.8125 0.0048716588973107
29.875 0.00487177984481858
29.9375 0.00487189920682982
30 0.00487201700412685
30.0625 0.00487213325721974
30.125 0.00487224798634973
30.1875 0.00487236121149283
30.25 0.00487247295236322
30.3125 0.00487258322841671
30.375 0.00487269205885413
30.4375 0.00487279946262468
30.5 0.00487290545842919
30.5625 0.0048730100647234
30.625 0.00487311329972118
30.6875 0.00487321518139767
30.75 0.00487331572749243
30.8125 0.00487341495551254
30.875 0.00487351288273559
30.9375 0.00487360952621276
31 0.00487370490277173
31.0625 0.00487379902901962
31.125 0.00487389192134592
31.1875 0.00487398359592529
31.25 0.00487407406872039
31.3125 0.00487416335548467
31.375 0.00487425147176512
31.4375 0.00487433843290493
31.5 0.00487442425404621
31.5625 0.00487450895013261
31.625 0.00487459253591189
31.6875 0.00487467502593854
31.75 0.00487475643457628
31.8125 0.00487483677600055
31.875 0.004874916064201
31.9375 0.00487499431298393
32 0.00487507153597465
Total steps: 512
