0 0
1 0.001
2 0.001799
3 0.002435963599
4 0.00294283696054435
5 0.00334560927905913
6 0.00366529432179918
7 0.00391880107497393
8 0.00411968385811393
9 0.00427877529140034
10 0.00440471231512597
11 0.00450436836152176
12 0.00458320535488113
13 0.00464555851257989
14 0.00469486559617011
15 0.00473385071396999
16 0.00476467122859383
17 0.00478903489095848
18 0.00480829305757996
19 0.0048235147639364
20 0.00483554551647121
21 0.0048450539127351
22 0.00485256858277077
23 0.00485850744436612
24 0.00486320086090594
25 0.00486690996611123
26 0.00486984116027075
27 0.00487215757529034
28 0.00487398814079381
29 0.00487543475223845
30 0.00487657793776742
31 0.00487748133783082
32 0.00487819524606377
Total steps: 32
