0 0
0.25 0.000238080241629633
0.5 0.000464815594827055
0.75 0.000680693953797569
1 0.000886214561041158
1.25 0.00108185568021954
1.5 0.00126807528499381
1.75 0.00144531174512421
2 0.00161398450731261
2.25 0.00177449476859707
2.5 0.0019272261404074
2.75 0.0020725453016634
3 0.00221080263954411
3.25 0.00234233287677995
3.5 0.0024674556845208
3.75 0.00258647628001393
4 0.00269968600848752
4.25 0.00280736290878039
4.5 0.00290977226238694
4.75 0.00300716712570057
5 0.0030997888453393
5.25 0.003187867556526
5.5 0.00327162266457283
5.75 0.00335126330958696
6 0.00342698881457267
6.25 0.00349898911715505
6.5 0.00356744518519294
6.75 0.00363252941658443
7 0.00369440602359852
7.25 0.00375323140209044
7.5 0.00380915448597825
7.75 0.00386231708737362
8 0.0039128542227712
8.25 0.00396089442570959
8.5 0.00400656004632195
8.75 0.00404996753819736
9 0.00409122773297426
9.25 0.00413044610308622
9.5 0.00416772301307669
9.75 0.0042031539598953
10 0.0042368298025819
10.25 0.00426883698173802
10.5 0.00429925772917754
10.75 0.00432817026813962
11 0.00435564900443825
11.25 0.00438176470891289
11.5 0.0044065846915347
11.75 0.00443017296751295
12 0.00445259041573552
12.25 0.00447389492986694
12.5 0.00449414156241701
12.75 0.0045133826620822
13 0.00453166800465192
13.25 0.00454904491776084
13.5 0.00456555839975868
13.75 0.00458125123295834
14 0.0045961640915135
14.25 0.00461033564416714
14.5 0.00462380265210273
14.75 0.00463660006212075
15 0.00464876109535392
15.25 0.00466031733172618
15.5 0.00467129879035135
15.75 0.00468173400605966
16 0.0046916501022321
16.25 0.00470107286011482
16.5 0.00471002678477847
16.75 0.00471853516787998
17 0.0047266201473777
17.25 0.0047343027643436
17.5 0.0047416030170104
17.75 0.00474853991218492
18 0.00475513151415311
18.25 0.00476139499119665
18.5 0.00476734665983528
18.75 0.00477300202690415
19 0.00477837582957002
19.25 0.00478348207338574
19.5 0.00478833406847751
19.75 0.00479294446395516
20 0.00479732528063153
20.25 0.00480148794213279
20.5 0.00480544330447789
20.75 0.00480920168420144
21 0.00481277288509104
21.25 0.00481616622360644
21.5 0.00481939055304495
21.75 0.00482245428651419
22 0.0048253654187706
22.25 0.00482813154697918
22.5 0.00483075989044722
22.75 0.00483325730938247
23 0.00483563032272343
23.25 0.00483788512508747
23.5 0.00484002760288002
23.75 0.00484206334960619
24 0.00484399768042398
24.25 0.00484583564597639
24.5 0.00484758204553814
24.75 0.00484924143951052
25 0.0048508181612968
25.25 0.0048523163285885
25.5 0.00485373985409187
25.75 0.004855092455722
26 0.00485637766629102
26.25 0.00485759884271536
26.5 0.00485875917476582
26.75 0.0048598616933831
27 0.00486090927858034
27.25 0.00486190466695304
27.5 0.00486285045881584
27.75 0.00486374912498466
28 0.00486460301322178
28.25 0.00486541435436053
28.5 0.0048661852681255
28.75 0.00486691776866339
29 0.00486761376979883
29.25 0.00486827509002881
29.5 0.00486890345726872
29.75 0.00486950051336232
30 0.00487006781836736
30.25 0.00487060685462797
30.5 0.00487111903064447
30.75 0.00487160568475058
31 0.00487206808860769
31.25 0.00487250745052518
31.5 0.00487292491861555
31.75 0.00487332158379249
32 0.00487369848261967
Total steps: 513
