0 0
0.125 0.000121951317198181
0.25 0.000240922907217416
0.375 0.000356984249117038
0.5 0.000470203366693346
0.625 0.000580646850655929
0.75 0.000688379880913613
0.875 0.000793466248938761
1 0.000895968380180522
1.125 0.000995947356499389
1.25 0.00109346293859713
1.375 0.00118857358841778
1.5 0.00128133649149696
1.625 0.0013718075792382
1.75 0.00146004155109657
1.875 0.00154609189665103
2 0.00163001091754831
2.125 0.00171184974930254
2.25 0.00179165838293579
2.375 0.00186948568644583
2.5 0.00194537942608873
2.625 0.00201938628746469
2.75 0.00209155189639645
2.875 0.00216192083959087
3 0.00223053668507468
3.125 0.00229744200239662
3.25 0.0023626783825888
3.375 0.00242628645788078
3.5 0.00248830592116074
3.625 0.00254877554517881
3.75 0.00260773320148784
3.875 0.00266521587911812
4 0.00272125970298264
4.125 0.00277589995201005
4.25 0.00282917107700331
4.375 0.00288110671822208
4.5 0.0029317397226875
4.625 0.00298110216120858
4.75 0.00302922534512947
4.875 0.0030761398427975
5 0.00312187549575221
5.125 0.00316646143463561
5.25 0.00320992609482468
5.375 0.0032522972317869
5.5 0.00329360193616021
5.625 0.00333386664855892
5.75 0.00337311717410712
5.875 0.00341137869670171
6 0.00344867579300704
6.125 0.00348503244618345
6.25 0.0035204720593521
6.375 0.00355501746879877
6.5 0.00358869095691916
6.625 0.00362151426490864
6.75 0.00365350860519928
6.875 0.00368469467364723
7 0.00371509266147352
7.125 0.0037447222669614
7.25 0.0037736027069136
7.375 0.00380175272787261
7.5 0.00382919061710753
7.625 0.00385593421337072
7.75 0.00388200091742776
7.875 0.00390740770236414
8 0.00393217112367218
8.125 0.00395630732912166
8.25 0.00397983206841765
8.375 0.0040027607026491
8.5 0.00402510821353171
8.625 0.00404688921244844
8.75 0.00406811794929147
8.875 0.00408880832110879
9 0.0041089738805591
9.125 0.00412862784417845
9.25 0.00414778310046202
9.375 0.00416645221776455
9.5 0.00418464745202269
9.625 0.00420238075430282
9.75 0.00421966377817754
9.875 0.00423650788693421
10 0.00425292416061881
10.125 0.00426892340291838
10.25 0.00428451614788518
10.375 0.00429971266650588
10.5 0.00431452297311878
10.625 0.00432895683168222
10.75 0.0043430237618972
10.875 0.00435673304518732
11 0.00437009373053881
11.125 0.00438311464020382
11.25 0.00439580437526971
11.375 0.00440817132109711
11.5 0.00442022365262981
11.625 0.00443196933957893
11.75 0.00444341615148426
11.875 0.00445457166265543
12 0.00446544325699546
12.125 0.00447603813270923
12.25 0.00448636330689956
12.375 0.00449642562005328
12.5 0.00450623174041961
12.625 0.00451578816828358
12.75 0.00452510124013647
12.875 0.00453417713274581
13 0.00454302186712717
13.125 0.00455164131241989
13.25 0.00456004118966903
13.375 0.00456822707551555
13.5 0.00457620440579699
13.625 0.00458397847906052
13.75 0.00459155445999053
13.875 0.00459893738275263
14 0.00460613215425602
14.125 0.0046131435573362
14.25 0.0046199762538597
14.375 0.00462663478775289
14.5 0.0046331235879564
14.625 0.00463944697130709
14.75 0.00464560914534916
14.875 0.00465161421107608
15 0.00465746616560507
15.125 0.00466316890478558
15.25 0.00466872622574346
15.375 0.00467414182936225
15.5 0.0046794193227032
15.625 0.00468456222136537
15.75 0.00468957395178731
15.875 0.00469445785349166
16 0.00469921718127419
16.125 0.00470385510733836
16.25 0.00470837472337699
16.375 0.00471277904260206
16.5 0.00471707100172415
16.625 0.00472125346288246
16.75 0.00472532921552688
16.875 0.00472930097825308
17 0.00473317140059181
17.125 0.00473694306475359
17.25 0.00474061848732978
17.375 0.0047442001209512
17.5 0.00474769035590523
17.625 0.00475109152171242
17.75 0.00475440588866375
17.875 0.00475763566931928
18 0.00476078301996929
18.125 0.00476385004205878
18.25 0.00476683878357625
18.375 0.00476975124040761
18.5 0.00477258935765613
18.625 0.00477535503092916
18.75 0.00477805010759262
18.875 0.00478067638799388
19 0.00478323562665387
19.125 0.00478572953342929
19.25 0.00478815977464543
19.375 0.00479052797420057
19.5 0.00479283571464252
19.625 0.00479508453821804
19.75 0.0047972759478958
19.875 0.0047994114083635
20 0.00480149234699996
20.125 0.00480352015482253
20.25 0.00480549618741067
20.375 0.00480742176580621
20.5 0.00480929817739085
20.625 0.00481112667674146
20.75 0.00481290848646382
20.875 0.00481464479800527
21 0.00481633677244678
21.125 0.004817985541275
21.25 0.00481959220713477
21.375 0.00482115784456265
21.5 0.00482268350070175
21.625 0.00482417019599859
21.75 0.00482561892488227
21.875 0.00482703065642636
22 0.00482840633499416
22.125 0.00482974688086749
22.25 0.00483105319085959
22.375 0.00483232613891248
22.5 0.00483356657667918
22.625 0.00483477533409113
22.75 0.00483595321991124
22.875 0.00483710102227292
23 0.0048382195092054
23.125 0.00483930942914573
23.25 0.00484037151143781
23.375 0.00484140646681869
23.5 0.00484241498789258
23.625 0.00484339774959277
23.75 0.00484435540963187
23.875 0.00484528860894056
24 0.00484619797209525
24.125 0.00484708410773478
24.25 0.00484794760896664
24.375 0.00484878905376277
24.5 0.00484960900534537
24.625 0.00485040801256283
24.75 0.00485118661025616
24.875 0.00485194531961608
25 0.00485268464853102
25.125 0.00485340509192625
25.25 0.00485410713209443
25.375 0.00485479123901772
25.5 0.00485545787068169
25.625 0.00485610747338123
25.75 0.00485674048201872
25.875 0.00485735732039455
26 0.00485795840149032
26.125 0.00485854412774472
26.25 0.00485911489132252
26.375 0.00485967107437657
26.5 0.00486021304930325
26.625 0.00486074117899135
26.75 0.0048612558170646
26.875 0.00486175730811808
27 0.00486224598794852
27.125 0.00486272218377885
27.25 0.00486318621447692
27.375 0.00486363839076869
27.5 0.00486407901544601
27.625 0.00486450838356905
27.75 0.00486492678266364
27.875 0.00486533449291354
28 0.00486573178734776
28.125 0.00486611893202322
28.25 0.00486649618620268
28.375 0.0048668638025281
28.5 0.00486722202718969
28.625 0.00486757110009054
28.75 0.0048679112550071
28.875 0.00486824271974559
29 0.00486856571629439
29.125 0.00486888046097252
29.25 0.00486918716457441
29.375 0.00486948603251089
29.5 0.00486977726494664
29.625 0.00487006105693415
29.75 0.00487033759854417
29.875 0.00487060707499296
30 0.00487086966676619
30.125 0.0048711255497397
30.25 0.00487137489529725
30.375 0.00487161787044519
30.5 0.00487185463792421
30.625 0.00487208535631825
30.75 0.00487231018016069
30.875 0.00487252926003773
31 0.00487274274268917
31.125 0.00487295077110668
31.25 0.00487315348462945
31.375 0.0048733510190375
31.5 0.00487354350664256
31.625 0.00487373107637663
31.75 0.00487391385387826
31.875 0.00487409196157672
32 0.0048742655187739
Total steps: 1024
