0 0
0.0625 6.1728280603385e-05
0.125 0.000122693788359724
0.1875 0.000182905498420632
0.25 0.000242372291677837
0.3125 0.000301102955462399
0.375 0.000359106184246729
0.4375 0.000416390580349128
0.5 0.000472964654640569
0.5625 0.000528836827253447
0.625 0.000584015428292041
0.6875 0.000638508698544421
0.75 0.000692324790195574
0.8125 0.000745471767541489
0.875 0.00079795760770398
0.9375 0.000849790201346023
1 0.00090097735338738
1.0625 0.00095152678372031
1.125 0.00100144612792515
1.1875 0.0010507429379856
1.25 0.00109942468300345
1.3125 0.00114749874991264
1.375 0.00119497244419247
1.4375 0.00124185299057972
1.5 0.00128814753377954
1.5625 0.00133386313917505
1.625 0.00137900679353527
1.6875 0.00142358540572153
1.75 0.0014676058073919
1.8125 0.00151107475370377
1.875 0.00155399892401426
1.9375 0.00159638492257841
2 0.00163823927924504
2.0625 0.00167956845015013
2.125 0.00172037881840756
2.1875 0.00176067669479723
2.25 0.00180046831845031
2.3125 0.00183975985753161
2.375 0.00187855740991892
2.4375 0.00191686700387929
2.5 0.00195469459874207
2.5625 0.00199204608556872
2.625 0.00202892728781922
2.6875 0.0020653439620151
2.75 0.0021013017983989
2.8125 0.00213680642159006
2.875 0.00217186339123722
2.9375 0.00220647820266674
3 0.00224065628752746
3.0625 0.00227440301443165
3.125 0.00230772368959204
3.1875 0.00234062355745495
3.25 0.00237310780132941
3.3125 0.00240518154401222
3.375 0.002436849848409
3.4375 0.00246811771815103
3.5 0.00249899009820803
3.5625 0.00252947187549667
3.625 0.00255956787948491
3.6875 0.00258928288279202
3.75 0.00261862160178437
3.8125 0.00264758869716692
3.875 0.0026761887745703
3.9375 0.00270442638513359
4 0.00273230602608272
4.0625 0.00275983214130444
4.125 0.00278700912191593
4.1875 0.00281384130682991
4.25 0.0028403329833154
4.3125 0.00286648838755394
4.375 0.00289231170519143
4.4375 0.00291780707188544
4.5 0.00294297857384809
4.5625 0.00296783024838441
4.625 0.00299236608442632
4.6875 0.00301659002306196
4.75 0.00304050595806071
4.8125 0.00306411773639361
4.875 0.00308742915874938
4.9375 0.00311044398004591
5 0.00313316590993733
5.0625 0.00315559861331657
5.125 0.00317774571081349
5.1875 0.00319961077928858
5.25 0.00322119735232219
5.3125 0.00324250892069932
5.375 0.00326354893289009
5.4375 0.00328432079552565
5.5 0.00330482787386986
5.5625 0.00332507349228647
5.625 0.003345060934702
5.6875 0.00336479344506429
5.75 0.00338427422779665
5.8125 0.00340350644824777
5.875 0.00342249323313726
5.9375 0.00344123767099704
6 0.0034597428126083
6.0625 0.00347801167143437
6.125 0.00349604722404929
6.1875 0.00351385241056224
6.25 0.00353143013503771
6.3125 0.00354878326591163
6.375 0.00356591463640327
6.4375 0.00358282704492309
6.5 0.00359952325547647
6.5625 0.00361600599806342
6.625 0.0036322779690742
6.6875 0.00364834183168099
6.75 0.00366420021622551
6.8125 0.00367985572060269
6.875 0.00369531091064046
6.9375 0.00371056832047557
7 0.00372563045292552
7.0625 0.00374049977985667
7.125 0.00375517874254847
7.1875 0.00376966975205396
7.25 0.00378397518955638
7.3125 0.00379809740672213
7.375 0.00381203872604995
7.4375 0.00382580144121641
7.5 0.00383938781741774
7.5625 0.00385280009170799
7.625 0.00386604047333364
7.6875 0.00387911114406454
7.75 0.00389201425852135
7.8125 0.00390475194449942
7.875 0.00391732630328921
7.9375 0.00392973940999314
8 0.00394199331383912
8.0625 0.00395409003849056
8.125 0.00396603158235306
8.1875 0.00397781991887768
8.25 0.00398945699686094
8.3125 0.00400094474074144
8.375 0.0040122850508933
8.4375 0.00402347980391624
8.5 0.00403453085292256
8.5625 0.00404544002782083
8.625 0.00405620913559647
8.6875 0.00406683996058918
8.75 0.00407733426476728
8.8125 0.00408769378799896
8.875 0.00409792024832043
8.9375 0.00410801534220117
9 0.00411798074480609
9.0625 0.0041278181102547
9.125 0.00413752907187745
9.1875 0.00414711524246909
9.25 0.0041565782145391
9.3125 0.0041659195605594
9.375 0.00417514083320907
9.4375 0.00418424356561643
9.5 0.00419322927159818
9.5625 0.00420209944589595
9.625 0.00421085556441
9.6875 0.00421949908443033
9.75 0.00422803144486504
9.8125 0.0042364540664661
9.875 0.00424476835205247
9.9375 0.00425297568673071
10 0.00426107743811287
10.0625 0.00426907495653204
10.125 0.00427696957525523
10.1875 0.00428476261069385
10.25 0.00429245536261168
10.3125 0.00430004911433049
10.375 0.0043075451329331
10.4375 0.00431494466946422
10.5 0.00432224895912884
10.5625 0.00432945922148827
10.625 0.00433657666065391
10.6875 0.00434360246547875
10.75 0.00435053780974656
10.8125 0.00435738385235882
10.875 0.00436414173751954
10.9375 0.00437081259491777
11 0.00437739753990804
11.0625 0.00438389767368854
11.125 0.00439031408347732
11.1875 0.00439664784268627
11.25 0.00440290001109305
11.3125 0.00440907163501105
11.375 0.0044151637474572
11.4375 0.00442117736831783
11.5 0.00442711350451253
11.5625 0.00443297315015607
11.625 0.00443875728671832
11.6875 0.00444446688318232
11.75 0.00445010289620033
11.8125 0.00445566627024818
11.875 0.00446115793777755
11.9375 0.00446657881936659
12 0.0044719298238686
12.0625 0.00447721184855897
12.125 0.00448242577928033
12.1875 0.00448757249058593
12.25 0.00449265284588129
12.3125 0.00449766769756414
12.375 0.0045026178871626
12.4375 0.0045075042454718
12.5 0.0045123275926887
12.5625 0.00451708873854537
12.625 0.00452178848244059
12.6875 0.00452642761356984
12.75 0.00453100691105376
12.8125 0.00453552714406498
12.875 0.00453998907195344
12.9375 0.00454439344437011
13 0.0045487410013893
13.0625 0.00455303247362937
13.125 0.004557268582372
13.1875 0.00456145003968004
13.25 0.00456557754851381
13.3125 0.00456965180284604
13.375 0.00457367348777544
13.4375 0.00457764327963873
13.5 0.00458156184612143
13.5625 0.00458542984636722
13.625 0.00458924793108592
13.6875 0.00459301674266024
13.75 0.00459673691525112
13.8125 0.00460040907490175
13.875 0.00460403383964043
13.9375 0.00460761181958201
14 0.00461114361702817
14.0625 0.00461462982656642
14.125 0.00461807103516789
14.1875 0.00462146782228386
14.25 0.00462482075994116
14.3125 0.00462813041283637
14.375 0.00463139733842878
14.4375 0.00463462208703228
14.5 0.00463780520190608
14.5625 0.00464094721934426
14.625 0.00464404866876428
14.6875 0.00464711007279431
14.75 0.00465013194735954
14.8125 0.00465311480176737
14.875 0.00465605913879151
14.9375 0.00465896545475513
15 0.00466183423961287
15.0625 0.00466466597703187
15.125 0.00466746114447181
15.1875 0.00467022021326387
15.25 0.00467294364868879
15.3125 0.00467563191005389
15.375 0.00467828545076918
15.4375 0.00468090471842247
15.5 0.00468349015485353
15.5625 0.00468604219622741
15.625 0.00468856127310671
15.6875 0.00469104781052302
15.75 0.0046935022280475
15.8125 0.00469592493986045
15.875 0.00469831635482014
15.9375 0.00470067687653069
16 0.00470300690340911
16.0625 0.00470530682875153
16.125 0.00470757704079856
16.1875 0.00470981792279986
16.25 0.00471202985307784
16.3125 0.00471421320509062
16.375 0.00471636834749419
16.4375 0.00471849564420372
16.5 0.00472059545445419
16.5625 0.00472266813286018
16.625 0.00472471402947496
16.6875 0.00472673348984876
16.75 0.00472872685508643
16.8125 0.00473069446190421
16.875 0.00473263664268594
16.9375 0.00473455372553844
17 0.00473644603434624
17.0625 0.00473831388882563
17.125 0.00474015760457801
17.1875 0.00474197749314255
17.25 0.00474377386204821
17.3125 0.00474554701486507
17.375 0.00474729725125505
17.4375 0.00474902486702197
17.5 0.00475073015416092
17.5625 0.00475241340090715
17.625 0.00475407489178413
17.6875 0.00475571490765123
17.75 0.00475733372575058
17.8125 0.0047589316197535
17.875 0.00476050885980627
17.9375 0.0047620657125753
18 0.00476360244129175
18.0625 0.00476511930579563
18.125 0.00476661656257923
18.1875 0.00476809446483013
18.25 0.00476955326247352
18.3125 0.00477099320221413
18.375 0.0047724145275775
18.4375 0.00477381747895081
18.5 0.00477520229362316
18.5625 0.00477656920582529
18.625 0.0047779184467689
18.6875 0.00477925024468539
18.75 0.00478056482486411
18.8125 0.00478186240969014
18.875 0.00478314321868163
18.9375 0.00478440746852656
19 0.00478565537311914
19.0625 0.00478688714359567
19.125 0.00478810298837001
19.1875 0.00478930311316851
19.25 0.00479048772106459
19.3125 0.00479165701251278
19.375 0.00479281118538244
19.4375 0.00479395043499095
19.5 0.00479507495413651
19.5625 0.00479618493313056
19.625 0.0047972805598297
19.6875 0.00479836201966731
19.75 0.00479942949568466
19.8125 0.00480048316856171
19.875 0.00480152321664745
19.9375 0.00480254981598992
20 0.00480356314036573
20.0625 0.00480456336130939
20.125 0.00480555064814206
20.1875 0.00480652516800005
20.25 0.00480748708586298
20.3125 0.00480843656458147
20.375 0.00480937376490458
20.4375 0.00481029884550682
20.5 0.00481121196301489
20.5625 0.004812113272034
20.625 0.00481300292517394
20.6875 0.0048138810730747
20.75 0.0048147478644319
20.8125 0.00481560344602178
20.875 0.00481644796272592
20.9375 0.00481728155755565
21 0.00481810437167614
21.0625 0.00481891654443013
21.125 0.00481971821336145
21.1875 0.00482050951423819
21.25 0.00482129058107554
21.3125 0.00482206154615839
21.375 0.0048228225400636
21.4375 0.00482357369168206
21.5 0.00482431512824035
21.5625 0.00482504697532219
21.625 0.00482576935688967
21.6875 0.00482648239530406
21.75 0.0048271862113465
21.8125 0.00482788092423836
21.875 0.00482856665166129
21.9375 0.00482924350977714
22 0.00482991161324749
22.0625 0.00483057107525303
22.125 0.0048312220075126
22.1875 0.0048318645203021
22.25 0.00483249872247303
22.3125 0.0048331247214709
22.375 0.00483374262335334
22.4375 0.00483435253280798
22.5 0.00483495455317015
22.5625 0.00483554878644029
22.625 0.00483613533330117
22.6875 0.00483671429313488
22.75 0.00483728576403964
22.8125 0.00483784984284629
22.875 0.00483840662513471
22.9375 0.00483895620524991
23 0.00483949867631795
23.0625 0.00484003413026171
23.125 0.00484056265781639
23.1875 0.00484108434854479
23.25 0.00484159929085251
23.3125 0.00484210757200282
23.375 0.00484260927813144
23.4375 0.00484310449426105
23.5 0.00484359330431568
23.5625 0.00484407579113487
23.625 0.00484455203648769
23.6875 0.00484502212108651
23.75 0.00484548612460069
23.8125 0.00484594412566999
23.875 0.00484639620191788
23.9375 0.00484684242996468
24 0.00484728288544048
24.0625 0.0048477176429979
24.125 0.00484814677632475
24.1875 0.00484857035815649
24.25 0.00484898846028847
24.3125 0.0048494011535881
24.375 0.00484980850800683
24.4375 0.00485021059259199
24.5 0.0048506074754984
24.5625 0.00485099922399998
24.625 0.00485138590450104
24.6875 0.00485176758254758
24.75 0.00485214432283833
24.8125 0.00485251618923567
24.875 0.00485288324477651
24.9375 0.00485324555168284
25 0.00485360317137236
25.0625 0.00485395616446879
25.125 0.00485430459081216
25.1875 0.00485464850946891
25.25 0.0048549879787419
25.3125 0.00485532305618027
25.375 0.00485565379858915
25.4375 0.00485598026203931
25.5 0.00485630250187659
25.5625 0.00485662057273133
25.625 0.00485693452852755
25.6875 0.00485724442249211
25.75 0.00485755030716372
25.8125 0.00485785223440179
25.875 0.00485815025539523
25.9375 0.00485844442067114
26 0.00485873478010331
26.0625 0.00485902138292068
26.125 0.00485930427771567
26.1875 0.00485958351245241
26.25 0.00485985913447486
26.3125 0.0048601311905148
26.375 0.00486039972669976
26.4375 0.00486066478856082
26.5 0.00486092642104032
26.5625 0.00486118466849945
26.625 0.00486143957472579
26.6875 0.0048616911829407
26.75 0.00486193953580664
26.8125 0.0048621846754344
26.875 0.0048624266433902
26.9375 0.00486266548070278
27 0.0048629012278703
27.0625 0.00486313392486719
27.125 0.00486336361115099
27.1875 0.00486359032566892
27.25 0.00486381410686459
27.3125 0.00486403499268441
27.375 0.00486425302058407
27.4375 0.00486446822753489
27.5 0.00486468065003004
27.5625 0.00486489032409075
27.625 0.00486509728527239
27.6875 0.00486530156867052
27.75 0.00486550320892678
27.8125 0.00486570224023484
27.875 0.0048658986963461
27.9375 0.00486609261057548
28 0.004866284015807
28.0625 0.0048664729444994
28.125 0.00486665942869161
28.1875 0.0048668435000082
28.25 0.00486702518966469
28.3125 0.00486720452847289
28.375 0.0048673815468461
28.4375 0.00486755627480425
28.5 0.00486772874197898
28.5625 0.0048678989776187
28.625 0.00486806701059351
28.6875 0.00486823286940008
28.75 0.00486839658216651
28.8125 0.0048685581766571
28.875 0.00486871768027699
28.9375 0.00486887512007688
29 0.00486903052275758
29.0625 0.00486918391467451
29.125 0.00486933532184222
29.1875 0.00486948476993875
29.25 0.00486963228430999
29.3125 0.004869777889974
29.375 0.00486992161162521
29.4375 0.00487006347363865
29.5 0.00487020350007402
29.5625 0.00487034171467984
29.625 0.00487047814089741
29.6875 0.00487061280186481
29.75 0.00487074572042083
29.8125 0.00487087691910882
29.875 0.00487100642018052
29.9375 0.00487113424559983
30 0.00487126041704653
30.0625 0.00487138495591995
30.125 0.00487150788334263
30.1875 0.00487162922016383
30.25 0.00487174898696312
30.3125 0.00487186720405388
30.375 0.00487198389148667
30.4375 0.00487209906905271
30.5 0.00487221275628718
30.5625 0.00487232497247255
30.625 0.00487243573664184
30.6875 0.00487254506758186
30.75 0.0048726529838364
30.8125 0.00487275950370933
30.875 0.00487286464526775
30.9375 0.00487296842634504
31 0.00487307086454386
31.0625 0.00487317197723916
31.125 0.00487327178158111
31.1875 0.00487337029449802
31.25 0.00487346753269919
31.3125 0.00487356351267778
31.375 0.00487365825071354
31.4375 0.00487375176287564
31.5 0.00487384406502535
31.5625 0.00487393517281876
31.625 0.00487402510170939
31.6875 0.00487411386695085
31.75 0.00487420148359941
31.8125 0.00487428796651656
31.875 0.00487437333037151
31.9375 0.0048744575896437
32 0.00487454075862524
Total steps: 2048
