0 0
0.125 0.000123456091171074
0.25 0.000243860207822687
0.375 0.000361284261929312
0.5 0.000475798648223688
0.625 0.000587472267176622
0.75 0.000696372548121988
0.875 0.000802565472491852
1 0.00090611559712876
1.125 0.00100708607764416
1.25 0.00110553869179384
1.375 0.0012015338628431
1.5 0.00129513068289605
1.625 0.00138638693616517
1.75 0.0014753591221588
1.875 0.00156210247876582
2 0.00164667100521801
2.125 0.00172911748491245
2.25 0.00180949350807698
2.375 0.00188784949426356
2.5 0.00196423471465534
2.625 0.00203869731417424
2.75 0.00211128433337733
2.875 0.00218204173013084
3 0.00225101440105202
3.125 0.00231824620270972
3.25 0.00238377997257554
3.375 0.00244765754971837
3.5 0.00250991979523555
3.625 0.002570606612415
3.75 0.00262975696662331
3.875 0.00268740890491504
4 0.00274359957535984
4.125 0.00279836524608376
4.25 0.0028517413240224
4.375 0.00290376237338355
4.5 0.00295446213381766
4.625 0.0030038735382951
4.75 0.00305202873068917
4.875 0.00309895908306473
5 0.00314469521267219
5.125 0.00318926699864744
5.25 0.00323270359841822
5.375 0.00327503346381791
5.5 0.0033162843569081
5.625 0.00335648336551126
5.75 0.00339565691845549
5.875 0.00343383080053305
6 0.00347103016717509
6.125 0.00350727955884476
6.25 0.0035426029151514
6.375 0.00357702358868827
6.5 0.00361056435859695
6.625 0.00364324744386112
6.75 0.0036750945163329
6.875 0.00370612671349501
7 0.00373636465096192
7.125 0.00376582843472341
7.25 0.00379453767313395
7.375 0.00382251148865152
7.5 0.00384976852932925
7.625 0.0038763269800636
7.75 0.00390220457360283
7.875 0.00392741860131916
8 0.00395198592374866
8.125 0.00397592298090236
8.25 0.00399924580235244
8.375 0.00402197001709719
8.5 0.00404411086320861
8.625 0.0040656831972662
8.75 0.00408670150358095
8.875 0.00410717990321303
9 0.00412713216278702
9.125 0.00414657170310845
9.25 0.00416551160758511
9.375 0.0041839646304571
9.5 0.00420194320483899
9.625 0.00421945945057779
9.75 0.00423652518193042
9.875 0.00425315191506397
10 0.00426935087538248
10.125 0.00428513300468365
10.25 0.00430050896814877
10.375 0.00431548916116947
10.5 0.00433008371601451
10.625 0.00434430250833986
10.75 0.00435815516354551
10.875 0.00437165106298203
11 0.00438479935001018
11.125 0.00439760893591663
11.25 0.00441008850568883
11.375 0.00442224652365219
11.5 0.00443409123897239
11.625 0.00444563069102589
11.75 0.00445687271464135
11.875 0.00446782494521504
12 0.00447849482370278
12.125 0.00448888960149129
12.25 0.00449901634515167
12.375 0.00450888194107745
12.5 0.00451849310001012
12.625 0.00452785636145433
12.75 0.00453697809798561
12.875 0.00454586451945274
13 0.00455452167707747
13.125 0.00456295546745367
13.25 0.00457117163644847
13.375 0.00457917578300748
13.5 0.00458697336286643
13.625 0.00459456969217128
13.75 0.00460196995100914
13.875 0.0046091791868518
14 0.00461620231791423
14.125 0.00462304413642982
14.25 0.00462970931184442
14.375 0.00463620239393112
14.5 0.00464252781582758
14.625 0.0046486898969978
14.75 0.0046546928461202
14.875 0.00466054076390357
15 0.00466623764583283
15.125 0.00467178738484617
15.25 0.00467719377394527
15.375 0.00468246050874016
15.5 0.00468759118993035
15.625 0.00469258932572374
15.75 0.00469745833419485
15.875 0.00470220154558381
16 0.00470682220453759
16.125 0.0047113234722948
16.25 0.00471570842881554
16.375 0.0047199800748576
16.5 0.00472414133400029
16.625 0.00472819505461721
16.75 0.00473214401179926
16.875 0.00473599090922904
17 0.00473973838100786
17.125 0.00474338899343657
17.25 0.00474694524675131
17.375 0.0047504095768153
17.5 0.00475378435676773
17.625 0.00475707189863092
17.75 0.00476027445487667
17.875 0.00476339421995282
18 0.00476643333177113
18.125 0.00476939387315727
18.25 0.00477227787326403
18.375 0.00477508730894857
18.5 0.00477782410611456
18.625 0.0047804901410203
18.75 0.00478308724155337
18.875 0.00478561718847296
19 0.00478808171662038
19.125 0.00479048251609885
19.25 0.00479282123342315
19.375 0.00479509947263984
19.5 0.00479731879641906
19.625 0.00479948072711832
19.75 0.00480158674781913
19.875 0.00480363830333723
20 0.00480563680120688
20.125 0.00480758361264005
20.25 0.00480948007346108
20.375 0.00481132748501741
20.5 0.00481312711506697
20.625 0.00481488019864292
20.75 0.00481658793889617
20.875 0.00481825150791639
21 0.00481987204753195
21.125 0.00482145067008932
21.25 0.0048229884592126
21.375 0.00482448647054342
21.5 0.00482594573246201
21.625 0.00482736724678968
21.75 0.00482875198947333
21.875 0.00483010091125232
22 0.00483141493830831
22.125 0.00483269497289833
22.25 0.00483394189397165
22.375 0.00483515655777081
22.5 0.00483633979841715
22.625 0.0048374924284813
22.75 0.00483861523953912
22.875 0.00483970900271318
23 0.00484077446920044
23.125 0.00484181237078633
23.25 0.00484282342034555
23.375 0.00484380831233009
23.5 0.00484476772324463
23.625 0.00484570231210969
23.75 0.00484661272091291
23.875 0.00484749957504869
24 0.00484836348374653
24.125 0.00484920504048827
24.25 0.00485002482341472
24.375 0.00485082339572168
24.5 0.00485160130604585
24.625 0.00485235908884074
24.75 0.00485309726474297
24.875 0.00485381634092904
25 0.00485451681146297
25.125 0.00485519915763496
25.25 0.00485586384829132
25.375 0.00485651134015592
25.5 0.0048571420781433
25.625 0.00485775649566374
25.75 0.00485835501492048
25.875 0.00485893804719926
26 0.00485950599315037
26.125 0.00486005924306345
26.25 0.00486059817713519
26.375 0.00486112316573015
26.5 0.00486163456963483
26.625 0.00486213274030514
26.75 0.0048626180201076
26.875 0.00486309074255418
27 0.0048635512325312
27.125 0.00486399980652223
27.25 0.00486443677282527
27.375 0.00486486243176436
27.5 0.00486527707589567
27.625 0.0048656809902083
27.75 0.0048660744523199
27.875 0.0048664577326672
28 0.00486683109469169
28.125 0.00486719479502042
28.25 0.00486754908364221
28.375 0.00486789420407927
28.5 0.00486823039355435
28.625 0.0048685578831537
28.75 0.00486887689798563
28.875 0.00486918765733516
29 0.00486949037481457
29.125 0.00486978525851006
29.25 0.0048700725111247
29.375 0.00487035233011756
29.5 0.0048706249078394
29.625 0.00487089043166468
29.75 0.00487114908412035
29.875 0.00487140104301114
30 0.00487164648154169
30.125 0.00487188556843556
30.25 0.0048721184680511
30.375 0.00487234534049433
30.5 0.00487256634172895
30.625 0.00487278162368347
30.75 0.00487299133435556
30.875 0.00487319561791374
31 0.00487339461479642
31.125 0.00487358846180837
31.25 0.00487377729221474
31.375 0.00487396123583257
31.5 0.00487414041912002
31.625 0.00487431496526325
31.75 0.00487448499426103
31.875 0.00487465062300723
32 0.00487481196537113
Total steps: 1024
