0 0
0.125 0.00133309638053847
0.25 0.00275429132314864
0.375 0.00426881437453641
0.5 0.00588212208480954
0.625 0.00759989576837139
0.75 0.00942803710178364
0.875 0.0113726612520422
1 0.0134400872096179
1.125 0.0156368249841807
1.25 0.0179695593082285
1.375 0.0204451294861498
1.5 0.0230705050249456
1.625 0.0258527566894826
1.75 0.0287990226414343
1.875 0.0319164693487712
2 0.0352122469935776
2.125 0.0386934391619258
2.25 0.0423670066721398
2.375 0.0462397254885154
2.5 0.0503181187774429
2.625 0.0546083832924964
2.75 0.0591163104242396
2.875 0.063847202418303
3 0.0688057844496917
3.125 0.0739961134391249
3.25 0.0794214847040537
3.375 0.085084337747011
3.5 0.0909861626900046
3.625 0.0971274090573133
3.75 0.103507398780818
3.875 0.11012424544166
4 0.116974781858977
4.125 0.124054498180403
4.25 0.131357492610443
4.375 0.138876436823822
4.5 0.146602557945906
4.625 0.154525638738622
4.75 0.162634037309006
4.875 0.170914727263531
5 0.179353358773966
5.125 0.187934340513022
5.25 0.196640941877557
5.375 0.20545541436387
5.5 0.21435913041578
5.625 0.223332737554991
5.75 0.232356325147202
5.875 0.241409600777352
6 0.250472072920747
6.125 0.259523236416766
6.25 0.268542757186257
6.375 0.277510652684863
6.5 0.286407464748685
6.625 0.295214421756834
6.75 0.303913587393627
6.875 0.312487993723675
7 0.320921756775657
7.125 0.329200173343453
7.25 0.337309798234974
7.375 0.345238501709002
7.5 0.352975507320512
7.625 0.360511410830055
7.75 0.367838181211161
7.875 0.374949145103401
8 0.381838956303501
8.125 0.388503552061785
8.25 0.394940098058629
8.375 0.40114692398005
8.5 0.407123451599723
8.625 0.412870117214538
8.75 0.418388290180787
8.875 0.423680189167145
9 0.428748797587282
9.125 0.433597779507282
9.25 0.438231397148234
9.375 0.442654430928678
9.5 0.446872102820078
9.625 0.450890003625496
9.75 0.454714024639959
9.875 0.458350294013044
10 0.461805118011083
10.125 0.465084927268804
10.25 0.468196228028093
10.375 0.471145558284474
10.5 0.473939448699021
10.625 0.476584388083617
10.75 0.479086793229589
10.875 0.481452982822415
11 0.483689155167077
11.125 0.485801369438446
11.25 0.487795530167491
11.375 0.489677374676041
11.5 0.491452463179132
11.625 0.493126171283746
11.75 0.494703684625107
11.875 0.496189995395973
12 0.497589900539809
12.125 0.498908001395002
12.25 0.50014870459376
12.375 0.501316224035808
12.5 0.502414583773136
12.625 0.503447621657647
12.75 0.50441899361842
12.875 0.505332178449452
13 0.506190483001861
13.125 0.506997047686888
13.25 0.507754852207335
13.375 0.508466721445488
13.5 0.509135331445092
13.625 0.509763215433545
13.75 0.51035276983824
13.875 0.510906260258012
14 0.511425827356859
14.125 0.51191349265267
14.25 0.512371164178615
14.375 0.512800641999214
14.5 0.513203623566873
14.625 0.513581708908013
14.75 0.513936405630846
14.875 0.514269133749273
15 0.514581230319593
15.125 0.514873953888525
15.25 0.515148488752555
15.375 0.515405949029991
15.5 0.515647382548155
15.625 0.515873774549036
15.75 0.516086051217473
15.875 0.516285083036503
16 0.516471687974974
16.125 0.516646634512846
16.25 0.516810644509873
16.375 0.516964395923522
16.5 0.51710852538205
16.625 0.517243630618763
16.75 0.517370272773397
16.875 0.517488978566574
17 0.517600242353141
17.125 0.517704528060152
17.25 0.51780227101505
17.375 0.517893879669503
17.5 0.517979737224161
17.625 0.518060203159427
17.75 0.518135614677141
17.875 0.518206288057915
18 0.518272519938637
18.125 0.518334588514482
18.25 0.51839275466959
18.375 0.518447263040358
18.5 0.518498343015124
18.625 0.51854620967385
18.75 0.518591064671198
18.875 0.518633097066271
19 0.518672484102074
19.125 0.518709391937636
19.25 0.518743976335555
19.375 0.518776383307568
19.5 0.518806749720645
19.625 0.518835203865939
19.75 0.518861865992798
19.875 0.518886848809931
20 0.518910257955706
20.125 0.518932192439421
20.25 0.518952745055322
20.375 0.518972002770992
20.5 0.518990047091693
20.625 0.519006954402106
20.75 0.519022796286856
20.875 0.519037639831118
21 0.519051547902524
21.125 0.519064579415518
21.25 0.519076789579234
21.375 0.519088230129927
21.5 0.519098949548887
21.625 0.519108993266756
21.75 0.519118403855068
21.875 0.519127221205822
22 0.519135482699814
22.125 0.519143223364439
22.25 0.519150476021606
22.375 0.519157271426393
22.5 0.519163638397004
22.625 0.519169603936581
22.75 0.519175193347381
22.875 0.519180430337777
23 0.519185337122554
23.125 0.519189934516902
23.25 0.519194242024508
23.375 0.519198277920113
23.5 0.519202059326884
23.625 0.519205602288916
23.75 0.519208921839189
23.875 0.519212032063236
24 0.519214946158823
24.125 0.519217676491863
24.25 0.519220234648817
24.375 0.519222631485799
24.5 0.519224877174589
24.625 0.519226981245752
24.75 0.519228952629036
24.875 0.519230799691238
25 0.519232530271677
25.125 0.519234151715436
25.25 0.51923567090451
25.375 0.519237094286996
25.5 0.51923842790444
25.625 0.519239677417457
25.75 0.519240848129753
25.875 0.519241945010616
26 0.519242972715997
26.125 0.519243935608268
26.25 0.519244837774725
26.375 0.519245683044933
26.5 0.519246475006973
26.625 0.519247217022667
26.75 0.519247912241842
26.875 0.519248563615702
27 0.519249173909343
27.125 0.519249745713495
27.25 0.519250281455511
27.375 0.519250783409671
27.5 0.519251253706833
27.625 0.519251694343478
27.75 0.519252107190184
27.875 0.51925249399956
28 0.519252856413694
28.125 0.519253195971111
28.25 0.519253514113315
28.375 0.519253812190898
28.5 0.519254091469279
28.625 0.519254353134073
28.75 0.519254598296122
28.875 0.519254827996213
29 0.519255043209494
29.125 0.519255244849615
29.25 0.519255433772606
29.375 0.519255610780507
29.5 0.519255776624781
29.625 0.519255932009493
29.75 0.519256077594308
29.875 0.519256213997289
30 0.519256341797516
30.125 0.519256461537551
30.25 0.519256573725735
30.375 0.519256678838352
30.5 0.519256777321647
30.625 0.519256869593721
30.75 0.519256956046306
30.875 0.519257037046428
31 0.519257112937966
31.125 0.519257184043113
31.25 0.519257250663738
31.375 0.519257313082675
31.5 0.519257371564919
31.625 0.519257426358751
31.75 0.519257477696796
31.875 0.519257525797006
32 0.519257570863585
Total steps: 256
