0 0
0.5 0.00663729752107778
1 0.0153591281497566
1.5 0.0266712665597416
2 0.041102100312901
2.5 0.0591379367115362
3 0.081129275999271
3.5 0.107180583073685
4 0.137051952338401
4.5 0.17011081108571
5 0.205364654030815
5.5 0.241579199086805
6 0.277452382436097
6.5 0.311793183662522
7 0.343657335423232
7.5 0.372414660830151
8 0.397749677264299
8.5 0.419615045443841
9 0.438162485053152
9.5 0.453671454387078
10 0.466487940250193
10.5 0.4769783537212
11 0.485498566345748
11.5 0.49237560048944
12 0.497898714230798
12.5 0.502316824314677
13 0.505839818061744
13.5 0.508641980915736
14 0.510866353675706
14.5 0.512629283420677
15 0.514024749299377
15.5 0.515128253814116
16 0.516000200485068
16.5 0.516688754576331
17 0.517232223845599
17.5 0.517661014503167
18 0.517999222794057
18.5 0.518265920691759
19 0.518476188733363
19.5 0.518641942183343
20 0.5187725896971
20.5 0.518875557095415
21 0.51895670304027
21.5 0.519020648405903
22 0.519071036944665
22.5 0.519110741381275
23 0.519142026237627
23.5 0.519166676396467
24 0.519186098565901
24.5 0.519201401327545
25 0.51921345827055
25.5 0.519222957774204
26 0.519230442255625
26.5 0.519236339107595
27 0.519240985083286
27.5 0.519244645514241
28 0.519247529455339
28.5 0.519249801619318
29 0.519251591781013
29.5 0.519253002187518
30 0.519254113396933
30.5 0.519254988878857
31 0.519255678639144
31.5 0.519256222075861
32 0.519256650229465
Total steps: 64
