0 0
0.0625 0.000645134438809869
0.125 0.00131099563299397
0.1875 0.00199818950752206
0.25 0.00270733564219849
0.3125 0.00343906729621324
0.375 0.00419403140902919
0.4375 0.00497288857572098
0.5 0.00577631299482029
0.5625 0.0066049923866256
0.625 0.00745962787986443
0.6875 0.00834093386452217
0.75 0.00924963780856558
0.8125 0.0101864800362268
0.875 0.011152213465448
0.9375 0.0121476033020116
1 0.0131734266878381
1.0625 0.0142304723008708
1.125 0.0153195399039392
1.1875 0.0164414398399364
1.25 0.0175969924706427
1.3125 0.0187870275565079
1.375 0.0200123835746959
1.4375 0.0212739069727261
1.5 0.0225724513550603
1.5625 0.0239088766000446
1.625 0.0252840479046625
1.6875 0.0266988347546668
1.75 0.028154109817744
1.8125 0.029650747757505
1.875 0.0311896239662532
1.9375 0.0327716132146687
2 0.0343975882167467
2.0625 0.0360684181085862
2.125 0.0377849668398893
2.1875 0.0395480914773376
2.25 0.0413586404193591
2.3125 0.0432174515221728
2.375 0.0451253501374023
2.4375 0.0470831470620112
2.5 0.049091636401779
2.5625 0.0511515933500784
2.625 0.0532637718842528
2.6875 0.0554289023824976
2.75 0.057647689164769
2.8125 0.0599208079619027
2.875 0.0622489033178173
2.9375 0.0646325859303891
3 0.0670724299373244
3.0625 0.0695689701541218
3.125 0.0721226992719783
3.1875 0.0747340650242965
3.25 0.0774034673312158
3.3125 0.0801312554324047
3.375 0.0829177250191053
3.4375 0.0857631153771923
3.5 0.0886676065537486
3.5625 0.0916313165603482
3.625 0.0946542986269048
3.6875 0.0977365385205484
3.75 0.100877951944533
3.8125 0.104078382032644
3.875 0.107337596954983
3.9375 0.110655287651261
4 0.114031065707978
4.0625 0.117464461395911
4.125 0.120954921884293
4.1875 0.12450180964794
4.25 0.128104401083236
4.3125 0.131761885348464
4.375 0.135473363443404
4.4375 0.139237847542337
4.5 0.143054260593765
4.5625 0.146921436199062
4.625 0.150838118781133
4.6875 0.154802964052812
4.75 0.158814539793242
4.8125 0.162871326938905
4.875 0.166971720994239
4.9375 0.171114033764936
5 0.175296495415107
5.0625 0.179517256847462
5.125 0.183774392403618
5.1875 0.188065902879484
5.25 0.192389718848587
5.3125 0.196743704284001
5.375 0.201125660467454
5.4375 0.205533330172106
5.5 0.209964402103422
5.5625 0.214416515580708
5.625 0.21888726543997
5.6875 0.223374207137121
5.75 0.227874862028981
5.8125 0.232386722808141
5.875 0.23690725906657
5.9375 0.24143392296183
6 0.245964154959005
6.0625 0.250495389620825
6.125 0.255025061418184
6.1875 0.259550610533088
6.25 0.2640694886262
6.3125 0.268579164541508
6.375 0.273077129921171
6.4375 0.277560904704414
6.5 0.282028042485324
6.5625 0.286476135705573
6.625 0.290902820659454
6.6875 0.295305782290146
6.75 0.299682758757784
6.8125 0.304031545761697
6.875 0.308350000601063
6.9375 0.312636045960218
7 0.316887673406857
7.0625 0.321102946593465
7.125 0.325280004154372
7.1875 0.32941706229292
7.25 0.333512417055269
7.3125 0.337564446289397
7.375 0.34157161128976
7.4375 0.345532458129988
7.5 0.349445618687726
7.5625 0.353309811367428
7.625 0.357123841528439
7.6875 0.360886601627163
7.75 0.364597071083358
7.8125 0.368254315881815
7.875 0.371857487921655
7.9375 0.375405824126355
8 0.378898645328388
8.0625 0.382335354942896
8.125 0.385715437445334
8.1875 0.389038456668292
8.25 0.392304053932932
8.3125 0.395511946030583
8.375 0.398661923069906
8.4375 0.401753846205029
8.5 0.404787645259713
8.5625 0.407763316262333
8.625 0.410680918906053
8.6875 0.413540573948099
8.75 0.416342460561497
8.8125 0.41908681365206
8.875 0.421773921152797
8.9375 0.424404121307237
9 0.426977799952486
9.0625 0.429495387812121
9.125 0.431957357808335
9.1875 0.434364222401967
9.25 0.436716530968413
9.3125 0.439014867216606
9.375 0.441259846657637
9.4375 0.44345211412883
9.5 0.445592341378461
9.5625 0.447681224715645
9.625 0.449719482729291
9.6875 0.451707854079459
9.75 0.453647095363825
9.8125 0.455537979061532
9.875 0.457381291556066
9.9375 0.459177831238465
10 0.460928406691623
10.0625 0.462633834956115
10.125 0.464294939877545
10.1875 0.465912550535133
10.25 0.46748749975089
10.3125 0.469020622678485
10.375 0.470512755470656
10.4375 0.471964734023766
10.5 0.473377392797941
10.5625 0.474751563711031
10.625 0.476088075104503
10.6875 0.477387750779226
10.75 0.47865140909904
10.8125 0.479879862159875
10.875 0.481073915022145
10.9375 0.482234365004093
11 0.48336200103369
11.0625 0.484457603056745
11.125 0.485521941498785
11.1875 0.486555776778335
11.25 0.487559858869213
11.3125 0.488534926909482
11.375 0.489481708854733
11.4375 0.490400921173419
11.5 0.491293268581984
11.5625 0.492159443817606
11.625 0.49300012744642
11.6875 0.493815987705132
11.75 0.49460768037401
11.8125 0.495375848679316
11.875 0.496121123223274
11.9375 0.496844121939761
12 0.497545450073991
12.0625 0.498225700184486
12.125 0.498885452165752
12.1875 0.499525273290097
12.25 0.500145718267136
12.3125 0.50074732931958
12.375 0.501330636273963
12.4375 0.501896156665049
12.5 0.502444395852709
12.5625 0.502975847150127
12.625 0.503490991962252
12.6875 0.503990299933484
12.75 0.504474229103616
12.8125 0.504943226071143
12.875 0.505397726163064
12.9375 0.505838153610391
13 0.506264921728606
13.0625 0.506678433102364
13.125 0.507079079773781
13.1875 0.507467243433698
13.25 0.507843295615338
13.3125 0.508207597889836
13.375 0.508560502063141
13.4375 0.508902350373823
13.5 0.509233475691383
13.5625 0.50955420171465
13.625 0.509864843169918
13.6875 0.510165706008488
13.75 0.510457087603314
13.8125 0.510739276944468
13.875 0.511012554833185
13.9375 0.511277194074228
14 0.511533459666412
14.0625 0.511781608991042
14.125 0.512021891998149
14.1875 0.51225455139034
14.25 0.512479822804135
14.3125 0.512697934988678
14.375 0.512909109981717
14.4375 0.513113563282758
14.5 0.513311504023319
14.5625 0.513503135134222
14.625 0.513688653509858
14.6875 0.513868250169391
14.75 0.51404211041487
14.8125 0.514210413986198
14.875 0.514373335212971
14.9375 0.51453104316316
15 0.514683701788627
15.0625 0.514831470067495
15.125 0.514974502143362
15.1875 0.515112947461384
15.25 0.515246950901235
15.3125 0.515376652906978
15.375 0.515502189613869
15.4375 0.515623692972111
15.5 0.515741290867613
15.5625 0.515855107239771
15.625 0.515965262196325
15.6875 0.516071872125309
15.75 0.516175049804168
15.8125 0.516274904506062
15.875 0.516371542103403
15.9375 0.516465065168694
16 0.516555573072687
16.0625 0.516643162079937
16.125 0.516727925441783
16.1875 0.516809953486806
16.25 0.516889333708836
16.3125 0.516966150852523
16.375 0.517040486996564
16.4375 0.517112421634595
16.5 0.517182031753839
16.5625 0.517249391911522
16.625 0.517314574309141
16.6875 0.517377648864619
16.75 0.51743868328238
16.8125 0.517497743121439
16.875 0.517554891861501
16.9375 0.517610190967158
17 0.517663699950218
17.0625 0.517715476430203
17.125 0.517765576193078
17.1875 0.51781405324825
17.25 0.51786095988388
17.3125 0.517906346720558
17.375 0.517950262763373
17.4375 0.517992755452436
17.5 0.518033870711887
17.5625 0.518073652997426
17.625 0.518112145342419
17.6875 0.518149389402607
17.75 0.518185425499462
17.8125 0.518220292662225
17.875 0.518254028668665
17.9375 0.518286670084597
18 0.518318252302191
18.0625 0.5183488095771
18.125 0.51837837506446
18.1875 0.51840698085377
18.25 0.518434658002706
18.3125 0.518461436569883
18.375 0.51848734564661
18.4375 0.518512413387656
18.5 0.518536667041062
18.5625 0.518560132977022
18.625 0.518582836715876
18.6875 0.518604802955213
18.75 0.518626055596142
18.8125 0.518646617768731
18.875 0.518666511856654
18.9375 0.518685759521066
19 0.518704381723721
19.0625 0.51872239874937
19.125 0.518739830227453
19.1875 0.518756695153103
19.25 0.51877301190749
19.3125 0.518788798277523
19.375 0.51880407147493
19.4375 0.518818848154728
19.5 0.518833144433117
19.5625 0.518846975904795
19.625 0.518860357659738
19.6875 0.518873304299433
19.75 0.518885829952602
19.8125 0.518897948290427
19.875 0.518909672541286
19.9375 0.51892101550502
20 0.518931989566751
20.0625 0.518942606710244
20.125 0.518952878530866
20.1875 0.518962816248109
20.25 0.518972430717723
20.3125 0.518981732443455
20.375 0.518990731588426
20.4375 0.518999437986123
20.5 0.519007861151056
20.5625 0.519016010289066
20.625 0.519023894307299
20.6875 0.519031521823869
20.75 0.519038901177204
20.8125 0.519046040435091
20.875 0.519052947403436
20.9375 0.519059629634738
21 0.519066094436289
21.0625 0.519072348878115
21.125 0.519078399800661
21.1875 0.51908425382222
21.25 0.519089917346136
21.3125 0.519095396567764
21.375 0.519100697481209
21.4375 0.519105825885852
21.5 0.519110787392659
21.5625 0.519115587430287
21.625 0.519120231251
21.6875 0.519124723936386
21.75 0.519129070402892
21.8125 0.51913327540718
21.875 0.519137343551314
21.9375 0.519141279287773
22 0.519145086924304
22.0625 0.519148770628624
22.125 0.519152334432954
22.1875 0.51915578223843
22.25 0.519159117819349
22.3125 0.519162344827292
22.375 0.519165466795103
22.4375 0.519168487140751
22.5 0.519171409171056
22.5625 0.5191742360853
22.625 0.519176970978721
22.6875 0.519179616845891
22.75 0.519182176583985
22.8125 0.519184652995952
22.875 0.519187048793565
22.9375 0.519189366600395
23 0.519191608954671
23.0625 0.519193778312051
23.125 0.519195877048313
23.1875 0.519197907461946
23.25 0.51919987177666
23.3125 0.519201772143825
23.375 0.519203610644812
23.4375 0.519205389293278
23.5 0.519207110037362
23.5625 0.519208774761815
23.625 0.519210385290064
23.6875 0.519211943386203
23.75 0.519213450756926
23.8125 0.519214909053387
23.875 0.519216319873014
23.9375 0.519217684761252
24 0.519219005213252
24.0625 0.519220282675509
24.125 0.519221518547447
24.1875 0.519222714182945
24.25 0.519223870891821
24.3125 0.519224989941266
24.375 0.519226072557229
24.4375 0.519227119925759
24.5 0.519228133194304
24.5625 0.519229113472964
24.625 0.51923006183571
24.6875 0.519230979321557
24.75 0.519231866935703
24.8125 0.519232725650625
24.875 0.519233556407148
24.9375 0.519234360115474
25 0.519235137656178
25.0625 0.519235889881172
25.125 0.519236617614636
25.1875 0.519237321653925
25.25 0.519238002770438
25.3125 0.51923866171046
25.375 0.51923929919599
25.4375 0.519239915925516
25.5 0.519240512574795
25.5625 0.519241089797584
25.625 0.519241648226355
25.6875 0.519242188472997
25.75 0.519242711129476
25.8125 0.519243216768485
25.875 0.51924370594408
25.9375 0.519244179192272
26 0.51924463703163
26.0625 0.519245079963834
26.125 0.519245508474238
26.1875 0.519245923032392
26.25 0.519246324092558
26.3125 0.519246712094212
26.375 0.519247087462521
26.4375 0.519247450608812
26.5 0.519247801931019
26.5625 0.519248141814122
26.625 0.519248470630567
26.6875 0.519248788740672
26.75 0.519249096493027
26.8125 0.519249394224873
26.875 0.519249682262471
26.9375 0.519249960921458
27 0.519250230507197
27.0625 0.519250491315107
27.125 0.519250743630993
27.1875 0.519250987731349
27.25 0.519251223883671
27.3125 0.519251452346746
27.375 0.519251673370931
27.4375 0.519251887198436
27.5 0.519252094063585
27.5625 0.519252294193072
27.625 0.519252487806208
27.6875 0.519252675115165
27.75 0.51925285632521
27.8125 0.519253031634923
27.875 0.51925320123642
27.9375 0.519253365315562
28 0.519253524052155
28.0625 0.519253677620156
28.125 0.519253826187857
28.1875 0.519253969918067
28.25 0.519254108968298
28.3125 0.519254243490931
28.375 0.519254373633387
28.4375 0.519254499538286
28.5 0.519254621343606
28.5625 0.519254739182831
28.625 0.519254853185098
28.6875 0.519254963475342
28.75 0.519255070174427
28.8125 0.519255173399285
28.875 0.519255273263038
28.9375 0.519255369875127
29 0.519255463341427
29.0625 0.519255553764367
29.125 0.519255641243042
29.1875 0.51925572587332
29.25 0.519255807747946
29.3125 0.519255886956646
29.375 0.519255963586225
29.4375 0.519256037720661
29.5 0.519256109441198
29.5625 0.519256178826435
29.625 0.519256245952411
29.6875 0.51925631089269
29.75 0.51925637371844
29.8125 0.519256434498512
29.875 0.519256493299515
29.9375 0.51925655018589
30 0.519256605219979
30.0625 0.519256658462094
30.125 0.519256709970582
30.1875 0.519256759801895
30.25 0.51925680801064
30.3125 0.519256854649651
30.375 0.51925689977004
30.4375 0.519256943421256
30.5 0.519256985651136
30.5625 0.51925702650596
30.625 0.5192570660305
30.6875 0.519257104268073
30.75 0.519257141260585
30.8125 0.519257177048575
30.875 0.519257211671263
30.9375 0.519257245166594
31 0.519257277571276
31.0625 0.519257308920821
31.125 0.519257339249586
31.1875 0.519257368590809
31.25 0.519257396976645
31.3125 0.519257424438202
31.375 0.519257451005576
31.4375 0.519257476707882
31.5 0.519257501573289
31.5625 0.519257525629047
31.625 0.519257548901519
31.6875 0.51925757141621
31.75 0.519257593197793
31.8125 0.51925761427014
31.875 0.519257634656345
31.9375 0.519257654378748
32 0.519257673458965
Total steps: 512
