0 0
0.0625 0.000634907837842036
0.125 0.00128991865815031
0.1875 0.0019656136146935
0.25 0.00266258696734312
0.3125 0.0033814461235373
0.375 0.0041228116590819
0.4375 0.00488731731662284
0.5 0.0056756099800328
0.5625 0.00648834962290756
0.625 0.00732620922926941
0.6875 0.0081898746845166
0.75 0.00908004463456713
0.8125 0.00999743031111144
0.875 0.0109427553207713
0.9375 0.0119167553959336
1 0.0129201781049648
1.0625 0.0139537825194438
1.125 0.0150183388359988
1.1875 0.016114627950305
1.25 0.0172434409807636
1.3125 0.0184055787393405
1.375 0.0196018511470299
1.4375 0.0208330765914226
1.5 0.0221000812238383
1.5625 0.0234036981935084
1.625 0.0247447668163527
1.6875 0.0261241316758998
1.75 0.027542641654021
1.8125 0.0290011488891899
1.875 0.0305005076601343
1.9375 0.0320415731928296
2 0.0336252003889879
2.0625 0.035252242474332
2.125 0.0369235495652003
2.1875 0.0386399671522231
2.25 0.0404023345000848
2.3125 0.042211482962724
2.375 0.0440682342135847
2.4375 0.0459733983909576
2.5 0.0479277721588058
2.5625 0.0499321366839123
2.625 0.0519872555306566
2.6875 0.0540938724752174
2.75 0.0562527092415301
2.8125 0.0584644631619025
2.875 0.0607298047657814
2.9375 0.0630493753007997
3 0.0654237841908678
3.0625 0.0678536064367901
3.125 0.0703393799655636
3.1875 0.0728816029352526
3.25 0.075480731003065
3.3125 0.0781371745650112
3.375 0.080851295976279
3.4375 0.0836234067622055
3.5 0.0864537648304697
3.5625 0.0893425716958625
3.625 0.0922899697297019
3.6875 0.095296039446616
3.75 0.0983607968420763
3.8125 0.101484190794629
3.875 0.104666100547316
3.9375 0.107906333283218
4 0.111204621810474
4.0625 0.114560622372382
4.125 0.117973912598421
4.1875 0.121443989612127
4.25 0.124970268311724
4.3125 0.128552079839306
4.375 0.13218867025406
4.4375 0.13587919942467
4.5 0.139622740155458
4.5625 0.143418277560176
4.625 0.147264708696506
4.6875 0.151160842473388
4.75 0.155105399842148
4.8125 0.159097014281157
4.875 0.163134232582355
4.9375 0.167215515946445
5 0.171339241391919
5.0625 0.175503703481301
5.125 0.179707116366158
5.1875 0.183947616150478
5.25 0.188223263569974
5.3125 0.192532046982851
5.375 0.196871885665454
5.4375 0.201240633404092
5.5 0.205636082372276
5.5625 0.210055967280489
5.625 0.214497969783633
5.6875 0.218959723129331
5.75 0.223438817028422
5.8125 0.227932802727286
5.875 0.232439198259998
5.9375 0.236955493856927
6 0.241479157485124
6.0625 0.246007640494762
6.125 0.250538383345042
6.1875 0.255068821382327
6.25 0.259596390642841
6.3125 0.264118533652034
6.375 0.268632705192807
6.4375 0.273136378014982
6.5 0.277627048458914
6.5625 0.282102241966857
6.625 0.286559518456574
6.6875 0.290996477532829
6.75 0.295410763513672
6.8125 0.29980007024993
6.875 0.304162145717878
6.9375 0.308494796366919
7 0.312795891205845
7.0625 0.317063365613354
7.125 0.321295224860375
7.1875 0.325489547333984
7.25 0.329644487454654
7.3125 0.333758278280825
7.375 0.337829233796768
7.4375 0.341855750881788
7.5 0.345836310960891
7.5625 0.349769481338853
7.625 0.353653916221518
7.6875 0.357488357429922
7.75 0.361271634814383
7.8125 0.365002666377254
7.875 0.368680458114376
7.9375 0.37230410358649
8 0.37587278323296
8.0625 0.379385763441086
8.125 0.382842395385058
8.1875 0.386242113649331
8.25 0.38958443465156
8.3125 0.392868954880758
8.375 0.396095348966433
8.4375 0.399263367594706
8.5 0.402372835287231
8.5625 0.405423648058814
8.625 0.408415770969199
8.6875 0.411349235584343
8.75 0.41422413736197
8.8125 0.417040632975805
8.875 0.419798937592294
8.9375 0.422499322113016
9 0.425142110395413
9.0625 0.427727676463697
9.125 0.430256441721099
9.1875 0.432728872173975
9.25 0.43514547567742
9.3125 0.437506799211349
9.375 0.439813426195272
9.4375 0.442065973849189
9.5 0.444265090607335
9.5625 0.446411453590763
9.625 0.448505766144073
9.6875 0.450548755440906
9.75 0.452541170162171
9.8125 0.454483778250353
9.875 0.456377364742675
9.9375 0.458222729685307
10 0.460020686130299
10.0625 0.461772058216429
10.125 0.463477679334698
10.1875 0.465138390378794
10.25 0.466755038080418
10.3125 0.468328473429072
10.375 0.469859550175531
10.4375 0.471349123417991
10.5 0.472798048269535
10.5625 0.474207178605443
10.625 0.475577365888586
10.6875 0.476909458070985
10.75 0.478204298569494
10.8125 0.479462725313436
10.875 0.480685569861848
10.9375 0.481873656588036
11 0.48302780192893
11.0625 0.484148813696823
11.125 0.48523749045091
11.1875 0.486294620926152
11.25 0.487320983516902
11.3125 0.488317345812757
11.375 0.489284464184159
11.4375 0.490223083415238
11.5 0.491133936381477
11.5625 0.492017743769782
11.625 0.492875213838641
11.6875 0.493707042216052
11.75 0.49451391173303
11.8125 0.4952964922905
11.875 0.496055440757488
11.9375 0.496791400898619
12 0.497505003328921
12.0625 0.498196865494112
12.125 0.498867591674518
12.1875 0.49951777301095
12.25 0.500147987550822
12.3125 0.500758800313005
12.375 0.50135076336985
12.4375 0.50192441594498
12.5 0.5024802845255
12.5625 0.503018882987305
12.625 0.503540712732278
12.6875 0.504046262836219
12.75 0.504536010206444
12.8125 0.505010419747951
12.875 0.505469944537264
12.9375 0.505915026003013
13 0.506346094112363
13.0625 0.506763567562547
13.125 0.507167853976721
13.1875 0.507559350103449
13.25 0.507938442019167
13.3125 0.508305505333023
13.375 0.508660905393512
13.4375 0.509004997496415
13.5 0.509338127093525
13.5625 0.509660630001733
13.625 0.509972832612068
13.6875 0.510275052098283
13.75 0.510567596624671
13.8125 0.510850765552789
13.875 0.511124849646773
13.9375 0.511390131277022
14 0.511646884621978
14.0625 0.511895375867812
14.125 0.512135863405799
14.1875 0.512368598027226
14.25 0.512593823115687
14.3125 0.512811774836585
14.375 0.513022682323786
14.4375 0.513226767863269
14.5 0.513424247073704
14.5625 0.51361532908388
14.625 0.513800216706922
14.6875 0.513979106611238
14.75 0.514152189488154
14.8125 0.514319650216223
14.875 0.514481668022153
14.9375 0.514638416638384
15 0.514790064457255
15.0625 0.514936774681814
15.125 0.515078705473247
15.1875 0.515216010094935
15.25 0.515348837053178
15.3125 0.515477330234617
15.375 0.515601629040326
15.4375 0.515721868516675
15.5 0.515838179482962
15.5625 0.51595068865586
15.625 0.516059518770703
15.6875 0.516164788699701
15.75 0.516266613567076
15.8125 0.516365104861194
15.875 0.516460370543754
15.9375 0.516552515156057
16 0.516641639922415
16.0625 0.516727842850781
16.125 0.5168112188306
16.1875 0.516891859728009
16.25 0.516969854478344
16.3125 0.517045289176114
16.375 0.517118247162418
16.4375 0.517188809109896
16.5 0.517257053105268
16.5625 0.517323054729506
16.625 0.517386887135693
16.6875 0.517448621124643
16.75 0.517508325218312
16.8125 0.517566065731064
16.875 0.517621906838848
16.9375 0.517675910646336
17 0.51772813725206
17.0625 0.517778644811635
17.125 0.517827489599071
17.1875 0.517874726066257
17.25 0.517920406900664
17.3125 0.517964583081298
17.375 0.518007303932944
17.4375 0.518048617178792
17.5 0.518088568991438
17.5625 0.518127204042329
17.625 0.518164565549704
17.6875 0.518200695325039
17.75 0.51823563381808
17.8125 0.518269420160486
17.875 0.518302092208096
17.9375 0.518333686581911
18 0.518364238707793
18.0625 0.518393782854908
18.125 0.518422352172994
18.1875 0.518449978728452
18.25 0.518476693539291
18.3125 0.518502526609005
18.375 0.518527506959341
18.4375 0.51855166266208
18.5 0.518575020869775
18.5625 0.518597607845539
18.625 0.518619448991881
18.6875 0.518640568878627
18.75 0.518660991269954
18.8125 0.518680739150557
18.875 0.518699834751004
18.9375 0.518718299572246
19 0.518736154409378
19.0625 0.518753419374619
19.125 0.518770113919562
19.1875 0.518786256856707
19.25 0.518801866380315
19.3125 0.518816960086575
19.375 0.518831554993131
19.4375 0.518845667557983
19.5 0.518859313697771
19.5625 0.518872508805476
19.625 0.518885267767544
19.6875 0.518897604980463
19.75 0.518909534366788
19.8125 0.518921069390675
19.875 0.518932223072891
19.9375 0.518943008005333
20 0.518953436365098
20.0625 0.518963519928075
20.125 0.518973270082114
20.1875 0.518982697839743
20.25 0.518991813850501
20.3125 0.519000628412844
20.375 0.519009151485673
20.4375 0.519017392699489
20.5 0.519025361367188
20.5625 0.519033066494494
20.625 0.519040516790053
20.6875 0.519047720675204
20.75 0.519054686293423
20.8125 0.519061421519467
20.875 0.519067933968216
20.9375 0.51907423100322
21 0.519080319744969
21.0625 0.5190862070789
21.125 0.519091899663135
21.1875 0.519097403935966
21.25 0.519102726123091
21.3125 0.519107872244625
21.375 0.519112848121864
21.4375 0.519117659383848
21.5 0.519122311473687
21.5625 0.519126809654693
21.625 0.519131159016307
21.6875 0.519135364479833
21.75 0.519139430803982
21.8125 0.519143362590235
21.875 0.519147164288025
21.9375 0.519150840199757
22 0.519154394485657
22.0625 0.51915783116846
22.125 0.519161154137954
22.1875 0.519164367155359
22.25 0.519167473857578
22.3125 0.519170477761293
22.375 0.519173382266942
22.4375 0.519176190662545
22.5 0.519178906127433
22.5625 0.519181531735821
22.625 0.519184070460284
22.6875 0.519186525175115
22.75 0.519188898659571
22.8125 0.51919119360101
22.875 0.519193412597932
22.9375 0.51919555816291
23 0.519197632725422
23.0625 0.51919963863461
23.125 0.519201578161926
23.1875 0.5192034535037
23.25 0.519205266783626
23.3125 0.519207020055156
23.375 0.519208715303826
23.4375 0.519210354449502
23.5 0.519211939348544
23.5625 0.519213471795915
23.625 0.519214953527193
23.6875 0.51921638622056
23.75 0.519217771498674
23.8125 0.519219110930521
23.875 0.519220406033181
23.9375 0.519221658273548
24 0.519222869069992
24.0625 0.519224039793954
24.125 0.519225171771506
24.1875 0.519226266284846
24.25 0.519227324573759
24.3125 0.519228347837004
24.375 0.519229337233682
24.4375 0.519230293884544
24.5 0.519231218873259
24.5625 0.519232113247643
24.625 0.519232978020838
24.6875 0.51923381417247
24.75 0.519234622649744
24.8125 0.51923540436853
24.875 0.51923616021439
24.9375 0.519236891043583
25 0.519237597684036
25.0625 0.519238280936282
25.125 0.519238941574358
25.1875 0.519239580346689
25.25 0.519240197976941
25.3125 0.519240795164826
25.375 0.519241372586905
25.4375 0.519241930897348
25.5 0.519242470728678
25.5625 0.519242992692487
25.625 0.519243497380128
25.6875 0.519243985363381
25.75 0.519244457195111
25.8125 0.519244913409882
25.875 0.519245354524564
25.9375 0.519245781038929
26 0.519246193436206
26.0625 0.519246592183631
26.125 0.51924697773298
26.1875 0.519247350521074
26.25 0.51924771097028
26.3125 0.519248059488991
26.375 0.519248396472072
26.4375 0.519248722301331
26.5 0.519249037345936
26.5625 0.519249341962837
26.625 0.519249636497172
26.6875 0.519249921282654
26.75 0.519250196641952
26.8125 0.519250462887058
26.875 0.519250720319633
26.9375 0.519250969231361
27 0.519251209904269
27.0625 0.519251442611047
27.125 0.519251667615368
27.1875 0.519251885172167
27.25 0.51925209552795
27.3125 0.51925229892106
27.375 0.519252495581956
27.4375 0.519252685733463
27.5 0.519252869591035
27.5625 0.519253047362998
27.625 0.519253219250775
27.6875 0.519253385449126
27.75 0.51925354614637
27.8125 0.519253701524587
27.875 0.519253851759832
27.9375 0.519253997022332
28 0.519254137476683
28.0625 0.519254273282026
28.125 0.519254404592246
28.1875 0.519254531556125
28.25 0.519254654317528
28.3125 0.51925477301555
28.375 0.519254887784687
28.4375 0.519254998754985
28.5 0.519255106052182
28.5625 0.519255209797855
28.625 0.519255310109557
28.6875 0.519255407100953
28.75 0.519255500881947
28.8125 0.519255591558796
28.875 0.519255679234245
28.9375 0.519255764007642
29 0.519255845975046
29.0625 0.519255925229331
29.125 0.519256001860303
29.1875 0.519256075954793
29.25 0.519256147596757
29.3125 0.519256216867369
29.375 0.519256283845124
29.4375 0.519256348605914
29.5 0.519256411223122
29.5625 0.519256471767701
29.625 0.519256530308251
29.6875 0.519256586911105
29.75 0.519256641640403
29.8125 0.519256694558159
29.875 0.519256745724331
29.9375 0.519256795196899
30 0.519256843031922
30.0625 0.519256889283604
30.125 0.51925693400435
30.1875 0.519256977244837
30.25 0.519257019054059
30.3125 0.51925705947939
30.375 0.519257098566641
30.4375 0.5192571363601
30.5 0.519257172902588
30.5625 0.519257208235516
30.625 0.519257242398922
30.6875 0.519257275431514
30.75 0.519257307370722
30.8125 0.519257338252739
30.875 0.519257368112555
30.9375 0.51925739698401
31 0.519257424899813
31.0625 0.519257451891598
31.125 0.519257477989953
31.1875 0.519257503224448
31.25 0.519257527623679
31.3125 0.51925755121529
31.375 0.519257574026014
31.4375 0.519257596081701
31.5 0.519257617407341
31.5625 0.519257638027096
31.625 0.519257657964335
31.6875 0.519257677241647
31.75 0.519257695880878
31.8125 0.519257713903144
31.875 0.519257731328871
31.9375 0.519257748177804
32 0.519257764469035
Total steps: 512
