0 0
0.5 0.00570498660794372
1 0.0129917449788441
1.5 0.0222285594604335
2 0.0338257786892375
2.5 0.0482135081234474
3 0.065801818533604
3.5 0.0869208758351265
4 0.111743457784161
4.5 0.140200772317894
5 0.171912385846969
5.5 0.206157424110791
6 0.24191052132935
6.5 0.277948876488813
7 0.313010995185984
7.5 0.345966029121084
8 0.375947938623867
8.5 0.402423952489812
9 0.425192577374848
9.5 0.44432856936516
10 0.460101962487054
10.5 0.472895637520418
11 0.483136826272864
11.5 0.491248430077949
12 0.497619388441184
12.5 0.502590107461353
13 0.506448241697131
13.5 0.509430739394102
14 0.511729128130475
14.5 0.513496051688617
15 0.514851879814435
15.5 0.515890774290875
16 0.516685949422746
16.5 0.517294070488315
17 0.517758841198739
17.5 0.518113878921176
18 0.518384990166913
18.5 0.518591954874379
19 0.51874991598331
19.5 0.518870456106343
20 0.518962428569177
20.5 0.519032597010206
21 0.519086126568749
21.5 0.519126960476919
22 0.519158108429673
22.5 0.519181867190299
23 0.519199989233461
23.5 0.519213811594348
24 0.519224354272674
24.5 0.519232395361295
25 0.51923852839079
25.5 0.519243206091653
26 0.519246773786425
26.5 0.519249494866376
27 0.519251570227441
27.5 0.519253153096811
28 0.519254360342769
28.5 0.519255281101596
29 0.519255983357824
29.5 0.519256518963272
30 0.519256927465215
30.5 0.519257239026209
31 0.519257476651078
31.5 0.519257657885461
32 0.519257796111292
Total steps: 64
