0 0
0.25 0.00266571919215863
0.5 0.00568256207504003
0.75 0.00909157724656984
1 0.0129371174415089
1.25 0.0172666655341946
1.5 0.0221305013615294
1.75 0.027581170866152
2 0.0336727172650577
2.25 0.040459635039658
2.5 0.0479955128685381
2.75 0.0563313426614687
3 0.0655134900110679
3.25 0.0755813476804601
3.5 0.0865647283952757
3.75 0.0984810950760426
4 0.111332772768877
4.25 0.12510433178812
4.5 0.139760368758835
4.75 0.15524393268519
5 0.171475838149274
5.25 0.188355070483087
5.5 0.205760415713968
5.75 0.223553344916102
6 0.241582059004135
6.25 0.259686472818351
6.5 0.277703806735439
6.75 0.295474379226233
7 0.312847168506816
7.25 0.329684740450567
7.5 0.3458672177872
7.75 0.361295078056468
8 0.375890695359264
8.25 0.389598663602073
8.5 0.402385040183184
8.75 0.414235718711639
9 0.425154174206312
9.25 0.435158827202213
9.5 0.444280251285887
9.75 0.452558410569375
10 0.460040068082797
10.25 0.466776460101028
10.5 0.472821289985439
10.75 0.478229061038762
11 0.483053742159136
11.25 0.487347742460926
11.5 0.491161160441338
11.75 0.49454126829099
12 0.497532191099975
12.25 0.500174742662829
12.5 0.50250638323286
12.75 0.504561269072235
13 0.506370368385041
13.25 0.507961622806675
13.5 0.509360137815579
13.75 0.510588389112108
14 0.511666435135066
14.25 0.512612128472896
14.5 0.513441321017812
14.75 0.514168059366667
15 0.514804768256548
15.25 0.51536242079861
15.5 0.515850694998218
15.75 0.516278116573591
16 0.51665218845206
16.25 0.516979507568581
16.5 0.517265869744594
16.75 0.517516363510094
17 0.517735453766445
17.25 0.517927056186415
17.5 0.518094603222216
17.75 0.518241102550423
18 0.51836918873074
18.25 0.518481168798326
18.5 0.51857906245009
18.75 0.518664637426341
19 0.518739440632012
19.25 0.518804825487444
19.5 0.518861975947948
19.75 0.518911927584469
20 0.51895558607472
20.25 0.518993743415065
20.5 0.519027092128143
20.75 0.51905623770948
21 0.519081709527876
21.25 0.519103970369025
21.5 0.519123424789194
21.75 0.519140426425827
22 0.519155284394086
22.25 0.51916826888276
22.5 0.519179616049053
22.75 0.519189532299556
23 0.519198198034005
23.25 0.519205770918905
23.5 0.51921238874985
23.75 0.519218171954017
24 0.519223225777949
24.25 0.519227642200086
24.5 0.519231501602609
24.75 0.519234874232814
25 0.519237821480475
25.25 0.519240396994324
25.5 0.519242647657888
25.75 0.519244614442381
26 0.51924633315212
26.25 0.519247835075999
26.5 0.519249147556848
26.75 0.519250294489033
27 0.519251296753311
27.25 0.519252172596877
27.5 0.519252937965479
27.75 0.519253606793674
28 0.519254191258467
28.25 0.519254702000981
28.5 0.519255148320163
28.75 0.519255538342065
29 0.519255879167779
29.25 0.519256177002712
29.5 0.519256437269561
29.75 0.519256664707029
30 0.519256863456107
30.25 0.519257037135459
30.5 0.519257188907305
30.75 0.519257321534997
31 0.519257437433327
31.25 0.519257538712493
31.5 0.51925762721652
31.75 0.519257704556835
32 0.5192577721416
Total steps: 128
