0 0
0.125 0.00129021518353412
0.25 0.00266321246273993
0.375 0.00412380046479477
0.5 0.00567699829865553
0.625 0.0073280350658198
0.75 0.00908234770633864
0.875 0.010945576932925
1 0.0129235609877592
1.125 0.0150223269395315
1.25 0.0172480792231422
1.375 0.0196071851120605
1.5 0.0221061568046652
1.625 0.0247516298019645
1.75 0.0275503372562342
1.875 0.0305090799795957
2 0.0336346918198913
2.125 0.0369340001398744
2.25 0.0404137811762988
2.375 0.0440807101094327
2.5 0.047941305742297
2.625 0.0520018697736555
2.75 0.0562684207504267
2.875 0.0607466229041318
3 0.0654417102121565
3.125 0.0703584061771165
3.25 0.0755008399847892
3.375 0.0808724598802275
3.5 0.0864759447890018
3.625 0.0923131154010539
3.75 0.098384846122312
3.875 0.104690979476636
4 0.111230244699663
4.125 0.118000182397589
4.25 0.124997077238464
4.375 0.132215900691664
4.5 0.139650265824002
4.625 0.147292396090658
4.75 0.155133109919765
4.875 0.16316182267763
5 0.171366567316614
5.125 0.179734034652754
5.25 0.188249633802019
5.375 0.196897572833484
5.5 0.205660959189045
5.625 0.214521918890342
5.75 0.223461733024512
5.875 0.232460989493036
6 0.2414997475442
6.125 0.25055771221078
6.25 0.259614415459058
6.375 0.268649400638509
6.5 0.277642406713939
6.625 0.286573548769033
6.75 0.295423491391547
6.875 0.30417361178008
7 0.312806149738934
7.125 0.321304342135658
7.25 0.329652539866002
7.375 0.337836305882366
7.5 0.34584249337194
7.625 0.353659303698256
7.75 0.361276324224745
7.875 0.368684546603776
8 0.375876366525512
8.125 0.382845566267598
8.25 0.389587281662665
8.375 0.396097955303549
8.5 0.402375277936665
8.625 0.40841812005614
8.75 0.41422645571129
8.875 0.419801280485661
9 0.425144525506322
9.125 0.43025896920668
9.25 0.435148148404366
9.375 0.439816270076655
9.5 0.444268125027437
9.625 0.448509004449365
9.75 0.452544620198195
9.875 0.456381029418502
10 0.460024563994445
10.125 0.463481765148691
10.25 0.466759323378533
10.375 0.469864023801428
10.5 0.472802696882656
10.625 0.47558217443509
10.75 0.47820925071419
10.875 0.48069064837912
11 0.483032989051869
11.125 0.485242768178937
11.25 0.48732633388301
11.375 0.489289869483523
11.5 0.491139379363688
11.625 0.492880677866149
11.75 0.494519380908608
11.875 0.496060900023586
12 0.497510438541861
12.125 0.49887298965638
12.25 0.500153336121794
12.375 0.50135605136367
12.5 0.502485501790451
12.625 0.503545850119986
12.75 0.504541059550597
12.875 0.505474898624088
13 0.506350946644554
13.125 0.50717259953232
13.25 0.507943076006695
13.375 0.508665424004494
13.5 0.509342527253393
13.625 0.509977111930281
13.75 0.510571753344733
13.875 0.511128882596772
14 0.511650793166105
14.125 0.51213964739723
14.25 0.512597482851149
14.375 0.513026218500013
14.5 0.513427660745981
14.625 0.513803509249817
14.75 0.514155362558508
14.875 0.514484723524372
15 0.514793004510892
15.125 0.515081532382871
15.25 0.515351553280444
15.375 0.515604237178232
15.5 0.515840682232188
15.625 0.51606191891794
15.75 0.516268913965281
15.875 0.516462574094207
16 0.516643749558488
16.125 0.516813237503143
16.25 0.516971785142573
16.375 0.51712009276622
16.5 0.517258816578812
16.625 0.517388571382252
16.75 0.517509933106231
16.875 0.517623441194525
17 0.517729600853889
17.125 0.517828885172264
17.25 0.517921737112877
17.375 0.518008571390601
17.5 0.518089776236756
17.625 0.518165715058293
17.75 0.518236727997087
17.875 0.518303133394832
18 0.518365229168813
18.125 0.518423294103549
18.25 0.518477589063139
18.375 0.518528358128856
18.5 0.518575829666334
18.625 0.518620217326491
18.75 0.518661720984076
18.875 0.51870052761757
19 0.518736812133952
19.125 0.518770738141631
19.25 0.518802458674708
19.375 0.51883211687151
19.5 0.518859846610205
19.625 0.518885773104138
19.75 0.518910013459356
19.875 0.518932677196677
20 0.5189538667405
20.125 0.518973677876435
20.25 0.518992200179692
20.375 0.519009517416071
20.5 0.519025707917271
20.625 0.519040844932135
20.75 0.519054996955358
20.875 0.519068228035071
21 0.519080598060658
21.125 0.519092163032036
21.25 0.519102975311609
21.375 0.519113083859972
21.5 0.519122534456418
21.625 0.519131369905212
21.75 0.519139630228549
21.875 0.519147352847041
22 0.51915457274854
22.125 0.51916132264604
22.25 0.51916763312536
22.375 0.519173532783276
22.5 0.519179048356698
22.625 0.519184204843484
22.75 0.519189025615422
22.875 0.519193532523893
23 0.519197745998676
23.125 0.519201685140354
23.25 0.519205367806707
23.375 0.519208810693522
23.5 0.519212029410138
23.625 0.519215038550097
23.75 0.519217851757205
23.875 0.519220481787295
24 0.519222940565996
24.125 0.519225239242726
24.25 0.519227388241196
24.375 0.519229397306617
24.5 0.519231275549849
24.625 0.519233031488675
24.75 0.519234673086393
24.875 0.519236207787896
25 0.519237642553414
25.125 0.519238983890046
25.25 0.519240237881265
25.375 0.519241410214475
25.5 0.519242506206799
25.625 0.519243530829181
25.75 0.519244488728914
25.875 0.519245384250713
26 0.51924622145641
26.125 0.519247004143365
26.25 0.519247735861688
26.375 0.519248419930337
26.5 0.519249059452159
26.625 0.519249657327965
26.75 0.519250216269684
26.875 0.519250738812659
27 0.519251227327137
27.125 0.519251684029035
27.25 0.519252110989971
27.375 0.519252510146668
27.5 0.519252883309736
27.625 0.519253232171884
27.75 0.519253558315595
27.875 0.519253863220303
28 0.519254148269106
28.125 0.51925441475503
28.25 0.51925466388691
28.375 0.519254896794855
28.5 0.519255114535389
28.625 0.519255318096228
28.75 0.519255508400775
28.875 0.519255686312295
29 0.519255852637842
29.125 0.519256008131913
29.25 0.519256153499871
29.375 0.519256289401145
29.5 0.519256416452222
29.625 0.519256535229443
29.75 0.519256646271618
29.875 0.519256750082468
30 0.51925684713291
30.125 0.519256937863195
30.25 0.519257022684908
30.375 0.519257101982825
30.5 0.519257176116668
30.625 0.519257245422732
30.75 0.519257310215414
30.875 0.519257370788635
31 0.519257427417177
31.125 0.519257480357926
31.25 0.519257529851039
31.375 0.519257576121035
31.5 0.519257619377811
31.625 0.519257659817596
31.75 0.519257697623837
31.875 0.519257732968038
32 0.519257766010533
Total steps: 256
