0 0
0.03125 0.0003125
0.0625 0.000629879760742188
0.09375 0.000952209233612753
0.125 0.00127955916843718
0.15625 0.00161200111570447
0.1875 0.00194960742852494
0.21875 0.00229245126431048
0.25 0.00264060658616535
0.28125 0.00299414816397597
0.3125 0.00335315157518722
0.34375 0.00371769320525308
0.375 0.00408785024774865
0.40625 0.00446370070413072
0.4375 0.00484532338313351
0.46875 0.005232797899786
0.5 0.00562620467403703
0.53125 0.00602562492897404
0.5625 0.00643114068862099
0.59375 0.00684283477530079
0.625 0.0072607908065473
0.65625 0.00768509319155159
0.6875 0.008115827127127
0.71875 0.00855307859317719
0.75 0.00899693434765117
0.78125 0.00944748192096897
0.8125 0.00990480960990139
0.84375 0.0103690064708871
0.875 0.0108401623127699
0.90625 0.0113183676889392
0.9375 0.0118037138888557
0.96875 0.012296292928945
1 0.0127961975428412
1.03125 0.013303521170962
1.0625 0.0138183579493974
1.09375 0.0143408026980937
1.125 0.0148709509083131
1.15625 0.0154088987293519
1.1875 0.0159547429544964
1.21875 0.0165085810061996
1.25 0.0170705109204578
1.28125 0.0176406313303685
1.3125 0.0182190414488514
1.34375 0.0188058410505111
1.375 0.0194011304526248
1.40625 0.0200050104952333
1.4375 0.0206175825203177
1.46875 0.021238948350042
1.5 0.0218692102640422
1.53125 0.0225084709757437
1.5625 0.0231568336076876
1.59375 0.0238144016658473
1.625 0.0244812790129167
1.65625 0.0251575698405527
1.6875 0.0258433786405525
1.71875 0.0265388101749499
1.75 0.0272439694450115
1.78125 0.0279589616591173
1.8125 0.028683892199508
1.84375 0.0294188665878843
1.875 0.0301639904498414
1.90625 0.0309193694781246
1.9375 0.0316851093946914
1.96875 0.0324613159115661
2 0.0332480946904747
2.03125 0.0340455513012462
2.0625 0.0348537911789718
2.09375 0.0356729195799074
2.125 0.0365030415361136
2.15625 0.037344261808822
2.1875 0.0381966848405209
2.21875 0.0390604147057539
2.25 0.0399355550606255
2.28125 0.0408222090910102
2.3125 0.0417204794594613
2.34375 0.0426304682508177
2.375 0.0435522769165091
2.40625 0.0444860062175604
2.4375 0.0454317561662976
2.46875 0.04638962596676
2.5 0.0473597139538239
2.53125 0.0483421175310465
2.5625 0.0493369331072383
2.59375 0.0503442560317755
2.625 0.051364180528666
2.65625 0.0523967996293832
2.6875 0.053442205104486
2.71875 0.0545004873940427
2.75 0.0555717355368812
2.78125 0.0566560370986893
2.8125 0.0577534780989898
2.84375 0.05886414293702
2.875 0.059988114316545
2.90625 0.0611254731696393
2.9375 0.0622762985794708
2.96875 0.0634406677021263
3 0.0646186556875191
3.03125 0.0658103355994222
3.0625 0.0670157783346722
3.09375 0.0682350525415952
3.125 0.0694682245377028
3.15625 0.0707153582267162
3.1875 0.0719765150149733
3.21875 0.0732517537272791
3.25 0.074541130522264
3.28125 0.0758446988073139
3.3125 0.0771625091531415
3.34375 0.0784946092080716
3.375 0.0798410436121124
3.40625 0.0812018539108932
3.4375 0.0825770784695457
3.46875 0.0839667523866147
3.5 0.085370907408082
3.53125 0.0867895718415933
3.5625 0.0882227704709792
3.59375 0.0896705244711641
3.625 0.0911328513235593
3.65625 0.0926097647320411
3.6875 0.0941012745396129
3.71875 0.0956073866458575
3.75 0.0971281029252849
3.78125 0.0986634211466842
3.8125 0.10021333489359
3.84375 0.101777833485974
3.875 0.103356901903283
3.90625 0.104950520708927
3.9375 0.106558665976345
3.96875 0.108181309216767
4 0.109818417308784
4.03125 0.111469952429852
4.0625 0.113135871989859
4.09375 0.11481612856686
4.125 0.116510669845121
4.15625 0.118219438555583
4.1875 0.119942372418877
4.21875 0.121679404091001
4.25 0.123430461111799
4.28125 0.12519546585635
4.3125 0.126974335489387
4.34375 0.128766981922879
4.375 0.130573311776876
4.40625 0.132393226343753
4.4375 0.134226621555945
4.46875 0.13607338795731
4.5 0.137933410678199
4.53125 0.13980656941438
4.5625 0.141692738409873
4.59375 0.143591786443837
4.625 0.14550357682158
4.65625 0.147427967369796
4.6875 0.149364810436112
4.71875 0.151313952893032
4.75 0.153275236146357
4.78125 0.155248496148153
4.8125 0.157233563414334
4.84375 0.159230263046934
4.875 0.161238414761105
4.90625 0.163257832916914
4.9375 0.165288326555968
4.96875 0.167329699442915
5 0.169381750111847
5.03125 0.171444271917627
5.0625 0.173517053092172
5.09375 0.175599876805681
5.125 0.177692521232827
5.15625 0.1797947596239
5.1875 0.181906360380892
5.21875 0.184027087138499
5.25 0.186156698850017
5.28125 0.188294949878088
5.3125 0.190441590090258
5.34375 0.19259636495929
5.375 0.194759015668169
5.40625 0.196929279219733
5.4375 0.199106888550853
5.46875 0.201291572651073
5.5 0.20348305668561
5.53125 0.205681062122632
5.5625 0.207885306864676
5.59375 0.210095505384117
5.625 0.212311368862538
5.65625 0.214532605333881
5.6875 0.216758919831243
5.71875 0.218990014537156
5.75 0.221225588937206
5.78125 0.223465339976831
5.8125 0.225708962221126
5.84375 0.22795614801749
5.875 0.23020658766092
5.90625 0.232459969561794
5.9375 0.234715980415926
5.96875 0.236974305376719
6 0.239234628229206
6.03125 0.241496631565788
6.0625 0.243759996963453
6.09375 0.246024405162268
6.125 0.248289536244946
6.15625 0.250555069817251
6.1875 0.252820685189047
6.21875 0.255086061555768
6.25 0.257350878180076
6.28125 0.259614814573513
6.3125 0.26187755067791
6.34375 0.264138767046344
6.375 0.26639814502342
6.40625 0.268655366924663
6.4375 0.270910116214817
6.46875 0.273162077684813
6.5 0.275410937627229
6.53125 0.277656384010008
6.5625 0.279898106648242
6.59375 0.282135797373831
6.625 0.284369150202804
6.65625 0.286597861500127
6.6875 0.288821630141803
6.71875 0.291040157674088
6.75 0.293253148469653
6.78125 0.295460309880511
6.8125 0.29766135238756
6.84375 0.299855989746579
6.875 0.302043939130529
6.90625 0.304224921268022
6.9375 0.306398660577818
6.96875 0.308564885299225
7 0.310723327618284
7.03125 0.312873723789627
7.0625 0.315015814253902
7.09375 0.317149343750681
7.125 0.319274061426738
7.15625 0.321389720939659
7.1875 0.323496080556664
7.21875 0.325592903248626
7.25 0.327679956779203
7.28125 0.32975701378904
7.3125 0.331823851875023
7.34375 0.333880253664533
7.375 0.335926006884695
7.40625 0.337960904426596
7.4375 0.339984744404486
7.46875 0.341997330209937
7.5 0.343998470561008
7.53125 0.345987979546388
7.5625 0.347965676664595
7.59375 0.349931386858209
7.625 0.351884940543227
7.65625 0.353826173633556
7.6875 0.3557549275607
7.71875 0.35767104928872
7.75 0.359574391324503
7.78125 0.361464811723436
7.8125 0.363342174090544
7.84375 0.365206347577183
7.875 0.367057206873368
7.90625 0.368894632195837
7.9375 0.370718509271931
7.96875 0.372528729319405
8 0.37432518902226
8.03125 0.376107790502716
8.0625 0.37787644128942
8.09375 0.379631054282018
8.125 0.381371547712197
8.15625 0.383097845101313
8.1875 0.384809875214731
8.21875 0.386507572013
8.25 0.388190874599972
8.28125 0.389859727168013
8.3125 0.391514078940403
8.34375 0.393153884111079
8.375 0.394779101781827
8.40625 0.396389695897053
8.4375 0.397985635176277
8.46875 0.399566893044448
8.5 0.40113344756023
8.53125 0.402685281342373
8.5625 0.404222381494292
8.59375 0.405744739526986
8.625 0.407252351280414
8.65625 0.408745216843438
8.6875 0.410223340472479
8.71875 0.411686730508974
8.75 0.413135399295766
8.78125 0.414569363092535
8.8125 0.415988641990388
8.84375 0.417393259825707
8.875 0.418783244093361
8.90625 0.420158625859402
8.9375 0.421519439673328
8.96875 0.42286572348002
9 0.424197518531449
9.03125 0.425514869298246
9.0625 0.426817823381221
9.09375 0.428106431422931
9.125 0.429380747019362
9.15625 0.430640826631824
9.1875 0.431886729499129
9.21875 0.433118517550133
9.25 0.434336255316703
9.28125 0.435540009847197
9.3125 0.436729850620507
9.34375 0.437905849460733
9.375 0.439068080452559
9.40625 0.440216619857371
9.4375 0.441351546030185
9.46875 0.44247293933743
9.5 0.443580882075643
9.53125 0.444675458391106
9.5625 0.445756754200488
9.59375 0.446824857112516
9.625 0.447879856350723
9.65625 0.448921842677305
9.6875 0.449950908318113
9.71875 0.450967146888824
9.75 0.451970653322305
9.78125 0.452961523797197
9.8125 0.453939855667757
9.84375 0.454905747394951
9.875 0.455859298478843
9.90625 0.456800609392274
9.9375 0.457729781515867
9.96875 0.458646917074347
10 0.459552119074203
10.03125 0.460445491242687
10.0625 0.461327137968176
10.09375 0.462197164241869
10.125 0.46305567560086
10.15625 0.463902778072555
10.1875 0.464738578120457
10.21875 0.465563182591294
10.25 0.466376698663517
10.28125 0.467179233797125
10.3125 0.467970895684853
10.34375 0.468751792204676
10.375 0.469522031373653
10.40625 0.470281721303077
10.4375 0.471030970154945
10.46875 0.471769886099706
10.5 0.47249857727531
10.53125 0.473217151747512
10.5625 0.473925717471441
10.59375 0.474624382254406
10.625 0.475313253719932
10.65625 0.475992439272999
10.6875 0.476662046066482
10.71875 0.477322180968761
10.75 0.477972950532499
10.78125 0.478614460964546
10.8125 0.47924681809698
10.84375 0.479870127359243
10.875 0.480484493751363
10.90625 0.481090021818244
10.9375 0.481686815624995
10.96875 0.482274978733294
11 0.482854614178745
11.03125 0.483425824449235
11.0625 0.483988711464241
11.09375 0.484543376555094
11.125 0.485089920446161
11.15625 0.48562844323693
11.1875 0.486159044384985
11.21875 0.486681822689834
11.25 0.48719687627759
11.28125 0.48770430258647
11.3125 0.488204198353091
11.34375 0.488696659599559
11.375 0.489181781621309
11.40625 0.489659658975699
11.4375 0.490130385471313
11.46875 0.490594054157981
11.5 0.491050757317476
11.53125 0.491500586454872
11.5625 0.491943632290558
11.59375 0.492379984752872
11.625 0.492809732971347
11.65625 0.493232965270547
11.6875 0.493649769164475
11.71875 0.49406023135154
11.75 0.49446443771006
11.78125 0.494862473294282
11.8125 0.495254422330913
11.84375 0.495640368216136
11.875 0.496020393513094
11.90625 0.496394579949833
11.9375 0.496763008417688
11.96875 0.497125758970083
12 0.497482910821754
12.03125 0.497834542348354
12.0625 0.498180731086447
12.09375 0.498521553733865
12.125 0.498857086150419
12.15625 0.499187403358941
12.1875 0.499512579546667
12.21875 0.499832688066916
12.25 0.500147801441081
12.28125 0.500457991360899
12.3125 0.500763328691007
12.34375 0.501063883471751
12.375 0.501359724922254
12.40625 0.501650921443723
12.4375 0.501937540622989
12.46875 0.502219649236266
12.5 0.502497313253114
12.53125 0.502770597840612
12.5625 0.503039567367715
12.59375 0.503304285409789
12.625 0.503564814753321
12.65625 0.503821217400794
12.6875 0.504073554575706
12.71875 0.504321886727745
12.75 0.504566273538096
12.78125 0.504806773924875
12.8125 0.505043446048688
12.84375 0.505276347318301
12.875 0.50550553439642
12.90625 0.50573106320557
12.9375 0.505952988934062
12.96875 0.506171366042053
13 0.506386248267683
13.03125 0.506597688633284
13.0625 0.50680573945166
13.09375 0.507010452332432
13.125 0.507211878188428
13.15625 0.50741006724214
13.1875 0.507605069032215
13.21875 0.507796932419993
13.25 0.507985705596082
13.28125 0.50817143608696
13.3125 0.50835417076161
13.34375 0.508533955838175
13.375 0.508710836890633
13.40625 0.508884858855488
13.4375 0.509056066038468
13.46875 0.509224502121239
13.5 0.509390210168114
13.53125 0.509553232632769
13.5625 0.509713611364952
13.59375 0.509871387617195
13.625 0.510026602051505
13.65625 0.510179294746054
13.6875 0.510329505201849
13.71875 0.510477272349391
13.75 0.510622634555311
13.78125 0.510765629628981
13.8125 0.510906294829112
13.84375 0.511044666870317
13.875 0.511180781929647
13.90625 0.511314675653104
13.9375 0.511446383162114
13.96875 0.511575939059971
14 0.511703377438249
14.03125 0.511828731883168
14.0625 0.511952035481933
14.09375 0.512073320829022
14.125 0.512192620032449
14.15625 0.512309964719965
14.1875 0.512425386045234
14.21875 0.512538914693953
14.25 0.512650580889932
14.28125 0.512760414401125
14.3125 0.512868444545617
14.34375 0.51297470019756
14.375 0.51307920979306
14.40625 0.513182001336018
14.4375 0.513283102403917
14.46875 0.51338254015356
14.5 0.513480341326756
14.53125 0.513576532255954
14.5625 0.513671138869826
14.59375 0.513764186698798
14.625 0.51385570088052
14.65625 0.513945706165297
14.6875 0.51403422692145
14.71875 0.514121287140637
14.75 0.514206910443112
14.78125 0.514291120082927
14.8125 0.514373938953093
14.84375 0.514455389590669
14.875 0.514535494181808
14.90625 0.514614274566745
14.9375 0.51469175224473
14.96875 0.514767948378905
15 0.514842883801131
15.03125 0.514916579016753
15.0625 0.514989054209318
15.09375 0.515060329245232
15.125 0.515130423678369
15.15625 0.515199356754623
15.1875 0.515267147416403
15.21875 0.515333814307076
15.25 0.515399375775366
15.28125 0.51546384987968
15.3125 0.5155272543924
15.34375 0.515589606804114
15.375 0.51565092432779
15.40625 0.515711223902908
15.4375 0.515770522199534
15.46875 0.51582883562234
15.5 0.51588618031458
15.53125 0.515942572162008
15.5625 0.515998026796754
15.59375 0.516052559601136
15.625 0.516106185711439
15.65625 0.51615892002163
15.6875 0.516210777187033
15.71875 0.516261771627955
15.75 0.516311917533253
15.78125 0.51636122886387
15.8125 0.516409719356312
15.84375 0.516457402526077
15.875 0.516504291671048
15.90625 0.516550399874826
15.9375 0.516595740010032
15.96875 0.516640324741547
16 0.516684166529726
Total steps: 512
