0 0
0.001953125 1.953125e-05
0.00390625 3.90815727412701e-05
0.005859375 5.8650985356507e-05
0.0078125 7.82395049907651e-05
0.009765625 9.7847148801459e-05
0.01171875 0.000117473933958366
0.013671875 0.000137119877643627
0.015625 0.000156784997051754
0.017578125 0.000176469309389627
0.01953125 0.000196172831876497
0.021484375 0.000215895581743994
0.0234375 0.000235637576236122
0.025390625 0.000255398832609268
0.02734375 0.000275179368132199
0.029296875 0.00029497920008607
0.03125 0.000314798345764418
0.033203125 0.000334636822473176
0.03515625 0.000354494647530663
0.037109375 0.000374371838267597
0.0390625 0.00039426841202709
0.041015625 0.000414184386164654
0.04296875 0.000434119778048202
0.044921875 0.000454074605058051
0.046875 0.000474048884586922
0.048828125 0.000494042634039947
0.05078125 0.000514055870834665
0.052734375 0.00053408861240103
0.0546875 0.00055414087618141
0.056640625 0.00057421267963059
0.05859375 0.000594304040215773
0.060546875 0.000614414975416585
0.0625 0.000634545502725074
0.064453125 0.000654695639645713
0.06640625 0.000674865403695405
0.068359375 0.000695054812403481
0.0703125 0.000715263883311702
0.072265625 0.000735492633974267
0.07421875 0.000755741081957807
0.076171875 0.000776009244841393
0.078125 0.000796297140216535
0.080078125 0.000816604785687185
0.08203125 0.000836932198869739
0.083984375 0.000857279397393038
0.0859375 0.000877646398898373
0.087890625 0.000898033221039482
0.08984375 0.000918439881482555
0.091796875 0.000938866397906237
0.09375 0.000959312788001628
0.095703125 0.000979779069472283
0.09765625 0.00100026526003422
0.099609375 0.00102077137741591
0.1015625 0.0010412974393583
0.103515625 0.00106184346361479
0.10546875 0.00108240946795125
0.107421875 0.00110299547014601
0.109375 0.00112360148798989
0.111328125 0.00114422753928616
0.11328125 0.00116487364185058
0.115234375 0.00118553981351137
0.1171875 0.00120622607210923
0.119140625 0.00122693243549735
0.12109375 0.00124765892154139
0.123046875 0.00126840554811949
0.125 0.00128917233312227
0.126953125 0.00130995929445285
0.12890625 0.00133076645002682
0.130859375 0.00135159381777227
0.1328125 0.00137244141562976
0.134765625 0.00139330926155237
0.13671875 0.00141419737350565
0.138671875 0.00143510576946764
0.140625 0.0014560344674289
0.142578125 0.00147698348539247
0.14453125 0.00149795284137387
0.146484375 0.00151894255340116
0.1484375 0.00153995263951487
0.150390625 0.00156098311776805
0.15234375 0.00158203400622623
0.154296875 0.00160310532296747
0.15625 0.00162419708608233
0.158203125 0.00164530931367387
0.16015625 0.00166644202385766
0.162109375 0.00168759523476178
0.1640625 0.00170876896452682
0.166015625 0.0017299632313059
0.16796875 0.00175117805326464
0.169921875 0.00177241344858116
0.171875 0.00179366943544611
0.173828125 0.00181494603206268
0.17578125 0.00183624325664653
0.177734375 0.00185756112742587
0.1796875 0.00187889966264144
0.181640625 0.00190025888054648
0.18359375 0.00192163879940675
0.185546875 0.00194303943750056
0.1875 0.00196446081311871
0.189453125 0.00198590294456456
0.19140625 0.00200736585015396
0.193359375 0.00202884954821533
0.1953125 0.00205035405708959
0.197265625 0.00207187939513018
0.19921875 0.00209342558070311
0.201171875 0.00211499263218688
0.203125 0.00213658056797254
0.205078125 0.00215818940646368
0.20703125 0.00217981916607641
0.208984375 0.00220146986523938
0.2109375 0.00222314152239378
0.212890625 0.00224483415599333
0.21484375 0.00226654778450428
0.216796875 0.00228828242640544
0.21875 0.00231003810018813
0.220703125 0.00233181482435624
0.22265625 0.00235361261742617
0.224609375 0.00237543149792687
0.2265625 0.00239727148439984
0.228515625 0.00241913259539912
0.23046875 0.00244101484949128
0.232421875 0.00246291826525544
0.234375 0.00248484286128326
0.236328125 0.00250678865617896
0.23828125 0.00252875566855928
0.240234375 0.00255074391705351
0.2421875 0.00257275342030351
0.244140625 0.00259478419696364
0.24609375 0.00261683626570086
0.248046875 0.00263890964519462
0.25 0.00266100435413697
0.251953125 0.00268312041123247
0.25390625 0.00270525783519824
0.255859375 0.00272741664476395
0.2578125 0.00274959685867182
0.259765625 0.00277179849567661
0.26171875 0.00279402157454563
0.263671875 0.00281626611405874
0.265625 0.00283853213300836
0.267578125 0.00286081965019944
0.26953125 0.00288312868444949
0.271484375 0.00290545925458858
0.2734375 0.00292781137945931
0.275390625 0.00295018507791684
0.27734375 0.00297258036882888
0.279296875 0.00299499727107569
0.28125 0.00301743580355007
0.283203125 0.00303989598515739
0.28515625 0.00306237783481555
0.287109375 0.00308488137145501
0.2890625 0.00310740661401879
0.291015625 0.00312995358146243
0.29296875 0.00315252229275405
0.294921875 0.0031751127668743
0.296875 0.0031977250228164
0.298828125 0.0032203590795861
0.30078125 0.00324301495620171
0.302734375 0.00326569267169408
0.3046875 0.00328839224510663
0.306640625 0.00331111369549529
0.30859375 0.00333385704192858
0.310546875 0.00335662230348754
0.3125 0.00337940949926577
0.314453125 0.00340221864836942
0.31640625 0.00342504976991718
0.318359375 0.00344790288304029
0.3203125 0.00347077800688254
0.322265625 0.00349367516060025
0.32421875 0.0035165943633623
0.326171875 0.00353953563435013
0.328125 0.00356249899275768
0.330078125 0.00358548445779148
0.33203125 0.00360849204867058
0.333984375 0.00363152178462658
0.3359375 0.00365457368490361
0.337890625 0.00367764776875836
0.33984375 0.00370074405546006
0.341796875 0.00372386256429046
0.34375 0.00374700331454387
0.345703125 0.00377016632552714
0.34765625 0.00379335161655964
0.349609375 0.0038165592069733
0.3515625 0.00383978911611257
0.353515625 0.00386304136333445
0.35546875 0.00388631596800845
0.357421875 0.00390961294951666
0.359375 0.00393293232725366
0.361328125 0.00395627412062658
0.36328125 0.00397963834905509
0.365234375 0.00400302503197137
0.3671875 0.00402643418882016
0.369140625 0.0040498658390587
0.37109375 0.00407332000215678
0.373046875 0.0040967966975967
0.375 0.00412029594487329
0.376953125 0.00414381776349392
0.37890625 0.00416736217297848
0.380859375 0.00419092919285935
0.3828125 0.00421451884268148
0.384765625 0.00423813114200231
0.38671875 0.00426176611039181
0.388671875 0.00428542376743247
0.390625 0.00430910413271929
0.392578125 0.00433280722585978
0.39453125 0.00435653306647399
0.396484375 0.00438028167419445
0.3984375 0.00440405306866623
0.400390625 0.0044278472695469
0.40234375 0.00445166429650653
0.404296875 0.00447550416922771
0.40625 0.00449936690740553
0.408203125 0.00452325253074759
0.41015625 0.00454716105897399
0.412109375 0.00457109251181733
0.4140625 0.00459504690902272
0.416015625 0.00461902427034775
0.41796875 0.00464302461556252
0.419921875 0.00466704796444963
0.421875 0.00469109433680417
0.423828125 0.00471516375243371
0.42578125 0.00473925623115833
0.427734375 0.00476337179281058
0.4296875 0.00478751045723552
0.431640625 0.00481167224429068
0.43359375 0.00483585717384607
0.435546875 0.00486006526578419
0.4375 0.00488429654000001
0.439453125 0.00490855101640101
0.44140625 0.0049328287149071
0.443359375 0.0049571296554507
0.4453125 0.00498145385797669
0.447265625 0.00500580134244241
0.44921875 0.00503017212881768
0.451171875 0.0050545662370848
0.453125 0.00507898368723851
0.455078125 0.00510342449928601
0.45703125 0.005127888693247
0.458984375 0.00515237628915358
0.4609375 0.00517688730705037
0.462890625 0.00520142176699438
0.46484375 0.00522597968905512
0.466796875 0.00525056109331453
0.46875 0.00527516599986699
0.470703125 0.00529979442881935
0.47265625 0.00532444640029088
0.474609375 0.00534912193441329
0.4765625 0.00537382105133075
0.478515625 0.00539854377119984
0.48046875 0.00542329011418959
0.482421875 0.00544806010048145
0.484375 0.0054728537502693
0.486328125 0.00549767108375946
0.48828125 0.00552251212117066
0.490234375 0.00554737688273406
0.4921875 0.00557226538869321
0.494140625 0.00559717765930412
0.49609375 0.00562211371483518
0.498046875 0.0056470735755672
0.5 0.0056720572617934
0.501953125 0.00569706479381941
0.50390625 0.00572209619196325
0.505859375 0.00574715147655534
0.5078125 0.00577223066793851
0.509765625 0.00579733378646797
0.51171875 0.00582246085251134
0.513671875 0.0058476118864486
0.515625 0.00587278690867213
0.517578125 0.00589798593958671
0.51953125 0.00592320899960946
0.521484375 0.00594845610916991
0.5234375 0.00597372728870996
0.525390625 0.00599902255868385
0.52734375 0.00602434193955823
0.529296875 0.00604968545181209
0.53125 0.00607505311593677
0.533203125 0.00610044495243601
0.53515625 0.00612586098182585
0.537109375 0.00615130122463473
0.5390625 0.0061767657014034
0.541015625 0.00620225443268499
0.54296875 0.00622776743904494
0.544921875 0.00625330474106104
0.546875 0.00627886635932344
0.548828125 0.00630445231443458
0.55078125 0.00633006262700925
0.552734375 0.00635569731767457
0.5546875 0.00638135640706997
0.556640625 0.00640703991584719
0.55859375 0.00643274786467032
0.560546875 0.00645848027421572
0.5625 0.00648423716517208
0.564453125 0.00651001855824038
0.56640625 0.00653582447413392
0.568359375 0.00656165493357828
0.5703125 0.00658750995731133
0.572265625 0.00661338956608324
0.57421875 0.00663929378065646
0.576171875 0.00666522262180572
0.578125 0.00669117611031803
0.580078125 0.00671715426699268
0.58203125 0.00674315711264122
0.583984375 0.00676918466808746
0.5859375 0.00679523695416748
0.587890625 0.00682131399172963
0.58984375 0.00684741580163449
0.591796875 0.00687354240475492
0.59375 0.00689969382197599
0.595703125 0.00692587007419503
0.59765625 0.00695207118232162
0.599609375 0.00697829716727755
0.6015625 0.00700454804999686
0.603515625 0.00703082385142579
0.60546875 0.00705712459252283
0.607421875 0.00708345029425866
0.609375 0.0071098009776162
0.611328125 0.00713617666359054
0.61328125 0.00716257737318902
0.615234375 0.00718900312743115
0.6171875 0.00721545394734863
0.619140625 0.00724192985398536
0.62109375 0.00726843086839744
0.623046875 0.00729495701165312
0.625 0.00732150830483286
0.626953125 0.00734808476902926
0.62890625 0.00737468642534712
0.630859375 0.00740131329490337
0.6328125 0.00742796539882712
0.634765625 0.00745464275825964
0.63671875 0.00748134539435432
0.638671875 0.00750807332827672
0.640625 0.00753482658120452
0.642578125 0.00756160517432755
0.64453125 0.00758840912884777
0.646484375 0.00761523846597925
0.6484375 0.00764209320694819
0.650390625 0.00766897337299289
0.65234375 0.00769587898536379
0.654296875 0.00772281006532341
0.65625 0.00774976663414638
0.658203125 0.0077767487131194
0.66015625 0.0078037563235413
0.662109375 0.00783078948672297
0.6640625 0.00785784822398737
0.666015625 0.00788493255666957
0.66796875 0.00791204250611666
0.669921875 0.00793917809368783
0.671875 0.00796633934075431
0.673828125 0.0079935262686994
0.67578125 0.00802073889891843
0.677734375 0.00804797725281877
0.6796875 0.00807524135181984
0.681640625 0.00810253121735308
0.68359375 0.00812984687086196
0.685546875 0.00815718833380198
0.6875 0.00818455562764063
0.689453125 0.00821194877385742
0.69140625 0.00823936779394388
0.693359375 0.0082668127094035
0.6953125 0.0082942835417518
0.697265625 0.00832178031251626
0.69921875 0.00834930304323636
0.701171875 0.00837685175546352
0.703125 0.00840442647076118
0.705078125 0.00843202721070469
0.70703125 0.00845965399688139
0.708984375 0.00848730685089056
0.7109375 0.00851498579434341
0.712890625 0.00854269084886313
0.71484375 0.00857042203608479
0.716796875 0.00859817937765543
0.71875 0.00862596289523398
0.720703125 0.0086537726104913
0.72265625 0.00868160854511015
0.724609375 0.0087094707207852
0.7265625 0.008737359159223
0.728515625 0.00876527388214201
0.73046875 0.00879321491127256
0.732421875 0.00882118226835686
0.734375 0.00884917597514899
0.736328125 0.00887719605341488
0.73828125 0.00890524252493233
0.740234375 0.008933315411491
0.7421875 0.00896141473489237
0.744140625 0.00898954051694979
0.74609375 0.0090176927794884
0.748046875 0.00904587154434519
0.75 0.00907407683336897
0.751953125 0.00910230866842035
0.75390625 0.00913056707137175
0.755859375 0.00915885206410737
0.7578125 0.00918716366852324
0.759765625 0.00921550190652712
0.76171875 0.00924386680003859
0.763671875 0.00927225837098899
0.765625 0.0093006766413214
0.767578125 0.00932912163299069
0.76953125 0.00935759336796345
0.771484375 0.00938609186821802
0.7734375 0.00941461715574449
0.775390625 0.00944316925254465
0.77734375 0.00947174818063203
0.779296875 0.00950035396203188
0.78125 0.00952898661878112
0.783203125 0.0095576461729284
0.78515625 0.00958633264653406
0.787109375 0.00961504606167011
0.7890625 0.00964378644042024
0.791015625 0.00967255380487981
0.79296875 0.00970134817715585
0.794921875 0.00973016957936703
0.796875 0.00975901803364367
0.798828125 0.00978789356212774
0.80078125 0.00981679618697282
0.802734375 0.00984572593034412
0.8046875 0.00987468281441849
0.806640625 0.00990366686138436
0.80859375 0.00993267809344176
0.810546875 0.00996171653280233
0.8125 0.00999078220168929
0.814453125 0.0100198751223374
0.81640625 0.0100489953169931
0.818359375 0.0100781428079142
0.8203125 0.0101073176173703
0.822265625 0.0101365197676423
0.82421875 0.0101657492810228
0.826171875 0.0101950061798159
0.828125 0.0102242904863372
0.830078125 0.0102536022229138
0.83203125 0.0102829414118843
0.833984375 0.0103123080755989
0.8359375 0.0103417022364191
0.837890625 0.0103711239167181
0.83984375 0.0104005731388803
0.841796875 0.0104300499253018
0.84375 0.0104595542983901
0.845703125 0.0104890862805641
0.84765625 0.0105186458942541
0.849609375 0.0105482331619019
0.8515625 0.0105778481059607
0.853515625 0.0106074907488951
0.85546875 0.0106371611131812
0.857421875 0.0106668592213063
0.859375 0.0106965850957692
0.861328125 0.0107263387590801
0.86328125 0.0107561202337605
0.865234375 0.0107859295423433
0.8671875 0.0108157667073727
0.869140625 0.0108456317514044
0.87109375 0.0108755246970052
0.873046875 0.0109054455667534
0.875 0.0109353943832385
0.876953125 0.0109653711690613
0.87890625 0.0109953759468341
0.880859375 0.0110254087391802
0.8828125 0.0110554695687344
0.884765625 0.0110855584581425
0.88671875 0.0111156754300619
0.888671875 0.0111458205071611
0.890625 0.0111759937121197
0.892578125 0.0112061950676287
0.89453125 0.0112364245963902
0.896484375 0.0112666823211178
0.8984375 0.0112969682645358
0.900390625 0.0113272824493801
0.90234375 0.0113576248983977
0.904296875 0.0113879956343467
0.90625 0.0114183946799963
0.908203125 0.011448822058127
0.91015625 0.0114792777915304
0.912109375 0.0115097619030092
0.9140625 0.0115402744153773
0.916015625 0.0115708153514595
0.91796875 0.011601384734092
0.919921875 0.0116319825861219
0.921875 0.0116626089304074
0.923828125 0.0116932637898178
0.92578125 0.0117239471872335
0.927734375 0.011754659145546
0.9296875 0.0117853996876576
0.931640625 0.0118161688364819
0.93359375 0.0118469666149433
0.935546875 0.0118777930459775
0.9375 0.0119086481525309
0.939453125 0.0119395319575611
0.94140625 0.0119704444840365
0.943359375 0.0120013857549366
0.9453125 0.0120323557932519
0.947265625 0.0120633546219837
0.94921875 0.0120943822641444
0.951171875 0.0121254387427571
0.953125 0.0121565240808561
0.955078125 0.0121876383014864
0.95703125 0.0122187814277039
0.958984375 0.0122499534825755
0.9609375 0.012281154489179
0.962890625 0.0123123844706028
0.96484375 0.0123436434499465
0.966796875 0.0123749314503202
0.96875 0.0124062484948451
0.970703125 0.0124375946066531
0.97265625 0.012468969808887
0.974609375 0.0125003741247002
0.9765625 0.012531807577257
0.978515625 0.0125632701897325
0.98046875 0.0125947619853126
0.982421875 0.0126262829871938
0.984375 0.0126578332185835
0.986328125 0.0126894127026998
0.98828125 0.0127210214627713
0.990234375 0.0127526595220375
0.9921875 0.0127843269037487
0.994140625 0.0128160236311657
0.99609375 0.01284774972756
0.998046875 0.0128795052162137
1 0.0129112901204198
1.001953125 0.0129431044634815
1.00390625 0.0129749482687132
1.005859375 0.0130068215594393
1.0078125 0.0130387243589952
1.009765625 0.0130706566907269
1.01171875 0.0131026185779906
1.013671875 0.0131346100441535
1.015625 0.0131666311125931
1.017578125 0.0131986818066974
1.01953125 0.0132307621498652
1.021484375 0.0132628721655056
1.0234375 0.0132950118770382
1.025390625 0.0133271813078931
1.02734375 0.0133593804815109
1.029296875 0.0133916094213428
1.03125 0.0134238681508501
1.033203125 0.013456156693505
1.03515625 0.0134884750727898
1.037109375 0.0135208233121972
1.0390625 0.0135532014352305
1.041015625 0.0135856094654033
1.04296875 0.0136180474262395
1.044921875 0.0136505153412736
1.046875 0.01368301323405
1.048828125 0.013715541128124
1.05078125 0.0137480990470607
1.052734375 0.013780687014436
1.0546875 0.0138133050538357
1.056640625 0.013845953188856
1.05859375 0.0138786314431035
1.060546875 0.0139113398401949
1.0625 0.0139440784037573
1.064453125 0.0139768471574279
1.06640625 0.0140096461248542
1.068359375 0.0140424753296938
1.0703125 0.0140753347956146
1.072265625 0.0141082245462947
1.07421875 0.0141411446054222
1.076171875 0.0141740949966956
1.078125 0.0142070757438233
1.080078125 0.0142400868705239
1.08203125 0.0142731284005262
1.083984375 0.014306200357569
1.0859375 0.0143393027654013
1.087890625 0.014372435647782
1.08984375 0.0144055990284801
1.091796875 0.0144387929312748
1.09375 0.0144720173799551
1.095703125 0.0145052723983202
1.09765625 0.0145385580101792
1.099609375 0.0145718742393512
1.1015625 0.0146052211096653
1.103515625 0.0146385986449606
1.10546875 0.014672006869086
1.107421875 0.0147054458059004
1.109375 0.0147389154792726
1.111328125 0.0147724159130815
1.11328125 0.0148059471312155
1.115234375 0.0148395091575733
1.1171875 0.014873102016063
1.119140625 0.0149067257306029
1.12109375 0.0149403803251211
1.123046875 0.0149740658235553
1.125 0.0150077822498531
1.126953125 0.015041529627972
1.12890625 0.0150753079818791
1.130859375 0.0151091173355513
1.1328125 0.0151429577129754
1.134765625 0.0151768291381476
1.13671875 0.0152107316350742
1.138671875 0.0152446652277708
1.140625 0.0152786299402629
1.142578125 0.0153126257965857
1.14453125 0.015346652820784
1.146484375 0.0153807110369121
1.1484375 0.0154148004690341
1.150390625 0.0154489211412236
1.15234375 0.0154830730775638
1.154296875 0.0155172563021475
1.15625 0.015551470839077
1.158203125 0.0155857167124643
1.16015625 0.0156199939464307
1.162109375 0.0156543025651071
1.1640625 0.015688642592634
1.166015625 0.0157230140531612
1.16796875 0.015757416970848
1.169921875 0.0157918513698633
1.171875 0.0158263172743853
1.173828125 0.0158608147086015
1.17578125 0.0158953436967091
1.177734375 0.0159299042629144
1.1796875 0.0159644964314332
1.181640625 0.0159991202264906
1.18359375 0.0160337756723212
1.185546875 0.0160684627931685
1.1875 0.0161031816132858
1.189453125 0.0161379321569354
1.19140625 0.0161727144483888
1.193359375 0.016207528511927
1.1953125 0.0162423743718401
1.197265625 0.0162772520524274
1.19921875 0.0163121615779974
1.201171875 0.0163471029728678
1.203125 0.0163820762613655
1.205078125 0.0164170814678265
1.20703125 0.0164521186165961
1.208984375 0.0164871877320283
1.2109375 0.0165222888384867
1.212890625 0.0165574219603437
1.21484375 0.0165925871219808
1.216796875 0.0166277843477886
1.21875 0.0166630136621667
1.220703125 0.0166982750895237
1.22265625 0.0167335686542772
1.224609375 0.0167688943808538
1.2265625 0.0168042522936891
1.228515625 0.0168396424172276
1.23046875 0.0168750647759227
1.232421875 0.0169105193942367
1.234375 0.0169460062966408
1.236328125 0.0169815255076153
1.23828125 0.0170170770516489
1.240234375 0.0170526609532397
1.2421875 0.017088277236894
1.244140625 0.0171239259271275
1.24609375 0.0171596070484642
1.248046875 0.0171953206254372
1.25 0.0172310666825882
1.251953125 0.0172668452444676
1.25390625 0.0173026563356347
1.255859375 0.0173384999806572
1.2578125 0.0173743762041118
1.259765625 0.0174102850305837
1.26171875 0.0174462264846666
1.263671875 0.017482200590963
1.265625 0.0175182073740841
1.267578125 0.0175542468586494
1.26953125 0.0175903190692872
1.271484375 0.0176264240306342
1.2734375 0.0176625617673358
1.275390625 0.0176987323040457
1.27734375 0.0177349356654263
1.279296875 0.0177711718761483
1.28125 0.0178074409608909
1.283203125 0.0178437429443418
1.28515625 0.0178800778511971
1.287109375 0.0179164457061612
1.2890625 0.017952846533947
1.291015625 0.0179892803592757
1.29296875 0.0180257472068769
1.294921875 0.0180622471014884
1.296875 0.0180987800678563
1.298828125 0.0181353461307352
1.30078125 0.0181719453148877
1.302734375 0.0182085776450848
1.3046875 0.0182452431461057
1.306640625 0.0182819418427377
1.30859375 0.0183186737597764
1.310546875 0.0183554389220256
1.3125 0.0183922373542971
1.314453125 0.0184290690814108
1.31640625 0.018465934128195
1.318359375 0.0185028325194858
1.3203125 0.0185397642801274
1.322265625 0.0185767294349721
1.32421875 0.0186137280088803
1.326171875 0.0186507600267202
1.328125 0.0186878255133682
1.330078125 0.0187249244937086
1.33203125 0.0187620569926335
1.333984375 0.0187992230350431
1.3359375 0.0188364226458455
1.337890625 0.0188736558499565
1.33984375 0.0189109226722999
1.341796875 0.0189482231378074
1.34375 0.0189855572714184
1.345703125 0.0190229250980801
1.34765625 0.0190603266427476
1.349609375 0.0190977619303836
1.3515625 0.0191352309859587
1.353515625 0.0191727338344511
1.35546875 0.0192102705008466
1.357421875 0.019247841010139
1.359375 0.0192854453873295
1.361328125 0.0193230836574269
1.36328125 0.0193607558454478
1.365234375 0.0193984619764162
1.3671875 0.0194362020753637
1.369140625 0.0194739761673297
1.37109375 0.0195117842773607
1.373046875 0.0195496264305111
1.375 0.0195875026518425
1.376953125 0.0196254129664241
1.37890625 0.0196633573993326
1.380859375 0.0197013359756518
1.3828125 0.0197393487204733
1.384765625 0.0197773956588958
1.38671875 0.0198154768160255
1.388671875 0.0198535922169758
1.390625 0.0198917418868676
1.392578125 0.0199299258508288
1.39453125 0.0199681441339948
1.396484375 0.0200063967615081
1.3984375 0.0200446837585186
1.400390625 0.0200830051501832
1.40234375 0.0201213609616661
1.404296875 0.0201597512181385
1.40625 0.020198175944779
1.408203125 0.0202366351667729
1.41015625 0.020275128909313
1.412109375 0.0203136571975988
1.4140625 0.0203522200568372
1.416015625 0.0203908175122419
1.41796875 0.0204294495890335
1.419921875 0.0204681163124397
1.421875 0.0205068177076953
1.423828125 0.0205455538000417
1.42578125 0.0205843246147274
1.427734375 0.0206231301770077
1.4296875 0.0206619705121448
1.431640625 0.0207008456454077
1.43359375 0.0207397556020723
1.435546875 0.0207787004074211
1.4375 0.0208176800867436
1.439453125 0.0208566946653357
1.44140625 0.0208957441685004
1.443359375 0.0209348286215471
1.4453125 0.0209739480497919
1.447265625 0.0210131024785577
1.44921875 0.0210522919331739
1.451171875 0.0210915164389766
1.453125 0.0211307760213082
1.455078125 0.021170070705518
1.45703125 0.0212094005169615
1.458984375 0.0212487654810009
1.4609375 0.0212881656230049
1.462890625 0.0213276009683485
1.46484375 0.0213670715424131
1.466796875 0.0214065773705868
1.46875 0.0214461184782637
1.470703125 0.0214856948908444
1.47265625 0.021525306633736
1.474609375 0.0215649537323516
1.4765625 0.0216046362121108
1.478515625 0.0216443540984393
1.48046875 0.0216841074167691
1.482421875 0.0217238961925385
1.484375 0.0217637204511918
1.486328125 0.0218035802181795
1.48828125 0.0218434755189584
1.490234375 0.021883406378991
1.4921875 0.0219233728237464
1.494140625 0.0219633748786994
1.49609375 0.0220034125693308
1.498046875 0.0220434859211276
1.5 0.0220835949595827
1.501953125 0.0221237397101949
1.50390625 0.022163920198469
1.505859375 0.0222041364499156
1.5078125 0.0222443884900513
1.509765625 0.0222846763443984
1.51171875 0.0223250000384852
1.513671875 0.0223653595978456
1.515625 0.0224057550480194
1.517578125 0.0224461864145521
1.51953125 0.0224866537229949
1.521484375 0.0225271569989047
1.5234375 0.0225676962678442
1.525390625 0.0226082715553814
1.52734375 0.0226488828870904
1.529296875 0.0226895302885504
1.53125 0.0227302137853464
1.533203125 0.0227709334030689
1.53515625 0.022811689167314
1.537109375 0.0228524811036831
1.5390625 0.0228933092377832
1.541015625 0.0229341735952267
1.54296875 0.0229750742016312
1.544921875 0.0230160110826199
1.546875 0.0230569842638214
1.548828125 0.0230979937708694
1.55078125 0.023139039629403
1.552734375 0.0231801218650665
1.5546875 0.0232212405035096
1.556640625 0.023262395570387
1.55859375 0.0233035870913587
1.560546875 0.0233448150920899
1.5625 0.0233860795982507
1.564453125 0.0234273806355167
1.56640625 0.0234687182295681
1.568359375 0.0235100924060904
1.5703125 0.0235515031907742
1.572265625 0.0235929506093149
1.57421875 0.023634434687413
1.576171875 0.0236759554507737
1.578125 0.0237175129251075
1.580078125 0.0237591071361294
1.58203125 0.0238007381095594
1.583984375 0.0238424058711223
1.5859375 0.0238841104465478
1.587890625 0.0239258518615701
1.58984375 0.0239676301419285
1.591796875 0.0240094453133667
1.59375 0.0240512974016331
1.595703125 0.024093186432481
1.59765625 0.024135112431668
1.599609375 0.0241770754249566
1.6015625 0.0242190754381136
1.603515625 0.0242611124969104
1.60546875 0.0243031866271231
1.607421875 0.0243452978545319
1.609375 0.0243874462049218
1.611328125 0.0244296317040821
1.61328125 0.0244718543778064
1.615234375 0.0245141142518928
1.6171875 0.0245564113521435
1.619140625 0.0245987457043654
1.62109375 0.0246411173343692
1.623046875 0.0246835262679702
1.625 0.0247259725309877
1.626953125 0.0247684561492453
1.62890625 0.0248109771485707
1.630859375 0.0248535355547957
1.6328125 0.0248961313937563
1.634765625 0.0249387646912924
1.63671875 0.0249814354732481
1.638671875 0.0250241437654714
1.640625 0.0250668895938143
1.642578125 0.0251096729841326
1.64453125 0.0251524939622863
1.646484375 0.0251953525541391
1.6484375 0.0252382487855585
1.650390625 0.025281182682416
1.65234375 0.0253241542705866
1.654296875 0.0253671635759495
1.65625 0.0254102106243872
1.658203125 0.025453295441786
1.66015625 0.0254964180540361
1.662109375 0.0255395784870311
1.6640625 0.0255827767666682
1.666015625 0.0256260129188484
1.66796875 0.025669286969476
1.669921875 0.0257125989444588
1.671875 0.0257559488697083
1.673828125 0.0257993367711393
1.67578125 0.0258427626746701
1.677734375 0.0258862266062222
1.6796875 0.0259297285917206
1.681640625 0.0259732686570937
1.68359375 0.026016846828273
1.685546875 0.0260604631311934
1.6875 0.026104117591793
1.689453125 0.026147810236013
1.69140625 0.0261915410897979
1.693359375 0.0262353101790953
1.6953125 0.0262791175298557
1.697265625 0.026322963168033
1.69921875 0.0263668471195839
1.701171875 0.0264107694104682
1.703125 0.0264547300666487
1.705078125 0.0264987291140909
1.70703125 0.0265427665787635
1.708984375 0.026586842486638
1.7109375 0.0266309568636886
1.712890625 0.0266751097358925
1.71484375 0.0267193011292294
1.716796875 0.0267635310696821
1.71875 0.0268077995832359
1.720703125 0.0268521066958787
1.72265625 0.0268964524336012
1.724609375 0.0269408368223967
1.7265625 0.026985259888261
1.728515625 0.0270297216571924
1.73046875 0.0270742221551919
1.732421875 0.0271187614082627
1.734375 0.0271633394424108
1.736328125 0.0272079562836443
1.73828125 0.0272526119579738
1.740234375 0.0272973064914122
1.7421875 0.0273420399099747
1.744140625 0.0273868122396789
1.74609375 0.0274316235065445
1.748046875 0.0274764737365935
1.75 0.0275213629558499
1.751953125 0.0275662911903401
1.75390625 0.0276112584660924
1.755859375 0.0276562648091372
1.7578125 0.0277013102455071
1.759765625 0.0277463948012365
1.76171875 0.0277915185023618
1.763671875 0.0278366813749214
1.765625 0.0278818834449555
1.767578125 0.0279271247385064
1.76953125 0.0279724052816179
1.771484375 0.0280177251003358
1.7734375 0.0280630842207076
1.775390625 0.0281084826687826
1.77734375 0.0281539204706116
1.779296875 0.0281993976522472
1.78125 0.0282449142397437
1.783203125 0.0282904702591567
1.78515625 0.0283360657365436
1.787109375 0.0283817006979632
1.7890625 0.0284273751694758
1.791015625 0.0284730891771432
1.79296875 0.0285188427470286
1.794921875 0.0285646359051963
1.796875 0.0286104686777123
1.798828125 0.0286563410906438
1.80078125 0.028702253170059
1.802734375 0.0287482049420278
1.8046875 0.0287941964326208
1.806640625 0.0288402276679101
1.80859375 0.0288862986739687
1.810546875 0.0289324094768708
1.8125 0.0289785601026917
1.814453125 0.0290247505775076
1.81640625 0.0290709809273956
1.818359375 0.0291172511784339
1.8203125 0.0291635613567016
1.822265625 0.0292099114882784
1.82421875 0.0292563015992452
1.826171875 0.0293027317156834
1.828125 0.0293492018636752
1.830078125 0.0293957120693038
1.83203125 0.0294422623586526
1.833984375 0.029488852757806
1.8359375 0.0295354832928488
1.837890625 0.0295821539898665
1.83984375 0.0296288648749451
1.841796875 0.0296756159741711
1.84375 0.0297224073136313
1.845703125 0.0297692389194132
1.84765625 0.0298161108176043
1.849609375 0.0298630230342928
1.8515625 0.029909975595567
1.853515625 0.0299569685275156
1.85546875 0.0300040018562273
1.857421875 0.0300510756077912
1.859375 0.0300981898082965
1.861328125 0.0301453444838325
1.86328125 0.0301925396604885
1.865234375 0.0302397753643539
1.8671875 0.0302870516215181
1.869140625 0.0303343684580705
1.87109375 0.0303817259001004
1.873046875 0.0304291239736968
1.875 0.0304765627049489
1.876953125 0.0305240421199453
1.87890625 0.0305715622447747
1.880859375 0.0306191231055252
1.8828125 0.030666724728285
1.884765625 0.0307143671391416
1.88671875 0.0307620503641823
1.888671875 0.0308097744294938
1.890625 0.0308575393611624
1.892578125 0.0309053451852741
1.89453125 0.0309531919279139
1.896484375 0.0310010796151667
1.8984375 0.0310490082731165
1.900390625 0.0310969779278466
1.90234375 0.0311449886054397
1.904296875 0.0311930403319778
1.90625 0.0312411331335419
1.908203125 0.0312892670362124
1.91015625 0.0313374420660688
1.912109375 0.0313856582491894
1.9140625 0.0314339156116521
1.916015625 0.0314822141795332
1.91796875 0.0315305539789084
1.919921875 0.0315789350358523
1.921875 0.0316273573764381
1.923828125 0.0316758210267381
1.92578125 0.0317243260128233
1.927734375 0.0317728723607636
1.9296875 0.0318214600966276
1.931640625 0.0318700892464823
1.93359375 0.0319187598363938
1.935546875 0.0319674718924264
1.9375 0.0320162254406432
1.939453125 0.0320650205071058
1.94140625 0.0321138571178742
1.943359375 0.032162735299007
1.9453125 0.0322116550765608
1.947265625 0.0322606164765911
1.94921875 0.0323096195251514
1.951171875 0.0323586642482934
1.953125 0.0324077506720673
1.955078125 0.0324568788225212
1.95703125 0.0325060487257016
1.958984375 0.0325552604076529
1.9609375 0.0326045138944178
1.962890625 0.0326538092120368
1.96484375 0.0327031463865484
1.966796875 0.0327525254439892
1.96875 0.0328019464103936
1.970703125 0.0328514093117938
1.97265625 0.0329009141742198
1.974609375 0.0329504610236995
1.9765625 0.0330000498862585
1.978515625 0.0330496807879198
1.98046875 0.0330993537547046
1.982421875 0.0331490688126311
1.984375 0.0331988259877154
1.986328125 0.0332486253059711
1.98828125 0.033298466793409
1.990234375 0.0333483504760378
1.9921875 0.0333982763798631
1.994140625 0.033448244530888
1.99609375 0.0334982549551131
1.998046875 0.033548307678536
2 0.0335984027271516
2.001953125 0.0336485401269519
2.00390625 0.0336987199039261
2.005859375 0.0337489420840605
2.0078125 0.0337992066933383
2.009765625 0.0338495137577398
2.01171875 0.0338998633032422
2.013671875 0.0339502553558196
2.015625 0.034000689941443
2.017578125 0.0340511670860802
2.01953125 0.0341016868156957
2.021484375 0.0341522491562507
2.0234375 0.0342028541337032
2.025390625 0.0342535017740078
2.02734375 0.0343041921031157
2.029296875 0.0343549251469745
2.03125 0.0344057009315285
2.033203125 0.0344565194827183
2.03515625 0.034507380826481
2.037109375 0.03455828498875
2.0390625 0.0346092319954551
2.041015625 0.0346602218725223
2.04296875 0.0347112546458739
2.044921875 0.0347623303414283
2.046875 0.0348134489851
2.048828125 0.0348646106027999
2.05078125 0.0349158152204345
2.052734375 0.0349670628639066
2.0546875 0.0350183535591148
2.056640625 0.0350696873319538
2.05859375 0.035121064208314
2.060546875 0.0351724842140816
2.0625 0.0352239473751388
2.064453125 0.0352754537173631
2.06640625 0.0353270032666282
2.068359375 0.035378596048803
2.0703125 0.0354302320897523
2.072265625 0.0354819114153362
2.07421875 0.0355336340514103
2.076171875 0.035585400023826
2.078125 0.0356372093584296
2.080078125 0.0356890620810631
2.08203125 0.0357409582175637
2.083984375 0.0357928977937639
2.0859375 0.0358448808354912
2.087890625 0.0358969073685686
2.08984375 0.0359489774188141
2.091796875 0.0360010910120405
2.09375 0.0360532481740561
2.095703125 0.0361054489306637
2.09765625 0.0361576933076615
2.099609375 0.0362099813308422
2.1015625 0.0362623130259934
2.103515625 0.0363146884188977
2.10546875 0.0363671075353323
2.107421875 0.0364195704010689
2.109375 0.0364720770418743
2.111328125 0.0365246274835094
2.11328125 0.03657722175173
2.115234375 0.0366298598722862
2.1171875 0.0366825418709227
2.119140625 0.0367352677733785
2.12109375 0.0367880376053869
2.123046875 0.0368408513926756
2.125 0.0368937091609667
2.126953125 0.0369466109359761
2.12890625 0.0369995567434142
2.130859375 0.0370525466089855
2.1328125 0.0371055805583884
2.134765625 0.0371586586173154
2.13671875 0.037211780811453
2.138671875 0.0372649471664814
2.140625 0.037318157708075
2.142578125 0.0373714124619018
2.14453125 0.0374247114536236
2.146484375 0.0374780547088959
2.1484375 0.0375314422533679
2.150390625 0.0375848741126825
2.15234375 0.037638350312476
2.154296875 0.0376918708783783
2.15625 0.0377454358360129
2.158203125 0.0377990452109964
2.16015625 0.037852699028939
2.162109375 0.0379063973154443
2.1640625 0.0379601400961089
2.166015625 0.0380139273965228
2.16796875 0.0380677592422692
2.169921875 0.0381216356589243
2.171875 0.0381755566720574
2.173828125 0.0382295223072309
2.17578125 0.03828353259
2.177734375 0.0383375875459129
2.1796875 0.0383916872005108
2.181640625 0.0384458315793275
2.18359375 0.0385000207078897
2.185546875 0.0385542546117167
2.1875 0.0386085333163206
2.189453125 0.038662856847206
2.19140625 0.0387172252298701
2.193359375 0.0387716384898026
2.1953125 0.0388260966524856
2.197265625 0.0388805997433938
2.19921875 0.038935147787994
2.201171875 0.0389897408117454
2.203125 0.0390443788400995
2.205078125 0.0390990618985
2.20703125 0.0391537900123826
2.208984375 0.0392085632071753
2.2109375 0.039263381508298
2.212890625 0.0393182449411626
2.21484375 0.039373153531173
2.216796875 0.039428107303725
2.21875 0.039483106284206
2.220703125 0.0395381504979956
2.22265625 0.0395932399704647
2.224609375 0.0396483747269762
2.2265625 0.0397035547928844
2.228515625 0.0397587801935353
2.23046875 0.0398140509542663
2.232421875 0.0398693671004064
2.234375 0.039924728657276
2.236328125 0.0399801356501867
2.23828125 0.0400355881044415
2.240234375 0.0400910860453348
2.2421875 0.040146629498152
2.244140625 0.0402022184881696
2.24609375 0.0402578530406553
2.248046875 0.040313533180868
2.25 0.0403692589340573
2.251953125 0.0404250303254638
2.25390625 0.0404808473803191
2.255859375 0.0405367101238455
2.2578125 0.0405926185812562
2.259765625 0.0406485727777549
2.26171875 0.0407045727385362
2.263671875 0.0407606184887851
2.265625 0.0408167100536773
2.267578125 0.0408728474583789
2.26953125 0.0409290307280465
2.271484375 0.0409852598878272
2.2734375 0.0410415349628581
2.275390625 0.041097855978267
2.27734375 0.0411542229591715
2.279296875 0.0412106359306797
2.28125 0.0412670949178897
2.283203125 0.0413235999458897
2.28515625 0.0413801510397578
2.287109375 0.0414367482245621
2.2890625 0.0414933915253606
2.291015625 0.0415500809672013
2.29296875 0.0416068165751216
2.294921875 0.0416635983741491
2.296875 0.0417204263893006
2.298828125 0.0417773006455829
2.30078125 0.0418342211679922
2.302734375 0.0418911879815142
2.3046875 0.0419482011111241
2.306640625 0.0420052605817864
2.30859375 0.0420623664184551
2.310546875 0.0421195186460732
2.3125 0.0421767172895734
2.314453125 0.042233962373877
2.31640625 0.0422912539238948
2.318359375 0.0423485919645267
2.3203125 0.0424059765206612
2.322265625 0.0424634076171762
2.32421875 0.0425208852789381
2.326171875 0.0425784095308025
2.328125 0.0426359803976135
2.330078125 0.042693597904204
2.33203125 0.0427512620753956
2.333984375 0.0428089729359985
2.3359375 0.0428667305108113
2.337890625 0.0429245348246213
2.33984375 0.0429823859022041
2.341796875 0.0430402837683237
2.34375 0.0430982284477325
2.345703125 0.0431562199651711
2.34765625 0.0432142583453682
2.349609375 0.0432723436130407
2.3515625 0.0433304757928937
2.353515625 0.0433886549096203
2.35546875 0.0434468809879015
2.357421875 0.0435051540524061
2.359375 0.043563474127791
2.361328125 0.0436218412387008
2.36328125 0.0436802554097678
2.365234375 0.043738716665612
2.3671875 0.043797225030841
2.369140625 0.04385578053005
2.37109375 0.0439143831878217
2.373046875 0.0439730330287263
2.375 0.0440317300773213
2.376953125 0.0440904743581515
2.37890625 0.044149265895749
2.380859375 0.0442081047146333
2.3828125 0.0442669908393107
2.384765625 0.044325924294275
2.38671875 0.0443849051040066
2.388671875 0.0444439332929732
2.390625 0.0445030088856293
2.392578125 0.0445621319064163
2.39453125 0.0446213023797624
2.396484375 0.0446805203300823
2.3984375 0.0447397857817778
2.400390625 0.0447990987592369
2.40234375 0.0448584592868345
2.404296875 0.0449178673889319
2.40625 0.0449773230898766
2.408203125 0.0450368264140028
2.41015625 0.0450963773856308
2.412109375 0.0451559760290673
2.4140625 0.0452156223686052
2.416015625 0.0452753164285234
2.41796875 0.045335058233087
2.419921875 0.0453948478065471
2.421875 0.0454546851731406
2.423828125 0.0455145703570906
2.42578125 0.0455745033826057
2.427734375 0.0456344842738806
2.4296875 0.0456945130550954
2.431640625 0.0457545897504161
2.43359375 0.0458147143839942
2.435546875 0.0458748869799667
2.4375 0.0459351075624561
2.439453125 0.0459953761555702
2.44140625 0.0460556927834025
2.443359375 0.0461160574700313
2.4453125 0.0461764702395204
2.447265625 0.0462369311159188
2.44921875 0.0462974401232605
2.451171875 0.0463579972855645
2.453125 0.0464186026268349
2.455078125 0.0464792561710607
2.45703125 0.0465399579422156
2.458984375 0.0466007079642583
2.4609375 0.046661506261132
2.462890625 0.0467223528567648
2.46484375 0.0467832477750693
2.466796875 0.0468441910399427
2.46875 0.0469051826752665
2.470703125 0.0469662227049068
2.47265625 0.047027311152714
2.474609375 0.0470884480425228
2.4765625 0.0471496333981521
2.478515625 0.047210867243405
2.48046875 0.0472721496020687
2.482421875 0.0473334804979145
2.484375 0.0473948599546975
2.486328125 0.047456287996157
2.48828125 0.0475177646460158
2.490234375 0.0475792899279807
2.4921875 0.0476408638657423
2.494140625 0.0477024864829747
2.49609375 0.0477641578033357
2.498046875 0.0478258778504666
2.5 0.0478876466479921
2.501953125 0.0479494642195205
2.50390625 0.0480113305886432
2.505859375 0.048073245778935
2.5078125 0.048135209813954
2.509765625 0.0481972227172414
2.51171875 0.0482592845123214
2.513671875 0.0483213952227014
2.515625 0.0483835548718715
2.517578125 0.0484457634833048
2.51953125 0.0485080210804575
2.521484375 0.0485703276867682
2.5234375 0.0486326833256584
2.525390625 0.0486950880205322
2.52734375 0.0487575417947762
2.529296875 0.0488200446717597
2.53125 0.0488825966748341
2.533203125 0.0489451978273336
2.53515625 0.0490078481525745
2.537109375 0.0490705476738552
2.5390625 0.0491332964144566
2.541015625 0.0491960943976415
2.54296875 0.0492589416466549
2.544921875 0.0493218381847236
2.546875 0.0493847840350565
2.548828125 0.0494477792208443
2.55078125 0.0495108237652594
2.552734375 0.0495739176914561
2.5546875 0.0496370610225703
2.556640625 0.0497002537817193
2.55859375 0.0497634959920023
2.560546875 0.0498267876764997
2.5625 0.0498901288582733
2.564453125 0.0499535195603664
2.56640625 0.0500169598058033
2.568359375 0.0500804496175898
2.5703125 0.0501439890187127
2.572265625 0.0502075780321397
2.57421875 0.0502712166808198
2.576171875 0.0503349049876828
2.578125 0.0503986429756393
2.580078125 0.0504624306675807
2.58203125 0.0505262680863794
2.583984375 0.0505901552548881
2.5859375 0.0506540921959403
2.587890625 0.05071807893235
2.58984375 0.0507821154869117
2.591796875 0.0508462018824003
2.59375 0.0509103381415708
2.595703125 0.0509745242871589
2.59765625 0.0510387603418801
2.599609375 0.0511030463284304
2.6015625 0.0511673822694854
2.603515625 0.0512317681877011
2.60546875 0.0512962041057132
2.607421875 0.0513606900461374
2.609375 0.0514252260315692
2.611328125 0.0514898120845836
2.61328125 0.0515544482277355
2.615234375 0.0516191344835593
2.6171875 0.051683870874569
2.619140625 0.0517486574232579
2.62109375 0.0518134941520987
2.623046875 0.0518783810835437
2.625 0.051943318240024
2.626953125 0.0520083056439502
2.62890625 0.052073343317712
2.630859375 0.0521384312836779
2.6328125 0.0522035695641957
2.634765625 0.0522687581815919
2.63671875 0.0523339971581719
2.638671875 0.0523992865162198
2.640625 0.0524646262779985
2.642578125 0.0525300164657495
2.64453125 0.0525954571016929
2.646484375 0.0526609482080271
2.6484375 0.0527264898069291
2.650390625 0.0527920819205543
2.65234375 0.0528577245710363
2.654296875 0.0529234177804868
2.65625 0.052989161570996
2.658203125 0.0530549559646317
2.66015625 0.0531208009834401
2.662109375 0.0531866966494452
2.6640625 0.0532526429846488
2.666015625 0.0533186400110306
2.66796875 0.0533846877505479
2.669921875 0.0534507862251359
2.671875 0.0535169354567072
2.673828125 0.0535831354671519
2.67578125 0.0536493862783376
2.677734375 0.0537156879121093
2.6796875 0.0537820403902894
2.681640625 0.0538484437346773
2.68359375 0.0539148979670497
2.685546875 0.0539814031091605
2.6875 0.0540479591827405
2.689453125 0.0541145662094974
2.69140625 0.054181224211116
2.693359375 0.0542479332092577
2.6953125 0.0543146932255607
2.697265625 0.05438150428164
2.69921875 0.054448366399087
2.701171875 0.0545152795994699
2.703125 0.054582243904333
2.705078125 0.0546492593351973
2.70703125 0.0547163259135601
2.708984375 0.0547834436608946
2.7109375 0.0548506125986507
2.712890625 0.054917832748254
2.71484375 0.0549851041311062
2.716796875 0.0550524267685852
2.71875 0.0551198006820446
2.720703125 0.0551872258928137
2.72265625 0.0552547024221978
2.724609375 0.0553222302914777
2.7265625 0.05538980952191
2.728515625 0.0554574401347266
2.73046875 0.0555251221511349
2.732421875 0.0555928555923178
2.734375 0.0556606404794336
2.736328125 0.0557284768336155
2.73828125 0.0557963646759721
2.740234375 0.0558643040275872
2.7421875 0.0559322949095195
2.744140625 0.0560003373428025
2.74609375 0.0560684313484449
2.748046875 0.0561365769474299
2.75 0.0562047741607158
2.751953125 0.0562730230092351
2.75390625 0.0563413235138953
2.755859375 0.0564096756955782
2.7578125 0.0564780795751401
2.759765625 0.0565465351734118
2.76171875 0.0566150425111981
2.763671875 0.0566836016092783
2.765625 0.0567522124884057
2.767578125 0.0568208751693078
2.76953125 0.056889589672686
2.771484375 0.0569583560192157
2.7734375 0.0570271742295462
2.775390625 0.0570960443243004
2.77734375 0.0571649663240751
2.779296875 0.0572339402494408
2.78125 0.0573029661209413
2.783203125 0.057372043959094
2.78515625 0.0574411737843899
2.787109375 0.0575103556172932
2.7890625 0.0575795894782413
2.791015625 0.0576488753876448
2.79296875 0.0577182133658877
2.794921875 0.0577876034333268
2.796875 0.0578570456102918
2.798828125 0.0579265399170856
2.80078125 0.0579960863739836
2.802734375 0.0580656850012341
2.8046875 0.0581353358190583
2.806640625 0.0582050388476495
2.80859375 0.0582747941071741
2.810546875 0.0583446016177705
2.8125 0.0584144613995497
2.814453125 0.0584843734725949
2.81640625 0.0585543378569618
2.818359375 0.0586243545726778
2.8203125 0.0586944236397428
2.822265625 0.0587645450781285
2.82421875 0.0588347189077785
2.826171875 0.0589049451486085
2.828125 0.0589752238205056
2.830078125 0.059045554943329
2.83203125 0.0591159385369093
2.833984375 0.0591863746210487
2.8359375 0.0592568632155208
2.837890625 0.0593274043400708
2.83984375 0.0593979980144152
2.841796875 0.0594686442582415
2.84375 0.0595393430912087
2.845703125 0.0596100945329468
2.84765625 0.0596808986030566
2.849609375 0.0597517553211103
2.8515625 0.0598226647066505
2.853515625 0.059893626779191
2.85546875 0.059964641558216
2.857421875 0.0600357090631807
2.859375 0.0601068293135105
2.861328125 0.0601780023286016
2.86328125 0.0602492281278204
2.865234375 0.0603205067305038
2.8671875 0.060391838155959
2.869140625 0.0604632224234631
2.87109375 0.0605346595522637
2.873046875 0.0606061495615782
2.875 0.060677692470594
2.876953125 0.0607492882984685
2.87890625 0.0608209370643288
2.880859375 0.0608926387872717
2.8828125 0.0609643934863638
2.884765625 0.0610362011806412
2.88671875 0.0611080618891095
2.888671875 0.0611799756307437
2.890625 0.0612519424244882
2.892578125 0.0613239622892567
2.89453125 0.0613960352439321
2.896484375 0.0614681613073662
2.8984375 0.0615403404983803
2.900390625 0.0616125728357641
2.90234375 0.0616848583382767
2.904296875 0.0617571970246457
2.90625 0.0618295889135675
2.908203125 0.0619020340237073
2.91015625 0.0619745323736987
2.912109375 0.0620470839821438
2.9140625 0.0621196888676133
2.916015625 0.0621923470486461
2.91796875 0.0622650585437494
2.919921875 0.0623378233713987
2.921875 0.0624106415500374
2.923828125 0.0624835130980771
2.92578125 0.0625564380338973
2.927734375 0.0626294163758455
2.9296875 0.0627024481422368
2.931640625 0.0627755333513542
2.93359375 0.0628486720214482
2.935546875 0.062921864170737
2.9375 0.0629951098174062
2.939453125 0.0630684089796089
2.94140625 0.0631417616754655
2.943359375 0.0632151679230637
2.9453125 0.0632886277404582
2.947265625 0.063362141145671
2.94921875 0.0634357081566911
2.951171875 0.0635093287914743
2.953125 0.0635830030679434
2.955078125 0.063656731003988
2.95703125 0.0637305126174643
2.958984375 0.0638043479261953
2.9609375 0.0638782369479703
2.962890625 0.0639521797005453
2.96484375 0.0640261762016426
2.966796875 0.0641002264689509
2.96875 0.0641743305201249
2.970703125 0.0642484883727857
2.97265625 0.0643227000445205
2.974609375 0.0643969655528823
2.9765625 0.0644712849153902
2.978515625 0.064545658149529
2.98046875 0.0646200852727493
2.982421875 0.0646945663024675
2.984375 0.0647691012560655
2.986328125 0.0648436901508907
2.98828125 0.064918333004256
2.990234375 0.0649930298334398
2.9921875 0.0650677806556855
2.994140625 0.0651425854882019
2.99609375 0.0652174443481628
2.998046875 0.0652923572527073
3 0.0653673242189392
3.001953125 0.0654423452639273
3.00390625 0.0655174204047053
3.005859375 0.0655925496582715
3.0078125 0.0656677330415888
3.009765625 0.0657429705715848
3.01171875 0.0658182622651516
3.013671875 0.0658936081391457
3.015625 0.0659690082103879
3.017578125 0.0660444624956631
3.01953125 0.0661199710117207
3.021484375 0.066195533775274
3.0234375 0.0662711508030002
3.025390625 0.0663468221115408
3.02734375 0.0664225477175007
3.029296875 0.0664983276374488
3.03125 0.0665741618879179
3.033203125 0.066650050485404
3.03515625 0.0667259934463668
3.037109375 0.0668019907872297
3.0390625 0.0668780425243791
3.041015625 0.0669541486741648
3.04296875 0.0670303092529
3.044921875 0.0671065242768607
3.046875 0.0671827937622863
3.048828125 0.067259117725379
3.05078125 0.0673354961823038
3.052734375 0.0674119291491886
3.0546875 0.0674884166421241
3.056640625 0.0675649586771636
3.05859375 0.0676415552703228
3.060546875 0.0677182064375802
3.0625 0.0677949121948764
3.064453125 0.0678716725581146
3.06640625 0.0679484875431599
3.068359375 0.06802535716584
3.0703125 0.0681022814419442
3.072265625 0.0681792603872242
3.07421875 0.0682562940173935
3.076171875 0.0683333823481273
3.078125 0.0684105253950627
3.080078125 0.0684877231737985
3.08203125 0.0685649756998949
3.083984375 0.0686422829888738
3.0859375 0.0687196450562186
3.087890625 0.0687970619173738
3.08984375 0.0688745335877453
3.091796875 0.0689520600827003
3.09375 0.0690296414175669
3.095703125 0.0691072776076343
3.09765625 0.0691849686681528
3.099609375 0.0692627146143334
3.1015625 0.0693405154613479
3.103515625 0.0694183712243288
3.10546875 0.0694962819183693
3.107421875 0.069574247558523
3.109375 0.0696522681598041
3.111328125 0.0697303437371871
3.11328125 0.0698084743056068
3.115234375 0.0698866598799583
3.1171875 0.0699649004750965
3.119140625 0.0700431961058369
3.12109375 0.0701215467869545
3.123046875 0.0701999525331843
3.125 0.0702784133592213
3.126953125 0.07035692927972
3.12890625 0.0704355003092945
3.130859375 0.0705141264625188
3.1328125 0.070592807753926
3.134765625 0.0706715441980088
3.13671875 0.0707503358092191
3.138671875 0.0708291826019681
3.140625 0.0709080845906262
3.142578125 0.0709870417895226
3.14453125 0.071066054212946
3.146484375 0.0711451218751434
3.1484375 0.071224244790321
3.150390625 0.0713034229726437
3.15234375 0.0713826564362349
3.154296875 0.0714619451951767
3.15625 0.0715412892635097
3.158203125 0.0716206886552329
3.16015625 0.0717001433843036
3.162109375 0.0717796534646372
3.1640625 0.0718592189101076
3.166015625 0.0719388397345464
3.16796875 0.0720185159517435
3.169921875 0.0720982475754466
3.171875 0.0721780346193612
3.173828125 0.0722578770971506
3.17578125 0.0723377750224357
3.177734375 0.0724177284087951
3.1796875 0.0724977372697649
3.181640625 0.0725778016188384
3.18359375 0.0726579214694665
3.185546875 0.0727380968350573
3.1875 0.0728183277289759
3.189453125 0.0728986141645447
3.19140625 0.0729789561550431
3.193359375 0.0730593537137072
3.1953125 0.0731398068537303
3.197265625 0.073220315588262
3.19921875 0.0733008799304091
3.201171875 0.0733814998932345
3.203125 0.073462175489758
3.205078125 0.0735429067329557
3.20703125 0.0736236936357599
3.208984375 0.0737045362110593
3.2109375 0.0737854344716988
3.212890625 0.0738663884304794
3.21484375 0.0739473981001581
3.216796875 0.0740284634934477
3.21875 0.0741095846230171
3.220703125 0.0741907615014908
3.22265625 0.0742719941414489
3.224609375 0.0743532825554274
3.2265625 0.0744346267559176
3.228515625 0.0745160267553661
3.23046875 0.0745974825661753
3.232421875 0.0746789942007024
3.234375 0.07476056167126
3.236328125 0.0748421849901159
3.23828125 0.0749238641694928
3.240234375 0.0750055992215683
3.2421875 0.075087390158475
3.244140625 0.0751692369923
3.24609375 0.0752511397350854
3.248046875 0.0753330983988279
3.25 0.0754151129954783
3.251953125 0.0754971835369424
3.25390625 0.0755793100350801
3.255859375 0.0756614925017054
3.2578125 0.0757437309485868
3.259765625 0.0758260253874467
3.26171875 0.0759083758299617
3.263671875 0.0759907822877621
3.265625 0.0760732447724324
3.267578125 0.0761557632955105
3.26953125 0.0762383378684884
3.271484375 0.0763209685028112
3.2734375 0.076403655209878
3.275390625 0.0764863980010411
3.27734375 0.0765691968876062
3.279296875 0.0766520518808324
3.28125 0.0767349629919317
3.283203125 0.0768179302320696
3.28515625 0.0769009536123643
3.287109375 0.0769840331438872
3.2890625 0.0770671688376623
3.291015625 0.0771503607046665
3.29296875 0.0772336087558296
3.294921875 0.0773169130020336
3.296875 0.0774002734541134
3.298828125 0.0774836901228561
3.30078125 0.0775671630190014
3.302734375 0.077650692153241
3.3046875 0.077734277536219
3.306640625 0.0778179191785316
3.30859375 0.0779016170907269
3.310546875 0.077985371283305
3.3125 0.078069181766718
3.314453125 0.0781530485513696
3.31640625 0.0782369716476154
3.318359375 0.0783209510657623
3.3203125 0.078404986816069
3.322265625 0.0784890789087456
3.32421875 0.0785732273539534
3.326171875 0.0786574321618053
3.328125 0.0787416933423651
3.330078125 0.0788260109056478
3.33203125 0.0789103848616196
3.333984375 0.0789948152201973
3.3359375 0.0790793019912489
3.337890625 0.079163845184593
3.33984375 0.0792484448099991
3.341796875 0.079333100877187
3.34375 0.0794178133958272
3.345703125 0.0795025823755408
3.34765625 0.0795874078258989
3.349609375 0.0796722897564234
3.3515625 0.0797572281765858
3.353515625 0.0798422230958083
3.35546875 0.0799272745234626
3.357421875 0.0800123824688708
3.359375 0.0800975469413045
3.361328125 0.0801827679499855
3.36328125 0.0802680455040848
3.365234375 0.0803533796127235
3.3671875 0.0804387702849719
3.369140625 0.0805242175298499
3.37109375 0.0806097213563267
3.373046875 0.0806952817733208
3.375 0.0807808987897001
3.376953125 0.0808665724142813
3.37890625 0.0809523026558304
3.380859375 0.0810380895230621
3.3828125 0.0811239330246402
3.384765625 0.0812098331691771
3.38671875 0.0812957899652342
3.388671875 0.0813818034213212
3.390625 0.0814678735458965
3.392578125 0.0815540003473669
3.39453125 0.0816401838340877
3.396484375 0.0817264240143623
3.3984375 0.0818127208964424
3.400390625 0.0818990744885278
3.40234375 0.0819854847987664
3.404296875 0.0820719518352541
3.40625 0.0821584756060346
3.408203125 0.0822450561190992
3.41015625 0.0823316933823873
3.412109375 0.0824183874037857
3.4140625 0.0825051381911288
3.416015625 0.0825919457521984
3.41796875 0.0826788100947237
3.419921875 0.0827657312263813
3.421875 0.0828527091547949
3.423828125 0.0829397438875353
3.42578125 0.0830268354321206
3.427734375 0.0831139837960155
3.4296875 0.0832011889866318
3.431640625 0.0832884510113281
3.43359375 0.0833757698774098
3.435546875 0.0834631455921286
3.4375 0.0835505781626832
3.439453125 0.0836380675962184
3.44140625 0.0837256138998256
3.443359375 0.0838132170805424
3.4453125 0.0839008771453527
3.447265625 0.0839885941011865
3.44921875 0.0840763679549199
3.451171875 0.084164198713375
3.453125 0.0842520863833195
3.455078125 0.0843400309714674
3.45703125 0.0844280324844781
3.458984375 0.0845160909289567
3.4609375 0.0846042063114539
3.462890625 0.0846923786384659
3.46484375 0.0847806079164342
3.466796875 0.0848688941517458
3.46875 0.0849572373507328
3.470703125 0.0850456375196725
3.47265625 0.0851340946647871
3.474609375 0.0852226087922442
3.4765625 0.0853111799081558
3.478515625 0.0853998080185792
3.48046875 0.085488493129516
3.482421875 0.0855772352469129
3.484375 0.0856660343766609
3.486328125 0.0857548905245955
3.48828125 0.0858438036964966
3.490234375 0.0859327738980888
3.4921875 0.0860218011350404
3.494140625 0.0861108854129642
3.49609375 0.0862000267374171
3.498046875 0.0862892251138999
3.5 0.0863784805478573
3.501953125 0.0864677930446779
3.50390625 0.0865571626096942
3.505859375 0.0866465892481821
3.5078125 0.0867360729653613
3.509765625 0.0868256137663949
3.51171875 0.0869152116563896
3.513671875 0.0870048666403953
3.515625 0.0870945787234053
3.517578125 0.0871843479103559
3.51953125 0.0872741742061266
3.521484375 0.0873640576155401
3.5234375 0.0874539981433618
3.525390625 0.0875439957943001
3.52734375 0.0876340505730062
3.529296875 0.0877241624840739
3.53125 0.0878143315320398
3.533203125 0.0879045577213827
3.53515625 0.0879948410565243
3.537109375 0.0880851815418284
3.5390625 0.0881755791816012
3.541015625 0.088266033980091
3.54296875 0.0883565459414884
3.544921875 0.088447115069926
3.546875 0.0885377413694783
3.548828125 0.0886284248441617
3.55078125 0.0887191654979346
3.552734375 0.088809963334697
3.5546875 0.0889008183582904
3.556640625 0.0889917305724982
3.55859375 0.089082699981045
3.560546875 0.089173726587597
3.5625 0.0892648103957616
3.564453125 0.0893559514090875
3.56640625 0.0894471496310647
3.568359375 0.0895384050651241
3.5703125 0.0896297177146377
3.572265625 0.0897210875829184
3.57421875 0.0898125146732199
3.576171875 0.0899039989887369
3.578125 0.0899955405326045
3.580078125 0.0900871393078985
3.58203125 0.0901787953176354
3.583984375 0.0902705085647719
3.5859375 0.0903622790522051
3.587890625 0.0904541067827727
3.58984375 0.0905459917592522
3.591796875 0.0906379339843615
3.59375 0.0907299334607585
3.595703125 0.0908219901910409
3.59765625 0.0909141041777464
3.599609375 0.0910062754233528
3.6015625 0.0910985039302771
3.603515625 0.0911907897008763
3.60546875 0.0912831327374469
3.607421875 0.091375533042225
3.609375 0.0914679906173858
3.611328125 0.0915605054650443
3.61328125 0.0916530775872542
3.615234375 0.0917457069860089
3.6171875 0.0918383936632407
3.619140625 0.0919311376208207
3.62109375 0.0920239388605593
3.623046875 0.0921167973842055
3.625 0.0922097131934473
3.626953125 0.0923026862899111
3.62890625 0.0923957166751623
3.630859375 0.0924888043507047
3.6328125 0.0925819493179803
3.634765625 0.0926751515783699
3.63671875 0.0927684111331924
3.638671875 0.0928617279837049
3.640625 0.0929551021311028
3.642578125 0.0930485335765195
3.64453125 0.0931420223210264
3.646484375 0.0932355683656328
3.6484375 0.0933291717112858
3.650390625 0.0934228323588704
3.65234375 0.0935165503092092
3.654296875 0.0936103255630625
3.65625 0.093704158121128
3.658203125 0.0937980479840408
3.66015625 0.0938919951523736
3.662109375 0.0939859996266363
3.6640625 0.0940800614072759
3.666015625 0.0941741804946768
3.66796875 0.0942683568891602
3.669921875 0.0943625905909844
3.671875 0.0944568816003447
3.673828125 0.094551229917373
3.67578125 0.0946456355421382
3.677734375 0.0947400984746458
3.6796875 0.0948346187148379
3.681640625 0.094929196262593
3.68359375 0.0950238311177263
3.685546875 0.0951185232799891
3.6875 0.0952132727490693
3.689453125 0.0953080795245906
3.69140625 0.0954029436061134
3.693359375 0.0954978649931336
3.6953125 0.0955928436850834
3.697265625 0.0956878796813309
3.69921875 0.0957829729811801
3.701171875 0.0958781235838705
3.703125 0.0959733314885774
3.705078125 0.096068596694412
3.70703125 0.0961639192004205
3.708984375 0.096259299005585
3.7109375 0.0963547361088228
3.712890625 0.0964502305089865
3.71484375 0.0965457822048639
3.716796875 0.0966413911951781
3.71875 0.0967370574785872
3.720703125 0.0968327810536843
3.72265625 0.0969285619189972
3.724609375 0.0970244000729891
3.7265625 0.0971202955140574
3.728515625 0.0972162482405345
3.73046875 0.0973122582506874
3.732421875 0.0974083255427177
3.734375 0.0975044501147613
3.736328125 0.0976006319648886
3.73828125 0.0976968710911044
3.740234375 0.0977931674913477
3.7421875 0.0978895211634916
3.744140625 0.0979859321053435
3.74609375 0.0980824003146445
3.748046875 0.0981789257890699
3.75 0.098275508526229
3.751953125 0.0983721485236646
3.75390625 0.0984688457788534
3.755859375 0.0985656002892058
3.7578125 0.0986624120520656
3.759765625 0.0987592810647103
3.76171875 0.0988562073243508
3.763671875 0.0989531908281314
3.765625 0.0990502315731294
3.767578125 0.0991473295563557
3.76953125 0.0992444847747542
3.771484375 0.0993416972252018
3.7734375 0.0994389669045085
3.775390625 0.0995362938094171
3.77734375 0.0996336779366034
3.779296875 0.0997311192826759
3.78125 0.0998286178441758
3.783203125 0.099926173617577
3.78515625 0.100023786599286
3.787109375 0.100121456785641
3.7890625 0.100219184172915
3.791015625 0.10031696875731
3.79296875 0.100414810534962
3.794921875 0.10051270950194
3.796875 0.100610665654244
3.798828125 0.100708678987806
3.80078125 0.10080674949849
3.802734375 0.100904877182093
3.8046875 0.101003062034343
3.806640625 0.101101304050899
3.80859375 0.101199603227354
3.810546875 0.101297959559229
3.8125 0.101396373041981
3.814453125 0.101494843670994
3.81640625 0.101593371441588
3.818359375 0.101691956349009
3.8203125 0.10179059838844
3.822265625 0.10188929755499
3.82421875 0.101988053843704
3.826171875 0.102086867249553
3.828125 0.102185737767444
3.830078125 0.102284665392211
3.83203125 0.10238365011862
3.833984375 0.10248269194137
3.8359375 0.102581790855087
3.837890625 0.10268094685433
3.83984375 0.102780159933588
3.841796875 0.102879430087281
3.84375 0.102978757309759
3.845703125 0.103078141595302
3.84765625 0.10317758293812
3.849609375 0.103277081332354
3.8515625 0.103376636772076
3.853515625 0.103476249251287
3.85546875 0.103575918763917
3.857421875 0.103675645303827
3.859375 0.103775428864809
3.861328125 0.103875269440583
3.86328125 0.1039751670248
3.865234375 0.104075121611039
3.8671875 0.104175133192811
3.869140625 0.104275201763555
3.87109375 0.104375327316638
3.873046875 0.104475509845361
3.875 0.104575749342949
3.876953125 0.10467604580256
3.87890625 0.10477639921728
3.880859375 0.104876809580123
3.8828125 0.104977276884034
3.884765625 0.105077801121885
3.88671875 0.10517838228648
3.888671875 0.105279020370548
3.890625 0.105379715366749
3.892578125 0.105480467267672
3.89453125 0.105581276065834
3.896484375 0.10568214175368
3.8984375 0.105783064323585
3.900390625 0.105884043767851
3.90234375 0.105985080078709
3.904296875 0.106086173248318
3.90625 0.106187323268767
3.908203125 0.10628853013207
3.91015625 0.106389793830173
3.912109375 0.106491114354946
3.9140625 0.10659249169819
3.916015625 0.106693925851633
3.91796875 0.10679541680693
3.919921875 0.106896964555665
3.921875 0.10699856908935
3.923828125 0.107100230399423
3.92578125 0.107201948477251
3.927734375 0.107303723314129
3.9296875 0.107405554901277
3.931640625 0.107507443229846
3.93359375 0.10760938829091
3.935546875 0.107711390075475
3.9375 0.107813448574471
3.939453125 0.107915563778755
3.94140625 0.108017735679114
3.943359375 0.108119964266259
3.9453125 0.10822224953083
3.947265625 0.108324591463392
3.94921875 0.108426990054439
3.951171875 0.10852944529439
3.953125 0.108631957173592
3.955078125 0.108734525682317
3.95703125 0.108837150810766
3.958984375 0.108939832549065
3.9609375 0.109042570887265
3.962890625 0.109145365815347
3.96484375 0.109248217323216
3.966796875 0.109351125400703
3.96875 0.109454090037566
3.970703125 0.109557111223489
3.97265625 0.109660188948083
3.974609375 0.109763323200884
3.9765625 0.109866513971353
3.978515625 0.109969761248879
3.98046875 0.110073065022777
3.982421875 0.110176425282284
3.984375 0.110279842016568
3.986328125 0.110383315214718
3.98828125 0.110486844865753
3.990234375 0.110590430958613
3.9921875 0.110694073482167
3.994140625 0.110797772425208
3.99609375 0.110901527776455
3.998046875 0.11100533952455
4 0.111109207658065
Total steps: 2048
