0 0
0.001953125 1.95503413655381e-05
0.00390625 3.91197912795291e-05
0.005859375 5.87083669191032e-05
0.0078125 7.8316085473782e-05
0.009765625 9.79429641454801e-05
0.01171875 0.000117589020148509
0.013671875 0.000137254270709577
0.015625 0.000156938733067796
0.017578125 0.00017664242447468
0.01953125 0.000196365362194148
0.021484375 0.00021610756350253
0.0234375 0.000235869045688566
0.025390625 0.000255649826053407
0.02734375 0.000275449921910622
0.029296875 0.000295269350586199
0.03125 0.000315108129418544
0.033203125 0.000334966275758488
0.03515625 0.000354843806969285
0.037109375 0.000374740740426618
0.0390625 0.0003946570935186
0.041015625 0.000414592883645775
0.04296875 0.000434548128221122
0.044921875 0.000454522844670057
0.046875 0.000474517050430435
0.048828125 0.00049453076295255
0.05078125 0.000514563999699141
0.052734375 0.000534616778145394
0.0546875 0.00055468911577894
0.056640625 0.000574781030099861
0.05859375 0.000594892538620691
0.060546875 0.000615023658866419
0.0625 0.000635174408374488
0.064453125 0.000655344804694802
0.06640625 0.000675534865389724
0.068359375 0.000695744608034079
0.0703125 0.000715974050215158
0.072265625 0.000736223209532718
0.07421875 0.000756492103598984
0.076171875 0.000776780750038652
0.078125 0.000797089166488891
0.080078125 0.000817417370599345
0.08203125 0.000837765380032133
0.083984375 0.000858133212461854
0.0859375 0.000878520885575587
0.087890625 0.000898928417072891
0.08984375 0.000919355824665813
0.091796875 0.000939803126078884
0.09375 0.000960270339049122
0.095703125 0.000980757481326037
0.09765625 0.00100126457067163
0.099609375 0.00102179162486039
0.1015625 0.00104233866167931
0.103515625 0.00106290569892788
0.10546875 0.00108349275441807
0.107421875 0.00110409984597438
0.109375 0.00112472699143379
0.111328125 0.00114537420864579
0.11328125 0.00116604151547237
0.115234375 0.00118672892978805
0.1171875 0.00120743646947982
0.119140625 0.00122816415244722
0.12109375 0.00124891199660228
0.123046875 0.00126968001986954
0.125 0.00129046824018607
0.126953125 0.00131127667550145
0.12890625 0.00133210534377777
0.130859375 0.00135295426298966
0.1328125 0.00137382345112424
0.134765625 0.00139471292618119
0.13671875 0.00141562270617269
0.138671875 0.00143655280912345
0.140625 0.00145750325307071
0.142578125 0.00147847405606423
0.14453125 0.00149946523616631
0.146484375 0.00152047681145179
0.1484375 0.00154150880000802
0.150390625 0.00156256121993489
0.15234375 0.00158363408934484
0.154296875 0.00160472742636283
0.15625 0.00162584124912637
0.158203125 0.0016469755757855
0.16015625 0.00166813042450281
0.162109375 0.00168930581345341
0.1640625 0.00171050176082499
0.166015625 0.00173171828481775
0.16796875 0.00175295540364444
0.169921875 0.00177421313553039
0.171875 0.00179549149871342
0.173828125 0.00181679051144395
0.17578125 0.00183811019198493
0.177734375 0.00185945055861185
0.1796875 0.00188081162961278
0.181640625 0.0019021934232883
0.18359375 0.00192359595795159
0.185546875 0.00194501925192836
0.1875 0.00196646332355687
0.189453125 0.00198792819118796
0.19140625 0.002009413873185
0.193359375 0.00203092038792395
0.1953125 0.00205244775379331
0.197265625 0.00207399598919413
0.19921875 0.00209556511254005
0.201171875 0.00211715514225725
0.203125 0.00213876609678448
0.205078125 0.00216039799457306
0.20703125 0.00218205085408686
0.208984375 0.00220372469380233
0.2109375 0.00222541953220847
0.212890625 0.00224713538780688
0.21484375 0.00226887227911169
0.216796875 0.00229063022464961
0.21875 0.00231240924295993
0.220703125 0.00233420935259449
0.22265625 0.00235603057211773
0.224609375 0.00237787292010663
0.2265625 0.00239973641515076
0.228515625 0.00242162107585226
0.23046875 0.00244352692082583
0.232421875 0.00246545396869875
0.234375 0.00248740223811089
0.236328125 0.00250937174771467
0.23828125 0.00253136251617509
0.240234375 0.00255337456216974
0.2421875 0.00257540790438878
0.244140625 0.00259746256153492
0.24609375 0.00261953855232349
0.248046875 0.00264163589548235
0.25 0.00266375460975198
0.251953125 0.00268589471388542
0.25390625 0.00270805622664827
0.255859375 0.00273023916681873
0.2578125 0.00275244355318757
0.259765625 0.00277466940455815
0.26171875 0.00279691673974638
0.263671875 0.00281918557758079
0.265625 0.00284147593690245
0.267578125 0.00286378783656503
0.26953125 0.00288612129543478
0.271484375 0.00290847633239051
0.2734375 0.00293085296632364
0.275390625 0.00295325121613815
0.27734375 0.00297567110075059
0.279296875 0.00299811263909012
0.28125 0.00302057585009845
0.283203125 0.00304306075272988
0.28515625 0.0030655673659513
0.287109375 0.00308809570874217
0.2890625 0.00311064580009453
0.291015625 0.00313321765901299
0.29296875 0.00315581130451476
0.294921875 0.00317842675562962
0.296875 0.00320106403139992
0.298828125 0.00322372315088059
0.30078125 0.00324640413313915
0.302734375 0.0032691069972557
0.3046875 0.0032918317623229
0.306640625 0.003314578447446
0.30859375 0.00333734707174282
0.310546875 0.00336013765434378
0.3125 0.00338295021439185
0.314453125 0.00340578477104258
0.31640625 0.00342864134346411
0.318359375 0.00345151995083714
0.3203125 0.00347442061235497
0.322265625 0.00349734334722343
0.32421875 0.00352028817466098
0.326171875 0.0035432551138986
0.328125 0.00356624418417989
0.330078125 0.00358925540476099
0.33203125 0.00361228879491062
0.333984375 0.00363534437391009
0.3359375 0.00365842216105325
0.337890625 0.00368152217564655
0.33984375 0.00370464443700898
0.341796875 0.00372778896447213
0.34375 0.00375095577738014
0.345703125 0.00377414489508971
0.34765625 0.00379735633697013
0.349609375 0.00382059012240323
0.3515625 0.00384384627078343
0.353515625 0.0038671248015177
0.35546875 0.00389042573402557
0.357421875 0.00391374908773915
0.359375 0.00393709488210308
0.361328125 0.0039604631365746
0.36328125 0.00398385387062349
0.365234375 0.00400726710373208
0.3671875 0.00403070285539528
0.369140625 0.00405416114512053
0.37109375 0.00407764199242785
0.373046875 0.0041011454168498
0.375 0.00412467143793151
0.376953125 0.00414822007523064
0.37890625 0.00417179134831741
0.380859375 0.0041953852767746
0.3828125 0.00421900188019754
0.384765625 0.00424264117819408
0.38671875 0.00426630319038466
0.388671875 0.00428998793640223
0.390625 0.00431369543589229
0.392578125 0.0043374257085129
0.39453125 0.00436117877393465
0.396484375 0.00438495465184067
0.3984375 0.00440875336192662
0.400390625 0.00443257492390072
0.40234375 0.00445641935748371
0.404296875 0.00448028668240886
0.40625 0.00450417691842199
0.408203125 0.00452809008528143
0.41015625 0.00455202620275807
0.412109375 0.00457598529063529
0.4140625 0.00459996736870903
0.416015625 0.00462397245678774
0.41796875 0.0046480005746924
0.419921875 0.00467205174225649
0.421875 0.00469612597932605
0.423828125 0.00472022330575961
0.42578125 0.00474434374142822
0.427734375 0.00476848730621545
0.4296875 0.00479265402001738
0.431640625 0.00481684390274261
0.43359375 0.00484105697431224
0.435546875 0.00486529325465988
0.4375 0.00488955276373165
0.439453125 0.00491383552148616
0.44140625 0.00493814154789455
0.443359375 0.00496247086294043
0.4453125 0.00498682348661992
0.447265625 0.00501119943894165
0.44921875 0.00503559873992673
0.451171875 0.00506002140960875
0.453125 0.00508446746803381
0.455078125 0.0051089369352605
0.45703125 0.00513342983135988
0.458984375 0.0051579461764155
0.4609375 0.00518248599052339
0.462890625 0.00520704929379207
0.46484375 0.00523163610634252
0.466796875 0.0052562464483082
0.46875 0.00528088033983505
0.470703125 0.00530553780108147
0.47265625 0.00533021885221833
0.474609375 0.00535492351342898
0.4765625 0.0053796518049092
0.478515625 0.00540440374686727
0.48046875 0.0054291793595239
0.482421875 0.00545397866311226
0.484375 0.00547880167787798
0.486328125 0.00550364842407913
0.48828125 0.00552851892198625
0.490234375 0.00555341319188229
0.4921875 0.00557833125406268
0.494140625 0.00560327312883525
0.49609375 0.00562823883652031
0.498046875 0.00565322839745058
0.5 0.00567824183197121
0.501953125 0.00570327916043978
0.50390625 0.0057283404032263
0.505859375 0.00575342558071321
0.5078125 0.00577853471329537
0.509765625 0.00580366782138004
0.51171875 0.0058288249253869
0.513671875 0.00585400604574807
0.515625 0.00587921120290804
0.517578125 0.00590444041732373
0.51953125 0.00592969370946445
0.521484375 0.00595497109981192
0.5234375 0.00598027260886025
0.525390625 0.00600559825711594
0.52734375 0.0060309480650979
0.529296875 0.0060563220533374
0.53125 0.00608172024237811
0.533203125 0.00610714265277608
0.53515625 0.00613258930509974
0.537109375 0.00615806021992988
0.5390625 0.00618355541785968
0.541015625 0.00620907491949468
0.54296875 0.00623461874545277
0.544921875 0.00626018691636423
0.546875 0.00628577945287167
0.548828125 0.00631139637563007
0.55078125 0.00633703770530676
0.552734375 0.00636270346258141
0.5546875 0.00638839366814603
0.556640625 0.006414108342705
0.55859375 0.00643984750697499
0.560546875 0.00646561118168503
0.5625 0.00649139938757649
0.564453125 0.00651721214540304
0.56640625 0.00654304947593068
0.568359375 0.00656891139993774
0.5703125 0.00659479793821485
0.572265625 0.00662070911156495
0.57421875 0.0066466449408033
0.576171875 0.00667260544675746
0.578125 0.00669859065026727
0.580078125 0.00672460057218488
0.58203125 0.00675063523337474
0.583984375 0.00677669465471357
0.5859375 0.00680277885709038
0.587890625 0.00682888786140646
0.58984375 0.00685502168857537
0.591796875 0.00688118035952295
0.59375 0.0069073638951873
0.595703125 0.00693357231651877
0.59765625 0.00695980564448
0.599609375 0.00698606390004585
0.6015625 0.00701234710420346
0.603515625 0.00703865527795219
0.60546875 0.00706498844230366
0.607421875 0.00709134661828171
0.609375 0.00711772982692242
0.611328125 0.00714413808927411
0.61328125 0.00717057142639731
0.615234375 0.00719702985936477
0.6171875 0.00722351340926145
0.619140625 0.00725002209718454
0.62109375 0.00727655594424341
0.623046875 0.00730311497155965
0.625 0.00732969920026704
0.626953125 0.00735630865151155
0.62890625 0.00738294334645134
0.630859375 0.00740960330625675
0.6328125 0.00743628855211029
0.634765625 0.00746299910520665
0.63671875 0.00748973498675271
0.638671875 0.00751649621796746
0.640625 0.0075432828200821
0.642578125 0.00757009481433996
0.64453125 0.00759693222199652
0.646484375 0.0076237950643194
0.6484375 0.00765068336258837
0.650390625 0.00767759713809531
0.65234375 0.00770453641214426
0.654296875 0.00773150120605136
0.65625 0.00775849154114488
0.658203125 0.00778550743876519
0.66015625 0.00781254892026477
0.662109375 0.00783961600700823
0.6640625 0.00786670872037223
0.666015625 0.00789382708174555
0.66796875 0.00792097111252906
0.669921875 0.0079481408341357
0.671875 0.00797533626799049
0.673828125 0.00800255743553052
0.67578125 0.00802980435820494
0.677734375 0.00805707705747496
0.6796875 0.00808437555481385
0.681640625 0.00811169987170692
0.68359375 0.00813905002965153
0.685546875 0.00816642605015708
0.6875 0.00819382795474499
0.689453125 0.0082212557649487
0.69140625 0.0082487095023137
0.693359375 0.00827618918839745
0.6953125 0.00830369484476946
0.697265625 0.00833122649301122
0.69921875 0.00835878415471621
0.701171875 0.00838636785148993
0.703125 0.00841397760494983
0.705078125 0.00844161343672535
0.70703125 0.00846927536845793
0.708984375 0.00849696342180093
0.7109375 0.00852467761841971
0.712890625 0.00855241797999156
0.71484375 0.00858018452820572
0.716796875 0.00860797728476339
0.71875 0.00863579627137769
0.720703125 0.00866364150977367
0.72265625 0.00869151302168832
0.724609375 0.00871941082887051
0.7265625 0.00874733495308107
0.728515625 0.00877528541609269
0.73046875 0.00880326223968998
0.732421875 0.00883126544566945
0.734375 0.00885929505583946
0.736328125 0.0088873510920203
0.73828125 0.00891543357604408
0.740234375 0.0089435425297548
0.7421875 0.00897167797500833
0.744140625 0.00899983993367236
0.74609375 0.00902802842762646
0.748046875 0.009056243478762
0.75 0.00908448510898223
0.751953125 0.00911275334020218
0.75390625 0.00914104819434872
0.755859375 0.00916936969336052
0.7578125 0.00919771785918808
0.759765625 0.00922609271379366
0.76171875 0.00925449427915133
0.763671875 0.00928292257724695
0.765625 0.00931137763007815
0.767578125 0.00933985945965431
0.76953125 0.00936836808799661
0.771484375 0.00939690353713794
0.7734375 0.00942546582912298
0.775390625 0.00945405498600812
0.77734375 0.0094826710298615
0.779296875 0.00951131398276298
0.78125 0.00953998386680413
0.783203125 0.00956868070408824
0.78515625 0.00959740451673031
0.787109375 0.00962615532685702
0.7890625 0.00965493315660675
0.791015625 0.00968373802812956
0.79296875 0.00971256996358718
0.794921875 0.009741428985153
0.796875 0.00977031511501208
0.798828125 0.00979922837536112
0.80078125 0.00982816878840848
0.802734375 0.00985713637637413
0.8046875 0.00988613116148968
0.806640625 0.00991515316599837
0.80859375 0.00994420241215503
0.810546875 0.00997327892222611
0.8125 0.0100023827184896
0.814453125 0.0100315138232353
0.81640625 0.0100606722587642
0.818359375 0.0100898580473892
0.8203125 0.0101190712114345
0.822265625 0.0101483117732362
0.82421875 0.0101775797551417
0.826171875 0.0102068751795099
0.828125 0.0102361980687113
0.830078125 0.010265548445128
0.83203125 0.0102949263311535
0.833984375 0.010324331749193
0.8359375 0.0103537647216628
0.837890625 0.0103832252709912
0.83984375 0.0104127134196175
0.841796875 0.0104422291899928
0.84375 0.0104717726045796
0.845703125 0.0105013436858517
0.84765625 0.0105309424562946
0.849609375 0.0105605689384049
0.8515625 0.010590223154691
0.853515625 0.0106199051276725
0.85546875 0.0106496148798803
0.857421875 0.0106793524338571
0.859375 0.0107091178121565
0.861328125 0.010738911037344
0.86328125 0.010768732131996
0.865234375 0.0107985811187005
0.8671875 0.0108284580200569
0.869140625 0.0108583628586758
0.87109375 0.0108882956571793
0.873046875 0.0109182564382007
0.875 0.0109482452243847
0.876953125 0.0109782620383873
0.87890625 0.0110083069028757
0.880859375 0.0110383798405285
0.8828125 0.0110684808740356
0.884765625 0.0110986100260982
0.88671875 0.0111287673194285
0.888671875 0.0111589527767503
0.890625 0.0111891664207985
0.892578125 0.0112194082743191
0.89453125 0.0112496783600696
0.896484375 0.0112799767008186
0.8984375 0.0113103033193458
0.900390625 0.0113406582384422
0.90234375 0.01137104148091
0.904296875 0.0114014530695625
0.90625 0.0114318930272243
0.908203125 0.011462361376731
0.91015625 0.0114928581409294
0.912109375 0.0115233833426776
0.9140625 0.0115539370048445
0.916015625 0.0115845191503105
0.91796875 0.0116151298019668
0.919921875 0.0116457689827158
0.921875 0.0116764367154711
0.923828125 0.0117071330231572
0.92578125 0.0117378579287098
0.927734375 0.0117686114550756
0.9296875 0.0117993936252123
0.931640625 0.0118302044620887
0.93359375 0.0118610439886847
0.935546875 0.0118919122279911
0.9375 0.0119228092030096
0.939453125 0.0119537349367532
0.94140625 0.0119846894522457
0.943359375 0.0120156727725217
0.9453125 0.0120466849206272
0.947265625 0.0120777259196188
0.94921875 0.012108795792564
0.951171875 0.0121398945625416
0.953125 0.012171022252641
0.955078125 0.0122021788859625
0.95703125 0.0122333644856176
0.958984375 0.0122645790747283
0.9609375 0.0122958226764278
0.962890625 0.0123270953138599
0.96484375 0.0123583970101795
0.966796875 0.0123897277885521
0.96875 0.0124210876721543
0.970703125 0.0124524766841732
0.97265625 0.012483894847807
0.974609375 0.0125153421862645
0.9765625 0.0125468187227654
0.978515625 0.0125783244805402
0.98046875 0.01260985948283
0.982421875 0.0126414237528868
0.984375 0.0126730173139732
0.986328125 0.0127046401893628
0.98828125 0.0127362924023396
0.990234375 0.0127679739761985
0.9921875 0.0127996849342449
0.994140625 0.0128314252997953
0.99609375 0.0128631950961763
0.998046875 0.0128949943467256
1 0.0129268230747913
1.001953125 0.0129586813037323
1.00390625 0.0129905690569181
1.005859375 0.0130224863577286
1.0078125 0.0130544332295545
1.009765625 0.0130864096957971
1.01171875 0.0131184157798681
1.013671875 0.0131504515051901
1.015625 0.0131825168951958
1.017578125 0.0132146119733287
1.01953125 0.0132467367630429
1.021484375 0.0132788912878028
1.0234375 0.0133110755710834
1.025390625 0.0133432896363702
1.02734375 0.0133755335071592
1.029296875 0.0134078072069567
1.03125 0.0134401107592797
1.033203125 0.0134724441876555
1.03515625 0.0135048075156217
1.037109375 0.0135372007667266
1.0390625 0.0135696239645287
1.041015625 0.0136020771325969
1.04296875 0.0136345602945104
1.044921875 0.0136670734738591
1.046875 0.0136996166942428
1.048828125 0.0137321899792719
1.05078125 0.0137647933525671
1.052734375 0.0137974268377593
1.0546875 0.0138300904584899
1.056640625 0.0138627842384103
1.05859375 0.0138955082011823
1.060546875 0.0139282623704781
1.0625 0.0139610467699799
1.064453125 0.0139938614233803
1.06640625 0.014026706354382
1.068359375 0.014059581586698
1.0703125 0.0140924871440514
1.072265625 0.0141254230501756
1.07421875 0.0141583893288139
1.076171875 0.0141913860037201
1.078125 0.0142244130986578
1.080078125 0.014257470637401
1.08203125 0.0142905586437337
1.083984375 0.0143236771414498
1.0859375 0.0143568261543536
1.087890625 0.0143900057062592
1.08984375 0.0144232158209909
1.091796875 0.014456456522383
1.09375 0.0144897278342798
1.095703125 0.0145230297805357
1.09765625 0.0145563623850149
1.099609375 0.0145897256715918
1.1015625 0.0146231196641505
1.103515625 0.0146565443865854
1.10546875 0.0146899998628005
1.107421875 0.0147234861167099
1.109375 0.0147570031722376
1.111328125 0.0147905510533175
1.11328125 0.0148241297838932
1.115234375 0.0148577393879185
1.1171875 0.0148913798893566
1.119140625 0.014925051312181
1.12109375 0.0149587536803747
1.123046875 0.0149924870179306
1.125 0.0150262513488515
1.126953125 0.0150600466971497
1.12890625 0.0150938730868475
1.130859375 0.015127730541977
1.1328125 0.0151616190865796
1.134765625 0.015195538744707
1.13671875 0.0152294895404202
1.138671875 0.01526347149779
1.140625 0.0152974846408968
1.142578125 0.0153315289938309
1.14453125 0.0153656045806918
1.146484375 0.015399711425589
1.1484375 0.0154338495526415
1.150390625 0.0154680189859778
1.15234375 0.0155022197497361
1.154296875 0.0155364518680641
1.15625 0.015570715365119
1.158203125 0.0156050102650676
1.16015625 0.0156393365920863
1.162109375 0.0156736943703606
1.1640625 0.0157080836240861
1.166015625 0.0157425043774672
1.16796875 0.0157769566547184
1.169921875 0.015811440480063
1.171875 0.0158459558777343
1.173828125 0.0158805028719745
1.17578125 0.0159150814870356
1.177734375 0.0159496917471786
1.1796875 0.0159843336766741
1.181640625 0.016019007299802
1.18359375 0.0160537126408515
1.185546875 0.016088449724121
1.1875 0.0161232185739183
1.189453125 0.0161580192145604
1.19140625 0.0161928516703737
1.193359375 0.0162277159656936
1.1953125 0.0162626121248649
1.197265625 0.0162975401722416
1.19921875 0.0163325001321868
1.201171875 0.0163674920290727
1.203125 0.0164025158872809
1.205078125 0.0164375717312019
1.20703125 0.0164726595852355
1.208984375 0.0165077794737904
1.2109375 0.0165429314212845
1.212890625 0.0165781154521448
1.21484375 0.0166133315908074
1.216796875 0.0166485798617171
1.21875 0.0166838602893281
1.220703125 0.0167191728981035
1.22265625 0.0167545177125152
1.224609375 0.0167898947570443
1.2265625 0.0168253040561807
1.228515625 0.0168607456344232
1.23046875 0.0168962195162796
1.232421875 0.0169317257262666
1.234375 0.0169672642889098
1.236328125 0.0170028352287435
1.23828125 0.0170384385703109
1.240234375 0.0170740743381641
1.2421875 0.0171097425568639
1.244140625 0.0171454432509801
1.24609375 0.017181176445091
1.248046875 0.0172169421637837
1.25 0.0172527404316541
1.251953125 0.0172885712733069
1.25390625 0.0173244347133552
1.255859375 0.0173603307764212
1.2578125 0.0173962594871353
1.259765625 0.0174322208701369
1.26171875 0.0174682149500738
1.263671875 0.0175042417516025
1.265625 0.0175403012993881
1.267578125 0.0175763936181041
1.26953125 0.0176125187324328
1.271484375 0.0176486766670648
1.2734375 0.0176848674466994
1.275390625 0.0177210910960442
1.27734375 0.0177573476398154
1.279296875 0.0177936371027377
1.28125 0.0178299595095439
1.283203125 0.0178663148849756
1.28515625 0.0179027032537827
1.287109375 0.0179391246407234
1.2890625 0.0179755790705641
1.291015625 0.01801206656808
1.29296875 0.018048587158054
1.294921875 0.0180851408652779
1.296875 0.0181217277145513
1.298828125 0.0181583477306824
1.30078125 0.0181950009384875
1.302734375 0.0182316873627909
1.3046875 0.0182684070284255
1.306640625 0.0183051599602322
1.30859375 0.0183419461830599
1.310546875 0.0183787657217659
1.3125 0.0184156186012155
1.314453125 0.0184525048462821
1.31640625 0.0184894244818471
1.318359375 0.0185263775328001
1.3203125 0.0185633640240387
1.322265625 0.0186003839804684
1.32421875 0.0186374374270029
1.326171875 0.0186745243885637
1.328125 0.0187116448900804
1.330078125 0.0187487989564904
1.33203125 0.0187859866127391
1.333984375 0.0188232078837798
1.3359375 0.0188604627945736
1.337890625 0.0188977513700896
1.33984375 0.0189350736353045
1.341796875 0.018972429615203
1.34375 0.0190098193347776
1.345703125 0.0190472428190285
1.34765625 0.0190847000929636
1.349609375 0.0191221911815987
1.3515625 0.0191597161099571
1.353515625 0.0191972749030699
1.35546875 0.0192348675859758
1.357421875 0.0192724941837213
1.359375 0.0193101547213604
1.361328125 0.0193478492239547
1.36328125 0.0193855777165734
1.365234375 0.0194233402242933
1.3671875 0.0194611367721986
1.369140625 0.0194989673853811
1.37109375 0.0195368320889402
1.373046875 0.0195747309079827
1.375 0.0196126638676227
1.376953125 0.0196506309929819
1.37890625 0.0196886323091894
1.380859375 0.0197266678413816
1.3828125 0.0197647376147023
1.384765625 0.0198028416543027
1.38671875 0.0198409799853412
1.388671875 0.0198791526329836
1.390625 0.0199173596224029
1.392578125 0.0199556009787794
1.39453125 0.0199938767273006
1.396484375 0.0200321868931612
1.3984375 0.0200705315015632
1.400390625 0.0201089105777156
1.40234375 0.0201473241468346
1.404296875 0.0201857722341435
1.40625 0.0202242548648727
1.408203125 0.0202627720642597
1.41015625 0.0203013238575491
1.412109375 0.0203399102699924
1.4140625 0.0203785313268481
1.416015625 0.0204171870533818
1.41796875 0.0204558774748659
1.419921875 0.02049460261658
1.421875 0.0205333625038103
1.423828125 0.0205721571618501
1.42578125 0.0206109866159993
1.427734375 0.020649850891565
1.4296875 0.0206887500138609
1.431640625 0.0207276840082075
1.43359375 0.0207666528999321
1.435546875 0.0208056567143687
1.4375 0.0208446954768581
1.439453125 0.0208837692127478
1.44140625 0.0209228779473918
1.443359375 0.0209620217061511
1.4453125 0.0210012005143929
1.447265625 0.0210404143974913
1.44921875 0.0210796633808268
1.451171875 0.0211189474897867
1.453125 0.0211582667497645
1.455078125 0.0211976211861605
1.45703125 0.0212370108243814
1.458984375 0.0212764356898401
1.4609375 0.0213158958079563
1.462890625 0.0213553912041559
1.46484375 0.0213949219038713
1.466796875 0.021434487932541
1.46875 0.0214740893156103
1.470703125 0.0215137260785303
1.47265625 0.0215533982467588
1.474609375 0.0215931058457596
1.4765625 0.0216328489010027
1.478515625 0.0216726274379646
1.48046875 0.0217124414821277
1.482421875 0.0217522910589807
1.484375 0.0217921761940183
1.486328125 0.0218320969127416
1.48828125 0.0218720532406574
1.490234375 0.0219120452032788
1.4921875 0.021952072826125
1.494140625 0.0219921361347209
1.49609375 0.0220322351545977
1.498046875 0.0220723699112923
1.5 0.0221125404303478
1.501953125 0.0221527467373129
1.50390625 0.0221929888577424
1.505859375 0.022233266817197
1.5078125 0.0222735806412429
1.509765625 0.0223139303554525
1.51171875 0.0223543159854036
1.513671875 0.0223947375566802
1.515625 0.0224351950948715
1.517578125 0.0224756886255727
1.51953125 0.0225162181743848
1.521484375 0.0225567837669141
1.5234375 0.0225973854287727
1.525390625 0.0226380231855783
1.52734375 0.0226786970629541
1.529296875 0.022719407086529
1.53125 0.0227601532819371
1.533203125 0.0228009356748184
1.53515625 0.0228417542908178
1.537109375 0.0228826091555863
1.5390625 0.0229235002947797
1.541015625 0.0229644277340595
1.54296875 0.0230053914990925
1.544921875 0.0230463916155508
1.546875 0.0230874281091119
1.548828125 0.0231285010054582
1.55078125 0.0231696103302779
1.552734375 0.0232107561092639
1.5546875 0.0232519383681145
1.556640625 0.0232931571325333
1.55859375 0.0233344124282288
1.560546875 0.0233757042809147
1.5625 0.0234170327163098
1.564453125 0.0234583977601378
1.56640625 0.0234997994381275
1.568359375 0.0235412377760129
1.5703125 0.0235827127995326
1.572265625 0.0236242245344304
1.57421875 0.0236657730064549
1.576171875 0.0237073582413596
1.578125 0.0237489802649028
1.580078125 0.0237906391028477
1.58203125 0.0238323347809623
1.583984375 0.0238740673250193
1.5859375 0.023915836760796
1.587890625 0.0239576431140748
1.58984375 0.0239994864106424
1.591796875 0.0240413666762904
1.59375 0.0240832839368148
1.595703125 0.0241252382180163
1.59765625 0.0241672295457003
1.599609375 0.0242092579456764
1.6015625 0.0242513234437592
1.603515625 0.0242934260657672
1.60546875 0.0243355658375237
1.607421875 0.0243777427848565
1.609375 0.0244199569335975
1.611328125 0.0244622083095831
1.61328125 0.024504496938654
1.615234375 0.0245468228466554
1.6171875 0.0245891860594363
1.619140625 0.0246315866028505
1.62109375 0.0246740245027556
1.623046875 0.0247164997850135
1.625 0.0247590124754904
1.626953125 0.0248015626000565
1.62890625 0.0248441501845859
1.630859375 0.0248867752549571
1.6328125 0.0249294378370525
1.634765625 0.0249721379567584
1.63671875 0.0250148756399651
1.638671875 0.025057650912567
1.640625 0.0251004638004623
1.642578125 0.025143314329553
1.64453125 0.0251862025257451
1.646484375 0.0252291284149483
1.6484375 0.0252720920230761
1.650390625 0.0253150933760459
1.65234375 0.0253581324997785
1.654296875 0.0254012094201989
1.65625 0.0254443241632352
1.658203125 0.0254874767548196
1.66015625 0.0255306672208876
1.662109375 0.0255738955873783
1.6640625 0.0256171618802346
1.666015625 0.0256604661254026
1.66796875 0.025703808348832
1.669921875 0.025747188576476
1.671875 0.0257906068342912
1.673828125 0.0258340631482373
1.67578125 0.0258775575442779
1.677734375 0.0259210900483793
1.6796875 0.0259646606865117
1.681640625 0.026008269484648
1.68359375 0.0260519164687647
1.685546875 0.0260956016648413
1.6875 0.0261393250988605
1.689453125 0.0261830867968082
1.69140625 0.0262268867846734
1.693359375 0.0262707250884479
1.6953125 0.026314601734127
1.697265625 0.0263585167477085
1.69921875 0.0264024701551935
1.701171875 0.0264464619825859
1.703125 0.0264904922558925
1.705078125 0.0265345610011231
1.70703125 0.0265786682442901
1.708984375 0.0266228140114088
1.7109375 0.0266669983284975
1.712890625 0.0267112212215768
1.71484375 0.0267554827166704
1.716796875 0.0267997828398044
1.71875 0.0268441216170077
1.720703125 0.0268884990743118
1.72265625 0.0269329152377505
1.724609375 0.0269773701333605
1.7265625 0.0270218637871809
1.728515625 0.0270663962252531
1.73046875 0.027110967473621
1.732421875 0.0271555775583312
1.734375 0.0272002265054322
1.736328125 0.0272449143409751
1.73828125 0.0272896410910133
1.740234375 0.0273344067816024
1.7421875 0.0273792114388003
1.744140625 0.027424055088667
1.74609375 0.0274689377572647
1.748046875 0.0275138594706578
1.75 0.0275588202549128
1.751953125 0.027603820136098
1.75390625 0.0276488591402841
1.755859375 0.0276939372935436
1.7578125 0.0277390546219509
1.759765625 0.0277842111515825
1.76171875 0.0278294069085166
1.763671875 0.0278746419188334
1.765625 0.0279199162086148
1.767578125 0.0279652298039446
1.76953125 0.0280105827309083
1.771484375 0.028055975015593
1.7734375 0.0281014066840877
1.775390625 0.0281468777624829
1.77734375 0.0281923882768707
1.779296875 0.0282379382533447
1.78125 0.0282835277180003
1.783203125 0.0283291566969342
1.78515625 0.0283748252162446
1.787109375 0.0284205333020311
1.7890625 0.0284662809803947
1.791015625 0.0285120682774379
1.79296875 0.0285578952192642
1.794921875 0.0286037618319788
1.796875 0.0286496681416879
1.798828125 0.0286956141744988
1.80078125 0.0287415999565203
1.802734375 0.0287876255138622
1.8046875 0.0288336908726352
1.806640625 0.0288797960589513
1.80859375 0.0289259410989236
1.810546875 0.0289721260186659
1.8125 0.0290183508442933
1.814453125 0.0290646156019215
1.81640625 0.0291109203176674
1.818359375 0.0291572650176484
1.8203125 0.0292036497279831
1.822265625 0.0292500744747905
1.82421875 0.0292965392841905
1.826171875 0.0293430441823039
1.828125 0.0293895891952518
1.830078125 0.0294361743491561
1.83203125 0.0294827996701394
1.833984375 0.0295294651843246
1.8359375 0.0295761709178353
1.837890625 0.0296229168967956
1.83984375 0.0296697031473299
1.841796875 0.0297165296955631
1.84375 0.0297633965676203
1.845703125 0.0298103037896272
1.84765625 0.0298572513877095
1.849609375 0.0299042393879934
1.8515625 0.0299512678166051
1.853515625 0.0299983366996711
1.85546875 0.030045446063318
1.857421875 0.0300925959336726
1.859375 0.0301397863368614
1.861328125 0.0301870172990114
1.86328125 0.0302342888462493
1.865234375 0.0302816010047017
1.8671875 0.0303289538004953
1.869140625 0.0303763472597565
1.87109375 0.0304237814086115
1.873046875 0.0304712562731866
1.875 0.0305187718796073
1.876953125 0.0305663282539994
1.87890625 0.030613925422488
1.880859375 0.0306615634111979
1.8828125 0.0307092422462534
1.884765625 0.0307569619537787
1.88671875 0.0308047225598971
1.888671875 0.0308525240907315
1.890625 0.0309003665724045
1.892578125 0.0309482500310377
1.89453125 0.0309961744927522
1.896484375 0.0310441399836685
1.8984375 0.0310921465299063
1.900390625 0.0311401941575846
1.90234375 0.0311882828928214
1.904296875 0.031236412761734
1.90625 0.0312845837904389
1.908203125 0.0313327960050516
1.91015625 0.0313810494316864
1.912109375 0.0314293440964569
1.9140625 0.0314776800254756
1.916015625 0.0315260572448538
1.91796875 0.0315744757807017
1.919921875 0.0316229356591285
1.921875 0.0316714369062418
1.923828125 0.0317199795481483
1.92578125 0.0317685636109533
1.927734375 0.0318171891207608
1.9296875 0.0318658561036733
1.931640625 0.0319145645857921
1.93359375 0.0319633145932167
1.935546875 0.0320121061520455
1.9375 0.032060939288375
1.939453125 0.0321098140283004
1.94140625 0.0321587303979151
1.943359375 0.0322076884233109
1.9453125 0.0322566881305779
1.947265625 0.0323057295458045
1.94921875 0.0323548126950771
1.951171875 0.0324039376044804
1.953125 0.0324531043000974
1.955078125 0.0325023128080089
1.95703125 0.0325515631542939
1.958984375 0.0326008553650294
1.9609375 0.0326501894662901
1.962890625 0.0326995654841491
1.96484375 0.0327489834446769
1.966796875 0.032798443373942
1.96875 0.0328479452980109
1.970703125 0.0328974892429474
1.97265625 0.0329470752348135
1.974609375 0.0329967032996684
1.9765625 0.0330463734635692
1.978515625 0.0330960857525706
1.98046875 0.0331458401927245
1.982421875 0.0331956368100806
1.984375 0.033245475630686
1.986328125 0.0332953566805851
1.98828125 0.0333452799858196
1.990234375 0.0333952455724288
1.9921875 0.0334452534664489
1.994140625 0.0334953036939136
1.99609375 0.0335453962808536
1.998046875 0.0335955312532969
2 0.0336457086372684
2.001953125 0.0336959284587903
2.00390625 0.0337461907438816
2.005859375 0.0337964955185582
2.0078125 0.0338468428088332
2.009765625 0.0338972326407163
2.01171875 0.0339476650402142
2.013671875 0.0339981400333302
2.015625 0.0340486576460646
2.017578125 0.0340992179044142
2.01953125 0.0341498208343725
2.021484375 0.0342004664619296
2.0234375 0.0342511548130722
2.025390625 0.0343018859137834
2.02734375 0.0343526597900428
2.029296875 0.0344034764678266
2.03125 0.0344543359731072
2.033203125 0.0345052383318534
2.03515625 0.0345561835700303
2.037109375 0.0346071717135991
2.0390625 0.0346582027885175
2.041015625 0.034709276820739
2.04296875 0.0347603938362134
2.044921875 0.0348115538608866
2.046875 0.0348627569207005
2.048828125 0.0349140030415928
2.05078125 0.0349652922494973
2.052734375 0.0350166245703436
2.0546875 0.0350680000300572
2.056640625 0.0351194186545593
2.05859375 0.035170880469767
2.060546875 0.0352223855015928
2.0625 0.0352739337759451
2.064453125 0.0353255253187278
2.06640625 0.0353771601558404
2.068359375 0.0354288383131779
2.0703125 0.0354805598166307
2.072265625 0.0355323246920847
2.07421875 0.0355841329654211
2.076171875 0.0356359846625165
2.078125 0.0356878798092426
2.080078125 0.0357398184314665
2.08203125 0.0357918005550504
2.083984375 0.0358438262058517
2.0859375 0.0358958954097228
2.087890625 0.0359480081925112
2.08984375 0.0360001645800594
2.091796875 0.0360523645982047
2.09375 0.0361046082727794
2.095703125 0.0361568956296107
2.09765625 0.0362092266945206
2.099609375 0.0362616014933257
2.1015625 0.0363140200518374
2.103515625 0.0363664823958618
2.10546875 0.0364189885511995
2.107421875 0.0364715385436457
2.109375 0.0365241323989903
2.111328125 0.0365767701430172
2.11328125 0.0366294518015052
2.115234375 0.0366821774002273
2.1171875 0.0367349469649506
2.119140625 0.0367877605214368
2.12109375 0.0368406180954416
2.123046875 0.0368935197127149
2.125 0.0369464653990009
2.126953125 0.0369994551800376
2.12890625 0.0370524890815571
2.130859375 0.0371055671292857
2.1328125 0.0371586893489434
2.134765625 0.037211855766244
2.13671875 0.0372650664068954
2.138671875 0.0373183212965991
2.140625 0.0373716204610503
2.142578125 0.037424963925938
2.14453125 0.0374783517169447
2.146484375 0.0375317838597465
2.1484375 0.0375852603800132
2.150390625 0.0376387813034079
2.15234375 0.0376923466555871
2.154296875 0.0377459564622008
2.15625 0.0377996107488923
2.158203125 0.0378533095412981
2.16015625 0.0379070528650481
2.162109375 0.0379608407457651
2.1640625 0.0380146732090653
2.166015625 0.0380685502805578
2.16796875 0.0381224719858449
2.169921875 0.0381764383505216
2.171875 0.0382304494001761
2.173828125 0.0382845051603893
2.17578125 0.0383386056567351
2.177734375 0.0383927509147799
2.1796875 0.038446940960083
2.181640625 0.0385011758181964
2.18359375 0.0385554555146647
2.185546875 0.0386097800750249
2.1875 0.0386641495248067
2.189453125 0.0387185638895321
2.19140625 0.0387730231947158
2.193359375 0.0388275274658646
2.1953125 0.0388820767284776
2.197265625 0.0389366710080463
2.19921875 0.0389913103300544
2.201171875 0.0390459947199775
2.203125 0.0391007242032837
2.205078125 0.0391554988054328
2.20703125 0.0392103185518769
2.208984375 0.0392651834680597
2.2109375 0.039320093579417
2.212890625 0.0393750489113765
2.21484375 0.0394300494893575
2.216796875 0.0394850953387712
2.21875 0.0395401864850204
2.220703125 0.0395953229534995
2.22265625 0.0396505047695945
2.224609375 0.039705731958683
2.2265625 0.0397610045461339
2.228515625 0.0398163225573078
2.23046875 0.0398716860175563
2.232421875 0.0399270949522225
2.234375 0.0399825493866409
2.236328125 0.0400380493461369
2.23828125 0.0400935948560272
2.240234375 0.0401491859416198
2.2421875 0.0402048226282133
2.244140625 0.0402605049410976
2.24609375 0.0403162329055535
2.248046875 0.0403720065468526
2.25 0.0404278258902573
2.251953125 0.040483690961021
2.25390625 0.0405396017843876
2.255859375 0.0405955583855917
2.2578125 0.0406515607898585
2.259765625 0.0407076090224038
2.26171875 0.040763703108434
2.263671875 0.0408198430731457
2.265625 0.040876028941726
2.267578125 0.0409322607393525
2.26953125 0.0409885384911929
2.271484375 0.0410448622224052
2.2734375 0.0411012319581375
2.275390625 0.041157647723528
2.27734375 0.0412141095437052
2.279296875 0.0412706174437873
2.28125 0.0413271714488826
2.283203125 0.0413837715840893
2.28515625 0.0414404178744955
2.287109375 0.0414971103451789
2.2890625 0.0415538490212072
2.291015625 0.0416106339276374
2.29296875 0.0416674650895165
2.294921875 0.0417243425318809
2.296875 0.0417812662797564
2.298828125 0.0418382363581584
2.30078125 0.0418952527920917
2.302734375 0.0419523156065504
2.3046875 0.0420094248265179
2.306640625 0.0420665804769667
2.30859375 0.0421237825828586
2.310546875 0.0421810311691446
2.3125 0.0422383262607645
2.314453125 0.0422956678826473
2.31640625 0.042353056059711
2.318359375 0.0424104908168622
2.3203125 0.0424679721789967
2.322265625 0.0425255001709987
2.32421875 0.0425830748177414
2.326171875 0.0426406961440866
2.328125 0.0426983641748845
2.330078125 0.0427560789349742
2.33203125 0.0428138404491831
2.333984375 0.0428716487423268
2.3359375 0.0429295038392098
2.337890625 0.0429874057646244
2.33984375 0.0430453545433514
2.341796875 0.0431033502001599
2.34375 0.0431613927598069
2.345703125 0.0432194822470377
2.34765625 0.0432776186865854
2.349609375 0.0433358021031714
2.3515625 0.0433940325215046
2.353515625 0.0434523099662821
2.35546875 0.0435106344621886
2.357421875 0.0435690060338966
2.359375 0.0436274247060663
2.361328125 0.0436858905033455
2.36328125 0.0437444034503695
2.365234375 0.0438029635717612
2.3671875 0.0438615708921309
2.369140625 0.0439202254360763
2.37109375 0.0439789272281823
2.373046875 0.0440376762930213
2.375 0.0440964726551528
2.376953125 0.0441553163391233
2.37890625 0.0442142073694666
2.380859375 0.0442731457707034
2.3828125 0.0443321315673415
2.384765625 0.0443911647838756
2.38671875 0.044450245444787
2.388671875 0.0445093735745441
2.390625 0.0445685491976018
2.392578125 0.044627772338402
2.39453125 0.0446870430213728
2.396484375 0.0447463612709291
2.3984375 0.0448057271114723
2.400390625 0.0448651405673901
2.40234375 0.0449246016630567
2.404296875 0.0449841104228325
2.40625 0.0450436668710644
2.408203125 0.0451032710320851
2.41015625 0.0451629229302138
2.412109375 0.0452226225897555
2.4140625 0.0452823700350013
2.416015625 0.0453421652902284
2.41796875 0.0454020083796997
2.419921875 0.045461899327664
2.421875 0.0455218381583559
2.423828125 0.0455818248959956
2.42578125 0.045641859564789
2.427734375 0.0457019421889277
2.4296875 0.0457620727925886
2.431640625 0.0458222513999343
2.43359375 0.0458824780351126
2.435546875 0.0459427527222568
2.4375 0.0460030754854853
2.439453125 0.0460634463489019
2.44140625 0.0461238653365954
2.443359375 0.0461843324726399
2.4453125 0.0462448477810943
2.447265625 0.0463054112860025
2.44921875 0.0463660230113935
2.451171875 0.046426682981281
2.453125 0.0464873912196635
2.455078125 0.0465481477505241
2.45703125 0.0466089525978308
2.458984375 0.0466698057855361
2.4609375 0.046730707337577
2.462890625 0.0467916572778749
2.46484375 0.0468526556303357
2.466796875 0.0469137024188498
2.46875 0.0469747976672915
2.470703125 0.0470359413995197
2.47265625 0.0470971336393772
2.474609375 0.0471583744106911
2.4765625 0.0472196637372723
2.478515625 0.0472810016429159
2.48046875 0.0473423881514007
2.482421875 0.0474038232864896
2.484375 0.0474653070719289
2.486328125 0.0475268395314491
2.48828125 0.0475884206887638
2.490234375 0.0476500505675707
2.4921875 0.0477117291915507
2.494140625 0.0477734565843683
2.49609375 0.0478352327696713
2.498046875 0.0478970577710909
2.5 0.0479589316122416
2.501953125 0.0480208543167211
2.50390625 0.0480828259081101
2.505859375 0.0481448464099726
2.5078125 0.0482069158458554
2.509765625 0.0482690342392884
2.51171875 0.0483312016137843
2.513671875 0.0483934179928387
2.515625 0.0484556833999299
2.517578125 0.0485179978585188
2.51953125 0.048580361392049
2.521484375 0.0486427740239469
2.5234375 0.0487052357776209
2.525390625 0.0487677466764623
2.52734375 0.0488303067438445
2.529296875 0.0488929160031233
2.53125 0.0489555744776367
2.533203125 0.0490182821907049
2.53515625 0.0490810391656301
2.537109375 0.0491438454256967
2.5390625 0.049206700994171
2.541015625 0.0492696058943012
2.54296875 0.0493325601493173
2.544921875 0.0493955637824312
2.546875 0.0494586168168364
2.548828125 0.0495217192757082
2.55078125 0.0495848711822032
2.552734375 0.0496480725594597
2.5546875 0.0497113234305976
2.556640625 0.0497746238187178
2.55859375 0.0498379737469029
2.560546875 0.0499013732382165
2.5625 0.0499648223157034
2.564453125 0.0500283210023897
2.56640625 0.0500918693212824
2.568359375 0.0501554672953695
2.5703125 0.0502191149476199
2.572265625 0.0502828123009834
2.57421875 0.0503465593783906
2.576171875 0.0504103562027528
2.578125 0.0504742027969618
2.580078125 0.0505380991838902
2.58203125 0.0506020453863911
2.583984375 0.0506660414272979
2.5859375 0.0507300873294245
2.587890625 0.050794183115565
2.58984375 0.0508583288084939
2.591796875 0.0509225244309658
2.59375 0.0509867700057154
2.595703125 0.0510510655554575
2.59765625 0.0511154111028868
2.599609375 0.0511798066706779
2.6015625 0.0512442522814854
2.603515625 0.0513087479579434
2.60546875 0.0513732937226661
2.607421875 0.0514378895982469
2.609375 0.0515025356072591
2.611328125 0.0515672317722553
2.61328125 0.0516319781157676
2.615234375 0.0516967746603076
2.6171875 0.0517616214283659
2.619140625 0.0518265184424127
2.62109375 0.051891465724897
2.623046875 0.0519564632982471
2.625 0.0520215111848703
2.626953125 0.0520866094071529
2.62890625 0.0521517579874598
2.630859375 0.0522169569481351
2.6328125 0.0522822063115015
2.634765625 0.0523475060998602
2.63671875 0.0524128563354913
2.638671875 0.0524782570406533
2.640625 0.0525437082375831
2.642578125 0.0526092099484962
2.64453125 0.0526747621955861
2.646484375 0.052740365001025
2.6484375 0.052806018386963
2.650390625 0.0528717223755284
2.65234375 0.0529374769888274
2.654296875 0.0530032822489446
2.65625 0.053069138177942
2.658203125 0.0531350447978598
2.66015625 0.0532010021307159
2.662109375 0.0532670101985058
2.6640625 0.0533330690232027
2.666015625 0.0533991786267575
2.66796875 0.0534653390310984
2.669921875 0.053531550258131
2.671875 0.0535978123297385
2.673828125 0.0536641252677811
2.67578125 0.0537304890940965
2.677734375 0.0537969038304992
2.6796875 0.0538633694987811
2.681640625 0.0539298861207109
2.68359375 0.0539964537180344
2.685546875 0.054063072312474
2.6875 0.0541297419257292
2.689453125 0.0541964625794759
2.69140625 0.0542632342953669
2.693359375 0.0543300570950316
2.6953125 0.0543969310000756
2.697265625 0.0544638560320813
2.69921875 0.0545308322126072
2.701171875 0.0545978595631881
2.703125 0.0546649381053353
2.705078125 0.054732067860536
2.70703125 0.0547992488502534
2.708984375 0.054866481095927
2.7109375 0.054933764618972
2.712890625 0.0550010994407796
2.71484375 0.0550684855827166
2.716796875 0.0551359230661258
2.71875 0.0552034119123254
2.720703125 0.0552709521426092
2.72265625 0.0553385437782468
2.724609375 0.0554061868404828
2.7265625 0.0554738813505374
2.728515625 0.0555416273296062
2.73046875 0.0556094247988596
2.732421875 0.0556772737794437
2.734375 0.0557451742924791
2.736328125 0.0558131263590619
2.73828125 0.0558811300002628
2.740234375 0.0559491852371274
2.7421875 0.0560172920906763
2.744140625 0.0560854505819044
2.74609375 0.0561536607317817
2.748046875 0.0562219225612524
2.75 0.0562902360912353
2.751953125 0.0563586013426238
2.75390625 0.0564270183362853
2.755859375 0.0564954870930617
2.7578125 0.056564007633769
2.759765625 0.0566325799791975
2.76171875 0.0567012041501113
2.763671875 0.0567698801672486
2.765625 0.0568386080513215
2.767578125 0.056907387823016
2.76953125 0.0569762195029917
2.771484375 0.0570451031118819
2.7734375 0.0571140386702937
2.775390625 0.0571830261988075
2.77734375 0.0572520657179773
2.779296875 0.0573211572483304
2.78125 0.0573903008103675
2.783203125 0.0574594964245626
2.78515625 0.0575287441113625
2.787109375 0.0575980438911876
2.7890625 0.057667395784431
2.791015625 0.0577367998114588
2.79296875 0.0578062559926099
2.794921875 0.0578757643481962
2.796875 0.0579453248985021
2.798828125 0.0580149376637848
2.80078125 0.058084602664274
2.802734375 0.0581543199201718
2.8046875 0.0582240894516529
2.806640625 0.0582939112788643
2.80859375 0.0583637854219253
2.810546875 0.0584337119009271
2.8125 0.0585036907359335
2.814453125 0.0585737219469799
2.81640625 0.0586438055540741
2.818359375 0.0587139415771953
2.8203125 0.0587841300362951
2.822265625 0.0588543709512963
2.82421875 0.0589246643420936
2.826171875 0.0589950102285535
2.828125 0.0590654086305137
2.830078125 0.0591358595677835
2.83203125 0.0592063630601435
2.833984375 0.0592769191273457
2.8359375 0.0593475277891132
2.837890625 0.0594181890651403
2.83984375 0.0594889029750923
2.841796875 0.0595596695386057
2.84375 0.0596304887752877
2.845703125 0.0597013607047163
2.84765625 0.0597722853464405
2.849609375 0.0598432627199798
2.8515625 0.0599142928448244
2.853515625 0.059985375740435
2.85546875 0.0600565114262428
2.857421875 0.0601276999216492
2.859375 0.0601989412460262
2.861328125 0.0602702354187158
2.86328125 0.0603415824590303
2.865234375 0.0604129823862519
2.8671875 0.060484435219633
2.869140625 0.0605559409783959
2.87109375 0.0606274996817326
2.873046875 0.060699111348805
2.875 0.0607707759987446
2.876953125 0.0608424936506526
2.87890625 0.0609142643235997
2.880859375 0.060986088036626
2.8828125 0.0610579648087413
2.884765625 0.0611298946589242
2.88671875 0.061201877606123
2.888671875 0.0612739136692549
2.890625 0.0613460028672061
2.892578125 0.0614181452188322
2.89453125 0.0614903407429573
2.896484375 0.0615625894583745
2.8984375 0.0616348913838458
2.900390625 0.0617072465381016
2.90234375 0.0617796549398413
2.904296875 0.0618521166077325
2.90625 0.0619246315604114
2.908203125 0.0619971998164826
2.91015625 0.0620698213945189
2.912109375 0.0621424963130615
2.9140625 0.0622152245906197
2.916015625 0.0622880062456706
2.91796875 0.0623608412966597
2.919921875 0.0624337297620002
2.921875 0.0625066716600732
2.923828125 0.0625796670092274
2.92578125 0.0626527158277795
2.927734375 0.0627258181340134
2.9296875 0.0627989739461809
2.931640625 0.062872183282501
2.93359375 0.0629454461611603
2.935546875 0.0630187626003123
2.9375 0.0630921326180782
2.939453125 0.063165556232546
2.94140625 0.0632390334617708
2.943359375 0.0633125643237748
2.9453125 0.063386148836547
2.947265625 0.0634597870180432
2.94921875 0.0635334788861861
2.951171875 0.0636072244588648
2.953125 0.0636810237539352
2.955078125 0.0637548767892197
2.95703125 0.063828783582507
2.958984375 0.0639027441515522
2.9609375 0.0639767585140767
2.962890625 0.064050826687768
2.96484375 0.0641249486902799
2.966796875 0.064199124539232
2.96875 0.0642733542522101
2.970703125 0.0643476378467656
2.97265625 0.0644219753404159
2.974609375 0.0644963667506441
2.9765625 0.0645708120948987
2.978515625 0.0646453113905941
2.98046875 0.06471986465511
2.982421875 0.0647944719057914
2.984375 0.0648691331599488
2.986328125 0.0649438484348579
2.98828125 0.0650186177477595
2.990234375 0.0650934411158595
2.9921875 0.0651683185563288
2.994140625 0.0652432500863032
2.99609375 0.0653182357228835
2.998046875 0.0653932754831349
3 0.0654683693840878
3.001953125 0.0655435174427366
3.00390625 0.0656187196760408
3.005859375 0.0656939761009239
3.0078125 0.0657692867342739
3.009765625 0.0658446515929433
3.01171875 0.0659200706937485
3.013671875 0.0659955440534701
3.015625 0.0660710716888529
3.017578125 0.0661466536166054
3.01953125 0.0662222898534003
3.021484375 0.0662979804158737
3.0234375 0.0663737253206258
3.025390625 0.0664495245842202
3.02734375 0.0665253782231842
3.029296875 0.0666012862540085
3.03125 0.0666772486931472
3.033203125 0.0667532655570178
3.03515625 0.0668293368620008
3.037109375 0.0669054626244402
3.0390625 0.0669816428606429
3.041015625 0.0670578775868787
3.04296875 0.0671341668193805
3.044921875 0.067210510574344
3.046875 0.0672869088679275
3.048828125 0.0673633617162521
3.05078125 0.0674398691354015
3.052734375 0.0675164311414219
3.0546875 0.0675930477503219
3.056640625 0.0676697189780725
3.05859375 0.0677464448406069
3.060546875 0.0678232253538204
3.0625 0.0679000605335708
3.064453125 0.0679769503956774
3.06640625 0.0680538949559218
3.068359375 0.0681308942300475
3.0703125 0.0682079482337594
3.072265625 0.0682850569827244
3.07421875 0.0683622204925711
3.076171875 0.0684394387788894
3.078125 0.0685167118572308
3.080078125 0.0685940397431082
3.08203125 0.0686714224519956
3.083984375 0.0687488599993284
3.0859375 0.0688263524005031
3.087890625 0.0689038996708772
3.08984375 0.0689815018257691
3.091796875 0.0690591588804585
3.09375 0.0691368708501852
3.095703125 0.0692146377501504
3.09765625 0.0692924595955156
3.099609375 0.0693703364014028
3.1015625 0.0694482681828947
3.103515625 0.0695262549550343
3.10546875 0.0696042967328248
3.107421875 0.0696823935312299
3.109375 0.0697605453651732
3.111328125 0.0698387522495386
3.11328125 0.0699170141991697
3.115234375 0.0699953312288702
3.1171875 0.0700737033534036
3.119140625 0.0701521305874932
3.12109375 0.0702306129458218
3.123046875 0.070309150443032
3.125 0.0703877430937256
3.126953125 0.0704663909124641
3.12890625 0.0705450939137682
3.130859375 0.0706238521121179
3.1328125 0.0707026655219523
3.134765625 0.0707815341576697
3.13671875 0.0708604580336272
3.138671875 0.070939437164141
3.140625 0.0710184715634861
3.142578125 0.0710975612458963
3.14453125 0.071176706225564
3.146484375 0.0712559065166402
3.1484375 0.0713351621332344
3.150390625 0.0714144730894147
3.15234375 0.0714938393992073
3.154296875 0.0715732610765967
3.15625 0.0716527381355258
3.158203125 0.0717322705898954
3.16015625 0.0718118584535643
3.162109375 0.0718915017403494
3.1640625 0.0719712004640253
3.166015625 0.0720509546383244
3.16796875 0.0721307642769369
3.169921875 0.0722106293935105
3.171875 0.0722905500016503
3.173828125 0.0723705261149192
3.17578125 0.072450557746837
3.177734375 0.0725306449108811
3.1796875 0.0726107876204861
3.181640625 0.0726909858890434
3.18359375 0.0727712397299018
3.185546875 0.0728515491563668
3.1875 0.0729319141817008
3.189453125 0.0730123348191232
3.19140625 0.0730928110818096
3.193359375 0.0731733429828928
3.1953125 0.0732539305354616
3.197265625 0.0733345737525617
3.19921875 0.0734152726471949
3.201171875 0.0734960272323193
3.203125 0.0735768375208492
3.205078125 0.0736577035256551
3.20703125 0.0737386252595635
3.208984375 0.0738196027353568
3.2109375 0.0739006359657733
3.212890625 0.0739817249635071
3.21484375 0.0740628697412079
3.216796875 0.0741440703114812
3.21875 0.0742253266868878
3.220703125 0.0743066388799442
3.22265625 0.0743880069031222
3.224609375 0.0744694307688486
3.2265625 0.0745509104895059
3.228515625 0.0746324460774313
3.23046875 0.0747140375449172
3.232421875 0.074795684904211
3.234375 0.0748773881675149
3.236328125 0.0749591473469858
3.23828125 0.0750409624547356
3.240234375 0.0751228335028304
3.2421875 0.0752047605032912
3.244140625 0.0752867434680933
3.24609375 0.0753687824091664
3.248046875 0.0754508773383944
3.25 0.0755330282676156
3.251953125 0.0756152352086221
3.25390625 0.0756974981731604
3.255859375 0.0757798171729308
3.2578125 0.0758621922195874
3.259765625 0.0759446233247381
3.26171875 0.0760271104999446
3.263671875 0.0761096537567223
3.265625 0.0761922531065398
3.267578125 0.0762749085608196
3.26953125 0.0763576201309372
3.271484375 0.0764403878282215
3.2734375 0.0765232116639547
3.275390625 0.0766060916493721
3.27734375 0.076689027795662
3.279296875 0.0767720201139656
3.28125 0.0768550686153771
3.283203125 0.0769381733109433
3.28515625 0.0770213342116639
3.287109375 0.0771045513284912
3.2890625 0.0771878246723299
3.291015625 0.0772711542540372
3.29296875 0.0773545400844229
3.294921875 0.0774379821742487
3.296875 0.0775214805342288
3.298828125 0.0776050351750295
3.30078125 0.077688646107269
3.302734375 0.0777723133415174
3.3046875 0.0778560368882971
3.306640625 0.0779398167580817
3.30859375 0.078023652961297
3.310546875 0.0781075455083201
3.3125 0.0781914944094798
3.314453125 0.0782754996750563
3.31640625 0.0783595613152812
3.318359375 0.0784436793403374
3.3203125 0.0785278537603589
3.322265625 0.078612084585431
3.32421875 0.0786963718255899
3.326171875 0.0787807154908228
3.328125 0.0788651155910678
3.330078125 0.0789495721362138
3.33203125 0.0790340851361002
3.333984375 0.0791186546005174
3.3359375 0.079203280539206
3.337890625 0.0792879629618572
3.33984375 0.0793727018781127
3.341796875 0.0794574972975642
3.34375 0.0795423492297537
3.345703125 0.0796272576841736
3.34765625 0.079712222670266
3.349609375 0.0797972441974231
3.3515625 0.0798823222749869
3.353515625 0.0799674569122493
3.35546875 0.0800526481184518
3.357421875 0.0801378959027856
3.359375 0.0802232002743915
3.361328125 0.0803085612423595
3.36328125 0.0803939788157293
3.365234375 0.0804794530034897
3.3671875 0.0805649838145786
3.369140625 0.0806505712578834
3.37109375 0.0807362153422402
3.373046875 0.0808219160764341
3.375 0.0809076734691992
3.376953125 0.0809934875292184
3.37890625 0.0810793582651232
3.380859375 0.0811652856854938
3.3828125 0.0812512697988588
3.384765625 0.0813373106136955
3.38671875 0.0814234081384294
3.388671875 0.0815095623814344
3.390625 0.0815957733510324
3.392578125 0.0816820410554937
3.39453125 0.0817683655030366
3.396484375 0.0818547467018272
3.3984375 0.0819411846599795
3.400390625 0.0820276793855555
3.40234375 0.0821142308865646
3.404296875 0.0822008391709642
3.40625 0.082287504246659
3.408203125 0.0823742261215011
3.41015625 0.0824610048032902
3.412109375 0.0825478402997732
3.4140625 0.0826347326186442
3.416015625 0.0827216817675444
3.41796875 0.0828086877540621
3.419921875 0.0828957505857326
3.421875 0.0829828702700381
3.423828125 0.0830700468144074
3.42578125 0.0831572802262162
3.427734375 0.0832445705127869
3.4296875 0.0833319176813883
3.431640625 0.0834193217392356
3.43359375 0.0835067826934908
3.435546875 0.0835943005512616
3.4375 0.0836818753196024
3.439453125 0.0837695070055136
3.44140625 0.0838571956159416
3.443359375 0.0839449411577788
3.4453125 0.0840327436378635
3.447265625 0.0841206030629799
3.44921875 0.0842085194398577
3.451171875 0.0842964927751726
3.453125 0.0843845230755454
3.455078125 0.0844726103475427
3.45703125 0.0845607545976766
3.458984375 0.0846489558324042
3.4609375 0.084737214058128
3.462890625 0.0848255292811956
3.46484375 0.0849139015078997
3.466796875 0.0850023307444781
3.46875 0.0850908169971133
3.470703125 0.0851793602719327
3.47265625 0.0852679605750085
3.474609375 0.0853566179123575
3.4765625 0.085445332289941
3.478515625 0.085534103713665
3.48046875 0.0856229321893797
3.482421875 0.0857118177228799
3.484375 0.0858007603199042
3.486328125 0.0858897599861358
3.48828125 0.0859788167272019
3.490234375 0.0860679305486734
3.4921875 0.0861571014560655
3.494140625 0.0862463294548371
3.49609375 0.0863356145503907
3.498046875 0.0864249567480727
3.5 0.086514356053173
3.501953125 0.0866038124709251
3.50390625 0.0866933260065058
3.505859375 0.0867828966650352
3.5078125 0.0868725244515769
3.509765625 0.0869622093711374
3.51171875 0.0870519514286666
3.513671875 0.0871417506290572
3.515625 0.087231606977145
3.517578125 0.0873215204777085
3.51953125 0.087411491135469
3.521484375 0.0875015189550907
3.5234375 0.0875916039411802
3.525390625 0.0876817460982868
3.52734375 0.087771945430902
3.529296875 0.0878622019434599
3.53125 0.0879525156403368
3.533203125 0.0880428865258512
3.53515625 0.0881333146042639
3.537109375 0.0882237998797776
3.5390625 0.0883143423565368
3.541015625 0.0884049420386282
3.54296875 0.0884955989300801
3.544921875 0.0885863130348627
3.546875 0.0886770843568877
3.548828125 0.0887679129000083
3.55078125 0.0888587986680194
3.552734375 0.0889497416646572
3.5546875 0.0890407418935991
3.556640625 0.0891317993584639
3.55859375 0.0892229140628115
3.560546875 0.089314086010143
3.5625 0.0894053152039003
3.564453125 0.0894966016474662
3.56640625 0.0895879453441646
3.568359375 0.08967934629726
3.5703125 0.0897708045099575
3.572265625 0.089862319985403
3.57421875 0.0899538927266827
3.576171875 0.0900455227368234
3.578125 0.0901372100187921
3.580078125 0.0902289545754963
3.58203125 0.0903207564097835
3.583984375 0.0904126155244415
3.5859375 0.0905045319221978
3.587890625 0.0905965056057204
3.58984375 0.0906885365776166
3.591796875 0.0907806248404339
3.59375 0.0908727703966593
3.595703125 0.0909649732487197
3.59765625 0.0910572333989813
3.599609375 0.0911495508497498
3.6015625 0.0912419256032704
3.603515625 0.0913343576617277
3.60546875 0.0914268470272453
3.607421875 0.0915193937018862
3.609375 0.0916119976876524
3.611328125 0.0917046589864848
3.61328125 0.0917973776002634
3.615234375 0.091890153530807
3.6171875 0.091982986779873
3.619140625 0.0920758773491578
3.62109375 0.0921688252402961
3.623046875 0.0922618304548614
3.625 0.0923548929943654
3.626953125 0.0924480128602584
3.62890625 0.0925411900539288
3.630859375 0.0926344245767035
3.6328125 0.0927277164298471
3.634765625 0.0928210656145628
3.63671875 0.0929144721319912
3.638671875 0.0930079359832114
3.640625 0.0931014571692398
3.642578125 0.093195035691031
3.64453125 0.0932886715494768
3.646484375 0.093382364745407
3.6484375 0.0934761152795888
3.650390625 0.0935699231527267
3.65234375 0.0936637883654627
3.654296875 0.093757710918376
3.65625 0.093851690811983
3.658203125 0.0939457280467374
3.66015625 0.0940398226230297
3.662109375 0.0941339745411875
3.6640625 0.0942281838014753
3.666015625 0.0943224504040943
3.66796875 0.0944167743491827
3.669921875 0.0945111556368151
3.671875 0.0946055942670027
3.673828125 0.0947000902396934
3.67578125 0.0947946435547714
3.677734375 0.0948892542120572
3.6796875 0.0949839222113077
3.681640625 0.0950786475522159
3.68359375 0.095173430234411
3.685546875 0.0952682702574582
3.6875 0.0953631676208587
3.689453125 0.0954581223240495
3.69140625 0.0955531343664036
3.693359375 0.0956482037472295
3.6953125 0.0957433304657716
3.697265625 0.0958385145212098
3.69921875 0.0959337559126593
3.701171875 0.0960290546391712
3.703125 0.0961244106997316
3.705078125 0.0962198240932618
3.70703125 0.0963152948186188
3.708984375 0.0964108228745941
3.7109375 0.0965064082599148
3.712890625 0.0966020509732426
3.71484375 0.0966977510131744
3.716796875 0.0967935083782417
3.71875 0.0968893230669108
3.720703125 0.0969851950775828
3.72265625 0.0970811244085934
3.724609375 0.0971771110582126
3.7265625 0.0972731550246451
3.728515625 0.0973692563060298
3.73046875 0.0974654149004402
3.732421875 0.0975616308058836
3.734375 0.0976579040203018
3.736328125 0.0977542345415706
3.73828125 0.0978506223674997
3.740234375 0.0979470674958327
3.7421875 0.0980435699242474
3.744140625 0.0981401296503549
3.74609375 0.0982367466717005
3.748046875 0.0983334209857626
3.75 0.0984301525899537
3.751953125 0.0985269414816193
3.75390625 0.0986237876580388
3.755859375 0.0987206911164245
3.7578125 0.0988176518539221
3.759765625 0.0989146698676108
3.76171875 0.0990117451545024
3.763671875 0.0991088777115422
3.765625 0.0992060675356081
3.767578125 0.0993033146235112
3.76953125 0.0994006189719953
3.771484375 0.0994979805777368
3.7734375 0.0995953994373452
3.775390625 0.0996928755473621
3.77734375 0.0997904089042621
3.779296875 0.0998879995044518
3.78125 0.0999856473442706
3.783203125 0.10008335241999
3.78515625 0.100181114727814
3.787109375 0.100278934263878
3.7890625 0.10037681102425
3.791015625 0.100474745004931
3.79296875 0.100572736201853
3.794921875 0.100670784610879
3.796875 0.100768890227805
3.798828125 0.100867053048359
3.80078125 0.1009652730682
3.802734375 0.101063550282918
3.8046875 0.101161884688036
3.806640625 0.101260276279008
3.80859375 0.101358725051218
3.810546875 0.101457230999984
3.8125 0.101555794120552
3.814453125 0.101654414408102
3.81640625 0.101753091857744
3.818359375 0.101851826464518
3.8203125 0.101950618223396
3.822265625 0.102049467129282
3.82421875 0.102148373177009
3.826171875 0.10224733636134
3.828125 0.102346356676973
3.830078125 0.102445434118531
3.83203125 0.102544568680571
3.833984375 0.102643760357581
3.8359375 0.102743009143976
3.837890625 0.102842315034105
3.83984375 0.102941678022244
3.841796875 0.103041098102602
3.84375 0.103140575269318
3.845703125 0.103240109516458
3.84765625 0.10333970083802
3.849609375 0.103439349227934
3.8515625 0.103539054680056
3.853515625 0.103638817188174
3.85546875 0.103738636746005
3.857421875 0.103838513347196
3.859375 0.103938446985324
3.861328125 0.104038437653894
3.86328125 0.104138485346342
3.865234375 0.104238590056033
3.8671875 0.104338751776261
3.869140625 0.104438970500248
3.87109375 0.104539246221148
3.873046875 0.104639578932041
3.875 0.104739968625939
3.876953125 0.104840415295781
3.87890625 0.104940918934436
3.880859375 0.1050414795347
3.8828125 0.105142097089299
3.884765625 0.105242771590889
3.88671875 0.105343503032053
3.888671875 0.105444291405302
3.890625 0.105545136703076
3.892578125 0.105646038917745
3.89453125 0.105746998041606
3.896484375 0.105848014066884
3.8984375 0.105949086985733
3.900390625 0.106050216790234
3.90234375 0.106151403472398
3.904296875 0.106252647024162
3.90625 0.106353947437393
3.908203125 0.106455304703883
3.91015625 0.106556718815355
3.912109375 0.106658189763459
3.9140625 0.106759717539771
3.916015625 0.106861302135795
3.91796875 0.106962943542965
3.919921875 0.10706464175264
3.921875 0.107166396756108
3.923828125 0.107268208544582
3.92578125 0.107370077109206
3.927734375 0.107472002441047
3.9296875 0.107573984531103
3.931640625 0.107676023370297
3.93359375 0.10777811894948
3.935546875 0.107880271259428
3.9375 0.107982480290848
3.939453125 0.108084746034369
3.94140625 0.108187068480551
3.943359375 0.108289447619877
3.9453125 0.108391883442761
3.947265625 0.108494375939539
3.94921875 0.108596925100477
3.951171875 0.108699530915765
3.953125 0.108802193375522
3.955078125 0.108904912469792
3.95703125 0.109007688188544
3.958984375 0.109110520521676
3.9609375 0.10921340945901
3.962890625 0.109316354990296
3.96484375 0.109419357105207
3.966796875 0.109522415793345
3.96875 0.109625531044237
3.970703125 0.109728702847335
3.97265625 0.109831931192019
3.974609375 0.109935216067592
3.9765625 0.110038557463284
3.978515625 0.110141955368251
3.98046875 0.110245409771574
3.982421875 0.11034892066226
3.984375 0.110452488029241
3.986328125 0.110556111861374
3.98828125 0.110659792147443
3.990234375 0.110763528876155
3.9921875 0.110867322036143
3.994140625 0.110971171615966
3.99609375 0.111075077604109
3.998046875 0.111179039988978
4 0.111283058758908
Total steps: 8192
