0 0
0.03125 0.00031495891801652
0.0625 0.000634871469790201
0.09375 0.000959809067300701
0.125 0.00128984393801231
0.15625 0.00162504912691924
0.1875 0.00196549849830546
0.21875 0.00231126673720699
0.25 0.00266242935056436
0.28125 0.00301906266805268
0.3125 0.00338124384257635
0.34375 0.00374905085041527
0.375 0.00412256249100908
0.40625 0.00450185838636559
0.4375 0.00488701898007944
0.46875 0.00527812553594655
0.5 0.00567526013615971
0.53125 0.0060785056790705
0.5625 0.00648794587650206
0.59375 0.00690366525059753
0.625 0.00732574913018808
0.65625 0.00775428364666462
0.6875 0.00818935572933676
0.71875 0.0086310531002625
0.75 0.00907946426853166
0.78125 0.009534678523986
0.8125 0.00999678593035853
0.84375 0.0104658773178145
0.875 0.0109420442748763
0.90625 0.0114253791397133
0.9375 0.0119159749907803
0.96875 0.0124139256367834
1 0.0129193256059568
1.03125 0.0134322701346304
1.0625 0.0139528551550699
1.09375 0.0144811772825691
1.125 0.0150173338017764
1.15625 0.0155614226522344
1.1875 0.016113542413115
1.21875 0.0166737922871281
1.25 0.0172422720835861
1.28125 0.0178190822006024
1.3125 0.0184043236064069
1.34375 0.0189980978197547
1.375 0.0196005068894127
1.40625 0.0202116533726999
1.4375 0.0208316403130658
1.46875 0.0214605712166838
1.5 0.0220985500280426
1.53125 0.022745681104515
1.5625 0.0234020691898857
1.59375 0.0240678193868188
1.625 0.0247430371282464
1.65625 0.0254278281476605
1.6875 0.0261222984482896
1.71875 0.026826554271143
1.75 0.0275407020619053
1.78125 0.0282648484366647
1.8125 0.0289991001464582
1.84375 0.0297435640406199
1.875 0.0304983470289147
1.90625 0.0312635560424458
1.9375 0.0320392979933205
1.96875 0.0328256797330619
2 0.0336228080097554
2.03125 0.0344307894239171
2.0625 0.0352497303830752
2.09375 0.0360797370550544
2.125 0.0369209153199555
2.15625 0.0377733707208225
2.1875 0.0386372084129918
2.21875 0.0395125331121183
2.25 0.0403994490408747
2.28125 0.0412980598743229
2.3125 0.0422084686839553
2.34375 0.0431307778804076
2.375 0.044065089154846
2.40625 0.0450115034190308
2.4375 0.0459701207440641
2.46875 0.0469410402978274
2.5 0.0479243602811191
2.53125 0.0489201778625023
2.5625 0.0499285891118764
2.59375 0.0509496889327871
2.625 0.0519835709934923
2.65625 0.0530303276568022
2.6875 0.0540900499087161
2.71875 0.0551628272858789
2.75 0.0562487478018837
2.78125 0.057347897872448
2.8125 0.0584603622394966
2.84375 0.059586223894181
2.875 0.0607255639988755
2.90625 0.0618784618081848
2.9375 0.0630449945890064
2.96875 0.064225237539692
3 0.0654192637083529
3.03125 0.0666271439103605
3.0625 0.0678489466450936
3.09375 0.0690847380119879
3.125 0.0703345816259452
3.15625 0.0715985385321643
3.1875 0.0728766671204571
3.21875 0.0741690230391164
3.25 0.0754756591084055
3.28125 0.0767966252337435
3.3125 0.0781319683186594
3.34375 0.0794817321775968
3.375 0.0808459574486483
3.40625 0.082224681506306
3.4375 0.0836179383743134
3.46875 0.0850257586387108
3.5 0.0864481693611664
3.53125 0.0878851939926879
3.5625 0.089336852287814
3.59375 0.0908031602193866
3.625 0.0922841298940063
3.65625 0.0937797694682776
3.6875 0.0952900830659514
3.71875 0.0968150706960755
3.75 0.0983547281722654
3.78125 0.0999090470332092
3.8125 0.101478014464523
3.84375 0.103061613222075
3.875 0.104659821556898
3.90625 0.106272613141806
3.9375 0.107899956999846
3.96875 0.109541817434703
4 0.111198153963175
4.03125 0.112868921249853
4.0625 0.114554069044129
4.09375 0.116253542119651
4.125 0.11796728021635
4.15625 0.119695217985172
4.1875 0.121437284935631
4.21875 0.123193405386308
4.25 0.124963498418417
4.28125 0.126747477832567
4.3125 0.128545252108825
4.34375 0.130356724370211
4.375 0.132181792349731
4.40625 0.134020348361068
4.4375 0.135872279273038
4.46875 0.137737466487916
4.5 0.139615785923745
4.53125 0.141507108000712
4.5625 0.143411297631714
4.59375 0.145328214217176
4.625 0.147257711644239
4.65625 0.149199638290377
4.6875 0.151153837031539
4.71875 0.153120145254883
4.75 0.155098394876172
4.78125 0.157088412361886
4.8125 0.159090018756129
4.84375 0.161103029712351
4.875 0.163127255529956
4.90625 0.165162501195816
4.9375 0.167208566430725
4.96875 0.169265245740832
5 0.171332328474033
5.03125 0.173409598881376
5.0625 0.175496836183443
5.09375 0.177593814641716
5.125 0.179700303634922
5.15625 0.181816067740314
5.1875 0.183940866819877
5.21875 0.1860744561114
5.25 0.188216586324387
5.28125 0.190367003740742
5.3125 0.192525450320152
5.34375 0.194691663810127
5.375 0.196865377860583
5.40625 0.199046322142899
5.4375 0.201234222473354
5.46875 0.203428800940821
5.5 0.205629776038626
5.53125 0.207836862800438
5.5625 0.210049772940071
5.59375 0.212268214995053
5.625 0.214491894473834
5.65625 0.216720514006464
5.6875 0.218953773498603
5.71875 0.221191370288693
5.75 0.223432999308113
5.78125 0.225678353244166
5.8125 0.227927122705688
5.84375 0.230178996391121
5.875 0.232433661258836
5.90625 0.234690802699528
5.9375 0.23695010471047
5.96875 0.239211250071436
6 0.24147392052207
6.03125 0.243737796940512
6.0625 0.246002559523045
6.09375 0.248267887964569
6.125 0.250533461639671
6.15625 0.252798959784091
6.1875 0.25506406167634
6.21875 0.257328446819278
6.25 0.259591795121418
6.28125 0.261853787077745
6.3125 0.264114103949824
6.34375 0.266372427944994
6.375 0.268628442394431
6.40625 0.270881831929855
6.4375 0.273132282658699
6.46875 0.27537948233751
6.5 0.277623120543392
6.53125 0.279862888843292
6.5625 0.28209848096094
6.59375 0.284329592941241
6.625 0.286555923311952
6.65625 0.288777173242454
6.6875 0.290993046699455
6.71875 0.293203250599449
6.75 0.29540749495778
6.78125 0.297605493034151
6.8125 0.299796961474442
6.84375 0.301981620448679
6.875 0.304159193785043
6.90625 0.306329409099783
6.9375 0.308491997922918
6.96875 0.31064669581962
7 0.312793242507182
7.03125 0.314931381967462
7.0625 0.317060862554747
7.09375 0.319181437098929
7.125 0.321292863003947
7.15625 0.323394902341426
7.1875 0.325487321939464
7.21875 0.32756989346652
7.25 0.329642393510377
7.28125 0.331704603652139
7.3125 0.333756310535254
7.34375 0.335797305929554
7.375 0.337827386790293
7.40625 0.339846355312208
7.4375 0.341854018978599
7.46875 0.343850190605455
7.5 0.345834688380653
7.53125 0.347807335898263
7.5625 0.349767962187991
7.59375 0.351716401739823
7.625 0.353652494523908
7.65625 0.355576086005755
7.6875 0.357487027156786
7.71875 0.359385174460348
7.75 0.361270389913224
7.78125 0.363142541022761
7.8125 0.36500150079967
7.84375 0.366847147746603
7.875 0.368679365842611
7.90625 0.370498044523556
7.9375 0.372303078658606
7.96875 0.374094368522903
8 0.375871819766515
8.03125 0.377635343379795
8.0625 0.379384855655239
8.09375 0.381120278145983
8.125 0.382841537621046
8.15625 0.384548566017432
8.1875 0.386241300389234
8.21875 0.387919682853835
8.25 0.389583660535358
8.28125 0.391233185505463
8.3125 0.392868214721633
8.34375 0.394488709963076
8.375 0.396094637764342
8.40625 0.39768596934682
8.4375 0.399262680548198
8.46875 0.40082475175004
8.5 0.402372167803584
8.53125 0.403904917953896
8.5625 0.405422995762481
8.59375 0.406926399028493
8.625 0.408415129708644
8.65625 0.409889193835933
8.6875 0.411348601437307
8.71875 0.412793366450369
8.75 0.41422350663924
8.78125 0.415639043509678
8.8125 0.417040002223562
8.84375 0.41842641151285
8.875 0.419798303593098
8.90625 0.421155714076645
8.9375 0.422498681885553
8.96875 0.423827249164409
9 0.425141461193046
9.03125 0.42644136629931
9.0625 0.427727015771921
9.09375 0.428998463773527
9.125 0.430255767254024
9.15625 0.431498985864217
9.1875 0.432728181869885
9.21875 0.43394342006634
9.25 0.435144767693515
9.28125 0.43633229435167
9.3125 0.437506071917768
9.34375 0.438666174462562
9.375 0.439812678168476
9.40625 0.440945661248303
9.4375 0.442065203864787
9.46875 0.443171388051126
9.5 0.444264297632439
9.53125 0.445344018148239
9.5625 0.446410636775951
9.59375 0.447464242255507
9.625 0.448504924815042
9.65625 0.449532776097748
9.6875 0.450547889089871
9.71875 0.451550358049923
9.75 0.452540278439089
9.78125 0.453517746852878
9.8125 0.454482860954031
9.84375 0.455435719406682
9.875 0.456376421811823
9.90625 0.457305068644041
9.9375 0.458221761189581
9.96875 0.459126601485707
10 0.460019692261392
10.03125 0.460901136879326
10.0625 0.461771039279254
10.09375 0.462629503922647
10.125 0.463476635738698
10.15625 0.464312540071644
10.1875 0.465137322629416
10.21875 0.465951089433613
10.25 0.466753946770785
10.28125 0.467546001145028
10.3125 0.46832735923188
10.34375 0.469098127833513
10.375 0.469858413835199
10.40625 0.470608324163059
10.4375 0.471347965743063
10.46875 0.472077445461285
10.5 0.472796870125387
10.53125 0.473506346427328
10.5625 0.474205980907278
10.59375 0.47489587991872
10.625 0.475576149594733
10.65625 0.476246895815427
10.6875 0.476908224176525
10.71875 0.477560239959063
10.75 0.478203048100207
10.78125 0.478836753165143
10.8125 0.479461459320057
10.84375 0.480077270306144
10.875 0.480684289414669
10.90625 0.48128261946303
10.9375 0.481872362771815
10.96875 0.48245362114284
11 0.483026495838133
11.03125 0.483591087559863
11.0625 0.484147496431171
11.09375 0.484695821977909
11.125 0.485236163111246
11.15625 0.485768618111135
11.1875 0.486293284610611
11.21875 0.486810259580906
11.25 0.487319639317366
11.28125 0.487821519426136
11.3125 0.48831599481161
11.34375 0.488803159664614
11.375 0.489283107451311
11.40625 0.489755930902803
11.4375 0.490221722005418
11.46875 0.490680571991656
11.5 0.49113257133178
11.53125 0.491577809726034
11.5625 0.492016376097467
11.59375 0.492448358585349
11.625 0.492873844539157
11.65625 0.49329292051312
11.6875 0.493705672261298
11.71875 0.494112184733184
11.75 0.494512542069813
11.78125 0.494906827600357
11.8125 0.495295123839197
11.84375 0.495677512483443
11.875 0.496054074410908
11.90625 0.496424889678499
11.9375 0.496790037521026
11.96875 0.497149596350404
12 0.49750364375524
12.03125 0.497852256500792
12.0625 0.498195510529277
12.09375 0.498533480960529
12.125 0.498866242092981
12.15625 0.499193867404962
12.1875 0.499516429556306
12.21875 0.499834000390244
12.25 0.500146650935582
12.28125 0.500454451409141
12.3125 0.500757471218465
12.34375 0.501055778964759
12.375 0.501349442446078
12.40625 0.501638528660733
12.4375 0.501923103810908
12.46875 0.502203233306489
12.5 0.502478981769087
12.53125 0.502750413036238
12.5625 0.503017590165793
12.59375 0.503280575440461
12.625 0.503539430372522
12.65625 0.503794215708686
12.6875 0.504044991435091
12.71875 0.504291816782443
12.75 0.504534750231275
12.78125 0.504773849517329
12.8125 0.50500917163705
12.84375 0.505240772853185
12.875 0.505468708700478
12.90625 0.505693033991459
12.9375 0.505913802822315
12.96875 0.506131068578847
13 0.506344883942491
13.03125 0.506555300896415
13.0625 0.506762370731672
13.09375 0.50696614405341
13.125 0.507166670787139
13.15625 0.507364000185035
13.1875 0.507558180832294
13.21875 0.507749260653522
13.25 0.507937286919147
13.28125 0.508122306251876
13.3125 0.508304364633161
13.34375 0.508483507409693
13.375 0.508659779299908
13.40625 0.508833224400514
13.4375 0.50900388619301
13.46875 0.509171807550228
13.5 0.509337030742868
13.53125 0.509499597446033
13.5625 0.509659548745759
13.59375 0.509816925145544
13.625 0.509971766572859
13.65625 0.510124112385653
13.6875 0.510274001378841
13.71875 0.510421471790772
13.75 0.510566561309682
13.78125 0.510709307080125
13.8125 0.510849745709374
13.84375 0.510987913273804
13.875 0.511123845325241
13.90625 0.511257576897285
13.9375 0.511389142511603
13.96875 0.511518576184181
14 0.511645911431553
14.03125 0.511771181276984
14.0625 0.511894418256623
14.09375 0.51201565442561
14.125 0.512134921364152
14.15625 0.512252250183547
14.1875 0.512367671532177
14.21875 0.512481215601453
14.25 0.512592912131708
14.28125 0.512702790418062
14.3125 0.512810879316224
14.34375 0.512917207248261
14.375 0.513021802208306
14.40625 0.513124691768232
14.4375 0.513225903083265
14.46875 0.51332546289756
14.5 0.513423397549712
14.53125 0.513519732978233
14.5625 0.513614494726964
14.59375 0.513707707950449
14.625 0.513799397419243
14.65625 0.513889587525185
14.6875 0.513978302286603
14.71875 0.51406556535348
14.75 0.514151400012556
14.78125 0.51423582919239
14.8125 0.514318875468354
14.84375 0.51440056106759
14.875 0.514480907873904
14.90625 0.514559937432611
14.9375 0.514637670955324
14.96875 0.514714129324696
15 0.5147893330991
15.03125 0.514863302517269
15.0625 0.514936057502871
15.09375 0.515007617669037
15.125 0.515078002322839
15.15625 0.51514723046971
15.1875 0.515215320817818
15.21875 0.515282291782382
15.25 0.515348161489942
15.28125 0.515412947782573
15.3125 0.515476668222053
15.34375 0.515539340093971
15.375 0.515600980411798
15.40625 0.515661605920893
15.4375 0.515721233102471
15.46875 0.51577987817751
15.5 0.515837557110622
15.53125 0.51589428561386
15.5625 0.515950079150491
15.59375 0.516004952938706
15.625 0.516058921955293
15.65625 0.516112000939259
15.6875 0.5161642043954
15.71875 0.516215546597832
15.75 0.51626604159347
15.78125 0.516315703205462
15.8125 0.516364545036576
15.84375 0.516412580472545
15.875 0.516459822685365
15.90625 0.516506284636546
15.9375 0.516551979080323
15.96875 0.516596918566821
16 0.516641115445176
Total steps: 2048
