0 0
0.5 0.00642762392619166
1 0.0148224281770337
1.5 0.0256590071873274
2 0.0394419519069855
2.5 0.0566528053749244
3 0.0776696632588641
3.5 0.102666562152171
4 0.131513648035985
4.5 0.163711098739569
5 0.198390202999644
5.5 0.234397477016774
6 0.270447166109739
6.5 0.305300115529722
7 0.337918835643438
7.5 0.367562885173727
8 0.393814640681722
8.5 0.416548262460175
9 0.435865631445127
9.5 0.452022448443673
10 0.465360692430122
10.5 0.476255485844329
11 0.485078131121406
11.5 0.492173453108998
12 0.497848139030144
12.5 0.502366680408032
13 0.505952074370476
13.5 0.508789174560404
14 0.511029259317898
14.5 0.512794919285802
15 0.514184749067697
15.5 0.515277582004362
16 0.516136165794056
16.5 0.516810269013825
17 0.517339257629751
17.5 0.517754202794819
18 0.518079587728579
18.5 0.518334679387779
19 0.518534624362896
19.5 0.518691320555076
20 0.518814108137744
20.5 0.518910315821259
21 0.518985691837517
21.5 0.519044743431256
22 0.519091003949829
22.5 0.519127242769236
23 0.519155630166549
23.5 0.519177866731803
24 0.519195284899446
24.5 0.519208928577267
25 0.51921961558009
25.5 0.519227986570639
26 0.51923454341697
26.5 0.519239679251074
27 0.519243702021664
27.5 0.519246852947731
28 0.519249320975921
28.5 0.519251254106545
29 0.519252768266113
29.5 0.519253954257645
30 0.519254883205076
30.5 0.519255610817958
31 0.519256180732031
31.5 0.519256627125871
32 0.519256976770496
Total steps: 64
