0 0
0.00244140625 2.44289720272126e-05
0.0048828125 4.88877798697519e-05
0.00732421875 7.33764570423371e-05
0.009765625 9.7895037089901e-05
0.01220703125 0.000122443553587598
0.0146484375 0.000147022040140812
0.01708984375 0.000171630530385162
0.01953125 0.000196269057986515
0.02197265625 0.000220937656640985
0.0244140625 0.00024563636007495
0.02685546875 0.000270365202045052
0.029296875 0.000295124216338208
0.03173828125 0.000319913436771616
0.0341796875 0.000344732897192763
0.03662109375 0.000369582631479431
0.0390625 0.000394462673539706
0.04150390625 0.000419373057311984
0.0439453125 0.000444313816764976
0.04638671875 0.000469284985897719
0.048828125 0.00049428659873958
0.05126953125 0.000519318689350262
0.0537109375 0.000544381291819815
0.05615234375 0.000569474440268638
0.05859375 0.000594598168847488
0.06103515625 0.000619752511737486
0.0634765625 0.000644937503150123
0.06591796875 0.00067015317732727
0.068359375 0.000695399568541176
0.07080078125 0.000720676711094486
0.0732421875 0.000745984639320235
0.07568359375 0.000771323387581865
0.078125 0.000796692990273223
0.08056640625 0.000822093481818573
0.0830078125 0.000847524896672596
0.08544921875 0.000872987269320402
0.087890625 0.000898480634277533
0.09033203125 0.000924005026089967
0.0927734375 0.000949560479334128
0.09521484375 0.000975147028616887
0.09765625 0.00100076470857557
0.10009765625 0.00102641355387797
0.1025390625 0.00105209359922234
0.10498046875 0.0010778048793374
0.107421875 0.00110354742898235
0.10986328125 0.00112932128294688
0.1123046875 0.00115512647605116
0.11474609375 0.00118096304314585
0.1171875 0.00120683101911211
0.11962890625 0.00123273043886162
0.1220703125 0.00125866133733653
0.12451171875 0.00128462374950953
0.126953125 0.00131061771038383
0.12939453125 0.00133664325499314
0.1318359375 0.00136270041840171
0.13427734375 0.00138878923570433
0.13671875 0.00141490974202631
0.13916015625 0.00144106197252351
0.1416015625 0.00146724596238232
0.14404296875 0.0014934617468197
0.146484375 0.00151970936108316
0.14892578125 0.00154598884045075
0.1513671875 0.00157230022023109
0.15380859375 0.00159864353576338
0.15625 0.00162501882241737
0.15869140625 0.00165142611559339
0.1611328125 0.00167786545072235
0.16357421875 0.00170433686326575
0.166015625 0.00173084038871566
0.16845703125 0.00175737606259474
0.1708984375 0.00178394392045625
0.17333984375 0.00181054399788404
0.17578125 0.00183717633049256
0.17822265625 0.00186384095392687
0.1806640625 0.00189053790386262
0.18310546875 0.00191726721600609
0.185546875 0.00194402892609415
0.18798828125 0.0019708230698943
0.1904296875 0.00199764968320466
0.19287109375 0.00202450880185396
0.1953125 0.00205140046170155
0.19775390625 0.00207832469863743
0.2001953125 0.00210528154858222
0.20263671875 0.00213227104748715
0.205078125 0.00215929323133411
0.20751953125 0.00218634813613562
0.2099609375 0.00221343579793484
0.21240234375 0.00224055625280557
0.21484375 0.00226770953685226
0.21728515625 0.00229489568620999
0.2197265625 0.00232211473704451
0.22216796875 0.0023493667255522
0.224609375 0.00237665168796012
0.22705078125 0.00240396966052595
0.2294921875 0.00243132067953805
0.23193359375 0.00245870478131542
0.234375 0.00248612200220775
0.23681640625 0.00251357237859537
0.2392578125 0.00254105594688925
0.24169921875 0.00256857274353108
0.244140625 0.00259612280499315
0.24658203125 0.00262370616777848
0.2490234375 0.0026513228684207
0.25146484375 0.00267897294348416
0.25390625 0.00270665642956384
0.25634765625 0.00273437336328542
0.2587890625 0.00276212378130523
0.26123046875 0.00278990772031027
0.263671875 0.00281772521701825
0.26611328125 0.00284557630817751
0.2685546875 0.00287346103056708
0.27099609375 0.00290137942099668
0.2734375 0.00292933151630668
0.27587890625 0.00295731735336814
0.2783203125 0.00298533696908279
0.28076171875 0.00301339040038305
0.283203125 0.003041477684232
0.28564453125 0.0030695988576234
0.2880859375 0.00309775395758168
0.29052734375 0.00312594302116196
0.29296875 0.00315416608545003
0.29541015625 0.00318242318756234
0.2978515625 0.00321071436464603
0.30029296875 0.00323903965387892
0.302734375 0.00326739909246948
0.30517578125 0.00329579271765688
0.3076171875 0.00332422056671094
0.31005859375 0.00335268267693216
0.3125 0.00338117908565171
0.31494140625 0.00340970983023144
0.3173828125 0.00343827494806383
0.31982421875 0.00346687447657208
0.322265625 0.00349550845321002
0.32470703125 0.00352417691546215
0.3271484375 0.00355287990084363
0.32958984375 0.0035816174469003
0.33203125 0.00361038959120864
0.33447265625 0.00363919637137579
0.3369140625 0.00366803782503956
0.33935546875 0.00369691398986839
0.341796875 0.00372582490356139
0.34423828125 0.00375477060384833
0.3466796875 0.00378375112848959
0.34912109375 0.00381276651527624
0.3515625 0.00384181680202996
0.35400390625 0.0038709020266031
0.3564453125 0.00390002222687861
0.35888671875 0.00392917744077011
0.361328125 0.00395836770622184
0.36376953125 0.00398759306120867
0.3662109375 0.0040168535437361
0.36865234375 0.00404614919184025
0.37109375 0.00407548004358787
0.37353515625 0.00410484613707631
0.3759765625 0.00413424751043357
0.37841796875 0.00416368420181822
0.380859375 0.00419315624941946
0.38330078125 0.0042226636914571
0.3857421875 0.00425220656618154
0.38818359375 0.00428178491187379
0.390625 0.00431139876684543
0.39306640625 0.00434104816943865
0.3955078125 0.00437073315802623
0.39794921875 0.00440045377101151
0.400390625 0.00443021004682843
0.40283203125 0.00446000202394149
0.4052734375 0.00448982974084576
0.40771484375 0.00451969323606688
0.41015625 0.00454959254816105
0.41259765625 0.00457952771571502
0.4150390625 0.0046094987773461
0.41748046875 0.00463950577170213
0.419921875 0.0046695487374615
0.42236328125 0.00469962771333315
0.4248046875 0.00472974273805652
0.42724609375 0.00475989385040161
0.4296875 0.00479008108916891
0.43212890625 0.00482030449318945
0.4345703125 0.00485056410132475
0.43701171875 0.00488085995246684
0.439453125 0.00491119208553826
0.44189453125 0.00494156053949202
0.4443359375 0.00497196535331164
0.44677734375 0.00500240656601111
0.44921875 0.00503288421663488
0.45166015625 0.0050633983442579
0.4541015625 0.00509394898798554
0.45654296875 0.00512453618695368
0.458984375 0.00515515998032859
0.46142578125 0.00518582040730703
0.4638671875 0.00521651750711617
0.46630859375 0.00524725131901362
0.46875 0.00527802188228741
0.47119140625 0.00530882923625597
0.4736328125 0.00533967342026815
0.47607421875 0.00537055447370322
0.478515625 0.00540147243597082
0.48095703125 0.00543242734651098
0.4833984375 0.0054634192447941
0.48583984375 0.00549444817032097
0.48828125 0.00552551416262273
0.49072265625 0.00555661726126089
0.4931640625 0.00558775750582729
0.49560546875 0.00561893493594412
0.498046875 0.0056501495912639
0.50048828125 0.00568140151146946
0.5029296875 0.00571269073627397
0.50537109375 0.00574401730542089
0.5078125 0.00577538125868397
0.51025390625 0.00580678263586728
0.5126953125 0.00583822147680514
0.51513671875 0.00586969782136214
0.517578125 0.00590121170943317
0.52001953125 0.00593276318094333
0.5224609375 0.00596435227584798
0.52490234375 0.00599597903413273
0.52734375 0.0060276434958134
0.52978515625 0.00605934570093603
0.5322265625 0.00609108568957686
0.53466796875 0.00612286350184233
0.537109375 0.00615467917786909
0.53955078125 0.00618653275782392
0.5419921875 0.00621842428190381
0.54443359375 0.00625035379033588
0.546875 0.00628232132337742
0.54931640625 0.00631432692131584
0.5517578125 0.00634637062446867
0.55419921875 0.00637845247318356
0.556640625 0.00641057250783829
0.55908203125 0.00644273076884069
0.5615234375 0.0064749272966287
0.56396484375 0.00650716213167032
0.56640625 0.00653943531446363
0.56884765625 0.00657174688553673
0.5712890625 0.00660409688544779
0.57373046875 0.00663648535478497
0.576171875 0.00666891233416647
0.57861328125 0.00670137786424048
0.5810546875 0.0067338819856852
0.58349609375 0.00676642473920878
0.5859375 0.00679900616554936
0.58837890625 0.00683162630547503
0.5908203125 0.00686428519978381
0.59326171875 0.00689698288930367
0.595703125 0.00692971941489248
0.59814453125 0.00696249481743802
0.6005859375 0.00699530913785797
0.60302734375 0.00702816241709987
0.60546875 0.00706105469614115
0.60791015625 0.00709398601598908
0.6103515625 0.00712695641768077
0.61279296875 0.00715996594228316
0.615234375 0.007193014630893
0.61767578125 0.00722610252463683
0.6201171875 0.00725922966467099
0.62255859375 0.0072923960921816
0.625 0.0073256018483845
0.62744140625 0.00735884697452533
0.6298828125 0.0073921315118794
0.63232421875 0.00742545550175177
0.634765625 0.00745881898547721
0.63720703125 0.00749222200442014
0.6396484375 0.00752566459997469
0.64208984375 0.00755914681356461
0.64453125 0.00759266868664332
0.64697265625 0.00762623026069386
0.6494140625 0.00765983157722887
0.65185546875 0.00769347267779061
0.654296875 0.00772715360395089
0.65673828125 0.0077608743973111
0.6591796875 0.0077946350995022
0.66162109375 0.00782843575218465
0.6640625 0.00786227639704845
0.66650390625 0.00789615707581309
0.6689453125 0.00793007783022755
0.67138671875 0.00796403870207029
0.673828125 0.0079980397331492
0.67626953125 0.00803208096530163
0.6787109375 0.00806616244039434
0.68115234375 0.0081002842003235
0.68359375 0.00813444628701464
0.68603515625 0.0081686487424227
0.6884765625 0.00820289160853195
0.69091796875 0.00823717492735598
0.693359375 0.00827149874093772
0.69580078125 0.0083058630913494
0.6982421875 0.00834026802069253
0.70068359375 0.00837471357109786
0.703125 0.00840919978472543
0.70556640625 0.00844372670376446
0.7080078125 0.00847829437043343
0.71044921875 0.00851290282697997
0.712890625 0.00854755211568091
0.71533203125 0.00858224227884222
0.7177734375 0.008616973358799
0.72021484375 0.0086517453979155
0.72265625 0.00868655843858504
0.72509765625 0.00872141252323002
0.7275390625 0.00875630769430191
0.72998046875 0.00879124399428121
0.732421875 0.00882622146567746
0.73486328125 0.00886124015102917
0.7373046875 0.00889630009290387
0.73974609375 0.00893140133389803
0.7421875 0.00896654391663705
0.74462890625 0.00900172788377528
0.7470703125 0.00903695327799595
0.74951171875 0.00907222014201117
0.751953125 0.00910752851856193
0.75439453125 0.00914287845041805
0.7568359375 0.00917826998037815
0.75927734375 0.00921370315126968
0.76171875 0.00924917800594884
0.76416015625 0.00928469458730059
0.7666015625 0.00932025293823864
0.76904296875 0.0093558531017054
0.771484375 0.00939149512067196
0.77392578125 0.00942717903813811
0.7763671875 0.00946290489713225
0.77880859375 0.00949867274071143
0.78125 0.0095344826119613
0.78369140625 0.00957033455399608
0.7861328125 0.00960622860995855
0.78857421875 0.00964216482302002
0.791015625 0.00967814323638034
0.79345703125 0.00971416389326782
0.7958984375 0.00975022683693924
0.79833984375 0.00978633211067983
0.80078125 0.00982247975780324
0.80322265625 0.00985866982165153
0.8056640625 0.00989490234559509
0.80810546875 0.0099311773730327
0.810546875 0.00996749494739145
0.81298828125 0.0100038551121267
0.8154296875 0.0100402579107222
0.81787109375 0.0100767033866898
0.8203125 0.0101131915835697
0.82275390625 0.0101497225449301
0.8251953125 0.0101862963143677
0.82763671875 0.0102229129355072
0.830078125 0.0102595724520013
0.83251953125 0.0102962749075309
0.8349609375 0.0103330203458051
0.83740234375 0.0103698088105608
0.83984375 0.0104066403455632
0.84228515625 0.0104435149946054
0.8447265625 0.0104804328015083
0.84716796875 0.010517393810121
0.849609375 0.0105543980643203
0.85205078125 0.0105914456080112
0.8544921875 0.0106285364851262
0.85693359375 0.0106656707396259
0.859375 0.0107028484154987
0.86181640625 0.0107400695567606
0.8642578125 0.0107773342074556
0.86669921875 0.0108146424116552
0.869140625 0.0108519942134589
0.87158203125 0.0108893896569936
0.8740234375 0.010926828786414
0.87646484375 0.0109643116459023
0.87890625 0.0110018382796685
0.88134765625 0.0110394087319501
0.8837890625 0.0110770230470119
0.88623046875 0.0111146812691465
0.888671875 0.0111523834426738
0.89111328125 0.0111901296119414
0.8935546875 0.011227919821324
0.89599609375 0.011265754115224
0.8984375 0.0113036325380709
0.90087890625 0.0113415551343217
0.9033203125 0.0113795219484606
0.90576171875 0.0114175330249992
0.908203125 0.0114555884084763
0.91064453125 0.0114936881434578
0.9130859375 0.011531832274537
0.91552734375 0.0115700208463342
0.91796875 0.0116082539034969
0.92041015625 0.0116465314906996
0.9228515625 0.011684853652644
0.92529296875 0.0117232204340587
0.927734375 0.0117616318796995
0.93017578125 0.0118000880343488
0.9326171875 0.0118385889428163
0.93505859375 0.0118771346499386
0.9375 0.0119157252005788
0.93994140625 0.0119543606396273
0.9423828125 0.0119930410120011
0.94482421875 0.0120317663626439
0.947265625 0.0120705367365263
0.94970703125 0.0121093521786455
0.9521484375 0.0121482127340255
0.95458984375 0.0121871184477168
0.95703125 0.0122260693647967
0.95947265625 0.0122650655303689
0.9619140625 0.0123041069895638
0.96435546875 0.0123431937875382
0.966796875 0.0123823259694754
0.96923828125 0.0124215035805852
0.9716796875 0.0124607266661038
0.97412109375 0.0124999952712938
0.9765625 0.012539309441444
0.97900390625 0.0125786692218696
0.9814453125 0.0126180746579123
0.98388671875 0.0126575257949397
0.986328125 0.0126970226783457
0.98876953125 0.0127365653535505
0.9912109375 0.0127761538660002
0.99365234375 0.0128157882611674
0.99609375 0.0128554685845503
0.99853515625 0.0128951948816734
1.0009765625 0.0129349671980871
1.00341796875 0.0129747855793678
1.005859375 0.0130146500711178
1.00830078125 0.0130545607189653
1.0107421875 0.0130945175685644
1.01318359375 0.0131345206655947
1.015625 0.013174570055762
1.01806640625 0.0132146657847977
1.0205078125 0.0132548078984586
1.02294921875 0.0132949964425276
1.025390625 0.0133352314628129
1.02783203125 0.0133755130051485
1.0302734375 0.0134158411153938
1.03271484375 0.0134562158394337
1.03515625 0.0134966372231787
1.03759765625 0.0135371053125645
1.0400390625 0.0135776201535526
1.04248046875 0.0136181817921294
1.044921875 0.0136587902743068
1.04736328125 0.013699445646122
1.0498046875 0.0137401479536375
1.05224609375 0.0137808972429409
1.0546875 0.0138216935601448
1.05712890625 0.0138625369513871
1.0595703125 0.0139034274628309
1.06201171875 0.0139443651406641
1.064453125 0.0139853500310997
1.06689453125 0.0140263821803755
1.0693359375 0.0140674616347544
1.07177734375 0.0141085884405242
1.07421875 0.0141497626439973
1.07666015625 0.014190984291511
1.0791015625 0.0142322534294275
1.08154296875 0.0142735701041335
1.083984375 0.0143149343620404
1.08642578125 0.0143563462495842
1.0888671875 0.0143978058132257
1.09130859375 0.0144393130994499
1.09375 0.0144808681547664
1.09619140625 0.0145224710257095
1.0986328125 0.0145641217588375
1.10107421875 0.0146058204007334
1.103515625 0.0146475669980044
1.10595703125 0.0146893615972818
1.1083984375 0.0147312042452214
1.11083984375 0.014773094988503
1.11328125 0.0148150338738307
1.11572265625 0.0148570209479326
1.1181640625 0.0148990562575608
1.12060546875 0.0149411398494915
1.123046875 0.0149832717705249
1.12548828125 0.0150254520674849
1.1279296875 0.0150676807872197
1.13037109375 0.0151099579766008
1.1328125 0.0151522836825239
1.13525390625 0.0151946579519082
1.1376953125 0.0152370808316966
1.14013671875 0.0152795523688559
1.142578125 0.0153220726103762
1.14501953125 0.0153646416032712
1.1474609375 0.0154072593945782
1.14990234375 0.015449926031358
1.15234375 0.0154926415606946
1.15478515625 0.0155354060296956
1.1572265625 0.0155782194854917
1.15966796875 0.015621081975237
1.162109375 0.0156639935461088
1.16455078125 0.0157069542453076
1.1669921875 0.0157499641200569
1.16943359375 0.0157930232176035
1.171875 0.0158361315852168
1.17431640625 0.0158792892701897
1.1767578125 0.0159224963198377
1.17919921875 0.0159657527814992
1.181640625 0.0160090587025356
1.18408203125 0.0160524141303308
1.1865234375 0.0160958191122918
1.18896484375 0.0161392736958478
1.19140625 0.0161827779284511
1.19384765625 0.0162263318575763
1.1962890625 0.0162699355307206
1.19873046875 0.0163135889954036
1.201171875 0.0163572922991675
1.20361328125 0.0164010454895767
1.2060546875 0.016444848614218
1.20849609375 0.0164887017207004
1.2109375 0.0165326048566553
1.21337890625 0.0165765580697361
1.2158203125 0.0166205614076182
1.21826171875 0.0166646149179994
1.220703125 0.0167087186485993
1.22314453125 0.0167528726471593
1.2255859375 0.016797076961443
1.22802734375 0.0168413316392358
1.23046875 0.0168856367283447
1.23291015625 0.0169299922765986
1.2353515625 0.016974398331848
1.23779296875 0.0170188549419651
1.240234375 0.0170633621548437
1.24267578125 0.017107920018399
1.2451171875 0.0171525285805678
1.24755859375 0.0171971878893083
1.25 0.0172418979926
1.25244140625 0.0172866589384437
1.2548828125 0.0173314707748615
1.25732421875 0.0173763335498967
1.259765625 0.0174212473116136
1.26220703125 0.0174662121080977
1.2646484375 0.0175112279874556
1.26708984375 0.0175562949978148
1.26953125 0.0176014131873236
1.27197265625 0.0176465826041512
1.2744140625 0.0176918032964877
1.27685546875 0.0177370753125439
1.279296875 0.0177823987005512
1.28173828125 0.0178277735087617
1.2841796875 0.0178731997854481
1.28662109375 0.0179186775789035
1.2890625 0.0179642069374415
1.29150390625 0.0180097879093961
1.2939453125 0.0180554205431216
1.29638671875 0.0181011048869926
1.298828125 0.018146840989404
1.30126953125 0.0181926288987706
1.3037109375 0.0182384686635276
1.30615234375 0.01828436033213
1.30859375 0.0183303039530529
1.31103515625 0.0183762995747912
1.3134765625 0.0184223472458598
1.31591796875 0.0184684470147933
1.318359375 0.0185145989301461
1.32080078125 0.018560803040492
1.3232421875 0.0186070593944249
1.32568359375 0.0186533680405579
1.328125 0.0186997290275235
1.33056640625 0.0187461424039739
1.3330078125 0.0187926082185805
1.33544921875 0.0188391265200341
1.337890625 0.0188856973570446
1.34033203125 0.0189323207783411
1.3427734375 0.018978996832672
1.34521484375 0.0190257255688044
1.34765625 0.0190725070355247
1.35009765625 0.019119341281638
1.3525390625 0.0191662283559684
1.35498046875 0.0192131683073588
1.357421875 0.0192601611846707
1.35986328125 0.0193072070367842
1.3623046875 0.0193543059125983
1.36474609375 0.0194014578610302
1.3671875 0.0194486629310158
1.36962890625 0.0194959211715093
1.3720703125 0.0195432326314831
1.37451171875 0.0195905973599282
1.376953125 0.0196380154058534
1.37939453125 0.0196854868182861
1.3818359375 0.0197330116462713
1.38427734375 0.0197805899388722
1.38671875 0.01982822174517
1.38916015625 0.0198759071142638
1.3916015625 0.0199236460952703
1.39404296875 0.019971438737324
1.396484375 0.0200192850895771
1.39892578125 0.0200671852011995
1.4013671875 0.0201151391213784
1.40380859375 0.0201631468993187
1.40625 0.0202112085842424
1.40869140625 0.0202593242253891
1.4111328125 0.0203074938720154
1.41357421875 0.0203557175733954
1.416015625 0.0204039953788199
1.41845703125 0.0204523273375972
1.4208984375 0.0205007134990521
1.42333984375 0.0205491539125266
1.42578125 0.0205976486273795
1.42822265625 0.0206461976929862
1.4306640625 0.020694801158739
1.43310546875 0.0207434590740467
1.435546875 0.0207921714883346
1.43798828125 0.0208409384510445
1.4404296875 0.0208897600116347
1.44287109375 0.0209386362195797
1.4453125 0.0209875671243703
1.44775390625 0.0210365527755134
1.4501953125 0.0210855932225322
1.45263671875 0.0211346885149657
1.455078125 0.0211838387023691
1.45751953125 0.0212330438343133
1.4599609375 0.0212823039603851
1.46240234375 0.0213316191301869
1.46484375 0.0213809893933371
1.46728515625 0.0214304147994692
1.4697265625 0.0214798953982327
1.47216796875 0.0215294312392921
1.474609375 0.0215790223723277
1.47705078125 0.0216286688470347
1.4794921875 0.0216783707131238
1.48193359375 0.0217281280203206
1.484375 0.0217779408183659
1.48681640625 0.0218278091570155
1.4892578125 0.02187773308604
1.49169921875 0.021927712655225
1.494140625 0.0219777479143705
1.49658203125 0.0220278389132916
1.4990234375 0.0220779857018178
1.50146484375 0.0221281883297931
1.50390625 0.0221784468470758
1.50634765625 0.022228761303539
1.5087890625 0.0222791317490695
1.51123046875 0.0223295582335688
1.513671875 0.0223800408069523
1.51611328125 0.0224305795191494
1.5185546875 0.0224811744201036
1.52099609375 0.0225318255597721
1.5234375 0.0225825329881261
1.52587890625 0.0226332967551505
1.5283203125 0.0226841169108437
1.53076171875 0.0227349935052177
1.533203125 0.0227859265882981
1.53564453125 0.0228369162101238
1.5380859375 0.0228879624207471
1.54052734375 0.0229390652702333
1.54296875 0.0229902248086611
1.54541015625 0.0230414410861223
1.5478515625 0.0230927141527214
1.55029296875 0.0231440440585761
1.552734375 0.0231954308538168
1.55517578125 0.0232468745885866
1.5576171875 0.0232983753130413
1.56005859375 0.0233499330773493
1.5625 0.0234015479316914
1.56494140625 0.0234532199262609
1.5673828125 0.0235049491112633
1.56982421875 0.0235567355369164
1.572265625 0.0236085792534502
1.57470703125 0.0236604803111067
1.5771484375 0.0237124387601398
1.57958984375 0.0237644546508155
1.58203125 0.0238165280334114
1.58447265625 0.0238686589582168
1.5869140625 0.0239208474755328
1.58935546875 0.0239730936356719
1.591796875 0.0240253974889583
1.59423828125 0.0240777590857271
1.5966796875 0.0241301784763252
1.59912109375 0.0241826557111103
1.6015625 0.0242351908404515
1.60400390625 0.0242877839147286
1.6064453125 0.0243404349843326
1.60888671875 0.0243931440996652
1.611328125 0.024445911311139
1.61376953125 0.024498736669177
1.6162109375 0.0245516202242129
1.61865234375 0.024604562026691
1.62109375 0.0246575621270659
1.62353515625 0.0247106205758024
1.6259765625 0.0247637374233755
1.62841796875 0.0248169127202706
1.630859375 0.0248701465169828
1.63330078125 0.0249234388640173
1.6357421875 0.0249767898118891
1.63818359375 0.025030199411123
1.640625 0.0250836677122534
1.64306640625 0.0251371947658242
1.6455078125 0.0251907806223889
1.64794921875 0.0252444253325103
1.650390625 0.0252981289467605
1.65283203125 0.0253518915157209
1.6552734375 0.0254057130899818
1.65771484375 0.0254595937201427
1.66015625 0.0255135334568118
1.66259765625 0.0255675323506064
1.6650390625 0.0256215904521522
1.66748046875 0.0256757078120837
1.669921875 0.0257298844810439
1.67236328125 0.0257841205096843
1.6748046875 0.0258384159486646
1.67724609375 0.0258927708486529
1.6796875 0.0259471852603253
1.68212890625 0.0260016592343661
1.6845703125 0.0260561928214673
1.68701171875 0.026110786072329
1.689453125 0.0261654390376591
1.69189453125 0.0262201517681728
1.6943359375 0.0262749243145932
1.69677734375 0.0263297567276507
1.69921875 0.0263846490580832
1.70166015625 0.0264396013566357
1.7041015625 0.0264946136740605
1.70654296875 0.0265496860611169
1.708984375 0.0266048185685711
1.71142578125 0.0266600112471964
1.7138671875 0.0267152641477725
1.71630859375 0.0267705773210861
1.71875 0.0268259508179303
1.72119140625 0.0268813846891047
1.7236328125 0.0269368789854153
1.72607421875 0.0269924337576743
1.728515625 0.0270480490567001
1.73095703125 0.0271037249333171
1.7333984375 0.0271594614383556
1.73583984375 0.0272152586226521
1.73828125 0.0272711165370483
1.74072265625 0.0273270352323921
1.7431640625 0.0273830147595365
1.74560546875 0.0274390551693401
1.748046875 0.0274951565126671
1.75048828125 0.0275513188403864
1.7529296875 0.0276075422033724
1.75537109375 0.0276638266525045
1.7578125 0.0277201722386668
1.76025390625 0.0277765790127485
1.7626953125 0.0278330470256434
1.76513671875 0.0278895763282496
1.767578125 0.0279461669714702
1.77001953125 0.0280028190062124
1.7724609375 0.0280595324833876
1.77490234375 0.0281163074539115
1.77734375 0.028173143968704
1.77978515625 0.0282300420786887
1.7822265625 0.0282870018347932
1.78466796875 0.0283440232879487
1.787109375 0.0284011064890903
1.78955078125 0.0284582514891563
1.7919921875 0.0285154583390887
1.79443359375 0.0285727270898326
1.796875 0.0286300577923364
1.79931640625 0.0286874504975516
1.8017578125 0.0287449052564326
1.80419921875 0.0288024221199368
1.806640625 0.0288600011390241
1.80908203125 0.0289176423646573
1.8115234375 0.0289753458478017
1.81396484375 0.0290331116394249
1.81640625 0.0290909397904969
1.81884765625 0.0291488303519899
1.8212890625 0.029206783374878
1.82373046875 0.0292647989101377
1.826171875 0.0293228770087469
1.82861328125 0.0293810177216856
1.8310546875 0.0294392210999351
1.83349609375 0.0294974871944786
1.8359375 0.0295558160563004
1.83837890625 0.0296142077363862
1.8408203125 0.0296726622857229
1.84326171875 0.0297311797552984
1.845703125 0.0297897601961017
1.84814453125 0.0298484036591225
1.8505859375 0.0299071101953512
1.85302734375 0.0299658798557789
1.85546875 0.030024712691397
1.85791015625 0.0300836087531976
1.8603515625 0.0301425680921727
1.86279296875 0.0302015907593147
1.865234375 0.0302606768056158
1.86767578125 0.0303198262820682
1.8701171875 0.030379039239664
1.87255859375 0.0304383157293949
1.875 0.0304976558022519
1.87744140625 0.0305570595092257
1.8798828125 0.0306165269013063
1.88232421875 0.0306760580294828
1.884765625 0.0307356529447434
1.88720703125 0.0307953116980752
1.8896484375 0.0308550343404642
1.89208984375 0.030914820922895
1.89453125 0.030974671496351
1.89697265625 0.0310345861118138
1.8994140625 0.0310945648202636
1.90185546875 0.0311546076726786
1.904296875 0.0312147147200352
1.90673828125 0.0312748860133079
1.9091796875 0.0313351216034688
1.91162109375 0.031395421541488
1.9140625 0.031455785878333
1.91650390625 0.0315162146649688
1.9189453125 0.031576707952358
1.92138671875 0.0316372657914602
1.923828125 0.0316978882332322
1.92626953125 0.0317585753286278
1.9287109375 0.0318193271285976
1.93115234375 0.0318801436840891
1.93359375 0.0319410250460462
1.93603515625 0.0320019712654094
1.9384765625 0.0320629823931156
1.94091796875 0.0321240584800979
1.943359375 0.0321851995772855
1.94580078125 0.0322464057356036
1.9482421875 0.0323076770059733
1.95068359375 0.0323690134393114
1.953125 0.0324304150865302
1.95556640625 0.0324918819985377
1.9580078125 0.032553414226237
1.96044921875 0.0326150118205265
1.962890625 0.0326766748322999
1.96533203125 0.0327384033124455
1.9677734375 0.0328001973118467
1.97021484375 0.0328620568813815
1.97265625 0.0329239820719224
1.97509765625 0.0329859729343366
1.9775390625 0.0330480295194853
1.97998046875 0.033110151878224
1.982421875 0.0331723400614024
1.98486328125 0.0332345941198638
1.9873046875 0.0332969141044456
1.98974609375 0.0333593000659787
1.9921875 0.0334217520552875
1.99462890625 0.0334842701231897
1.9970703125 0.0335468543204966
1.99951171875 0.0336095046980123
2.001953125 0.033672221306534
2.00439453125 0.0337350041968517
2.0068359375 0.0337978534197481
2.00927734375 0.0338607690259987
2.01171875 0.0339237510663712
2.01416015625 0.0339867995916258
2.0166015625 0.0340499146525147
2.01904296875 0.0341130962997822
2.021484375 0.0341763445841647
2.02392578125 0.03423965955639
2.0263671875 0.034303041267178
2.02880859375 0.0343664897672397
2.03125 0.0344300051072776
2.03369140625 0.0344935873379855
2.0361328125 0.0345572365100482
2.03857421875 0.0346209526741415
2.041015625 0.034684735880932
2.04345703125 0.0347485861810769
2.0458984375 0.034812503625224
2.04833984375 0.0348764882640115
2.05078125 0.0349405401480679
2.05322265625 0.0350046593280117
2.0556640625 0.0350688458544514
2.05810546875 0.0351330997779854
2.060546875 0.0351974211492017
2.06298828125 0.035261810018678
2.0654296875 0.0353262664369813
2.06787109375 0.0353907904546679
2.0703125 0.0354553821222832
2.07275390625 0.0355200414903616
2.0751953125 0.0355847686094263
2.07763671875 0.0356495635299893
2.080078125 0.0357144263025512
2.08251953125 0.0357793569776007
2.0849609375 0.0358443556056153
2.08740234375 0.03590942223706
2.08984375 0.0359745569223883
2.09228515625 0.0360397597120413
2.0947265625 0.0361050306564479
2.09716796875 0.0361703698060243
2.099609375 0.0362357772111744
2.10205078125 0.0363012529222893
2.1044921875 0.036366796989747
2.10693359375 0.0364324094639128
2.109375 0.0364980903951384
2.11181640625 0.0365638398337626
2.1142578125 0.0366296578301105
2.11669921875 0.0366955444344936
2.119140625 0.0367614996972095
2.12158203125 0.0368275236685422
2.1240234375 0.0368936163987613
2.12646484375 0.0369597779381223
2.12890625 0.0370260083368666
2.13134765625 0.0370923076452206
2.1337890625 0.0371586759133964
2.13623046875 0.0372251131915911
2.138671875 0.0372916195299869
2.14111328125 0.0373581949787509
2.1435546875 0.037424839588035
2.14599609375 0.0374915534079755
2.1484375 0.0375583364886932
2.15087890625 0.0376251888802933
2.1533203125 0.037692110632865
2.15576171875 0.0377591017964814
2.158203125 0.0378261624211997
2.16064453125 0.0378932925570605
2.1630859375 0.037960492254088
2.16552734375 0.0380277615622899
2.16796875 0.0380951005316568
2.17041015625 0.0381625092121626
2.1728515625 0.0382299876537642
2.17529296875 0.0382975359064008
2.177734375 0.0383651540199946
2.18017578125 0.0384328420444502
2.1826171875 0.0385006000296542
2.18505859375 0.0385684280254757
2.1875 0.0386363260817654
2.18994140625 0.038704294248356
2.1923828125 0.038772332575062
2.19482421875 0.038840441111679
2.197265625 0.0389086199079843
2.19970703125 0.0389768690137362
2.2021484375 0.0390451884786741
2.20458984375 0.0391135783525182
2.20703125 0.0391820386849694
2.20947265625 0.0392505695257092
2.2119140625 0.0393191709243996
2.21435546875 0.0393878429306825
2.216796875 0.0394565855941802
2.21923828125 0.0395253989644947
2.2216796875 0.0395942830912078
2.22412109375 0.039663238023881
2.2265625 0.039732263812055
2.22900390625 0.03980136050525
2.2314453125 0.0398705281529651
2.23388671875 0.0399397668046784
2.236328125 0.0400090765098469
2.23876953125 0.0400784573179061
2.2412109375 0.0401479092782699
2.24365234375 0.0402174324403306
2.24609375 0.0402870268534586
2.24853515625 0.0403566925670022
2.2509765625 0.0404264296302876
2.25341796875 0.0404962380926186
2.255859375 0.0405661180032763
2.25830078125 0.0406360694115193
2.2607421875 0.0407060923665833
2.26318359375 0.0407761869176809
2.265625 0.0408463531140016
2.26806640625 0.0409165910047115
2.2705078125 0.0409869006389531
2.27294921875 0.0410572820658454
2.275390625 0.0411277353344832
2.27783203125 0.0411982604939377
2.2802734375 0.0412688575932555
2.28271484375 0.0413395266814591
2.28515625 0.0414102678075464
2.28759765625 0.0414810810204906
2.2900390625 0.0415519663692399
2.29248046875 0.0416229239027176
2.294921875 0.0416939536698219
2.29736328125 0.0417650557194253
2.2998046875 0.0418362301003749
2.30224609375 0.0419074768614923
2.3046875 0.041978796051573
2.30712890625 0.0420501877193863
2.3095703125 0.0421216519136755
2.31201171875 0.0421931886831574
2.314453125 0.0422647980765222
2.31689453125 0.0423364801424335
2.3193359375 0.0424082349295278
2.32177734375 0.0424800624864146
2.32421875 0.042551962861676
2.32666015625 0.0426239361038669
2.3291015625 0.0426959822615143
2.33154296875 0.0427681013831177
2.333984375 0.0428402935171483
2.33642578125 0.0429125587120496
2.3388671875 0.0429848970162363
2.34130859375 0.043057308478095
2.34375 0.0431297931459834
2.34619140625 0.0432023510682305
2.3486328125 0.0432749822931362
2.35107421875 0.0433476868689713
2.353515625 0.043420464843977
2.35595703125 0.0434933162663652
2.3583984375 0.0435662411843179
2.36083984375 0.0436392396459875
2.36328125 0.0437123116994959
2.36572265625 0.0437854573929351
2.3681640625 0.0438586767743663
2.37060546875 0.0439319698918205
2.373046875 0.0440053367932976
2.37548828125 0.0440787775267667
2.3779296875 0.0441522921401655
2.38037109375 0.0442258806814007
2.3828125 0.0442995431983473
2.38525390625 0.0443732797388485
2.3876953125 0.0444470903507158
2.39013671875 0.0445209750817286
2.392578125 0.0445949339796341
2.39501953125 0.044668967092147
2.3974609375 0.0447430744669493
2.39990234375 0.0448172561516905
2.40234375 0.0448915121939868
2.40478515625 0.0449658426414216
2.4072265625 0.0450402475415446
2.40966796875 0.0451147269418723
2.412109375 0.0451892808898873
2.41455078125 0.0452639094330383
2.4169921875 0.0453386126187401
2.41943359375 0.0454133904943731
2.421875 0.0454882431072832
2.42431640625 0.045563170504782
2.4267578125 0.0456381727341458
2.42919921875 0.0457132498426164
2.431640625 0.0457884018774
2.43408203125 0.0458636288856676
2.4365234375 0.0459389309145548
2.43896484375 0.0460143080111611
2.44140625 0.0460897602225504
2.44384765625 0.0461652875957503
2.4462890625 0.0462408901777521
2.44873046875 0.0463165680155107
2.451171875 0.0463923211559443
2.45361328125 0.046468149645934
2.4560546875 0.0465440535323241
2.45849609375 0.0466200328619215
2.4609375 0.0466960876814959
2.46337890625 0.0467722180377789
2.4658203125 0.0468484239774648
2.46826171875 0.0469247055472095
2.470703125 0.0470010627936309
2.47314453125 0.0470774957633083
2.4755859375 0.0471540045027827
2.47802734375 0.0472305890585562
2.48046875 0.0473072494770917
2.48291015625 0.0473839858048133
2.4853515625 0.0474607980881055
2.48779296875 0.0475376863733132
2.490234375 0.0476146507067419
2.49267578125 0.0476916911346568
2.4951171875 0.0477688077032832
2.49755859375 0.0478460004588058
2.5 0.0479232694473691
2.50244140625 0.0480006147150767
2.5048828125 0.0480780363079914
2.50732421875 0.0481555342721347
2.509765625 0.048233108653487
2.51220703125 0.0483107594979871
2.5146484375 0.0483884868515321
2.51708984375 0.0484662907599774
2.51953125 0.048544171269136
2.52197265625 0.0486221284247788
2.5244140625 0.0487001622726343
2.52685546875 0.0487782728583881
2.529296875 0.048856460227683
2.53173828125 0.0489347244261189
2.5341796875 0.0490130654992522
2.53662109375 0.049091483492596
2.5390625 0.0491699784516195
2.54150390625 0.0492485504217484
2.5439453125 0.0493271994483639
2.54638671875 0.0494059255768032
2.548828125 0.049484728852359
2.55126953125 0.0495636093202793
2.5537109375 0.0496425670257672
2.55615234375 0.0497216020139808
2.55859375 0.0498007143300328
2.56103515625 0.0498799040189906
2.5634765625 0.0499591711258758
2.56591796875 0.0500385156956641
2.568359375 0.0501179377732852
2.57080078125 0.0501974374036226
2.5732421875 0.0502770146315131
2.57568359375 0.0503566695017468
2.578125 0.0504364020590672
2.58056640625 0.0505162123481705
2.5830078125 0.0505961004137056
2.58544921875 0.0506760663002738
2.587890625 0.0507561100524289
2.59033203125 0.0508362317146767
2.5927734375 0.0509164313314749
2.59521484375 0.0509967089472328
2.59765625 0.0510770646063111
2.60009765625 0.051157498353022
2.6025390625 0.0512380102316287
2.60498046875 0.051318600286345
2.607421875 0.0513992685613356
2.60986328125 0.0514800151007156
2.6123046875 0.0515608399485502
2.61474609375 0.0516417431488548
2.6171875 0.0517227247455945
2.61962890625 0.051803784782684
2.6220703125 0.0518849233039874
2.62451171875 0.051966140353318
2.626953125 0.0520474359744382
2.62939453125 0.0521288102110589
2.6318359375 0.0522102631068398
2.63427734375 0.0522917947053889
2.63671875 0.0523734050502623
2.63916015625 0.0524550941849639
2.6416015625 0.0525368621529456
2.64404296875 0.0526187089976067
2.646484375 0.0527006347622936
2.64892578125 0.0527826394903
2.6513671875 0.0528647232248666
2.65380859375 0.0529468860091803
2.65625 0.0530291278863749
2.65869140625 0.0531114488995303
2.6611328125 0.0531938490916723
2.66357421875 0.0532763285057726
2.666015625 0.0533588871847486
2.66845703125 0.0534415251714629
2.6708984375 0.0535242425087234
2.67333984375 0.053607039239283
2.67578125 0.0536899154058392
2.67822265625 0.053772871051034
2.6806640625 0.0538559062174539
2.68310546875 0.0539390209476294
2.685546875 0.0540222152840349
2.68798828125 0.0541054892690885
2.6904296875 0.0541888429451515
2.69287109375 0.0542722763545289
2.6953125 0.0543557895394684
2.69775390625 0.0544393825421604
2.7001953125 0.0545230554047383
2.70263671875 0.0546068081692774
2.705078125 0.0546906408777955
2.70751953125 0.0547745535722522
2.7099609375 0.0548585462945488
2.71240234375 0.0549426190865281
2.71484375 0.0550267719899743
2.71728515625 0.0551110050466124
2.7197265625 0.0551953182981086
2.72216796875 0.0552797117860694
2.724609375 0.0553641855520418
2.72705078125 0.0554487396375132
2.7294921875 0.0555333740839106
2.73193359375 0.055618088932601
2.734375 0.0557028842248909
2.73681640625 0.0557877600020259
2.7392578125 0.055872716305191
2.74169921875 0.0559577531755098
2.744140625 0.0560428706540447
2.74658203125 0.0561280687817964
2.7490234375 0.0562133475997039
2.75146484375 0.0562987071486441
2.75390625 0.0563841474694317
2.75634765625 0.0564696686028188
2.7587890625 0.0565552705894951
2.76123046875 0.0566409534700871
2.763671875 0.0567267172851583
2.76611328125 0.0568125620752087
2.7685546875 0.0568984878806749
2.77099609375 0.0569844947419296
2.7734375 0.0570705826992814
2.77587890625 0.0571567517929747
2.7783203125 0.0572430020631896
2.78076171875 0.0573293335500411
2.783203125 0.0574157462935796
2.78564453125 0.0575022403337901
2.7880859375 0.0575888157105924
2.79052734375 0.0576754724638407
2.79296875 0.0577622106333232
2.79541015625 0.0578490302587622
2.7978515625 0.0579359313798134
2.80029296875 0.0580229140360665
2.802734375 0.0581099782670441
2.80517578125 0.0581971241122017
2.8076171875 0.058284351610928
2.81005859375 0.0583716608025441
2.8125 0.0584590517263033
2.81494140625 0.0585465244213911
2.8173828125 0.0586340789269251
2.81982421875 0.0587217152819542
2.822265625 0.058809433525459
2.82470703125 0.0588972336963513
2.8271484375 0.0589851158334736
2.82958984375 0.0590730799755996
2.83203125 0.059161126161433
2.83447265625 0.0592492544296081
2.8369140625 0.0593374648186893
2.83935546875 0.0594257573671706
2.841796875 0.0595141321134757
2.84423828125 0.0596025890959577
2.8466796875 0.0596911283528988
2.84912109375 0.0597797499225102
2.8515625 0.0598684538429314
2.85400390625 0.0599572401522309
2.8564453125 0.0600461088884049
2.85888671875 0.0601350600893778
2.861328125 0.0602240937930019
2.86376953125 0.0603132100370566
2.8662109375 0.0604024088592489
2.86865234375 0.0604916902972127
2.87109375 0.0605810543885088
2.87353515625 0.0606705011706246
2.8759765625 0.0607600306809736
2.87841796875 0.0608496429568957
2.880859375 0.0609393380356565
2.88330078125 0.0610291159544473
2.8857421875 0.0611189767503848
2.88818359375 0.0612089204605109
2.890625 0.0612989471217923
2.89306640625 0.0613890567711206
2.8955078125 0.0614792494453118
2.89794921875 0.061569525181106
2.900390625 0.0616598840151675
2.90283203125 0.0617503259840841
2.9052734375 0.0618408511243675
2.90771484375 0.0619314594724523
2.91015625 0.0620221510646963
2.91259765625 0.0621129259373802
2.9150390625 0.0622037841267072
2.91748046875 0.0622947256688029
2.919921875 0.0623857505997148
2.92236328125 0.0624768589554125
2.9248046875 0.0625680507717872
2.92724609375 0.0626593260846513
2.9296875 0.0627506849297386
2.93212890625 0.0628421273427037
2.9345703125 0.0629336533591218
2.93701171875 0.0630252630144886
2.939453125 0.0631169563442201
2.94189453125 0.0632087333836521
2.9443359375 0.0633005941680402
2.94677734375 0.0633925387325594
2.94921875 0.0634845671123042
2.95166015625 0.0635766793422878
2.9541015625 0.0636688754574423
2.95654296875 0.0637611554926183
2.958984375 0.0638535194825846
2.96142578125 0.0639459674620283
2.9638671875 0.0640384994655539
2.96630859375 0.064131115527684
2.96875 0.0642238156828579
2.97119140625 0.0643165999654325
2.9736328125 0.0644094684096812
2.97607421875 0.0645024210497942
2.978515625 0.0645954579198779
2.98095703125 0.064688579053955
2.9833984375 0.0647817844859639
2.98583984375 0.0648750742497587
2.98828125 0.064968448379109
2.99072265625 0.0650619069076992
2.9931640625 0.0651554498691289
2.99560546875 0.0652490772969124
2.998046875 0.0653427892244782
3.00048828125 0.0654365856851692
3.0029296875 0.065530466712242
3.00537109375 0.065624432338867
3.0078125 0.0657184825981281
3.01025390625 0.0658126175230223
3.0126953125 0.0659068371464596
3.01513671875 0.0660011415012628
3.017578125 0.0660955306201669
3.02001953125 0.0661900045358195
3.0224609375 0.0662845632807799
3.02490234375 0.0663792068875192
3.02734375 0.06647393538842
3.02978515625 0.0665687488157762
3.0322265625 0.0666636472017927
3.03466796875 0.066758630578585
3.037109375 0.0668536989781792
3.03955078125 0.0669488524325119
3.0419921875 0.0670440909734293
3.04443359375 0.0671394146326876
3.046875 0.0672348234419526
3.04931640625 0.0673303174327993
3.0517578125 0.0674258966367116
3.05419921875 0.0675215610850823
3.056640625 0.0676173108092129
3.05908203125 0.067713145840313
3.0615234375 0.0678090662095003
3.06396484375 0.0679050719478002
3.06640625 0.0680011630861458
3.06884765625 0.0680973396553776
3.0712890625 0.0681936016862429
3.07373046875 0.0682899492093959
3.076171875 0.0683863822553975
3.07861328125 0.0684829008547148
3.0810546875 0.0685795050377209
3.08349609375 0.068676194834695
3.0859375 0.0687729702758215
3.08837890625 0.0688698313911905
3.0908203125 0.0689667782107968
3.09326171875 0.0690638107645403
3.095703125 0.0691609290822255
3.09814453125 0.0692581331935611
3.1005859375 0.0693554231281598
3.10302734375 0.0694527989155384
3.10546875 0.0695502605851171
3.10791015625 0.0696478081662194
3.1103515625 0.0697454416880721
3.11279296875 0.0698431611798046
3.115234375 0.069940966670449
3.11767578125 0.0700388581889398
3.1201171875 0.0701368357641136
3.12255859375 0.0702348994247086
3.125 0.0703330491993648
3.12744140625 0.0704312851166235
3.1298828125 0.0705296072049272
3.13232421875 0.0706280154926189
3.134765625 0.0707265100079426
3.13720703125 0.0708250907790425
3.1396484375 0.0709237578339626
3.14208984375 0.0710225112006472
3.14453125 0.0711213509069399
3.14697265625 0.0712202769805837
3.1494140625 0.0713192894492207
3.15185546875 0.0714183883403919
3.154296875 0.0715175736815367
3.15673828125 0.0716168454999929
3.1591796875 0.0717162038229966
3.16162109375 0.0718156486776815
3.1640625 0.0719151800910789
3.16650390625 0.0720147980901175
3.1689453125 0.072114502701623
3.17138671875 0.072214293952318
3.173828125 0.0723141718688217
3.17626953125 0.0724141364776494
3.1787109375 0.0725141878052128
3.18115234375 0.0726143258778191
3.18359375 0.0727145507216714
3.18603515625 0.0728148623628677
3.1884765625 0.0729152608274014
3.19091796875 0.0730157461411607
3.193359375 0.073116318329928
3.19580078125 0.0732169774193805
3.1982421875 0.0733177234350891
3.20068359375 0.0734185564025186
3.203125 0.0735194763470274
3.20556640625 0.0736204832938671
3.2080078125 0.0737215772681824
3.21044921875 0.0738227582950108
3.212890625 0.0739240263992823
3.21533203125 0.0740253816058191
3.2177734375 0.0741268239393357
3.22021484375 0.0742283534244381
3.22265625 0.0743299700856239
3.22509765625 0.0744316739472821
3.2275390625 0.0745334650336925
3.22998046875 0.0746353433690258
3.232421875 0.0747373089773433
3.23486328125 0.0748393618825963
3.2373046875 0.0749415021086263
3.23974609375 0.0750437296791645
3.2421875 0.0751460446178316
3.24462890625 0.0752484469481376
3.2470703125 0.0753509366934814
3.24951171875 0.0754535138771506
3.251953125 0.0755561785223214
3.25439453125 0.0756589306520582
3.2568359375 0.0757617702893134
3.25927734375 0.0758646974569269
3.26171875 0.0759677121776265
3.26416015625 0.0760708144740268
3.2666015625 0.0761740043686295
3.26904296875 0.0762772818838232
3.271484375 0.0763806470418826
3.27392578125 0.0764840998649689
3.2763671875 0.0765876403751291
3.27880859375 0.0766912685942959
3.28125 0.0767949845442875
3.28369140625 0.0768987882468072
3.2861328125 0.0770026797234433
3.28857421875 0.0771066589956687
3.291015625 0.0772107260848409
3.29345703125 0.0773148810122013
3.2958984375 0.0774191237988754
3.29833984375 0.0775234544658723
3.30078125 0.0776278730340846
3.30322265625 0.0777323795242879
3.3056640625 0.0778369739571407
3.30810546875 0.0779416563531843
3.310546875 0.0780464267328423
3.31298828125 0.0781512851164204
3.3154296875 0.0782562315241062
3.31787109375 0.078361265975969
3.3203125 0.0784663884919594
3.32275390625 0.0785715990919091
3.3251953125 0.0786768977955307
3.32763671875 0.0787822846224174
3.330078125 0.0788877595920428
3.33251953125 0.0789933227237606
3.3349609375 0.0790989740368043
3.33740234375 0.079204713550287
3.33984375 0.0793105412832011
3.34228515625 0.0794164572544182
3.3447265625 0.0795224614826887
3.34716796875 0.0796285539866415
3.349609375 0.0797347347847839
3.35205078125 0.0798410038955013
3.3544921875 0.0799473613370568
3.35693359375 0.0800538071275911
3.359375 0.0801603412851223
3.36181640625 0.0802669638275455
3.3642578125 0.0803736747726326
3.36669921875 0.080480474138032
3.369140625 0.0805873619412684
3.37158203125 0.0806943381997428
3.3740234375 0.0808014029307315
3.37646484375 0.0809085561513868
3.37890625 0.081015797878736
3.38134765625 0.0811231281296815
3.3837890625 0.0812305469210006
3.38623046875 0.0813380542693448
3.388671875 0.0814456501912403
3.39111328125 0.0815533347030869
3.3935546875 0.0816611078211585
3.39599609375 0.0817689695616022
3.3984375 0.0818769199404386
3.40087890625 0.0819849589735613
3.4033203125 0.0820930866767364
3.40576171875 0.0822013030656027
3.408203125 0.0823096081556712
3.41064453125 0.0824180019623249
3.4130859375 0.0825264845008185
3.41552734375 0.0826350557862782
3.41796875 0.0827437158337015
3.42041015625 0.0828524646579567
3.4228515625 0.0829613022737831
3.42529296875 0.0830702286957902
3.427734375 0.0831792439384579
3.43017578125 0.0832883480161359
3.4326171875 0.0833975409430438
3.43505859375 0.0835068227332706
3.4375 0.0836161934007745
3.43994140625 0.0837256529593826
3.4423828125 0.0838352014227909
3.44482421875 0.0839448388045635
3.447265625 0.0840545651181332
3.44970703125 0.0841643803768003
3.4521484375 0.084274284593733
3.45458984375 0.0843842777819671
3.45703125 0.0844943599544052
3.45947265625 0.0846045311238173
3.4619140625 0.0847147913028398
3.46435546875 0.0848251405039756
3.466796875 0.084935578739594
3.46923828125 0.0850461060219298
3.4716796875 0.085156722363084
3.47412109375 0.0852674277750226
3.4765625 0.0853782222695772
3.47900390625 0.0854891058584441
3.4814453125 0.0856000785531843
3.48388671875 0.0857111403652232
3.486328125 0.0858222913058506
3.48876953125 0.0859335313862201
3.4912109375 0.086044860617349
3.49365234375 0.086156279010118
3.49609375 0.0862677865752711
3.49853515625 0.0863793833234151
3.5009765625 0.0864910692650197
3.50341796875 0.0866028444104168
3.505859375 0.0867147087698007
3.50830078125 0.0868266623532276
3.5107421875 0.0869387051706153
3.51318359375 0.0870508372317431
3.515625 0.0871630585462516
3.51806640625 0.0872753691236422
3.5205078125 0.087387768973277
3.52294921875 0.0875002581043789
3.525390625 0.0876128365260305
3.52783203125 0.0877255042471746
3.5302734375 0.0878382612766139
3.53271484375 0.0879511076230102
3.53515625 0.0880640432948848
3.53759765625 0.0881770683006179
3.5400390625 0.0882901826484482
3.54248046875 0.0884033863464733
3.544921875 0.0885166794026487
3.54736328125 0.088630061824788
3.5498046875 0.0887435336205625
3.55224609375 0.088857094797501
3.5546875 0.0889707453629897
3.55712890625 0.0890844853242715
3.5595703125 0.0891983146884462
3.56201171875 0.0893122334624703
3.564453125 0.0894262416531562
3.56689453125 0.0895403392671726
3.5693359375 0.0896545263110439
3.57177734375 0.08976880279115
3.57421875 0.089883168713726
3.57666015625 0.0899976240848622
3.5791015625 0.0901121689105036
3.58154296875 0.0902268031964497
3.583984375 0.0903415269483545
3.58642578125 0.0904563401717259
3.5888671875 0.0905712428719257
3.59130859375 0.0906862350541692
3.59375 0.090801316723525
3.59619140625 0.0909164878849149
3.5986328125 0.0910317485431136
3.60107421875 0.0911470987027482
3.603515625 0.0912625383682983
3.60595703125 0.0913780675440957
3.6083984375 0.0914936862343238
3.61083984375 0.0916093944430179
3.61328125 0.0917251921740647
3.61572265625 0.0918410794312018
3.6181640625 0.0919570562180179
3.62060546875 0.0920731225379524
3.623046875 0.0921892783942951
3.62548828125 0.092305523790186
3.6279296875 0.0924218587286148
3.63037109375 0.0925382832124214
3.6328125 0.0926547972442948
3.63525390625 0.0927714008267733
3.6376953125 0.0928880939622442
3.64013671875 0.0930048766529438
3.642578125 0.0931217489009564
3.64501953125 0.0932387107082151
3.6474609375 0.0933557620765007
3.64990234375 0.093472903007442
3.65234375 0.0935901335025152
3.65478515625 0.093707453563044
3.6572265625 0.0938248631901989
3.65966796875 0.0939423623849977
3.662109375 0.0940599511483044
3.66455078125 0.0941776294808295
3.6669921875 0.0942953973831299
3.66943359375 0.0944132548556079
3.671875 0.0945312018985119
3.67431640625 0.0946492385119356
3.6767578125 0.0947673646958178
3.67919921875 0.0948855804499425
3.681640625 0.0950038857739381
3.68408203125 0.0951222806672778
3.6865234375 0.0952407651292789
3.68896484375 0.0953593391591027
3.69140625 0.0954780027557545
3.69384765625 0.0955967559180829
3.6962890625 0.0957155986447799
3.69873046875 0.0958345309343808
3.701171875 0.0959535527852635
3.70361328125 0.0960726641956487
3.7060546875 0.0961918651635993
3.70849609375 0.0963111556870206
3.7109375 0.0964305357636597
3.71337890625 0.0965500053911054
3.7158203125 0.0966695645667881
3.71826171875 0.0967892132879793
3.720703125 0.0969089515517915
3.72314453125 0.0970287793551782
3.7255859375 0.0971486966949332
3.72802734375 0.0972687035676907
3.73046875 0.097388799969925
3.73291015625 0.0975089858979505
3.7353515625 0.0976292613479208
3.73779296875 0.0977496263158292
3.740234375 0.0978700807975082
3.74267578125 0.0979906247886291
3.7451171875 0.098111258284702
3.74755859375 0.0982319812810756
3.75 0.0983527937729368
3.75244140625 0.0984736957553104
3.7548828125 0.0985946872230592
3.75732421875 0.0987157681708837
3.759765625 0.0988369385933215
3.76220703125 0.0989581984847475
3.7646484375 0.0990795478393736
3.76708984375 0.0992009866512483
3.76953125 0.0993225149142565
3.77197265625 0.0994441326221195
3.7744140625 0.0995658397683946
3.77685546875 0.0996876363464749
3.779296875 0.099809522349589
3.78173828125 0.0999314977708011
3.7841796875 0.10005356260301
3.78662109375 0.100175716838951
3.7890625 0.100297960471191
3.79150390625 0.100420293492135
3.7939453125 0.100542715894019
3.79638671875 0.100665227668916
3.798828125 0.100787828808731
3.80126953125 0.100910519305203
3.8037109375 0.101033299149904
3.80615234375 0.10115616833424
3.80859375 0.101279126849449
3.81103515625 0.101402174686604
3.8134765625 0.101525311836606
3.81591796875 0.101648538290193
3.818359375 0.101771854037933
3.82080078125 0.101895259070225
3.8232421875 0.102018753377302
3.82568359375 0.102142336949227
3.828125 0.102266009775893
3.83056640625 0.102389771847026
3.8330078125 0.102513623152182
3.83544921875 0.102637563680749
3.837890625 0.102761593421942
3.84033203125 0.10288571236481
3.8427734375 0.103009920498229
3.84521484375 0.103134217810907
3.84765625 0.103258604291379
3.85009765625 0.103383079928011
3.8525390625 0.103507644708999
3.85498046875 0.103632298622366
3.857421875 0.103757041655964
3.85986328125 0.103881873797474
3.8623046875 0.104006795034406
3.86474609375 0.104131805354096
3.8671875 0.104256904743709
3.86962890625 0.104382093190238
3.8720703125 0.104507370680504
3.87451171875 0.104632737201153
3.876953125 0.104758192738659
3.87939453125 0.104883737279324
3.8818359375 0.105009370809276
3.88427734375 0.105135093314468
3.88671875 0.105260904780681
3.88916015625 0.10538680519352
3.8916015625 0.105512794538419
3.89404296875 0.105638872800635
3.896484375 0.105765039965251
3.89892578125 0.105891296017174
3.9013671875 0.106017640941138
3.90380859375 0.106144074721702
3.90625 0.106270597343247
3.90869140625 0.106397208789981
3.9111328125 0.106523909045934
3.91357421875 0.106650698094961
3.916015625 0.106777575920742
3.91845703125 0.106904542506779
3.9208984375 0.107031597836397
3.92333984375 0.107158741892746
3.92578125 0.107285974658797
3.92822265625 0.107413296117344
3.9306640625 0.107540706251007
3.93310546875 0.107668205042223
3.935546875 0.107795792473255
3.93798828125 0.107923468526186
3.9404296875 0.108051233182924
3.94287109375 0.108179086425194
3.9453125 0.108307028234545
3.94775390625 0.108435058592348
3.9501953125 0.108563177479794
3.95263671875 0.108691384877893
3.955078125 0.10881968076748
3.95751953125 0.108948065129206
3.9599609375 0.109076537943546
3.96240234375 0.109205099190792
3.96484375 0.109333748851057
3.96728515625 0.109462486904276
3.9697265625 0.109591313330199
3.97216796875 0.109720228108399
3.974609375 0.109849231218267
3.97705078125 0.109978322639012
3.9794921875 0.110107502349664
3.98193359375 0.110236770329069
3.984375 0.110366126555894
3.98681640625 0.110495571008622
3.9892578125 0.110625103665554
3.99169921875 0.110754724504812
3.994140625 0.110884433504332
3.99658203125 0.111014230641869
3.9990234375 0.111144115894996
4.00146484375 0.111274089241101
4.00390625 0.111404150657391
4.00634765625 0.111534300120889
4.0087890625 0.111664537608436
4.01123046875 0.111794863096685
4.013671875 0.111925276562111
4.01611328125 0.112055777981002
4.0185546875 0.112186367329461
4.02099609375 0.112317044583408
4.0234375 0.11244780971858
4.02587890625 0.112578662710526
4.0283203125 0.112709603534613
4.03076171875 0.112840632166021
4.033203125 0.112971748579747
4.03564453125 0.1131029527506
4.0380859375 0.113234244653206
4.04052734375 0.113365624262004
4.04296875 0.113497091551247
4.04541015625 0.113628646495002
4.0478515625 0.113760289067151
4.05029296875 0.113892019241388
4.052734375 0.114023836991221
4.05517578125 0.114155742289972
4.0576171875 0.114287735110775
4.06005859375 0.114419815426578
4.0625 0.114551983210141
4.06494140625 0.114684238434037
4.0673828125 0.114816581070651
4.06982421875 0.114949011092181
4.072265625 0.115081528470638
4.07470703125 0.115214133177841
4.0771484375 0.115346825185426
4.07958984375 0.115479604464837
4.08203125 0.115612470987331
4.08447265625 0.115745424723976
4.0869140625 0.115878465645651
4.08935546875 0.116011593723046
4.091796875 0.116144808926662
4.09423828125 0.116278111226811
4.0966796875 0.116411500593614
4.09912109375 0.116544976997005
4.1015625 0.116678540406726
4.10400390625 0.11681219079233
4.1064453125 0.116945928123179
4.10888671875 0.117079752368446
4.111328125 0.117213663497113
4.11376953125 0.117347661477972
4.1162109375 0.117481746279622
4.11865234375 0.117615917870474
4.12109375 0.117750176218746
4.12353515625 0.117884521292467
4.1259765625 0.118018953059472
4.12841796875 0.118153471487407
4.130859375 0.118288076543724
4.13330078125 0.118422768195685
4.1357421875 0.118557546410359
4.13818359375 0.118692411154625
4.140625 0.118827362395167
4.14306640625 0.118962400098477
4.1455078125 0.119097524230858
4.14794921875 0.119232734758415
4.150390625 0.119368031647065
4.15283203125 0.119503414862529
4.1552734375 0.119638884370336
4.15771484375 0.119774440135822
4.16015625 0.11991008212413
4.16259765625 0.120045810300208
4.1650390625 0.120181624628811
4.16748046875 0.120317525074502
4.169921875 0.120453511601647
4.17236328125 0.12058958417442
4.1748046875 0.120725742756801
4.17724609375 0.120861987312575
4.1796875 0.120998317805332
4.18212890625 0.121134734198469
4.1845703125 0.121271236455186
4.18701171875 0.12140782453849
4.189453125 0.121544498411193
4.19189453125 0.121681258035911
4.1943359375 0.121818103375065
4.19677734375 0.121955034390881
4.19921875 0.122092051045389
4.20166015625 0.122229153300423
4.2041015625 0.122366341117624
4.20654296875 0.122503614458433
4.208984375 0.122640973284097
4.21142578125 0.122778417555668
4.2138671875 0.122915947234
4.21630859375 0.123053562279752
4.21875 0.123191262653384
4.22119140625 0.123329048315161
4.2236328125 0.123466919225154
4.22607421875 0.123604875343231
4.228515625 0.123742916629069
4.23095703125 0.123881043042144
4.2333984375 0.124019254541737
4.23583984375 0.12415755108693
4.23828125 0.124295932636608
4.24072265625 0.12443439914946
4.2431640625 0.124572950583975
4.24560546875 0.124711586898445
4.248046875 0.124850308050965
4.25048828125 0.124989113999431
4.2529296875 0.125128004701541
4.25537109375 0.125266980114794
4.2578125 0.125406040196493
4.26025390625 0.12554518490374
4.2626953125 0.125684414193439
4.26513671875 0.125823728022297
4.267578125 0.125963126346819
4.27001953125 0.126102609123315
4.2724609375 0.126242176307892
4.27490234375 0.126381827856461
4.27734375 0.126521563724732
4.27978515625 0.126661383868217
4.2822265625 0.126801288242227
4.28466796875 0.126941276801874
4.287109375 0.127081349502071
4.28955078125 0.127221506297531
4.2919921875 0.127361747142767
4.29443359375 0.127502071992092
4.296875 0.127642480799618
4.29931640625 0.12778297351926
4.3017578125 0.127923550104729
4.30419921875 0.128064210509537
4.306640625 0.128204954686998
4.30908203125 0.128345782590221
4.3115234375 0.128486694172118
4.31396484375 0.128627689385399
4.31640625 0.128768768182574
4.31884765625 0.128909930515949
4.3212890625 0.129051176337634
4.32373046875 0.129192505599534
4.326171875 0.129333918253354
4.32861328125 0.129475414250599
4.3310546875 0.129616993542571
4.33349609375 0.129758656080371
4.3359375 0.129900401814898
4.33837890625 0.130042230696852
4.3408203125 0.130184142676729
4.34326171875 0.130326137704823
4.345703125 0.130468215731226
4.34814453125 0.130610376705831
4.3505859375 0.130752620578326
4.35302734375 0.130894947298198
4.35546875 0.131037356814732
4.35791015625 0.13117984907701
4.3603515625 0.131322424033912
4.36279296875 0.131465081634118
4.365234375 0.1316078218261
4.36767578125 0.131750644558134
4.3701171875 0.131893549778289
4.37255859375 0.132036537434432
4.375 0.13217960747423
4.37744140625 0.132322759845142
4.3798828125 0.13246599449443
4.38232421875 0.132609311369149
4.384765625 0.132752710416153
4.38720703125 0.132896191582091
4.3896484375 0.133039754813411
4.39208984375 0.133183400056356
4.39453125 0.133327127256967
4.39697265625 0.133470936361082
4.3994140625 0.133614827314333
4.40185546875 0.133758800062152
4.404296875 0.133902854549765
4.40673828125 0.134046990722196
4.4091796875 0.134191208524263
4.41162109375 0.134335507900584
4.4140625 0.134479888795569
4.41650390625 0.134624351153428
4.4189453125 0.134768894918164
4.42138671875 0.134913520033579
4.423828125 0.135058226443269
4.42626953125 0.135203014090627
4.4287109375 0.13534788291884
4.43115234375 0.135492832870893
4.43359375 0.135637863889567
4.43603515625 0.135782975917438
4.4384765625 0.135928168896876
4.44091796875 0.13607344277005
4.443359375 0.136218797478922
4.44580078125 0.136364232965251
4.4482421875 0.136509749170591
4.45068359375 0.136655346036292
4.453125 0.136801023503498
4.45556640625 0.136946781513151
4.4580078125 0.137092620005985
4.46044921875 0.137238538922533
4.462890625 0.137384538203121
4.46533203125 0.13753061778787
4.4677734375 0.137676777616698
4.47021484375 0.137823017629317
4.47265625 0.137969337765234
4.47509765625 0.138115737963751
4.4775390625 0.138262218163966
4.47998046875 0.138408778304773
4.482421875 0.138555418324857
4.48486328125 0.138702138162703
4.4873046875 0.138848937756588
4.48974609375 0.138995817044584
4.4921875 0.139142775964558
4.49462890625 0.139289814454174
4.4970703125 0.139436932450888
4.49951171875 0.139584129891952
4.501953125 0.139731406714414
4.50439453125 0.139878762855115
4.5068359375 0.140026198250691
4.50927734375 0.140173712837575
4.51171875 0.14032130655199
4.51416015625 0.140468979329959
4.5166015625 0.140616731107297
4.51904296875 0.140764561819613
4.521484375 0.140912471402313
4.52392578125 0.141060459790596
4.5263671875 0.141208526919455
4.52880859375 0.14135667272368
4.53125 0.141504897137854
4.53369140625 0.141653200096354
4.5361328125 0.141801581533353
4.53857421875 0.141950041382818
4.541015625 0.142098579578511
4.54345703125 0.142247196053988
4.5458984375 0.142395890742599
4.54833984375 0.142544663577491
4.55078125 0.142693514491602
4.55322265625 0.142842443417668
4.5556640625 0.142991450288217
4.55810546875 0.143140535035572
4.560546875 0.143289697591853
4.56298828125 0.143438937888972
4.5654296875 0.143588255858636
4.56787109375 0.143737651432346
4.5703125 0.1438871245414
4.57275390625 0.144036675116887
4.5751953125 0.144186303089695
4.57763671875 0.144336008390502
4.580078125 0.144485790949783
4.58251953125 0.144635650697809
4.5849609375 0.144785587564642
4.58740234375 0.144935601480142
4.58984375 0.145085692373962
4.59228515625 0.145235860175549
4.5947265625 0.145386104814146
4.59716796875 0.145536426218791
4.599609375 0.145686824318315
4.60205078125 0.145837299041345
4.6044921875 0.145987850316302
4.60693359375 0.146138478071403
4.609375 0.146289182234659
4.61181640625 0.146439962733875
4.6142578125 0.146590819496652
4.61669921875 0.146741752450386
4.619140625 0.146892761522266
4.62158203125 0.147043846639279
4.6240234375 0.147195007728204
4.62646484375 0.147346244715616
4.62890625 0.147497557527886
4.63134765625 0.147648946091178
4.6337890625 0.147800410331453
4.63623046875 0.147951950174466
4.638671875 0.148103565545768
4.64111328125 0.148255256370704
4.6435546875 0.148407022574415
4.64599609375 0.148558864081836
4.6484375 0.148710780817699
4.65087890625 0.148862772706531
4.6533203125 0.149014839672653
4.65576171875 0.149166981640183
4.658203125 0.149319198533032
4.66064453125 0.149471490274911
4.6630859375 0.149623856789321
4.66552734375 0.149776297999562
4.66796875 0.149928813828729
4.67041015625 0.150081404199713
4.6728515625 0.150234069035199
4.67529296875 0.150386808257669
4.677734375 0.150539621789402
4.68017578125 0.15069250955247
4.6826171875 0.150845471468743
4.68505859375 0.150998507459887
4.6875 0.151151617447362
4.68994140625 0.151304801352427
4.6923828125 0.151458059096134
4.69482421875 0.151611390599334
4.697265625 0.151764795782672
4.69970703125 0.151918274566592
4.7021484375 0.15207182687133
4.70458984375 0.152225452616924
4.70703125 0.152379151723203
4.70947265625 0.152532924109796
4.7119140625 0.152686769696129
4.71435546875 0.152840688401422
4.716796875 0.152994680144693
4.71923828125 0.153148744844758
4.7216796875 0.153302882420227
4.72412109375 0.153457092789511
4.7265625 0.153611375870815
4.72900390625 0.153765731582142
4.7314453125 0.153920159841292
4.73388671875 0.154074660565862
4.736328125 0.154229233673247
4.73876953125 0.15438387908064
4.7412109375 0.154538596705029
4.74365234375 0.154693386463202
4.74609375 0.154848248271744
4.74853515625 0.155003182047038
4.7509765625 0.155158187705263
4.75341796875 0.155313265162398
4.755859375 0.155468414334219
4.75830078125 0.1556236351363
4.7607421875 0.155778927484014
4.76318359375 0.155934291292532
4.765625 0.156089726476822
4.76806640625 0.156245232951653
4.7705078125 0.156400810631589
4.77294921875 0.156556459430995
4.775390625 0.156712179264036
4.77783203125 0.156867970044672
4.7802734375 0.157023831686665
4.78271484375 0.157179764103575
4.78515625 0.15733576720876
4.78759765625 0.15749184091538
4.7900390625 0.15764798513639
4.79248046875 0.157804199784549
4.794921875 0.157960484772413
4.79736328125 0.158116840012337
4.7998046875 0.158273265416478
4.80224609375 0.15842976089679
4.8046875 0.158586326365029
4.80712890625 0.158742961732751
4.8095703125 0.158899666911311
4.81201171875 0.159056441811865
4.814453125 0.159213286345369
4.81689453125 0.15937020042258
4.8193359375 0.159527183954054
4.82177734375 0.15968423685015
4.82421875 0.159841359021027
4.82666015625 0.159998550376644
4.8291015625 0.160155810826761
4.83154296875 0.160313140280941
4.833984375 0.160470538648546
4.83642578125 0.160628005838742
4.8388671875 0.160785541760494
4.84130859375 0.160943146322571
4.84375 0.16110081943354
4.84619140625 0.161258561001775
4.8486328125 0.161416370935448
4.85107421875 0.161574249142535
4.853515625 0.161732195530814
4.85595703125 0.161890210007865
4.8583984375 0.162048292481072
4.86083984375 0.162206442857619
4.86328125 0.162364661044496
4.86572265625 0.162522946948493
4.8681640625 0.162681300476204
4.87060546875 0.162839721534029
4.873046875 0.162998210028168
4.87548828125 0.163156765864624
4.8779296875 0.163315388949208
4.88037109375 0.16347407918753
4.8828125 0.163632836485006
4.88525390625 0.163791660746857
4.8876953125 0.163950551878107
4.89013671875 0.164109509783584
4.892578125 0.164268534367922
4.89501953125 0.164427625535559
4.8974609375 0.164586783190737
4.89990234375 0.164746007237503
4.90234375 0.164905297579711
4.90478515625 0.165064654121019
4.9072265625 0.16522407676489
4.90966796875 0.165383565414593
4.912109375 0.165543119973202
4.91455078125 0.165702740343599
4.9169921875 0.165862426428471
4.91943359375 0.16602217813031
4.921875 0.166181995351415
4.92431640625 0.166341877993893
4.9267578125 0.166501825959657
4.92919921875 0.166661839150425
4.931640625 0.166821917467724
4.93408203125 0.166982060812888
4.9365234375 0.167142269087057
4.93896484375 0.167302542191182
4.94140625 0.167462880026018
4.94384765625 0.167623282492128
4.9462890625 0.167783749489887
4.94873046875 0.167944280919473
4.951171875 0.168104876680876
4.95361328125 0.168265536673894
4.9560546875 0.168426260798133
4.95849609375 0.168587048953008
4.9609375 0.168747901037743
4.96337890625 0.168908816951372
4.9658203125 0.169069796592738
4.96826171875 0.169230839860495
4.970703125 0.169391946653103
4.97314453125 0.169553116868837
4.9755859375 0.169714350405779
4.97802734375 0.169875647161822
4.98046875 0.17003700703467
4.98291015625 0.170198429921838
4.9853515625 0.170359915720652
4.98779296875 0.170521464328248
4.990234375 0.170683075641574
4.99267578125 0.17084474955739
4.9951171875 0.171006485972268
4.99755859375 0.171168284782591
5 0.171330145884554
Total steps: 8192
