0 0
0.25 0.00281489260328696
0.5 0.00601885035988348
0.75 0.00965880508099426
1 0.0137852958822989
1.25 0.0184521161559117
1.5 0.0237157268290848
1.75 0.0296343867320018
2 0.0362669532033026
2.25 0.0436713143538745
2.5 0.0519024306168752
2.75 0.0610099889824989
3 0.0710357094882553
3.25 0.0820103894764272
3.5 0.0939508240494935
3.75 0.106856795599247
4 0.120708373098028
4.25 0.135463792860527
4.5 0.151058196169189
4.75 0.167403467022062
5 0.184389341681439
5.25 0.2018858542393
5.5 0.219747050752657
5.75 0.237815767235389
6 0.255929146023359
6.25 0.273924481470973
6.5 0.291644953957848
6.75 0.308944835340108
7 0.325693823155403
7.25 0.3417802702329
7.5 0.357113201258915
7.75 0.371623128594752
8 0.385261780382281
8.25 0.398000925043394
8.5 0.409830514678045
8.75 0.420756378186899
9 0.430797679466967
9.25 0.43998432463304
9.5 0.448354462650844
9.75 0.455952182497521
10 0.462825471649497
10.25 0.469024468144573
10.5 0.474600012899654
10.75 0.479602490441028
11 0.484080934024056
11.25 0.488082364200025
11.5 0.491651327029091
11.75 0.494829598198103
12 0.497656021295388
12.25 0.500166451630929
12.5 0.502393780675107
12.75 0.504368020002071
13 0.506116427288497
13.25 0.507663660269983
13.5 0.509031947512199
13.75 0.510241267385103
14 0.511309528745839
14.25 0.512252748570615
14.5 0.513085223170852
14.75 0.513819690730701
15 0.514467483758071
15.25 0.5150386706924
15.5 0.515542186398007
15.75 0.515985951625146
16 0.516376981769818
16.25 0.516721485431474
16.5 0.517024953373749
16.75 0.517292238552768
17 0.517527627902499
17.25 0.517734906566528
17.5 0.517917415248188
17.75 0.518078101321522
18 0.518219564308771
18.25 0.518344096288875
18.5 0.518453717758426
18.75 0.518550209423189
19 0.518635140355989
19.25 0.518709892916159
19.5 0.518775684787465
19.75 0.518833588455698
20 0.518884548414084
20.25 0.518929396354392
20.5 0.518968864574002
20.75 0.519003597804142
21 0.519034163641892
21.25 0.51906106174819
21.5 0.519084731955823
21.75 0.519105561415019
22 0.519123890889695
22.25 0.51914002030438
22.5 0.519154213630283
22.75 0.519166703188681
23 0.519177693440683
23.25 0.519187364324356
23.5 0.51919587419299
23.75 0.519203362402004
24 0.519209951586339
24.25 0.519215749665251
24.5 0.51922085160705
24.75 0.519225340982448
25 0.519229291331791
25.25 0.519232767368423
25.5 0.519235826037794
25.75 0.519238517449586
26 0.519240885698045
26.25 0.519242969583925
26.5 0.519244803249831
26.75 0.519246416739337
27 0.51924783648901
27.25 0.519249085761405
27.5 0.51925018502609
27.75 0.519251152294941
28 0.519252003417197
28.25 0.519252752339102
28.5 0.519253411332371
28.75 0.51925399119524
29 0.51925450142938
29.25 0.519254950395563
29.5 0.519255345450656
29.75 0.51925569306815
30 0.519255998944232
30.25 0.519256268091116
30.5 0.519256504919168
30.75 0.519256713309172
31 0.519256896675922
31.25 0.519257058024172
31.5 0.51925719999787
31.75 0.519257324923489
32 0.51925743484814
Total steps: 128
