0 0
1 0.0176708490619746
2 0.0480778758111855
3 0.0948309232444367
4 0.157167011653514
5 0.228384716862373
6 0.298703193835096
7 0.360063430805511
8 0.408688265794627
9 0.444590983463702
10 0.469816896995076
11 0.486952928768043
12 0.498335010173004
13 0.505784734898743
14 0.51061431348438
15 0.513726046569721
16 0.515723042176575
17 0.517001397177131
18 0.517818397791589
19 0.518340005618312
20 0.51867280245545
21 0.518885044525157
22 0.519020366146696
23 0.519106629951202
24 0.519161614752349
25 0.51919665978923
26 0.519218995055997
27 0.519233229598208
28 0.519242301285068
29 0.519248082613162
30 0.519251766989705
31 0.519254114991249
32 0.51925561133529
Total steps: 32
