0 0
0.001953125 1.95407910267021e-05
0.00390625 3.91006726857075e-05
0.005859375 5.86796621319108e-05
0.0078125 7.82777765325809e-05
0.009765625 9.78950330673635e-05
0.01171875 0.000117531448928284
0.013671875 0.000137187041319749
0.015625 0.000156861827458549
0.017578125 0.000176555824573864
0.01953125 0.000196269049907261
0.021484375 0.000216001520712698
0.0234375 0.00023575325425653
0.025390625 0.000255524267817507
0.02734375 0.000275314578686777
0.029296875 0.000295124204167893
0.03125 0.000314953161576807
0.033203125 0.000334801468241882
0.03515625 0.000354669141503887
0.037109375 0.000374556198716001
0.0390625 0.000394462657243818
0.041015625 0.000414388534465348
0.04296875 0.000434333847771017
0.044921875 0.000454298614563673
0.046875 0.000474282852258583
0.048828125 0.000494286578283443
0.05078125 0.000514309810078372
0.052734375 0.00053435256509592
0.0546875 0.000554414860801069
0.056640625 0.000574496714671232
0.05859375 0.000594598144196258
0.060546875 0.000614719166878436
0.0625 0.000634859800232493
0.064453125 0.000655020061785597
0.06640625 0.000675199969077361
0.068359375 0.000695399539659845
0.0703125 0.000715618791097556
0.072265625 0.000735857740967452
0.07421875 0.000756116406858941
0.076171875 0.000776394806373889
0.078125 0.000796692957126615
0.080078125 0.000817010876743897
0.08203125 0.000837348582864975
0.083984375 0.000857706093141548
0.0859375 0.000878083425237782
0.087890625 0.000898480596830306
0.08984375 0.00091889762560822
0.091796875 0.000939334529273092
0.09375 0.000959791325538961
0.095703125 0.000980268032132341
0.09765625 0.00100076466679222
0.099609375 0.00102128124727006
0.1015625 0.00104181779132982
0.103515625 0.0010623743167479
0.10546875 0.00108295084131323
0.107421875 0.0011035473828272
0.109375 0.00112416395910367
0.111328125 0.00114480058796902
0.11328125 0.0011654572872621
0.115234375 0.00118613407483425
0.1171875 0.00120683096854932
0.119140625 0.00122754798628364
0.12109375 0.00124828514592603
0.123046875 0.00126904246537782
0.125 0.00128981996255283
0.126953125 0.00131061765537739
0.12890625 0.00133143556179033
0.130859375 0.00135227369974298
0.1328125 0.00137313208719917
0.134765625 0.00139401074213524
0.13671875 0.00141490968254006
0.138671875 0.00143582892641497
0.140625 0.00145676849177386
0.142578125 0.0014777283966431
0.14453125 0.00149870865906159
0.146484375 0.00151970929708075
0.1484375 0.00154073032876451
0.150390625 0.00156177177218932
0.15234375 0.00158283364544414
0.154296875 0.00160391596663047
0.15625 0.0016250187538623
0.158203125 0.00164614202526619
0.16015625 0.00166728579898118
0.162109375 0.00168845009315886
0.1640625 0.00170963492596335
0.166015625 0.00173084031557127
0.16796875 0.0017520662801718
0.169921875 0.00177331283796665
0.171875 0.00179458000717003
0.173828125 0.00181586780600872
0.17578125 0.00183717625272201
0.177734375 0.00185850536556174
0.1796875 0.00187985516279227
0.181640625 0.00190122566269051
0.18359375 0.0019226168835459
0.185546875 0.00194402884366044
0.1875 0.00196546156134864
0.189453125 0.00198691505493757
0.19140625 0.00200838934276683
0.193359375 0.00202988444318858
0.1953125 0.00205140037456752
0.197265625 0.00207293715528087
0.19921875 0.00209449480371843
0.201171875 0.00211607333828253
0.203125 0.00213767277738805
0.205078125 0.00215929313946242
0.20703125 0.0021809344429456
0.208984375 0.00220259670629015
0.2109375 0.00222427994796112
0.212890625 0.00224598418643614
0.21484375 0.00226770944020541
0.216796875 0.00228945572777166
0.21875 0.00231122306765016
0.220703125 0.00233301147836877
0.22265625 0.00235482097846789
0.224609375 0.00237665158650046
0.2265625 0.00239850332103199
0.228515625 0.00242037620064056
0.23046875 0.00244227024391678
0.232421875 0.00246418546946383
0.234375 0.00248612189589746
0.236328125 0.00250807954184596
0.23828125 0.00253005842595019
0.240234375 0.00255205856686357
0.2421875 0.00257407998325207
0.244140625 0.00259612269379423
0.24609375 0.00261818671718116
0.248046875 0.00264027207211651
0.25 0.00266237877731651
0.251953125 0.00268450685150993
0.25390625 0.00270665631343814
0.255859375 0.00272882718185504
0.2578125 0.0027510194755271
0.259765625 0.00277323321323336
0.26171875 0.00279546841376542
0.263671875 0.00281772509592745
0.265625 0.00284000327853617
0.267578125 0.00286230298042087
0.26953125 0.00288462422042342
0.271484375 0.00290696701739823
0.2734375 0.00292933139021229
0.275390625 0.00295171735774515
0.27734375 0.00297412493888893
0.279296875 0.00299655415254831
0.28125 0.00301900501764052
0.283203125 0.00304147755309539
0.28515625 0.00306397177785528
0.287109375 0.00308648771087514
0.2890625 0.00310902537112247
0.291015625 0.00313158477757734
0.29296875 0.00315416594923238
0.294921875 0.00317676890509279
0.296875 0.00319939366417633
0.298828125 0.00322204024551333
0.30078125 0.00324470866814668
0.302734375 0.00326739895113182
0.3046875 0.00329011111353679
0.306640625 0.00331284517444216
0.30859375 0.00333560115294107
0.310546875 0.00335837906813924
0.3125 0.00338117893915491
0.314453125 0.00340400078511894
0.31640625 0.00342684462517471
0.318359375 0.00344971047847817
0.3203125 0.00347259836419783
0.322265625 0.00349550830151478
0.32421875 0.00351844030962264
0.326171875 0.00354139440772762
0.328125 0.00356437061504845
0.330078125 0.00358736895081646
0.33203125 0.0036103894342755
0.333984375 0.00363343208468202
0.3359375 0.00365649692130498
0.337890625 0.00367958396342593
0.33984375 0.00370269323033897
0.341796875 0.00372582474135073
0.34375 0.00374897851578043
0.345703125 0.00377215457295982
0.34765625 0.00379535293223322
0.349609375 0.00381857361295747
0.3515625 0.003841816634502
0.353515625 0.00386508201624876
0.35546875 0.00388836977759227
0.357421875 0.00391167993793959
0.359375 0.00393501251671032
0.361328125 0.00395836753333662
0.36328125 0.0039817450072632
0.365234375 0.00400514495794729
0.3671875 0.00402856740485869
0.369140625 0.00405201236747974
0.37109375 0.00407547986530529
0.373046875 0.00409896991784279
0.375 0.00412248254461216
0.376953125 0.00414601776514593
0.37890625 0.0041695755989891
0.380859375 0.00419315606569927
0.3828125 0.00421675918484652
0.384765625 0.0042403849760135
0.38671875 0.00426403345879538
0.388671875 0.00428770465279987
0.390625 0.00431139857764719
0.392578125 0.00433511525297011
0.39453125 0.00435885469841393
0.396484375 0.00438261693363646
0.3984375 0.00440640197830805
0.400390625 0.00443020985211156
0.40234375 0.00445404057474238
0.404296875 0.00447789416590843
0.40625 0.00450177064533013
0.408203125 0.00452567003274043
0.41015625 0.0045495923478848
0.412109375 0.00457353761052122
0.4140625 0.00459750584042019
0.416015625 0.00462149705736471
0.41796875 0.00464551128115029
0.419921875 0.00466954853158497
0.421875 0.00469360882848927
0.423828125 0.00471769219169623
0.42578125 0.0047417986410514
0.427734375 0.00476592819641282
0.4296875 0.00479008087765103
0.431640625 0.00481425670464908
0.43359375 0.0048384556973025
0.435546875 0.00486267787551933
0.4375 0.0048869232592201
0.439453125 0.00491119186833782
0.44140625 0.004935483722818
0.443359375 0.00495979884261864
0.4453125 0.00498413724771021
0.447265625 0.00500849895807568
0.44921875 0.0050328839937105
0.451171875 0.00505729237462258
0.453125 0.00508172412083234
0.455078125 0.00510617925237263
0.45703125 0.00513065778928883
0.458984375 0.00515515975163874
0.4609375 0.00517968515949265
0.462890625 0.00520423403293332
0.46484375 0.00522880639205596
0.466796875 0.00525340225696827
0.46875 0.00527802164779038
0.470703125 0.00530266458465489
0.47265625 0.00532733108770685
0.474609375 0.00535202117710378
0.4765625 0.00537673487301562
0.478515625 0.00540147219562478
0.48046875 0.00542623316512612
0.482421875 0.00545101780172693
0.484375 0.00547582612564694
0.486328125 0.00550065815711832
0.48828125 0.00552551391638568
0.490234375 0.00555039342370607
0.4921875 0.00557529669934895
0.494140625 0.00560022376359622
0.49609375 0.00562517463674222
0.498046875 0.00565014933909367
0.5 0.00567514789096976
0.501953125 0.00570017031270206
0.50390625 0.00572521662463457
0.505859375 0.0057502868471237
0.5078125 0.00577538100053827
0.509765625 0.0058004991052595
0.51171875 0.00582564118168101
0.513671875 0.00585080725020884
0.515625 0.0058759973312614
0.517578125 0.00590121144526952
0.51953125 0.00592644961267639
0.521484375 0.00595171185393763
0.5234375 0.0059769981895212
0.525390625 0.00600230863990747
0.52734375 0.00602764322558919
0.529296875 0.00605300196707147
0.53125 0.0060783848848718
0.533203125 0.00610379199952005
0.53515625 0.00612922333155843
0.537109375 0.00615467890154154
0.5390625 0.00618015873003633
0.541015625 0.0062056628376221
0.54296875 0.00623119124489051
0.544921875 0.00625674397244557
0.546875 0.00628232104090363
0.548828125 0.00630792247089339
0.55078125 0.00633354828305588
0.552734375 0.00635919849804448
0.5546875 0.0063848731365249
0.556640625 0.00641057221917516
0.55859375 0.00643629576668564
0.560546875 0.00646204379975899
0.5625 0.00648781633911024
0.564453125 0.00651361340546669
0.56640625 0.00653943501956796
0.568359375 0.00656528120216599
0.5703125 0.00659115197402502
0.572265625 0.00661704735592157
0.57421875 0.00664296736864449
0.576171875 0.00666891203299488
0.578125 0.00669488136978617
0.580078125 0.00672087539984405
0.58203125 0.00674689414400649
0.583984375 0.00677293762312374
0.5859375 0.00679900585805834
0.587890625 0.00682509886968507
0.58984375 0.00685121667889099
0.591796875 0.00687735930657542
0.59375 0.00690352677364993
0.595703125 0.00692971910103835
0.59765625 0.00695593630967675
0.599609375 0.00698217842051345
0.6015625 0.00700844545450901
0.603515625 0.00703473743263622
0.60546875 0.0070610543758801
0.607421875 0.00708739630523791
0.609375 0.00711376324171911
0.611328125 0.0071401552063454
0.61328125 0.00716657222015067
0.615234375 0.00719301430418106
0.6171875 0.00721948147949486
0.619140625 0.00724597376716261
0.62109375 0.00727249118826701
0.623046875 0.00729903376390297
0.625 0.00732560151517758
0.626953125 0.00735219446321011
0.62890625 0.00737881262913201
0.630859375 0.00740545603408692
0.6328125 0.0074321246992306
0.634765625 0.00745881864573104
0.63671875 0.00748553789476832
0.638671875 0.00751228246753472
0.640625 0.00753905238523466
0.642578125 0.00756584766908469
0.64453125 0.00759266834031351
0.646484375 0.00761951442016194
0.6484375 0.00764638592988295
0.650390625 0.00767328289074163
0.65234375 0.00770020532401517
0.654296875 0.00772715325099289
0.65625 0.00775412669297622
0.658203125 0.00778112567127868
0.66015625 0.0078081502072259
0.662109375 0.0078352003221556
0.6640625 0.00786227603741759
0.666015625 0.00788937737437376
0.66796875 0.00791650435439807
0.669921875 0.00794365699887658
0.671875 0.00797083532920738
0.673828125 0.00799803936680065
0.67578125 0.00802526913307861
0.677734375 0.00805252464947552
0.6796875 0.00807980593743772
0.681640625 0.00810711301842357
0.68359375 0.00813444591390344
0.685546875 0.00816180464535978
0.6875 0.00818918923428701
0.689453125 0.0082165997021916
0.69140625 0.00824403607059203
0.693359375 0.00827149836101876
0.6953125 0.00829898659501429
0.697265625 0.00832650079413307
0.69921875 0.00835404097994157
0.701171875 0.00838160717401823
0.703125 0.00840919939795347
0.705078125 0.00843681767334968
0.70703125 0.0084644620218212
0.708984375 0.00849213246499436
0.7109375 0.00851982902450741
0.712890625 0.00854755172201057
0.71484375 0.00857530057916599
0.716796875 0.00860307561764775
0.71875 0.00863087685914186
0.720703125 0.00865870432534627
0.72265625 0.00868655803797081
0.724609375 0.00871443801873725
0.7265625 0.00874234428937926
0.728515625 0.00877027687164239
0.73046875 0.00879823578728408
0.732421875 0.00882622105807368
0.734375 0.0088542327057924
0.736328125 0.00888227075223331
0.73828125 0.00891033521920136
0.740234375 0.00893842612851335
0.7421875 0.00896654350199795
0.744140625 0.00899468736149564
0.74609375 0.00902285772885877
0.748046875 0.00905105462595151
0.75 0.00907927807464984
0.751953125 0.00910752809684158
0.75390625 0.00913580471442635
0.755859375 0.00916410794931558
0.7578125 0.00919243782343248
0.759765625 0.00922079435871209
0.76171875 0.00924917757710117
0.763671875 0.00927758750055833
0.765625 0.00930602415105389
0.767578125 0.00933448755056995
0.76953125 0.00936297772110039
0.771484375 0.00939149468465081
0.7734375 0.00942003846323856
0.775390625 0.00944860907889271
0.77734375 0.00947720655365409
0.779296875 0.00950583090957522
0.78125 0.00953448216872034
0.783203125 0.0095631603531654
0.78515625 0.00959186548499803
0.787109375 0.00962059758631758
0.7890625 0.00964935667923505
0.791015625 0.00967814278587313
0.79296875 0.00970695592836619
0.794921875 0.00973579612886024
0.796875 0.00976466340951295
0.798828125 0.00979355779249362
0.80078125 0.00982247929998322
0.802734375 0.00985142795417432
0.8046875 0.00988040377727112
0.806640625 0.00990940679148944
0.80859375 0.0099384370190567
0.810546875 0.00996749448221191
0.8125 0.00999657920320568
0.814453125 0.0100256912043002
0.81640625 0.0100548305077693
0.818359375 0.0100839971358981
0.8203125 0.0101131911109838
0.822265625 0.0101424124553346
0.82421875 0.0101716611912705
0.826171875 0.0102009373411232
0.828125 0.0102302409272355
0.830078125 0.0102595719719621
0.83203125 0.010288930497669
0.833984375 0.0103183165267339
0.8359375 0.0103477300815456
0.837890625 0.0103771711845049
0.83984375 0.0104066398580237
0.841796875 0.0104361361245255
0.84375 0.0104656600064453
0.845703125 0.0104952115262293
0.84765625 0.0105247907063356
0.849609375 0.0105543975692332
0.8515625 0.010584032137403
0.853515625 0.0106136944333371
0.85546875 0.0106433844795389
0.857421875 0.0106731022985233
0.859375 0.0107028479128167
0.861328125 0.0107326213449568
0.86328125 0.0107624226174925
0.865234375 0.0107922517529843
0.8671875 0.010822108774004
0.869140625 0.0108519937031347
0.87109375 0.0108819065629707
0.873046875 0.010911847376118
0.875 0.0109418161651936
0.876953125 0.0109718129528258
0.87890625 0.0110018377616545
0.880859375 0.0110318906143304
0.8828125 0.0110619715335161
0.884765625 0.0110920805418848
0.88671875 0.0111222176621215
0.888671875 0.0111523829169223
0.890625 0.0111825763289943
0.892578125 0.0112127979210561
0.89453125 0.0112430477158375
0.896484375 0.0112733257360794
0.8984375 0.011303632004534
0.900390625 0.0113339665439647
0.90234375 0.0113643293771459
0.904296875 0.0113947205268635
0.90625 0.0114251400159142
0.908203125 0.0114555878671062
0.91015625 0.0114860641032586
0.912109375 0.0115165687472018
0.9140625 0.0115471018217771
0.916015625 0.0115776633498372
0.91796875 0.0116082533542457
0.919921875 0.0116388718578774
0.921875 0.0116695188836181
0.923828125 0.0117001944543647
0.92578125 0.0117308985930253
0.927734375 0.0117616313225189
0.9296875 0.0117923926657756
0.931640625 0.0118231826457364
0.93359375 0.0118540012853537
0.935546875 0.0118848486075904
0.9375 0.0119157246354208
0.939453125 0.01194662939183
0.94140625 0.0119775628998141
0.943359375 0.0120085251823804
0.9453125 0.0120395162625468
0.947265625 0.0120705361633423
0.94921875 0.012101584907807
0.951171875 0.0121326625189917
0.953125 0.0121637690199582
0.955078125 0.0121949044337793
0.95703125 0.0122260687835385
0.958984375 0.0122572620923303
0.9609375 0.0122884843832602
0.962890625 0.0123197356794442
0.96484375 0.0123510160040097
0.966796875 0.0123823253800943
0.96875 0.012413663830847
0.970703125 0.0124450313794273
0.97265625 0.0124764280490055
0.974609375 0.0125078538627629
0.9765625 0.0125393088438914
0.978515625 0.0125707930155937
0.98046875 0.0126023064010834
0.982421875 0.0126338490235847
0.984375 0.0126654209063326
0.986328125 0.0126970220725729
0.98828125 0.0127286525455618
0.990234375 0.0127603123485667
0.9921875 0.0127920015048653
0.994140625 0.0128237200377461
0.99609375 0.0128554679705084
0.998046875 0.0128872453264619
1 0.0129190521289272
1.001953125 0.0129508884012353
1.00390625 0.0129827541667281
1.005859375 0.0130146494487579
1.0078125 0.0130465742706876
1.009765625 0.0130785286558907
1.01171875 0.0131105126277515
1.013671875 0.0131425262096645
1.015625 0.013174569425035
1.017578125 0.0132066422972788
1.01953125 0.0132387448498221
1.021484375 0.0132708771061017
1.0234375 0.013303039089565
1.025390625 0.0133352308236697
1.02734375 0.0133674523318841
1.029296875 0.0133997036376869
1.03125 0.0134319847645674
1.033203125 0.0134642957360251
1.03515625 0.01349663657557
1.037109375 0.0135290073067227
1.0390625 0.0135614079530139
1.041015625 0.013593838537985
1.04296875 0.0136262990851875
1.044921875 0.0136587896181834
1.046875 0.013691310160545
1.048828125 0.0137238607358551
1.05078125 0.0137564413677066
1.052734375 0.0137890520797027
1.0546875 0.0138216928954572
1.056640625 0.0138543638385938
1.05859375 0.0138870649327467
1.060546875 0.0139197962015603
1.0625 0.0139525576686892
1.064453125 0.0139853493577984
1.06640625 0.0140181712925629
1.068359375 0.014051023496668
1.0703125 0.0140839059938092
1.072265625 0.0141168188076922
1.07421875 0.0141497619620328
1.076171875 0.0141827354805569
1.078125 0.0142157393870007
1.080078125 0.0142487737051104
1.08203125 0.0142818384586423
1.083984375 0.014314933671363
1.0859375 0.0143480593670488
1.087890625 0.0143812155694864
1.08984375 0.0144144023024724
1.091796875 0.0144476195898135
1.09375 0.0144808674553264
1.095703125 0.0145141459228377
1.09765625 0.0145474550161843
1.099609375 0.0145807947592127
1.1015625 0.0146141651757797
1.103515625 0.0146475662897518
1.10546875 0.0146809981250056
1.107421875 0.0147144607054276
1.109375 0.0147479540549141
1.111328125 0.0147814781973715
1.11328125 0.0148150331567158
1.115234375 0.0148486189568731
1.1171875 0.0148822356217793
1.119140625 0.0149158831753801
1.12109375 0.0149495616416311
1.123046875 0.0149832710444976
1.125 0.0150170114079547
1.126953125 0.0150507827559873
1.12890625 0.0150845851125902
1.130859375 0.0151184185017678
1.1328125 0.0151522829475342
1.134765625 0.0151861784739133
1.13671875 0.0152201051049387
1.138671875 0.0152540628646537
1.140625 0.0152880517771112
1.142578125 0.0153220718663739
1.14453125 0.015356123156514
1.146484375 0.0153902056716133
1.1484375 0.0154243194357633
1.150390625 0.0154584644730652
1.15234375 0.0154926408076296
1.154296875 0.0155268484635767
1.15625 0.0155610874650363
1.158203125 0.0155953578361477
1.16015625 0.0156296596010598
1.162109375 0.0156639927839308
1.1640625 0.0156983574089287
1.166015625 0.0157327535002306
1.16796875 0.0157671810820233
1.169921875 0.0158016401785031
1.171875 0.0158361308138755
1.173828125 0.0158706530123555
1.17578125 0.0159052067981676
1.177734375 0.0159397921955455
1.1796875 0.0159744092287323
1.181640625 0.0160090579219805
1.18359375 0.016043738299552
1.185546875 0.0160784503857179
1.1875 0.0161131942047585
1.189453125 0.0161479697809635
1.19140625 0.0161827771386319
1.193359375 0.0162176163020718
1.1953125 0.0162524872956008
1.197265625 0.0162873901435453
1.19921875 0.0163223248702412
1.201171875 0.0163572915000336
1.203125 0.0163922900572764
1.205078125 0.0164273205663332
1.20703125 0.0164623830515762
1.208984375 0.0164974775373869
1.2109375 0.0165326040481561
1.212890625 0.0165677626082834
1.21484375 0.0166029532421776
1.216796875 0.0166381759742564
1.21875 0.0166734308289466
1.220703125 0.0167087178306842
1.22265625 0.0167440370039138
1.224609375 0.0167793883730893
1.2265625 0.0168147719626734
1.228515625 0.0168501877971378
1.23046875 0.0168856359009631
1.232421875 0.0169211162986386
1.234375 0.016956629014663
1.236328125 0.0169921740735432
1.23828125 0.0170277514997955
1.240234375 0.0170633613179448
1.2421875 0.0170990035525247
1.244140625 0.0171346782280778
1.24609375 0.0171703853691554
1.248046875 0.0172061250003176
1.25 0.0172418971461331
1.251953125 0.0172777018311794
1.25390625 0.0173135390800428
1.255859375 0.0173494089173182
1.2578125 0.0173853113676091
1.259765625 0.0174212464555277
1.26171875 0.017457214205695
1.263671875 0.0174932146427403
1.265625 0.0175292477913018
1.267578125 0.0175653136760259
1.26953125 0.017601412321568
1.271484375 0.0176375437525917
1.2734375 0.0176737079937693
1.275390625 0.0177099050697815
1.27734375 0.0177461350053175
1.279296875 0.017782397825075
1.28125 0.0178186935537602
1.283203125 0.0178550222160875
1.28515625 0.0178913838367799
1.287109375 0.0179277784405688
1.2890625 0.0179642060521938
1.291015625 0.018000666696403
1.29296875 0.0180371603979527
1.294921875 0.0180736871816078
1.296875 0.018110247072141
1.298828125 0.0181468400943337
1.30078125 0.0181834662729754
1.302734375 0.0182201256328637
1.3046875 0.0182568181988047
1.306640625 0.0182935439956124
1.30859375 0.0183303030481091
1.310546875 0.0183670953811252
1.3125 0.0184039210194994
1.314453125 0.0184407799880784
1.31640625 0.0184776723117168
1.318359375 0.0185145980152777
1.3203125 0.0185515571236317
1.322265625 0.018588549661658
1.32421875 0.0186255756542435
1.326171875 0.018662635126283
1.328125 0.0186997281026795
1.330078125 0.0187368546083438
1.33203125 0.0187740146681948
1.333984375 0.018811208307159
1.3359375 0.0188484355501712
1.337890625 0.0188856964221738
1.33984375 0.018922990948117
1.341796875 0.0189603191529591
1.34375 0.0189976810616658
1.345703125 0.019035076699211
1.34765625 0.0190725060905761
1.349609375 0.0191099692607503
1.3515625 0.0191474662347306
1.353515625 0.0191849970375217
1.35546875 0.0192225616941359
1.357421875 0.0192601602295931
1.359375 0.019297792668921
1.361328125 0.0193354590371548
1.36328125 0.0193731593593374
1.365234375 0.0194108936605192
1.3671875 0.0194486619657581
1.369140625 0.0194864643001197
1.37109375 0.0195243006886768
1.373046875 0.0195621711565102
1.375 0.0196000757287076
1.376953125 0.0196380144303645
1.37890625 0.0196759872865837
1.380859375 0.0197139943224754
1.3828125 0.0197520355631573
1.384765625 0.0197901110337543
1.38671875 0.0198282207593986
1.388671875 0.01986636476523
1.390625 0.0199045430763952
1.392578125 0.0199427557180485
1.39453125 0.0199810027153512
1.396484375 0.0200192840934721
1.3984375 0.0200575998775868
1.400390625 0.0200959500928785
1.40234375 0.0201343347645373
1.404296875 0.0201727539177605
1.40625 0.0202112075777525
1.408203125 0.0202496957697248
1.41015625 0.020288218518896
1.412109375 0.0203267758504917
1.4140625 0.0203653677897445
1.416015625 0.0204039943618941
1.41796875 0.0204426555921869
1.419921875 0.0204813515058767
1.421875 0.0205200821282238
1.423828125 0.0205588474844956
1.42578125 0.0205976475999664
1.427734375 0.0206364824999173
1.4296875 0.0206753522096363
1.431640625 0.0207142567544181
1.43359375 0.0207531961595643
1.435546875 0.0207921704503832
1.4375 0.0208311796521898
1.439453125 0.0208702237903059
1.44140625 0.02090930289006
1.443359375 0.0209484169767872
1.4453125 0.0209875660758293
1.447265625 0.0210267502125347
1.44921875 0.0210659694122583
1.451171875 0.0211052237003618
1.453125 0.0211445131022133
1.455078125 0.0211838376431874
1.45703125 0.0212231973486653
1.458984375 0.0212625922440346
1.4609375 0.0213020223546893
1.462890625 0.0213414877060299
1.46484375 0.0213809883234635
1.466796875 0.0214205242324032
1.46875 0.0214600954582687
1.470703125 0.0214997020264859
1.47265625 0.0215393439624872
1.474609375 0.0215790212917111
1.4765625 0.0216187340396024
1.478515625 0.0216584822316121
1.48046875 0.0216982658931975
1.482421875 0.021738085049822
1.484375 0.0217779397269552
1.486328125 0.0218178299500728
1.48828125 0.0218577557446566
1.490234375 0.0218977171361945
1.4921875 0.0219377141501805
1.494140625 0.0219777468121146
1.49609375 0.0220178151475026
1.498046875 0.0220579191818567
1.5 0.0220980589406946
1.501953125 0.0221382344495403
1.50390625 0.0221784457339235
1.505859375 0.0222186928193798
1.5078125 0.0222589757314507
1.509765625 0.0222992944956834
1.51171875 0.0223396491376311
1.513671875 0.0223800396828526
1.515625 0.0224204661569125
1.517578125 0.0224609285853812
1.51953125 0.0225014269938346
1.521484375 0.0225419614078544
1.5234375 0.0225825318530281
1.525390625 0.0226231383549484
1.52734375 0.022663780939214
1.529296875 0.0227044596314289
1.53125 0.0227451744572028
1.533203125 0.0227859254421507
1.53515625 0.0228267126118933
1.537109375 0.0228675359920567
1.5390625 0.0229083956082724
1.541015625 0.0229492914861772
1.54296875 0.0229902236514134
1.544921875 0.0230311921296286
1.546875 0.0230721969464758
1.548828125 0.0231132381276132
1.55078125 0.0231543156987043
1.552734375 0.0231954296854178
1.5546875 0.0232365801134277
1.556640625 0.0232777670084131
1.55859375 0.0233189903960582
1.560546875 0.0233602503020524
1.5625 0.0234015467520904
1.564453125 0.0234428797718715
1.56640625 0.0234842493871006
1.568359375 0.0235256556234871
1.5703125 0.0235670985067458
1.572265625 0.0236085780625963
1.57421875 0.0236500943167629
1.576171875 0.0236916472949753
1.578125 0.0237332370229676
1.580078125 0.0237748635264791
1.58203125 0.0238165268312537
1.583984375 0.0238582269630402
1.5859375 0.0238999639475921
1.587890625 0.0239417378106676
1.58984375 0.0239835485780298
1.591796875 0.0240253962754463
1.59375 0.0240672809286893
1.595703125 0.0241092025635359
1.59765625 0.0241511612057675
1.599609375 0.0241931568811701
1.6015625 0.0242351896155345
1.603515625 0.0242772594346556
1.60546875 0.0243193663643331
1.607421875 0.0243615104303711
1.609375 0.0244036916585779
1.611328125 0.0244459100747664
1.61328125 0.0244881657047538
1.615234375 0.0245304585743616
1.6171875 0.0245727887094156
1.619140625 0.0246151561357461
1.62109375 0.0246575608791871
1.623046875 0.0247000029655774
1.625 0.0247424824207597
1.626953125 0.0247849992705808
1.62890625 0.0248275535408917
1.630859375 0.0248701452575475
1.6328125 0.0249127744464074
1.634765625 0.0249554411333345
1.63671875 0.0249981453441961
1.638671875 0.0250408871048632
1.640625 0.0250836664412111
1.642578125 0.0251264833791186
1.64453125 0.0251693379444687
1.646484375 0.0252122301631481
1.6484375 0.0252551600610474
1.650390625 0.0252981276640609
1.65234375 0.0253411329980867
1.654296875 0.0253841760890267
1.65625 0.0254272569627862
1.658203125 0.0254703756452747
1.66015625 0.0255135321624048
1.662109375 0.0255567265400929
1.6640625 0.0255999588042592
1.666015625 0.025643228980827
1.66796875 0.0256865370957235
1.669921875 0.0257298831748792
1.671875 0.025773267244228
1.673828125 0.0258166893297073
1.67578125 0.025860149457258
1.677734375 0.025903647652824
1.6796875 0.0259471839423529
1.681640625 0.0259907583517954
1.68359375 0.0260343709071054
1.685546875 0.0260780216342402
1.6875 0.0261217105591602
1.689453125 0.026165437707829
1.69140625 0.0262092031062131
1.693359375 0.0262530067802825
1.6953125 0.0262968487560099
1.697265625 0.0263407290593713
1.69921875 0.0263846477163456
1.701171875 0.0264286047529145
1.703125 0.0264726001950629
1.705078125 0.0265166340687785
1.70703125 0.0265607064000518
1.708984375 0.0266048172148762
1.7109375 0.0266489665392479
1.712890625 0.026693154399166
1.71484375 0.026737380820632
1.716796875 0.0267816458296505
1.71875 0.0268259494522284
1.720703125 0.0268702917143756
1.72265625 0.0269146726421043
1.724609375 0.0269590922614295
1.7265625 0.0270035505983687
1.728515625 0.0270480476789416
1.73046875 0.0270925835291709
1.732421875 0.0271371581750813
1.734375 0.0271817716427001
1.736328125 0.027226423958057
1.73828125 0.0272711151471839
1.740234375 0.0273158452361151
1.7421875 0.0273606142508871
1.744140625 0.0274054222175388
1.74609375 0.0274502691621112
1.748046875 0.0274951551106473
1.75 0.0275400800891925
1.751953125 0.0275850441237941
1.75390625 0.0276300472405017
1.755859375 0.0276750894653667
1.7578125 0.0277201708244425
1.759765625 0.0277652913437847
1.76171875 0.0278104510494506
1.763671875 0.0278556499674994
1.765625 0.0279008881239923
1.767578125 0.0279461655449923
1.76953125 0.027991482256564
1.771484375 0.0280368382847739
1.7734375 0.0280822336556902
1.775390625 0.0281276683953829
1.77734375 0.0281731425299234
1.779296875 0.028218656085385
1.78125 0.0282642090878422
1.783203125 0.0283098015633714
1.78515625 0.0283554335380503
1.787109375 0.0284011050379582
1.7890625 0.0284468160891758
1.791015625 0.0284925667177851
1.79296875 0.0285383569498695
1.794921875 0.0285841868115139
1.796875 0.0286300563288042
1.798828125 0.0286759655278278
1.80078125 0.0287219144346732
1.802734375 0.0287679030754302
1.8046875 0.0288139314761895
1.806640625 0.0288599996630432
1.80859375 0.0289061076620842
1.810546875 0.0289522554994067
1.8125 0.0289984432011058
1.814453125 0.0290446707932775
1.81640625 0.0290909383020188
1.818359375 0.0291372457534275
1.8203125 0.0291835931736024
1.822265625 0.029229980588643
1.82421875 0.0292764080246497
1.826171875 0.0293228755077234
1.828125 0.029369383063966
1.830078125 0.0294159307194799
1.83203125 0.0294625185003682
1.833984375 0.0295091464327346
1.8359375 0.0295558145426833
1.837890625 0.029602522856319
1.83984375 0.0296492713997469
1.841796875 0.0296960601990728
1.84375 0.0297428892804027
1.845703125 0.0297897586698431
1.84765625 0.0298366683935007
1.849609375 0.0298836184774827
1.8515625 0.0299306089478964
1.853515625 0.0299776398308492
1.85546875 0.030024711152449
1.857421875 0.0300718229388037
1.859375 0.0301189752160211
1.861328125 0.0301661680102094
1.86328125 0.0302134013474766
1.865234375 0.0302606752539308
1.8671875 0.0303079897556799
1.869140625 0.030355344878832
1.87109375 0.0304027406494947
1.873046875 0.0304501770937757
1.875 0.0304976542377824
1.876953125 0.0305451721076221
1.87890625 0.0305927307294015
1.880859375 0.0306403301292272
1.8828125 0.0306879703332055
1.884765625 0.0307356513674422
1.88671875 0.0307833732580426
1.888671875 0.0308311360311115
1.890625 0.0308789397127535
1.892578125 0.0309267843290722
1.89453125 0.0309746699061709
1.896484375 0.0310225964701521
1.8984375 0.0310705640471178
1.900390625 0.031118572663169
1.90234375 0.0311666223444063
1.904296875 0.0312147131169293
1.90625 0.0312628450068367
1.908203125 0.0313110180402264
1.91015625 0.0313592322431954
1.912109375 0.0314074876418397
1.9140625 0.0314557842622544
1.916015625 0.0315041221305335
1.91796875 0.0315525012727699
1.919921875 0.0316009217150553
1.921875 0.0316493834834804
1.923828125 0.0316978866041346
1.92578125 0.0317464311031061
1.927734375 0.0317950170064818
1.9296875 0.0318436443403472
1.931640625 0.0318923131307867
1.93359375 0.031941023403883
1.935546875 0.0319897751857174
1.9375 0.0320385685023698
1.939453125 0.0320874033799186
1.94140625 0.0321362798444405
1.943359375 0.0321851979220106
1.9453125 0.0322341576387026
1.947265625 0.0322831590205881
1.94921875 0.0323322020937372
1.951171875 0.0323812868842183
1.953125 0.0324304134180977
1.955078125 0.0324795817214402
1.95703125 0.0325287918203082
1.958984375 0.0325780437407628
1.9609375 0.0326273375088624
1.962890625 0.032676673150664
1.96484375 0.032726050692222
1.966796875 0.0327754701595892
1.96875 0.0328249315788158
1.970703125 0.0328744349759499
1.97265625 0.0329239803770376
1.974609375 0.0329735678081224
1.9765625 0.0330231972952457
1.978515625 0.0330728688644463
1.98046875 0.0331225825417608
1.982421875 0.0331723383532233
1.984375 0.0332221363248652
1.986328125 0.0332719764827157
1.98828125 0.0333218588528011
1.990234375 0.0333717834611451
1.9921875 0.033421750333769
1.994140625 0.033471759496691
1.99609375 0.0335218109759269
1.998046875 0.0335719047974894
2 0.0336220409873885
2.001953125 0.0336722195716313
2.00390625 0.0337224405762219
2.005859375 0.0337727040271614
2.0078125 0.033823009950448
2.009765625 0.0338733583720768
2.01171875 0.0339237493180397
2.013671875 0.0339741828143255
2.015625 0.0340246588869197
2.017578125 0.0340751775618047
2.01953125 0.0341257388649595
2.021484375 0.0341763428223599
2.0234375 0.0342269894599781
2.025390625 0.0342776788037831
2.02734375 0.0343284108797403
2.029296875 0.0343791857138117
2.03125 0.0344300033319554
2.033203125 0.0344808637601264
2.03515625 0.0345317670242757
2.037109375 0.0345827131503506
2.0390625 0.034633702164295
2.041015625 0.0346847340920485
2.04296875 0.0347358089595474
2.044921875 0.0347869267927236
2.046875 0.0348380876175055
2.048828125 0.0348892914598174
2.05078125 0.0349405383455795
2.052734375 0.034991828300708
2.0546875 0.0350431613511149
2.056640625 0.0350945375227083
2.05859375 0.0351459568413918
2.060546875 0.035197419333065
2.0625 0.035248925023623
2.064453125 0.0353004739389568
2.06640625 0.0353520661049527
2.068359375 0.0354037015474929
2.0703125 0.035455380292455
2.072265625 0.0355071023657119
2.07421875 0.0355588677931322
2.076171875 0.0356106766005798
2.078125 0.0356625288139138
2.080078125 0.0357144244589887
2.08203125 0.0357663635616543
2.083984375 0.0358183461477555
2.0859375 0.0358703722431323
2.087890625 0.0359224418736201
2.08984375 0.0359745550650489
2.091796875 0.0360267118432441
2.09375 0.0360789122340259
2.095703125 0.0361311562632093
2.09765625 0.0361834439566044
2.099609375 0.0362357753400158
2.1015625 0.0362881504392433
2.103515625 0.0363405692800811
2.10546875 0.0363930318883181
2.107421875 0.0364455382897379
2.109375 0.0364980885101186
2.111328125 0.036550682575233
2.11328125 0.0366033205108483
2.115234375 0.0366560023427259
2.1171875 0.036708728096622
2.119140625 0.0367614977982867
2.12109375 0.0368143114734648
2.123046875 0.036867169147895
2.125 0.0369200708473104
2.126953125 0.0369730165974381
2.12890625 0.0370260064239994
2.130859375 0.0370790403527096
2.1328125 0.037132118409278
2.134765625 0.0371852406194079
2.13671875 0.0372384070087963
2.138671875 0.0372916176031342
2.140625 0.0373448724281065
2.142578125 0.0373981715093916
2.14453125 0.0374515148726617
2.146484375 0.0375049025435827
2.1484375 0.0375583345478142
2.150390625 0.037611810911009
2.15234375 0.0376653316588137
2.154296875 0.0377188968168683
2.15625 0.0377725064108061
2.158203125 0.0378261604662538
2.16015625 0.0378798590088314
2.162109375 0.0379336020641522
2.1640625 0.0379873896578226
2.166015625 0.0380412218154422
2.16796875 0.0380950985626037
2.169921875 0.0381490199248929
2.171875 0.0382029859278885
2.173828125 0.0382569965971621
2.17578125 0.0383110519582783
2.177734375 0.0383651520367946
2.1796875 0.0384192968582611
2.181640625 0.0384734864482209
2.18359375 0.0385277208322094
2.185546875 0.0385820000357551
2.1875 0.0386363240843788
2.189453125 0.0386906930035939
2.19140625 0.0387451068189062
2.193359375 0.0387995655558141
2.1953125 0.0388540692398083
2.197265625 0.0389086178963719
2.19921875 0.0389632115509801
2.201171875 0.0390178502291005
2.203125 0.0390725339561927
2.205078125 0.0391272627577087
2.20703125 0.0391820366590923
2.208984375 0.0392368556857795
2.2109375 0.0392917198631981
2.212890625 0.039346629216768
2.21484375 0.0394015837719007
2.216796875 0.0394565835539999
2.21875 0.0395116285884607
2.220703125 0.0395667189006701
2.22265625 0.0396218545160065
2.224609375 0.0396770354598404
2.2265625 0.0397322617575333
2.228515625 0.0397875334344384
2.23046875 0.0398428505159006
2.232421875 0.0398982130272557
2.234375 0.0399536209938312
2.236328125 0.0400090744409458
2.23828125 0.0400645733939094
2.240234375 0.0401201178780229
2.2421875 0.0401757079185786
2.244140625 0.0402313435408598
2.24609375 0.0402870247701407
2.248046875 0.0403427516316866
2.25 0.0403985241507535
2.251953125 0.0404543423525885
2.25390625 0.0405102062624293
2.255859375 0.0405661159055045
2.2578125 0.0406220713070332
2.259765625 0.0406780724922253
2.26171875 0.0407341194862813
2.263671875 0.0407902123143921
2.265625 0.0408463510017391
2.267578125 0.0409025355734942
2.26953125 0.0409587660548195
2.271484375 0.0410150424708677
2.2734375 0.0410713648467814
2.275390625 0.0411277332076936
2.27734375 0.0411841475787275
2.279296875 0.0412406079849963
2.28125 0.0412971144516031
2.283203125 0.0413536670036412
2.28515625 0.0414102656661937
2.287109375 0.0414669104643337
2.2890625 0.041523601423124
2.291015625 0.041580338567617
2.29296875 0.0416371219228552
2.294921875 0.0416939515138704
2.296875 0.0417508273656842
2.298828125 0.0418077495033076
2.30078125 0.0418647179517411
2.302734375 0.0419217327359746
2.3046875 0.0419787938809876
2.306640625 0.0420359014117486
2.30859375 0.0420930553532155
2.310546875 0.0421502557303354
2.3125 0.0422075025680445
2.314453125 0.0422647958912681
2.31640625 0.0423221357249205
2.318359375 0.0423795220939052
2.3203125 0.0424369550231142
2.322265625 0.0424944345374287
2.32421875 0.0425519606617186
2.326171875 0.0426095334208425
2.328125 0.0426671528396477
2.330078125 0.0427248189429702
2.33203125 0.0427825317556345
2.333984375 0.0428402913024537
2.3359375 0.0428980976082292
2.337890625 0.042955950697751
2.33984375 0.0430138505957973
2.341796875 0.0430717973271347
2.34375 0.043129790916518
2.345703125 0.04318783138869
2.34765625 0.0432459187683818
2.349609375 0.0433040530803126
2.3515625 0.0433622343491894
2.353515625 0.0434204625997074
2.35546875 0.0434787378565494
2.357421875 0.0435370601443863
2.359375 0.0435954294878765
2.361328125 0.0436538459116663
2.36328125 0.0437123094403896
2.365234375 0.0437708200986678
2.3671875 0.0438293779111099
2.369140625 0.0438879829023126
2.37109375 0.0439466350968595
2.373046875 0.0440053345193221
2.375 0.0440640811942589
2.376953125 0.0441228751462156
2.37890625 0.0441817163997252
2.380859375 0.0442406049793079
2.3828125 0.0442995409094707
2.384765625 0.0443585242147079
2.38671875 0.0444175549195005
2.388671875 0.0444766330483166
2.390625 0.0445357586256109
2.392578125 0.0445949316758251
2.39453125 0.0446541522233873
2.396484375 0.0447134202927126
2.3984375 0.0447727359082024
2.400390625 0.0448320990942448
2.40234375 0.0448915098752142
2.404296875 0.0449509682754717
2.40625 0.0450104743193644
2.408203125 0.045070028031226
2.41015625 0.045129629435376
2.412109375 0.0451892785561206
2.4140625 0.0452489754177517
2.416015625 0.0453087200445474
2.41796875 0.0453685124607718
2.419921875 0.0454283526906749
2.421875 0.0454882407584924
2.423828125 0.0455481766884462
2.42578125 0.0456081605047434
2.427734375 0.0456681922315773
2.4296875 0.0457282718931266
2.431640625 0.0457883995135554
2.43359375 0.0458485751170135
2.435546875 0.0459087987276361
2.4375 0.0459690703695437
2.439453125 0.0460293900668423
2.44140625 0.0460897578436229
2.443359375 0.0461501737239618
2.4453125 0.0462106377319205
2.447265625 0.0462711498915454
2.44921875 0.0463317102268682
2.451171875 0.0463923187619051
2.453125 0.0464529755206576
2.455078125 0.0465136805271118
2.45703125 0.0465744338052386
2.458984375 0.0466352353789935
2.4609375 0.0466960852723169
2.462890625 0.0467569835091335
2.46484375 0.0468179301133526
2.466796875 0.046878925108868
2.46875 0.0469399685195578
2.470703125 0.0470010603692844
2.47265625 0.0470622006818946
2.474609375 0.0471233894812192
2.4765625 0.0471846267910734
2.478515625 0.0472459126352561
2.48046875 0.0473072470375505
2.482421875 0.0473686300217237
2.484375 0.0474300616115266
2.486328125 0.0474915418306938
2.48828125 0.047553070702944
2.490234375 0.0476146482519793
2.4921875 0.0476762745014855
2.494140625 0.047737949475132
2.49609375 0.0477996731965716
2.498046875 0.0478614456894406
2.5 0.0479232669773589
2.501953125 0.0479851370839292
2.50390625 0.0480470560327378
2.505859375 0.0481090238473542
2.5078125 0.0481710405513309
2.509765625 0.0482331061682034
2.51171875 0.0482952207214903
2.513671875 0.0483573842346931
2.515625 0.0484195967312961
2.517578125 0.0484818582347664
2.51953125 0.048544168768554
2.521484375 0.0486065283560912
2.5234375 0.0486689370207934
2.525390625 0.048731394786058
2.52734375 0.0487939016752654
2.529296875 0.0488564577117779
2.53125 0.0489190629189404
2.533203125 0.0489817173200802
2.53515625 0.0490444209385066
2.537109375 0.049107173797511
2.5390625 0.0491699759203671
2.541015625 0.0492328273303305
2.54296875 0.0492957280506388
2.544921875 0.0493586781045112
2.546875 0.0494216775151493
2.548828125 0.0494847263057358
2.55078125 0.0495478244994355
2.552734375 0.0496109721193948
2.5546875 0.0496741691887414
2.556640625 0.0497374157305848
2.55859375 0.0498007117680158
2.560546875 0.0498640573241063
2.5625 0.04992745242191
2.564453125 0.0499908970844615
2.56640625 0.0500543913347764
2.568359375 0.0501179351958519
2.5703125 0.0501815286906657
2.572265625 0.0502451718421768
2.57421875 0.050308864673325
2.576171875 0.0503726072070308
2.578125 0.0504363994661956
2.580078125 0.0505002414737016
2.58203125 0.0505641332524112
2.583984375 0.0506280748251679
2.5859375 0.0506920662147954
2.587890625 0.0507561074440977
2.58984375 0.0508201985358594
2.591796875 0.0508843395128454
2.59375 0.0509485303978005
2.595703125 0.0510127712134501
2.59765625 0.0510770619824994
2.599609375 0.0511414027276337
2.6015625 0.0512057934715182
2.603515625 0.051270234236798
2.60546875 0.0513347250460982
2.607421875 0.0513992659220233
2.609375 0.0514638568871578
2.611328125 0.0515284979640656
2.61328125 0.0515931891752903
2.615234375 0.051657930543355
2.6171875 0.0517227220907619
2.619140625 0.0517875638399929
2.62109375 0.0518524558135091
2.623046875 0.0519173980337506
2.625 0.0519823905231368
2.626953125 0.0520474333040662
2.62890625 0.0521125263989162
2.630859375 0.0521776698300432
2.6328125 0.0522428636197825
2.634765625 0.0523081077904479
2.63671875 0.0523734023643324
2.638671875 0.0524387473637073
2.640625 0.0525041428108226
2.642578125 0.0525695887279068
2.64453125 0.0526350851371668
2.646484375 0.052700632060788
2.6484375 0.0527662295209341
2.650390625 0.0528318775397469
2.65234375 0.0528975761393464
2.654296875 0.0529633253418308
2.65625 0.0530291251692764
2.658203125 0.0530949756437372
2.66015625 0.0531608767872452
2.662109375 0.0532268286218104
2.6640625 0.0532928311694204
2.666015625 0.0533588844520404
2.66796875 0.0534249884916133
2.669921875 0.0534911433100597
2.671875 0.0535573489292774
2.673828125 0.0536236053711417
2.67578125 0.0536899126575053
2.677734375 0.0537562708101981
2.6796875 0.0538226798510272
2.681640625 0.0538891398017769
2.68359375 0.0539556506842084
2.685546875 0.0540222125200599
2.6875 0.0540888253310467
2.689453125 0.0541554891388607
2.69140625 0.0542222039651708
2.693359375 0.0542889698316223
2.6953125 0.0543557867598374
2.697265625 0.0544226547714147
2.69921875 0.0544895738879294
2.701171875 0.0545565441309329
2.703125 0.0546235655219532
2.705078125 0.0546906380824944
2.70703125 0.0547577618340369
2.708984375 0.0548249367980371
2.7109375 0.0548921629959277
2.712890625 0.054959440449117
2.71484375 0.0550267691789895
2.716796875 0.0550941492069056
2.71875 0.0551615805542012
2.720703125 0.055229063242188
2.72265625 0.0552965972921535
2.724609375 0.0553641827253606
2.7265625 0.0554318195630476
2.728515625 0.0554995078264283
2.73046875 0.055567247536692
2.732421875 0.0556350387150029
2.734375 0.0557028813825008
2.736328125 0.0557707755603003
2.73828125 0.0558387212694912
2.740234375 0.0559067185311383
2.7421875 0.0559747673662811
2.744140625 0.0560428677959343
2.74609375 0.0561110198410869
2.748046875 0.056179223522703
2.75 0.0562474788617211
2.751953125 0.0563157858790542
2.75390625 0.05638414459559
2.755859375 0.0564525550321902
2.7578125 0.0565210172096913
2.759765625 0.0565895311489036
2.76171875 0.056658096870612
2.763671875 0.056726714395575
2.765625 0.0567953837445257
2.767578125 0.0568641049381707
2.76953125 0.0569328779971906
2.771484375 0.05700170294224
2.7734375 0.0570705797939471
2.775390625 0.0571395085729135
2.77734375 0.0572084892997149
2.779296875 0.0572775219949002
2.78125 0.0573466066789917
2.783203125 0.0574157433724852
2.78515625 0.0574849320958498
2.787109375 0.0575541728695277
2.7890625 0.0576234657139343
2.791015625 0.0576928106494582
2.79296875 0.0577622076964607
2.794921875 0.0578316568752763
2.796875 0.0579011582062123
2.798828125 0.0579707117095486
2.80078125 0.058040317405538
2.802734375 0.0581099753144058
2.8046875 0.0581796854563499
2.806640625 0.0582494478515408
2.80859375 0.058319262520121
2.810546875 0.0583891294822058
2.8125 0.0584590487578825
2.814453125 0.0585290203672106
2.81640625 0.0585990443302217
2.818359375 0.0586691206669196
2.8203125 0.0587392493972797
2.822265625 0.0588094305412496
2.82421875 0.0588796641187486
2.826171875 0.0589499501496676
2.828125 0.0590202886538694
2.830078125 0.0590906796511881
2.83203125 0.0591611231614295
2.833984375 0.0592316192043708
2.8359375 0.0593021677997604
2.837890625 0.0593727689673183
2.83984375 0.0594434227267352
2.841796875 0.0595141290976735
2.84375 0.0595848880997661
2.845703125 0.0596556997526173
2.84765625 0.0597265640758021
2.849609375 0.0597974810888663
2.8515625 0.0598684508113265
2.853515625 0.05993947326267
2.85546875 0.0600105484623546
2.857421875 0.0600816764298087
2.859375 0.0601528571844311
2.861328125 0.060224090745591
2.86328125 0.0602953771326278
2.865234375 0.0603667163648512
2.8671875 0.060438108461541
2.869140625 0.0605095534419472
2.87109375 0.0605810513252894
2.873046875 0.0606526021307576
2.875 0.0607242058775113
2.876953125 0.0607958625846798
2.87890625 0.0608675722713621
2.880859375 0.0609393349566268
2.8828125 0.0610111506595122
2.884765625 0.0610830193990258
2.88671875 0.0611549411941444
2.888671875 0.0612269160638145
2.890625 0.0612989440269514
2.892578125 0.0613710251024398
2.89453125 0.0614431593091332
2.896484375 0.0615153466658544
2.8984375 0.0615875871913949
2.900390625 0.061659880904515
2.90234375 0.061732227823944
2.904296875 0.0618046279683796
2.90625 0.0618770813564883
2.908203125 0.0619495880069049
2.91015625 0.0620221479382328
2.912109375 0.0620947611690438
2.9140625 0.0621674277178779
2.916015625 0.0622401476032433
2.91796875 0.0623129208436163
2.919921875 0.0623857474574415
2.921875 0.0624586274631312
2.923828125 0.0625315608790656
2.92578125 0.062604547723593
2.927734375 0.0626775880150291
2.9296875 0.0627506817716575
2.931640625 0.0628238290117293
2.93359375 0.0628970297534632
2.935546875 0.062970284015045
2.9375 0.0630435918146284
2.939453125 0.0631169531703339
2.94140625 0.0631903681002494
2.943359375 0.0632638366224299
2.9453125 0.0633373587548975
2.947265625 0.0634109345156411
2.94921875 0.0634845639226166
2.951171875 0.0635582469937466
2.953125 0.0636319837469206
2.955078125 0.0637057741999947
2.95703125 0.0637796183707914
2.958984375 0.0638535162770998
2.9609375 0.0639274679366755
2.962890625 0.0640014733672403
2.96484375 0.0640755325864823
2.966796875 0.0641496456120558
2.96875 0.0642238124615811
2.970703125 0.0642980331526447
2.97265625 0.0643723077027988
2.974609375 0.0644466361295617
2.9765625 0.0645210184504172
2.978515625 0.0645954546828151
2.98046875 0.0646699448441706
2.982421875 0.0647444889518646
2.984375 0.0648190870232433
2.986328125 0.0648937390756183
2.98828125 0.0649684451262667
2.990234375 0.0650432051924307
2.9921875 0.0651180192913176
2.994140625 0.0651928874400997
2.99609375 0.0652678096559145
2.998046875 0.0653427859558642
3 0.065417816357016
3.001953125 0.0654929008764017
3.00390625 0.0655680395310179
3.005859375 0.0656432323378256
3.0078125 0.0657184793137506
3.009765625 0.0657937804756827
3.01171875 0.0658691358404765
3.013671875 0.0659445454249506
3.015625 0.0660200092458878
3.017578125 0.0660955273200351
3.01953125 0.0661710996641035
3.021484375 0.0662467262947679
3.0234375 0.066322407228667
3.025390625 0.0663981424824036
3.02734375 0.0664739320725438
3.029296875 0.0665497760156177
3.03125 0.0666256743281185
3.033203125 0.0667016270265034
3.03515625 0.0667776341271925
3.037109375 0.0668536956465695
3.0390625 0.0669298116009813
3.041015625 0.0670059820067378
3.04296875 0.0670822068801121
3.044921875 0.0671584862373402
3.046875 0.067234820094621
3.048828125 0.0673112084681164
3.05078125 0.0673876513739507
3.052734375 0.0674641488282112
3.0546875 0.0675407008469475
3.056640625 0.0676173074461719
3.05859375 0.0676939686418592
3.060546875 0.0677706844499461
3.0625 0.0678474548863321
3.064453125 0.0679242799668785
3.06640625 0.0680011597074088
3.068359375 0.0680780941237085
3.0703125 0.0681550832315252
3.072265625 0.0682321270465681
3.07421875 0.0683092255845083
3.076171875 0.0683863788609786
3.078125 0.0684635868915733
3.080078125 0.0685408496918483
3.08203125 0.0686181672773211
3.083984375 0.0686955396634702
3.0859375 0.0687729668657358
3.087890625 0.0688504488995189
3.08984375 0.0689279857801819
3.091796875 0.0690055775230482
3.09375 0.0690832241434021
3.095703125 0.0691609256564888
3.09765625 0.0692386820775142
3.099609375 0.069316493421645
3.1015625 0.0693943597040086
3.103515625 0.0694722809396928
3.10546875 0.069550257143746
3.107421875 0.069628288331177
3.109375 0.0697063745169547
3.111328125 0.0697845157160084
3.11328125 0.0698627119432274
3.115234375 0.0699409632134614
3.1171875 0.0700192695415197
3.119140625 0.0700976309421716
3.12109375 0.0701760474301462
3.123046875 0.0702545190201325
3.125 0.0703330457267791
3.126953125 0.0704116275646938
3.12890625 0.0704902645484445
3.130859375 0.070568956692558
3.1328125 0.0706477040115207
3.134765625 0.0707265065197781
3.13671875 0.070805364231735
3.138671875 0.070884277161755
3.140625 0.0709632453241611
3.142578125 0.0710422687332349
3.14453125 0.0711213474032169
3.146484375 0.0712004813483064
3.1484375 0.0712796705826613
3.150390625 0.0713589151203982
3.15234375 0.071438214975592
3.154296875 0.0715175701622763
3.15625 0.0715969806944427
3.158203125 0.0716764465860414
3.16015625 0.0717559678509805
3.162109375 0.0718355445031263
3.1640625 0.0719151765563032
3.166015625 0.0719948640242933
3.16796875 0.0720746069208367
3.169921875 0.0721544052596313
3.171875 0.0722342590543325
3.173828125 0.0723141683185535
3.17578125 0.0723941330658649
3.177734375 0.0724741533097946
3.1796875 0.0725542290638282
3.181640625 0.0726343603414082
3.18359375 0.0727145471559346
3.185546875 0.0727947895207641
3.1875 0.0728750874492109
3.189453125 0.0729554409545457
3.19140625 0.0730358500499964
3.193359375 0.0731163147487474
3.1953125 0.0731968350639399
3.197265625 0.0732774110086717
3.19921875 0.0733580425959972
3.201171875 0.0734387298389271
3.203125 0.0735194727504285
3.205078125 0.0736002713434248
3.20703125 0.0736811256307956
3.208984375 0.0737620356253766
3.2109375 0.0738430013399594
3.212890625 0.0739240227872917
3.21484375 0.0740050999800771
3.216796875 0.0740862329309747
3.21875 0.0741674216525996
3.220703125 0.0742486661575224
3.22265625 0.0743299664582692
3.224609375 0.0744113225673214
3.2265625 0.0744927344971162
3.228515625 0.0745742022600455
3.23046875 0.0746557258684569
3.232421875 0.0747373053346527
3.234375 0.0748189406708906
3.236328125 0.0749006318893831
3.23828125 0.0749823790022974
3.240234375 0.0750641820217556
3.2421875 0.0751460409598346
3.244140625 0.0752279558285659
3.24609375 0.0753099266399353
3.248046875 0.0753919534058832
3.25 0.0754740361383045
3.251953125 0.0755561748490482
3.25390625 0.0756383695499175
3.255859375 0.0757206202526698
3.2578125 0.0758029269690165
3.259765625 0.0758852897106229
3.26171875 0.0759677084891082
3.263671875 0.0760501833160455
3.265625 0.0761327142029614
3.267578125 0.0762153011613362
3.26953125 0.0762979442026038
3.271484375 0.0763806433381515
3.2734375 0.0764633985793198
3.275390625 0.0765462099374028
3.27734375 0.0766290774236476
3.279296875 0.0767120010492544
3.28125 0.0767949808253766
3.283203125 0.0768780167631203
3.28515625 0.0769611088735447
3.287109375 0.0770442571676616
3.2890625 0.0771274616564357
3.291015625 0.0772107223507842
3.29296875 0.0772940392615768
3.294921875 0.0773774123996357
3.296875 0.0774608417757354
3.298828125 0.0775443274006029
3.30078125 0.0776278692849171
3.302734375 0.0777114674393092
3.3046875 0.0777951218743625
3.306640625 0.0778788326006121
3.30859375 0.0779625996285449
3.310546875 0.0780464229685999
3.3125 0.0781303026311675
3.314453125 0.0782142386265898
3.31640625 0.0782982309651605
3.318359375 0.0783822796571248
3.3203125 0.078466384712679
3.322265625 0.078550546141971
3.32421875 0.0786347639550997
3.326171875 0.0787190381621153
3.328125 0.0788033687730188
3.330078125 0.0788877557977624
3.33203125 0.0789721992462489
3.333984375 0.0790566991283321
3.3359375 0.0791412554538165
3.337890625 0.079225868232457
3.33984375 0.0793105374739593
3.341796875 0.0793952631879795
3.34375 0.079480045384124
3.345703125 0.0795648840719493
3.34765625 0.0796497792609626
3.349609375 0.0797347309606207
3.3515625 0.0798197391803307
3.353515625 0.0799048039294497
3.35546875 0.0799899252172846
3.357421875 0.080075103053092
3.359375 0.0801603374460783
3.361328125 0.0802456284053995
3.36328125 0.0803309759401611
3.365234375 0.0804163800594182
3.3671875 0.0805018407721751
3.369140625 0.0805873580873855
3.37109375 0.0806729320139521
3.373046875 0.0807585625607271
3.375 0.0808442497365114
3.376953125 0.080929993550055
3.37890625 0.0810157940100567
3.380859375 0.0811016511251643
3.3828125 0.081187564903974
3.384765625 0.0812735353550309
3.38671875 0.0813595624868284
3.388671875 0.0814456463078085
3.390625 0.0815317868263615
3.392578125 0.0816179840508262
3.39453125 0.0817042379894894
3.396484375 0.081790548650586
3.3984375 0.081876916042299
3.400390625 0.0819633401727595
3.40234375 0.0820498210500462
3.404296875 0.082136358682186
3.40625 0.082222953077153
3.408203125 0.0823096042428694
3.41015625 0.0823963121872046
3.412109375 0.0824830769179756
3.4140625 0.0825698984429469
3.416015625 0.0826567767698302
3.41796875 0.0827437119062842
3.419921875 0.0828307038599151
3.421875 0.0829177526382759
3.423828125 0.0830048582488667
3.42578125 0.0830920206991344
3.427734375 0.0831792399964728
3.4296875 0.0832665161482222
3.431640625 0.0833538491616698
3.43359375 0.0834412390440492
3.435546875 0.0835286858025405
3.4375 0.0836161894442703
3.439453125 0.0837037499763112
3.44140625 0.0837913674056824
3.443359375 0.0838790417393491
3.4453125 0.0839667729842223
3.447265625 0.0840545611471594
3.44921875 0.0841424062349635
3.451171875 0.0842303082543834
3.453125 0.0843182672121138
3.455078125 0.0844062831147949
3.45703125 0.0844943559690127
3.458984375 0.0845824857812984
3.4609375 0.0846706725581287
3.462890625 0.0847589163059258
3.46484375 0.0848472170310568
3.466796875 0.0849355747398343
3.46875 0.0850239894385156
3.470703125 0.0851124611333034
3.47265625 0.085200989830345
3.474609375 0.0852895755357326
3.4765625 0.0853782182555031
3.478515625 0.0854669179956383
3.48046875 0.0855556747620642
3.482421875 0.0856444885606517
3.484375 0.0857333593972157
3.486328125 0.0858222872775158
3.48828125 0.0859112722072556
3.490234375 0.0860003141920831
3.4921875 0.08608941323759
3.494140625 0.0861785693493124
3.49609375 0.0862677825327302
3.498046875 0.0863570527932671
3.5 0.0864463801362905
3.501953125 0.0865357645671117
3.50390625 0.0866252060909853
3.505859375 0.0867147047131096
3.5078125 0.0868042604386263
3.509765625 0.0868938732726205
3.51171875 0.0869835432201204
3.513671875 0.0870732702860977
3.515625 0.0871630544754668
3.517578125 0.0872528957930855
3.51953125 0.0873427942437544
3.521484375 0.0874327498322168
3.5234375 0.087522762563159
3.525390625 0.0876128324412099
3.52734375 0.0877029594709412
3.529296875 0.0877931436568668
3.53125 0.0878833850034434
3.533203125 0.0879736835150698
3.53515625 0.0880640391960873
3.537109375 0.0881544520507793
3.5390625 0.0882449220833714
3.541015625 0.0883354492980312
3.54296875 0.0884260336988682
3.544921875 0.088516675289934
3.546875 0.0886073740752219
3.548828125 0.0886981300586668
3.55078125 0.0887889432441455
3.552734375 0.0888798136354762
3.5546875 0.0889707412364186
3.556640625 0.0890617260506739
3.55859375 0.0891527680818844
3.560546875 0.089243867333634
3.5625 0.0893350238094474
3.564453125 0.0894262375127907
3.56640625 0.0895175084470707
3.568359375 0.0896088366156355
3.5703125 0.0897002220217736
3.572265625 0.0897916646687147
3.57421875 0.0898831645596288
3.576171875 0.0899747216976268
3.578125 0.09006633608576
3.580078125 0.0901580077270201
3.58203125 0.0902497366243392
3.583984375 0.0903415227805897
3.5859375 0.0904333661985842
3.587890625 0.0905252668810755
3.58984375 0.0906172248307564
3.591796875 0.0907092400502594
3.59375 0.0908013125421574
3.595703125 0.0908934423089626
3.59765625 0.0909856293531273
3.599609375 0.0910778736770433
3.6015625 0.0911701752830419
3.603515625 0.0912625341733939
3.60546875 0.0913549503503097
3.607421875 0.0914474238159389
3.609375 0.0915399545723702
3.611328125 0.0916325426216317
3.61328125 0.0917251879656905
3.615234375 0.0918178906064527
3.6171875 0.0919106505457634
3.619140625 0.0920034677854065
3.62109375 0.0920963423271046
3.623046875 0.0921892741725192
3.625 0.0922822633232503
3.626953125 0.0923753097808363
3.62890625 0.0924684135467543
3.630859375 0.0925615746224197
3.6328125 0.0926547930091862
3.634765625 0.0927480687083457
3.63671875 0.0928414017211282
3.638671875 0.0929347920487019
3.640625 0.0930282396921729
3.642578125 0.0931217446525853
3.64453125 0.0932153069309209
3.646484375 0.0933089265280993
3.6484375 0.0934026034449779
3.650390625 0.0934963376823515
3.65234375 0.0935901292409526
3.654296875 0.0936839781214511
3.65625 0.0937778843244543
3.658203125 0.0938718478505065
3.66015625 0.0939658687000897
3.662109375 0.0940599468736226
3.6640625 0.0941540823714612
3.666015625 0.0942482751938984
3.66796875 0.0943425253411641
3.669921875 0.0944368328134248
3.671875 0.094531197610784
3.673828125 0.0946256197332818
3.67578125 0.0947200991808947
3.677734375 0.094814635953536
3.6796875 0.0949092300510553
3.681640625 0.0950038814732385
3.68359375 0.0950985902198079
3.685546875 0.0951933562904219
3.6875 0.0952881796846753
3.689453125 0.0953830604020985
3.69140625 0.0954779984421584
3.693359375 0.0955729938042573
3.6953125 0.0956680464877337
3.697265625 0.0957631564918617
3.69921875 0.0958583238158511
3.701171875 0.0959535484588473
3.703125 0.0960488304199311
3.705078125 0.096144169698119
3.70703125 0.0962395662923627
3.708984375 0.0963350202015491
3.7109375 0.0964305314245006
3.712890625 0.0965260999599746
3.71484375 0.0966217258066634
3.716796875 0.0967174089631945
3.71875 0.0968131494281303
3.720703125 0.0969089471999681
3.72265625 0.0970048022771396
3.724609375 0.0971007146580117
3.7265625 0.0971966843408857
3.728515625 0.0972927113239972
3.73046875 0.0973887956055166
3.732421875 0.0974849371835486
3.734375 0.0975811360561321
3.736328125 0.0976773922212405
3.73828125 0.097773705676781
3.740234375 0.0978700764205952
3.7421875 0.0979665044504586
3.744140625 0.0980629897640807
3.74609375 0.0981595323591047
3.748046875 0.0982561322331078
3.75 0.0983527893836008
3.751953125 0.0984495038080282
3.75390625 0.098546275503768
3.755859375 0.0986431044681319
3.7578125 0.0987399906983648
3.759765625 0.098836934191645
3.76171875 0.0989339349450842
3.763671875 0.0990309929557271
3.765625 0.0991281082205517
3.767578125 0.0992252807364691
3.76953125 0.0993225105003231
3.771484375 0.0994197975088908
3.7734375 0.0995171417588818
3.775390625 0.0996145432469386
3.77734375 0.0997120019696365
3.779296875 0.0998095179234833
3.78125 0.0999070911049194
3.783203125 0.100004721510318
3.78515625 0.100102409135983
3.787109375 0.100200153978153
3.7890625 0.100297956032999
3.791015625 0.100395815296621
3.79296875 0.100493731765053
3.794921875 0.100591705434263
3.796875 0.100689736300148
3.798828125 0.100787824358539
3.80078125 0.100885969605196
3.802734375 0.100984172035814
3.8046875 0.101082431646019
3.806640625 0.101180748431366
3.80859375 0.101279122387345
3.810546875 0.101377553509375
3.8125 0.101476041792808
3.814453125 0.101574587232926
3.81640625 0.101673189824943
3.818359375 0.101771849564005
3.8203125 0.101870566445187
3.822265625 0.101969340463497
3.82421875 0.102068171613873
3.826171875 0.102167059891184
3.828125 0.102266005290231
3.830078125 0.102365007805743
3.83203125 0.102464067432382
3.833984375 0.102563184164741
3.8359375 0.102662357997342
3.837890625 0.102761588924637
3.83984375 0.102860876941011
3.841796875 0.102960222040778
3.84375 0.10305962421818
3.845703125 0.103159083467394
3.84765625 0.103258599782522
3.849609375 0.103358173157601
3.8515625 0.103457803586593
3.853515625 0.103557491063394
3.85546875 0.103657235581828
3.857421875 0.103757037135649
3.859375 0.103856895718541
3.861328125 0.103956811324117
3.86328125 0.104056783945921
3.865234375 0.104156813577424
3.8671875 0.104256900212029
3.869140625 0.104357043843068
3.87109375 0.104457244463801
3.873046875 0.104557502067418
3.875 0.104657816647038
3.876953125 0.10475818819571
3.87890625 0.10485861670641
3.880859375 0.104959102172045
3.8828125 0.105059644585451
3.884765625 0.10516024393939
3.88671875 0.105260900226557
3.888671875 0.105361613439572
3.890625 0.105462383570986
3.892578125 0.105563210613278
3.89453125 0.105664094558854
3.896484375 0.10576503540005
3.8984375 0.105866033129131
3.900390625 0.105967087738288
3.90234375 0.106068199219643
3.904296875 0.106169367565244
3.90625 0.106270592767068
3.908203125 0.106371874817019
3.91015625 0.106473213706932
3.912109375 0.106574609428566
3.9140625 0.106676061973611
3.916015625 0.106777571333682
3.91796875 0.106879137500325
3.919921875 0.10698076046501
3.921875 0.107082440219138
3.923828125 0.107184176754035
3.92578125 0.107285970060956
3.927734375 0.107387820131082
3.9296875 0.107489726955523
3.931640625 0.107591690525316
3.93359375 0.107693710831422
3.935546875 0.107795787864735
3.9375 0.10789792161607
3.939453125 0.108000112076174
3.94140625 0.108102359235718
3.943359375 0.108204663085301
3.9453125 0.108307023615447
3.947265625 0.108409440816611
3.94921875 0.108511914679169
3.951171875 0.108614445193429
3.953125 0.108717032349622
3.955078125 0.108819676137907
3.95703125 0.10892237654837
3.958984375 0.10902513357102
3.9609375 0.109127947195798
3.962890625 0.109230817412565
3.96484375 0.109333744211114
3.966796875 0.10943672758116
3.96875 0.109539767512346
3.970703125 0.10964286399424
3.97265625 0.109746017016337
3.974609375 0.109849226568057
3.9765625 0.109952492638747
3.978515625 0.110055815217678
3.98046875 0.110159194294048
3.982421875 0.11026262985698
3.984375 0.110366121895524
3.986328125 0.110469670398654
3.98828125 0.110573275355269
3.990234375 0.110676936754195
3.9921875 0.110780654584183
3.994140625 0.110884428833909
3.99609375 0.110988259491973
3.998046875 0.111092146546903
4 0.111196089987149
Total steps: 8192
