0 0
0.0625 0.000643062882515169
0.125 0.00130672547479548
0.1875 0.00199158863887759
0.25 0.00269826678020557
0.3125 0.0034273878758236
0.375 0.0041795934795314
0.4375 0.0049555387021775
0.5 0.005755892165171
0.5625 0.00658133592522326
0.625 0.00743256536825794
0.6875 0.00831028907033805
0.75 0.00921522862339251
0.8125 0.0101481184234606
0.875 0.0111097054190829
0.9375 0.0121007488174326
1 0.0131220197456984
1.0625 0.0141743008651909
1.125 0.0152583859356002
1.1875 0.0163750793267899
1.25 0.0175251954754903
1.3125 0.0187095582842378
1.375 0.0199290004599037
1.4375 0.021184362789158
1.5 0.0224764933482567
1.5625 0.0238062466445547
1.625 0.0251744826872318
1.6875 0.0265820659847845
1.75 0.0280298644669299
1.8125 0.0295187483287081
1.875 0.0310495887946999
1.9375 0.032623256801453
2 0.0342406215964185
2.0625 0.0359025492519156
2.125 0.0376099010929111
2.1875 0.0393635320376953
2.25 0.0411642888508437
2.3125 0.0430130083082335
2.375 0.0449105152742627
2.4375 0.046857620691864
2.5 0.048855119486348
2.5625 0.0509037883846404
2.625 0.0530043836519993
2.6875 0.0551576387488644
2.75 0.0573642619111187
2.8125 0.0596249336576646
2.875 0.0619403042298947
2.9375 0.0643109909683343
3 0.0667375756324537
3.0625 0.0692206016703986
3.125 0.0717605714461407
3.1875 0.0743579434323344
3.25 0.0770131293779356
3.3125 0.0797264914604294
3.375 0.08249833943328
3.4375 0.0853289277799835
3.5 0.0882184528868398
3.5625 0.0911670502472727
3.625 0.0941747917112017
3.6875 0.0972416827935775
3.75 0.100367660056779
3.8125 0.103552588582054
3.875 0.106796259545602
3.9375 0.110098387915256
4 0.113458610283917
4.0625 0.116876482856064
4.125 0.120351479603655
4.1875 0.123882990607631
4.25 0.127470320601002
4.3125 0.131112687729098
4.375 0.134809222542091
4.4375 0.138558967234175
4.5 0.142360875143027
4.5625 0.146213810522171
4.625 0.150116548597781
4.6875 0.15406777592018
4.75 0.158066091018919
4.8125 0.16211000536875
4.875 0.166197944672183
4.9375 0.170328250462517
5 0.174499182029377
5.0625 0.178708918666795
5.125 0.182955562241881
5.1875 0.187237140079991
5.25 0.19155160816022
5.3125 0.195896854612872
5.375 0.200270703508455
5.4375 0.20467091892565
5.5 0.209095209283631
5.5625 0.213541231922185
5.625 0.218006597911156
5.6875 0.222488877069021
5.75 0.226985603168781
5.8125 0.231494279307865
5.875 0.236012383417507
5.9375 0.240537373885917
6 0.24506669526871
6.0625 0.249597784059369
6.125 0.254128074492063
6.1875 0.258655004348929
6.25 0.263176020743903
6.3125 0.267688585855473
6.375 0.27219018258112
6.4375 0.276678320086952
6.5 0.281150539226892
6.5625 0.285604417806889
6.625 0.290037575670902
6.6875 0.294447679586829
6.75 0.298832447912189
6.8125 0.303189655021061
6.875 0.307517135475679
6.9375 0.311812787927954
7 0.316074578738264
7.0625 0.320300545300878
7.125 0.324488799067451
7.1875 0.328637528262156
7.25 0.332745000284035
7.3125 0.336809563794238
7.375 0.340829650487764
7.4375 0.344803776551245
7.5 0.348730543810133
7.5625 0.352608640570394
7.625 0.356436842161375
7.6875 0.36021401118807
7.75 0.363939097502326
7.8125 0.367611137903759
7.875 0.371229255582257
7.9375 0.374792659314887
8 0.378300642430812
8.0625 0.381752581558473
8.125 0.385147935169889
8.1875 0.388486241937179
8.25 0.391767118916806
8.3125 0.394990259577082
8.375 0.398155431684513
8.4375 0.401262475064505
8.5 0.404311299251672
8.5625 0.407301881044805
8.625 0.410234261981094
8.6875 0.413108545743815
8.75 0.415924895517153
8.8125 0.418683531301261
8.875 0.421384727200079
8.9375 0.42402880869373
9 0.426616149906693
9.0625 0.42914717088217
9.125 0.431622334872447
9.1875 0.434042145654213
9.25 0.436407144877161
9.3125 0.438717909453427
9.375 0.440975048994707
9.4375 0.443179203303219
9.5 0.445331039921957
9.5625 0.447431251749071
9.625 0.449480554720498
9.6875 0.451479685564448
9.75 0.453429399630685
9.8125 0.455330468797048
9.875 0.457183679455113
9.9375 0.458989830576415
10 0.460749731860185
10.0625 0.462464201963175
10.125 0.464134066811677
10.1875 0.465760157995591
10.25 0.467343311243962
10.3125 0.468884364981204
10.375 0.470384158962896
10.4375 0.471843532989856
10.5 0.473263325698926
10.5625 0.474644373428795
10.625 0.475987509158945
10.6875 0.477293561519752
10.75 0.478563353871593
10.8125 0.479797703450754
10.875 0.480997420579866
10.9375 0.482163307940496
11 0.483296159905533
11.0625 0.48439676192896
11.125 0.485465889990559
11.1875 0.486504310093166
11.25 0.48751277781004
11.3125 0.488492037879964
11.375 0.489442823847705
11.4375 0.490365857747527
11.5 0.491261849827463
11.5625 0.492131498312113
11.625 0.492975489201797
11.6875 0.493794496105942
11.75 0.494589180108643
11.8125 0.49536018966442
11.875 0.496108160522216
11.9375 0.496833715675814
12 0.497537465338866
12.0625 0.498220006942825
12.125 0.498881925156128
12.1875 0.499523791923063
12.25 0.500146166520806
12.3125 0.500749595633201
12.375 0.501334613439906
12.4375 0.501901741719622
12.5 0.502451489966143
12.5625 0.502984355516085
12.625 0.50350082368717
12.6875 0.504001367926015
12.75 0.504486449964465
12.8125 0.504956519983502
12.875 0.505412016783874
12.9375 0.505853367962636
13 0.506280990094802
13.0625 0.506695288919398
13.125 0.507096659529252
13.1875 0.507485486563875
13.25 0.507862144404848
13.3125 0.508226997373171
13.375 0.508580399928077
13.4375 0.508922696866815
13.5 0.509254223524987
13.5625 0.50957530597703
13.625 0.509886261236478
13.6875 0.510187397455651
13.75 0.510479014124476
13.8125 0.510761402268134
13.875 0.511034844643294
13.9375 0.511299615932687
14 0.511555982937804
14.0625 0.511804204769519
14.125 0.512044533036495
14.1875 0.51227721203117
14.25 0.512502478913226
14.3125 0.512720563890391
14.375 0.512931690396494
14.4375 0.513136075266648
14.5 0.513333928909516
14.5625 0.513525455476564
14.625 0.513710853028263
14.6875 0.513890313697178
14.75 0.514064023847928
14.8125 0.514232164233973
14.875 0.514394910151219
14.9375 0.514552431588419
15 0.514704893374379
15.0625 0.51485245532196
15.125 0.514995272368891
15.1875 0.515133494715404
15.25 0.515267267958702
15.3125 0.515396733224293
15.375 0.515522027294217
15.4375 0.515643282732186
15.5 0.515760628005671
15.5625 0.515874187604987
15.625 0.515984082159397
15.6875 0.516090428550291
15.75 0.516193340021466
15.8125 0.516292926286565
15.875 0.516389293633726
15.9375 0.516482545027467
16 0.516572780207879
16.0625 0.516660095787162
16.125 0.51674458534356
16.1875 0.516826339512746
16.25 0.516905446076707
16.3125 0.516981990050169
16.375 0.517056053764655
16.4375 0.517127716950158
16.5 0.517197056814557
16.5625 0.517264148120764
16.625 0.517329063261701
16.6875 0.517391872333122
16.75 0.517452643204355
16.8125 0.517511441587002
16.875 0.517568331101648
16.9375 0.517623373342633
17 0.517676627940935
17.0625 0.517728152625193
17.125 0.517778003280953
17.1875 0.517826234008153
17.25 0.5178728971769
17.3125 0.517918043481593
17.375 0.517961721993431
17.4375 0.518003980211334
17.5 0.51804486411135
17.5625 0.518084418194569
17.625 0.518122685533579
17.6875 0.518159707817524
17.75 0.518195525395788
17.8125 0.518230177320349
17.875 0.518263701386841
17.9375 0.518296134174354
18 0.518327511084017
18.0625 0.518357866376397
18.125 0.518387233207734
18.1875 0.518415643665071
18.25 0.518443128800289
18.3125 0.518469718663093
18.375 0.51849544233296
18.4375 0.518520327950114
18.5 0.518544402745513
18.5625 0.518567693069924
18.625 0.518590224422068
18.6875 0.518612021475897
18.75 0.518633108107007
18.8125 0.518653507418229
18.875 0.518673241764418
18.9375 0.518692332776445
19 0.518710801384452
19.0625 0.518728667840366
19.125 0.518745951739695
19.1875 0.518762672042645
19.25 0.518778847094564
19.3125 0.518794494645738
19.375 0.518809631870555
19.4375 0.518824275386067
19.5 0.51883844126996
19.5625 0.51885214507795
19.625 0.518865401860624
19.6875 0.51887822617975
19.75 0.518890632124062
19.8125 0.518902633324537
19.875 0.518914242969198
19.9375 0.51892547381743
20 0.518936338213837
20.0625 0.518946848101673
20.125 0.51895701503582
20.1875 0.518966850195363
20.25 0.518976364395761
20.3125 0.518985568100627
20.375 0.518994471433122
20.4375 0.519003084186992
20.5 0.519011415837248
20.5625 0.519019475550498
20.625 0.519027272194952
20.6875 0.519034814350101
20.75 0.519042110316086
20.8125 0.519049168122765
20.875 0.519055995538486
20.9375 0.519062600078581
21 0.51906898901358
21.0625 0.519075169377161
21.125 0.51908114797385
21.1875 0.519086931386463
21.25 0.519092525983314
21.3125 0.519097937925185
21.375 0.519103173172078
21.4375 0.519108237489737
21.5 0.519113136455965
21.5625 0.519117875466747
21.625 0.519122459742153
21.6875 0.519126894332071
21.75 0.519131184121735
21.8125 0.519135333837089
21.875 0.519139348049974
21.9375 0.519143231183138
22 0.51914698751509
22.0625 0.519150621184803
22.125 0.519154136196253
22.1875 0.519157536422815
22.25 0.519160825611515
22.3125 0.51916400738715
22.375 0.51916708525627
22.4375 0.519170062611024
22.5 0.519172942732891
22.5625 0.519175728796287
22.625 0.519178423872055
22.6875 0.519181030930835
22.75 0.519183552846337
22.8125 0.519185992398492
22.875 0.51918835227652
22.9375 0.519190635081874
23 0.519192843331111
23.0625 0.519194979458659
23.125 0.51919704581949
23.1875 0.519199044691712
23.25 0.519200978279082
23.3125 0.519202848713424
23.375 0.519204658056977
23.4375 0.519206408304663
23.5 0.519208101386284
23.5625 0.519209739168652
23.625 0.519211323457631
23.6875 0.519212856000133
23.75 0.519214338486046
23.8125 0.519215772550081
23.875 0.519217159773589
23.9375 0.519218501686285
24 0.519219799767947
24.0625 0.519221055450036
24.125 0.519222270117277
24.1875 0.519223445109181
24.25 0.519224581721528
24.3125 0.519225681207782
24.375 0.519226744780485
24.4375 0.519227773612582
24.5 0.519228768838717
24.5625 0.519229731556491
24.625 0.519230662827655
24.6875 0.519231563679298
24.75 0.519232435104959
24.8125 0.519233278065742
24.875 0.519234093491359
24.9375 0.519234882281167
25 0.51923564530515
25.0625 0.519236383404878
25.125 0.519237097394445
25.1875 0.519237788061352
25.25 0.519238456167385
25.3125 0.519239102449451
25.375 0.51923972762039
25.4375 0.519240332369763
25.5 0.519240917364608
25.5625 0.519241483250183
25.625 0.519242030650664
25.6875 0.51924256016985
25.75 0.519243072391815
25.8125 0.519243567881556
25.875 0.519244047185621
25.9375 0.519244510832703
26 0.519244959334232
26.0625 0.519245393184927
26.125 0.519245812863356
26.1875 0.519246218832452
26.25 0.519246611540029
26.3125 0.519246991419274
26.375 0.519247358889226
26.4375 0.519247714355235
26.5 0.519248058209415
26.5625 0.519248390831066
26.625 0.519248712587106
26.6875 0.519249023832467
26.75 0.519249324910482
26.8125 0.519249616153276
26.875 0.519249897882123
26.9375 0.519250170407803
27 0.519250434030945
27.0625 0.519250689042359
27.125 0.519250935723353
27.1875 0.519251174346051
27.25 0.519251405173685
27.3125 0.519251628460887
27.375 0.519251844453977
27.4375 0.519252053391224
27.5 0.519252255503117
27.5625 0.519252451012616
27.625 0.519252640135396
27.6875 0.519252823080087
27.75 0.519253000048509
27.8125 0.519253171235881
27.875 0.519253336831053
27.9375 0.519253497016702
28 0.519253651969538
28.0625 0.519253801860502
28.125 0.519253946854946
28.1875 0.519254087112824
28.25 0.519254222788863
28.3125 0.519254354032738
28.375 0.519254480989234
28.4375 0.519254603798406
28.5 0.519254722595733
28.5625 0.519254837512272
28.625 0.519254948674794
28.6875 0.519255056205932
28.75 0.519255160224312
28.8125 0.519255260844685
28.875 0.519255358178054
28.9375 0.519255452331798
29 0.519255543409781
29.0625 0.519255631512484
29.125 0.519255716737097
29.1875 0.519255799177643
29.25 0.519255878925067
29.3125 0.519255956067346
29.375 0.519256030689582
29.4375 0.5192561028741
29.5 0.519256172700532
29.5625 0.519256240245909
29.625 0.519256305584748
29.6875 0.519256368789131
29.75 0.519256429928784
29.8125 0.519256489071156
29.875 0.519256546281495
29.9375 0.519256601622913
30 0.519256655156464
30.0625 0.519256706941206
30.125 0.519256757034265
30.1875 0.519256805490909
30.25 0.519256852364593
30.3125 0.519256897707027
30.375 0.519256941568234
30.4375 0.519256983996601
30.5 0.519257025038937
30.5625 0.519257064740519
30.625 0.519257103145146
30.6875 0.519257140295186
30.75 0.519257176231623
30.8125 0.519257210994104
30.875 0.519257244620977
30.9375 0.519257277149341
31 0.519257308615081
31.0625 0.51925733905291
31.125 0.519257368496407
31.1875 0.519257396978055
31.25 0.519257424529277
31.3125 0.519257451180464
31.375 0.51925747696102
31.4375 0.519257501899387
31.5 0.519257526023077
31.5625 0.519257549358701
31.625 0.519257571932007
31.6875 0.519257593767895
31.75 0.519257614890455
31.8125 0.519257635322992
31.875 0.519257655088047
31.9375 0.519257674207423
32 0.519257692702213
Total steps: 512
