0 0
0.00048828125 4.88340861338443e-06
0.0009765625 9.76800958745727e-06
0.00146484375 1.46538031900462e-05
0.001953125 1.95407896890274e-05
0.00244140625 2.4428969352325e-05
0.0029296875 2.93183424479119e-05
0.00341796875 3.42089092438091e-05
0.00390625 3.91006700080859e-05
0.00439453125 4.399362500886e-05
0.0048828125 4.88877745142974e-05
0.00537109375 5.37831187926125e-05
0.005859375 5.8679658112068e-05
0.00634765625 6.35773927409749e-05
0.0068359375 6.84763229476927e-05
0.00732421875 7.33764490006292e-05
0.0078125 7.82777711682403e-05
0.00830078125 8.31802897190306e-05
0.0087890625 8.80840049215529e-05
0.00927734375 9.29889170444083e-05
0.009765625 9.78950263562464e-05
0.01025390625 0.000102802333125765
0.0107421875 0.000107710837621711
0.01123046875 0.000112620540112878
0.01171875 0.000117531440868109
0.01220703125 0.000122443540156297
0.0126953125 0.00012735683824638
0.01318359375 0.000132271335407346
0.013671875 0.000137187031908233
0.01416015625 0.000142103928018126
0.0146484375 0.000147022024006156
0.01513671875 0.000151941320141507
0.015625 0.000156861816693408
0.01611328125 0.000161783513931138
0.0166015625 0.000166706412124023
0.01708984375 0.000171630511541439
0.017578125 0.000176555812452809
0.01806640625 0.000181482315127606
0.0185546875 0.00018641001983535
0.01904296875 0.00019133892684561
0.01953125 0.000196269036428002
0.02001953125 0.000201200348852194
0.0205078125 0.000206132864387898
0.02099609375 0.000211066583304878
0.021484375 0.000216001505872944
0.02197265625 0.000220937632361956
0.0224609375 0.000225874963041822
0.02294921875 0.000230813498182497
0.0234375 0.000235753238053986
0.02392578125 0.000240694182926344
0.0244140625 0.00024563633306967
0.02490234375 0.000250579688754115
0.025390625 0.000255524250249877
0.02587890625 0.000260470017827203
0.0263671875 0.000265416991756389
0.02685546875 0.000270365172307778
0.02734375 0.000275314559751763
0.02783203125 0.000280265154358783
0.0283203125 0.000285216956399328
0.02880859375 0.000290169966143936
0.029296875 0.000295124183863192
0.02978515625 0.000300079609827731
0.0302734375 0.000305036244308236
0.03076171875 0.000309994087575439
0.03125 0.000314953139900118
0.03173828125 0.000319913401553102
0.0322265625 0.000324874872805269
0.03271484375 0.000329837553927543
0.033203125 0.000334801445190898
0.03369140625 0.000339766546866357
0.0341796875 0.000344732859224989
0.03466796875 0.000349700382537915
0.03515625 0.000354669117076301
0.03564453125 0.000359639063111364
0.0361328125 0.000364610220914369
0.03662109375 0.000369582590756628
0.037109375 0.000374556172909504
0.03759765625 0.000379530967644406
0.0380859375 0.000384506975232792
0.03857421875 0.000389484195946171
0.0390625 0.000394462630056098
0.03955078125 0.000399442277834176
0.0400390625 0.000404423139552059
0.04052734375 0.000409405215481447
0.041015625 0.00041438850589409
0.04150390625 0.000419373011061786
0.0419921875 0.000424358731256383
0.04248046875 0.000429345666749774
0.04296875 0.000434333817813905
0.04345703125 0.000439323184720766
0.0439453125 0.000444313767742399
0.04443359375 0.000449305567150894
0.044921875 0.000454298583218387
0.04541015625 0.000459292816217065
0.0458984375 0.000464288266419164
0.04638671875 0.000469284934096966
0.046875 0.000474282819522804
0.04736328125 0.000479281922969057
0.0478515625 0.000484282244708156
0.04833984375 0.000489283785012577
0.048828125 0.000494286544154846
0.04931640625 0.000499290522407539
0.0498046875 0.000504295720043279
0.05029296875 0.000509302137334737
0.05078125 0.000514309774554633
0.05126953125 0.000519318631975737
0.0517578125 0.000524328709870867
0.05224609375 0.000529340008512887
0.052734375 0.000534352528174712
0.05322265625 0.000539366269129307
0.0537109375 0.000544381231649681
0.05419921875 0.000549397416008897
0.0546875 0.000554414822480062
0.05517578125 0.000559433451336333
0.0556640625 0.000564453302850918
0.05615234375 0.00056947437729707
0.056640625 0.000574496674948093
0.05712890625 0.000579520196077338
0.0576171875 0.000584544940958206
0.05810546875 0.000589570909864146
0.05859375 0.000594598103068654
0.05908203125 0.000599626520845278
0.0595703125 0.000604656163467612
0.06005859375 0.000609687031209299
0.060546875 0.00061471912434403
0.06103515625 0.000619752443145548
0.0615234375 0.00062478698788764
0.06201171875 0.000629822758844144
0.0625 0.000634859756288946
0.06298828125 0.000639897980495982
0.0634765625 0.000644937431739235
0.06396484375 0.000649978110292737
0.064453125 0.000655020016430569
0.06494140625 0.000660063150426859
0.0654296875 0.000665107512555787
0.06591796875 0.000670153103091579
0.06640625 0.000675199922308509
0.06689453125 0.000680247970480902
0.0673828125 0.00068529724788313
0.06787109375 0.000690347754789614
0.068359375 0.000695399491474823
0.06884765625 0.000700452458213277
0.0693359375 0.000705506655279543
0.06982421875 0.000710562082948235
0.0703125 0.000715618741494018
0.07080078125 0.000720676631191604
0.0712890625 0.000725735752315757
0.07177734375 0.000730796105141284
0.072265625 0.000735857689943047
0.07275390625 0.00074092050699595
0.0732421875 0.000745984556574952
0.07373046875 0.000751049838955057
0.07421875 0.000756116354411318
0.07470703125 0.000761184103218836
0.0751953125 0.000766253085652764
0.07568359375 0.0007713233019883
0.076171875 0.000776394752500693
0.07666015625 0.000781467437465238
0.0771484375 0.000786541357157282
0.07763671875 0.000791616511852218
0.078125 0.00079669290182549
0.07861328125 0.000801770527352588
0.0791015625 0.000806849388709052
0.07958984375 0.000811929486170472
0.080078125 0.000817010820012485
0.08056640625 0.000822093390510776
0.0810546875 0.000827177197941081
0.08154296875 0.000832262242579183
0.08203125 0.000837348524700914
0.08251953125 0.000842436044582155
0.0830078125 0.000847524802498835
0.08349609375 0.000852614798726933
0.083984375 0.000857706033542476
0.08447265625 0.000862798507221538
0.0849609375 0.000867892220040245
0.08544921875 0.000872987172274769
0.0859375 0.000878083364201333
0.08642578125 0.000883180796096205
0.0869140625 0.000888279468235706
0.08740234375 0.000893379380896203
0.087890625 0.000898480534354113
0.08837890625 0.000903582928885901
0.0888671875 0.00090868656476808
0.08935546875 0.000913791442277214
0.08984375 0.000918897561689914
0.09033203125 0.000924004923282839
0.0908203125 0.000929113527332699
0.09130859375 0.00093422337411625
0.091796875 0.0009393344639103
0.09228515625 0.000944446796991703
0.0927734375 0.000949560373637362
0.09326171875 0.000954675194124231
0.09375 0.000959791258729309
0.09423828125 0.000964908567729648
0.0947265625 0.000970027121402345
0.09521484375 0.000975146920024548
0.095703125 0.000980267963873453
0.09619140625 0.000985390253226305
0.0966796875 0.000990513788360396
0.09716796875 0.000995638569553071
0.09765625 0.00100076459708172
0.09814453125 0.00100589187122378
0.0986328125 0.00101102039225674
0.09912109375 0.00101615016045814
0.099609375 0.00102128117610557
0.10009765625 0.00102641343947665
0.1005859375 0.00103154695084908
0.10107421875 0.00103668171050058
0.1015625 0.00104181771870894
0.10205078125 0.00104695497575199
0.1025390625 0.0010520934819076
0.10302734375 0.0010572332374537
0.103515625 0.00106237424266827
0.10400390625 0.00106751649782933
0.1044921875 0.00107266000321495
0.10498046875 0.00107780475910327
0.10546875 0.00108295076577244
0.10595703125 0.0010880980235007
0.1064453125 0.0010932465325663
0.10693359375 0.00109839629324757
0.107421875 0.00110354730582287
0.10791015625 0.00110869957057061
0.1083984375 0.00111385308776927
0.10888671875 0.00111900785769735
0.109375 0.00112416388063341
0.10986328125 0.00112932115685606
0.1103515625 0.00113447968664397
0.11083984375 0.00113963947027584
0.111328125 0.00114480050803043
0.11181640625 0.00114996280018654
0.1123046875 0.00115512634702303
0.11279296875 0.00116029114881879
0.11328125 0.00116545720585279
0.11376953125 0.00117062451840402
0.1142578125 0.00117579308675153
0.11474609375 0.00118096291117441
0.115234375 0.00118613399195182
0.11572265625 0.00119130632936296
0.1162109375 0.00119647992368706
0.11669921875 0.00120165477520341
0.1171875 0.00120683088419137
0.11767578125 0.00121200825093032
0.1181640625 0.0012171868756997
0.11865234375 0.00122236675877901
0.119140625 0.00122754790044776
0.11962890625 0.00123273030098557
0.1201171875 0.00123791396067205
0.12060546875 0.00124309887978689
0.12109375 0.00124828505860982
0.12158203125 0.00125347249742064
0.1220703125 0.00125866119649915
0.12255859375 0.00126385115612526
0.123046875 0.00126904237657888
0.12353515625 0.00127423485813998
0.1240234375 0.00127942860108861
0.12451171875 0.00128462360570482
0.125 0.00128981987226874
0.12548828125 0.00129501740106055
0.1259765625 0.00130021619236047
0.12646484375 0.00130541624644876
0.126953125 0.00131061756360575
0.12744140625 0.00131582014411179
0.1279296875 0.00132102398824732
0.12841796875 0.00132622909629279
0.12890625 0.00133143546852871
0.12939453125 0.00133664310523566
0.1298828125 0.00134185200669423
0.13037109375 0.0013470621731851
0.130859375 0.00135227360498897
0.13134765625 0.0013574863023866
0.1318359375 0.00136270026565879
0.13232421875 0.00136791549508641
0.1328125 0.00137313199095036
0.13330078125 0.00137834975353158
0.1337890625 0.00138356878311109
0.13427734375 0.00138878907996993
0.134765625 0.00139401064438921
0.13525390625 0.00139923347665007
0.1357421875 0.00140445757703371
0.13623046875 0.00140968294582138
0.13671875 0.00141490958329437
0.13720703125 0.00142013748973403
0.1376953125 0.00142536666542176
0.13818359375 0.00143059711063899
0.138671875 0.00143582882566721
0.13916015625 0.00144106181078797
0.1396484375 0.00144629606628285
0.14013671875 0.0014515315924335
0.140625 0.00145676838952159
0.14111328125 0.00146200645782887
0.1416015625 0.00146724579763712
0.14208984375 0.00147248640922817
0.142578125 0.0014777282928839
0.14306640625 0.00148297144888625
0.1435546875 0.00148821587751719
0.14404296875 0.00149346157905876
0.14453125 0.00149870855379303
0.14501953125 0.00150395680200213
0.1455078125 0.00150920632396823
0.14599609375 0.00151445711997357
0.146484375 0.0015197091903004
0.14697265625 0.00152496253523105
0.1474609375 0.00153021715504791
0.14794921875 0.00153547305003337
0.1484375 0.00154073022046993
0.14892578125 0.00154598866664008
0.1494140625 0.0015512483888264
0.14990234375 0.00155650938731151
0.150390625 0.00156177166237806
0.15087890625 0.00156703521430878
0.1513671875 0.00157230004338642
0.15185546875 0.0015775661498938
0.15234375 0.00158283353411377
0.15283203125 0.00158810219632925
0.1533203125 0.00159337213682319
0.15380859375 0.0015986433558786
0.154296875 0.00160391585377854
0.15478515625 0.00160918963080611
0.1552734375 0.00161446468724446
0.15576171875 0.0016197410233768
0.15625 0.00162501863948638
0.15673828125 0.00163029753585649
0.1572265625 0.0016355777127705
0.15771484375 0.00164085917051179
0.158203125 0.00164614190936382
0.15869140625 0.00165142592961007
0.1591796875 0.0016567112315341
0.15966796875 0.0016619978154195
0.16015625 0.00166728568154991
0.16064453125 0.00167257483020903
0.1611328125 0.00167786526168059
0.16162109375 0.00168315697624838
0.162109375 0.00168844997419625
0.16259765625 0.00169374425580807
0.1630859375 0.0016990398213678
0.16357421875 0.00170433667115941
0.1640625 0.00170963480546693
0.16455078125 0.00171493422457445
0.1650390625 0.00172023492876611
0.16552734375 0.00172553691832608
0.166015625 0.0017308401935386
0.16650390625 0.00173614475468794
0.1669921875 0.00174145060205842
0.16748046875 0.00174675773593444
0.16796875 0.00175206615660042
0.16845703125 0.00175737586434082
0.1689453125 0.00176268685944017
0.16943359375 0.00176799914218305
0.169921875 0.00177331271285408
0.17041015625 0.00177862757173793
0.1708984375 0.00178394371911932
0.17138671875 0.00178926115528301
0.171875 0.00179457988051383
0.17236328125 0.00179989989509664
0.1728515625 0.00180522119931635
0.17333984375 0.00181054379345794
0.173828125 0.00181586767780641
0.17431640625 0.00182119285264683
0.1748046875 0.00182651931826431
0.17529296875 0.00183184707494401
0.17578125 0.00183717612297113
0.17626953125 0.00184250646263095
0.1767578125 0.00184783809420875
0.17724609375 0.00185317101798991
0.177734375 0.00185850523425982
0.17822265625 0.00186384074330394
0.1787109375 0.00186917754540777
0.17919921875 0.00187451564085687
0.1796875 0.00187985502993684
0.18017578125 0.00188519571293332
0.1806640625 0.00189053769013202
0.18115234375 0.00189588096181868
0.181640625 0.0019012255282791
0.18212890625 0.00190657138979912
0.1826171875 0.00191191854666465
0.18310546875 0.00191726699916162
0.18359375 0.00192261674757603
0.18408203125 0.00192796779219392
0.1845703125 0.00193332013330138
0.18505859375 0.00193867377118456
0.185546875 0.00194402870612963
0.18603515625 0.00194938493842284
0.1865234375 0.00195474246835047
0.18701171875 0.00196010129619887
0.1875 0.00196546142225441
0.18798828125 0.00197082284680353
0.1884765625 0.00197618557013271
0.18896484375 0.00198154959252849
0.189453125 0.00198691491427744
0.18994140625 0.00199228153566619
0.1904296875 0.00199764945698143
0.19091796875 0.00200301867850988
0.19140625 0.00200838920053831
0.19189453125 0.00201376102335356
0.1923828125 0.0020191341472425
0.19287109375 0.00202450857249206
0.193359375 0.00202988429938919
0.19384765625 0.00203526132822094
0.1943359375 0.00204063965927436
0.19482421875 0.00204601929283658
0.1953125 0.00205140022919476
0.19580078125 0.00205678246863613
0.1962890625 0.00206216601144795
0.19677734375 0.00206755085791754
0.197265625 0.00207293700833226
0.19775390625 0.00207832446297953
0.1982421875 0.0020837132221468
0.19873046875 0.0020891032861216
0.19921875 0.00209449465519148
0.19970703125 0.00209988732964405
0.2001953125 0.00210528130976697
0.20068359375 0.00211067659584794
0.201171875 0.00211607318817474
0.20166015625 0.00212147108703515
0.2021484375 0.00212687029271704
0.20263671875 0.00213227080550831
0.203125 0.00213767262569691
0.20361328125 0.00214307575357085
0.2041015625 0.00214848018941818
0.20458984375 0.00215388593352699
0.205078125 0.00215929298618544
0.20556640625 0.00216470134768172
0.2060546875 0.00217011101830408
0.20654296875 0.00217552199834082
0.20703125 0.00218093428808028
0.20751953125 0.00218634788781086
0.2080078125 0.002191762797821
0.20849609375 0.00219717901839919
0.208984375 0.00220259654983398
0.20947265625 0.00220801539241394
0.2099609375 0.00221343554642774
0.21044921875 0.00221885701216404
0.2109375 0.00222427978991159
0.21142578125 0.00222970387995918
0.2119140625 0.00223512928259564
0.21240234375 0.00224055599810985
0.212890625 0.00224598402679076
0.21337890625 0.00225141336892733
0.2138671875 0.00225684402480861
0.21435546875 0.00226227599472367
0.21484375 0.00226770927896165
0.21533203125 0.00227314387781172
0.2158203125 0.00227857979156311
0.21630859375 0.0022840170205051
0.216796875 0.00228945556492701
0.21728515625 0.00229489542511822
0.2177734375 0.00230033660136815
0.21826171875 0.00230577909396627
0.21875 0.00231122290320211
0.21923828125 0.00231666802936524
0.2197265625 0.00232211447274528
0.22021484375 0.00232756223363189
0.220703125 0.0023330113123148
0.22119140625 0.00233846170908378
0.2216796875 0.00234391342422863
0.22216796875 0.00234936645803922
0.22265625 0.00235482081080548
0.22314453125 0.00236027648281735
0.2236328125 0.00236573347436486
0.22412109375 0.00237119178573807
0.224609375 0.00237665141722708
0.22509765625 0.00238211236912206
0.2255859375 0.00238757464171322
0.22607421875 0.00239303823529081
0.2265625 0.00239850315014513
0.22705078125 0.00240396938656655
0.2275390625 0.00240943694484548
0.22802734375 0.00241490582527235
0.228515625 0.00242037602813768
0.22900390625 0.00242584755373203
0.2294921875 0.00243132040234598
0.22998046875 0.00243679457427019
0.23046875 0.00244227006979536
0.23095703125 0.00244774688921224
0.2314453125 0.00245322503281163
0.23193359375 0.00245870450088436
0.232421875 0.00246418529372134
0.23291015625 0.00246966741161352
0.2333984375 0.00247515085485187
0.23388671875 0.00248063562372746
0.234375 0.00248612171853136
0.23486328125 0.00249160913955473
0.2353515625 0.00249709788708874
0.23583984375 0.00250258796142464
0.236328125 0.00250807936285372
0.23681640625 0.00251357209166731
0.2373046875 0.0025190661481568
0.23779296875 0.00252456153261363
0.23828125 0.00253005824532927
0.23876953125 0.00253555628659527
0.2392578125 0.0025410556567032
0.23974609375 0.00254655635594469
0.240234375 0.00255205838461143
0.24072265625 0.00255756174299514
0.2412109375 0.00256306643138761
0.24169921875 0.00256857245008066
0.2421875 0.00257407979936617
0.24267578125 0.00257958847953606
0.2431640625 0.00258509849088231
0.24365234375 0.00259060983369694
0.244140625 0.00259612250827203
0.24462890625 0.00260163651489969
0.2451171875 0.00260715185387211
0.24560546875 0.00261266852548149
0.24609375 0.00261818653002011
0.24658203125 0.00262370586778028
0.2470703125 0.00262922653905438
0.24755859375 0.00263474854413482
0.248046875 0.00264027188331406
0.24853515625 0.00264579655688462
0.2490234375 0.00265132256513906
0.24951171875 0.00265684990837001
0.25 0.0026623785868701
0.25048828125 0.00266790860093207
0.2509765625 0.00267343995084867
0.25146484375 0.0026789726369127
0.251953125 0.00268450665941703
0.25244140625 0.00269004201865456
0.2529296875 0.00269557871491825
0.25341796875 0.00270111674850111
0.25390625 0.00270665611969618
0.25439453125 0.00271219682879657
0.2548828125 0.00271773887609544
0.25537109375 0.00272328226188599
0.255859375 0.00272882698646146
0.25634765625 0.00273437305011516
0.2568359375 0.00273992045314043
0.25732421875 0.00274546919583068
0.2578125 0.00275101927847935
0.25830078125 0.00275657070137993
0.2587890625 0.00276212346482597
0.25927734375 0.00276767756911107
0.259765625 0.00277323301452887
0.26025390625 0.00277878980137306
0.2607421875 0.00278434792993738
0.26123046875 0.00278990740051562
0.26171875 0.00279546821340163
0.26220703125 0.00280103036888929
0.2626953125 0.00280659386727254
0.26318359375 0.00281215870884536
0.263671875 0.00281772489390179
0.26416015625 0.00282329242273592
0.2646484375 0.00282886129564188
0.26513671875 0.00283443151291386
0.265625 0.00284000307484608
0.26611328125 0.00284557598173282
0.2666015625 0.00285115023386843
0.26708984375 0.00285672583154727
0.267578125 0.00286230277506378
0.26806640625 0.00286788106471243
0.2685546875 0.00287346070078775
0.26904296875 0.00287904168358431
0.26953125 0.00288462401339675
0.27001953125 0.00289020769051973
0.2705078125 0.00289579271524797
0.27099609375 0.00290137908787626
0.271484375 0.00290696680869941
0.27197265625 0.00291255587801228
0.2724609375 0.00291814629610981
0.27294921875 0.00292373806328696
0.2734375 0.00292933117983874
0.27392578125 0.00293492564606022
0.2744140625 0.00294052146224653
0.27490234375 0.00294611862869281
0.275390625 0.00295171714569429
0.27587890625 0.00295731701354624
0.2763671875 0.00296291823254395
0.27685546875 0.0029685208029828
0.27734375 0.00297412472515818
0.27783203125 0.00297972999936557
0.2783203125 0.00298533662590048
0.27880859375 0.00299094460505844
0.279296875 0.00299655393713509
0.27978515625 0.00300216462242606
0.2802734375 0.00300777666122706
0.28076171875 0.00301339005383386
0.28125 0.00301900480054224
0.28173828125 0.00302462090164807
0.2822265625 0.00303023835744724
0.28271484375 0.00303585716823571
0.283203125 0.00304147733430946
0.28369140625 0.00304709885596456
0.2841796875 0.0030527217334971
0.28466796875 0.00305834596720322
0.28515625 0.00306397155737912
0.28564453125 0.00306959850432105
0.2861328125 0.00307522680832529
0.28662109375 0.0030808564696882
0.287109375 0.00308648748870615
0.28759765625 0.0030921198656756
0.2880859375 0.00309775360089304
0.28857421875 0.00310338869465499
0.2890625 0.00310902514725806
0.28955078125 0.00311466295899887
0.2900390625 0.00312030213017412
0.29052734375 0.00312594266108054
0.291015625 0.00313158455201491
0.29150390625 0.00313722780327407
0.2919921875 0.00314287241515489
0.29248046875 0.00314851838795432
0.29296875 0.00315416572196933
0.29345703125 0.00315981441749695
0.2939453125 0.00316546447483426
0.29443359375 0.0031711158942784
0.294921875 0.00317676867612652
0.29541015625 0.00318242282067587
0.2958984375 0.00318807832822371
0.29638671875 0.00319373519906738
0.296875 0.00319939343350424
0.29736328125 0.00320505303183172
0.2978515625 0.00321071399434728
0.29833984375 0.00321637632134846
0.298828125 0.00322204001313281
0.29931640625 0.00322770506999796
0.2998046875 0.00323337149224158
0.30029296875 0.00323903928016138
0.30078125 0.00324470843405513
0.30126953125 0.00325037895422064
0.3017578125 0.00325605084095577
0.30224609375 0.00326172409455845
0.302734375 0.00326739871532663
0.30322265625 0.00327307470355833
0.3037109375 0.0032787520595516
0.30419921875 0.00328443078360455
0.3046875 0.00329011087601535
0.30517578125 0.00329579233708219
0.3056640625 0.00330147516710335
0.30615234375 0.00330715936637711
0.306640625 0.00331284493520185
0.30712890625 0.00331853187387595
0.3076171875 0.00332422018269788
0.30810546875 0.00332990986196614
0.30859375 0.00333560091197927
0.30908203125 0.00334129333303589
0.3095703125 0.00334698712543463
0.31005859375 0.00335268228947419
0.310546875 0.00335837882545333
0.31103515625 0.00336407673367084
0.3115234375 0.00336977601442556
0.31201171875 0.0033754766680164
0.3125 0.00338117869474229
0.31298828125 0.00338688209490222
0.3134765625 0.00339258686879524
0.31396484375 0.00339829301672045
0.314453125 0.00340400053897697
0.31494140625 0.003409709435864
0.3154296875 0.00341541970768077
0.31591796875 0.00342113135472658
0.31640625 0.00342684437730076
0.31689453125 0.0034325587757027
0.3173828125 0.00343827455023182
0.31787109375 0.00344399170118762
0.318359375 0.00344971022886962
0.31884765625 0.00345543013357741
0.3193359375 0.00346115141561062
0.31982421875 0.00346687407526893
0.3203125 0.00347259811285206
0.32080078125 0.0034783235286598
0.3212890625 0.00348405032299197
0.32177734375 0.00348977849614844
0.322265625 0.00349550804842915
0.32275390625 0.00350123898013407
0.3232421875 0.00350697129156321
0.32373046875 0.00351270498301665
0.32421875 0.00351844005479452
0.32470703125 0.00352417650719698
0.3251953125 0.00352991434052426
0.32568359375 0.00353565355507661
0.326171875 0.00354139415115437
0.32666015625 0.00354713612905789
0.3271484375 0.00355287948908759
0.32763671875 0.00355862423154393
0.328125 0.00356437035672744
0.32861328125 0.00357011786493866
0.3291015625 0.00357586675647822
0.32958984375 0.00358161703164678
0.330078125 0.00358736869074504
0.33056640625 0.00359312173407376
0.3310546875 0.00359887616193375
0.33154296875 0.00360463197462588
0.33203125 0.00361038917245104
0.33251953125 0.00361614775571018
0.3330078125 0.00362190772470433
0.33349609375 0.00362766907973452
0.333984375 0.00363343182110186
0.33447265625 0.0036391959491075
0.3349609375 0.00364496146405264
0.33544921875 0.00365072836623854
0.3359375 0.00365649665596648
0.33642578125 0.00366226633353782
0.3369140625 0.00366803739925396
0.33740234375 0.00367380985341634
0.337890625 0.00367958369632645
0.33837890625 0.00368535892828584
0.3388671875 0.0036911355495961
0.33935546875 0.00369691356055887
0.33984375 0.00370269296147584
0.34033203125 0.00370847375264876
0.3408203125 0.00371425593437942
0.34130859375 0.00372003950696964
0.341796875 0.00372582447072132
0.34228515625 0.0037316108259364
0.3427734375 0.00373739857291685
0.34326171875 0.00374318771196472
0.34375 0.00374897824338208
0.34423828125 0.00375477016747107
0.3447265625 0.00376056348453387
0.34521484375 0.00376635819487271
0.345703125 0.00377215429878987
0.34619140625 0.00377795179658768
0.3466796875 0.00378375068856851
0.34716796875 0.00378955097503479
0.34765625 0.003795352656289
0.34814453125 0.00380115573263366
0.3486328125 0.00380696020437135
0.34912109375 0.00381276607180468
0.349609375 0.00381857333523633
0.35009765625 0.00382438199496902
0.3505859375 0.00383019205130552
0.35107421875 0.00383600350454865
0.3515625 0.00384181635500127
0.35205078125 0.0038476306029663
0.3525390625 0.00385344624874672
0.35302734375 0.00385926329264552
0.353515625 0.00386508173496578
0.35400390625 0.00387090157601061
0.3544921875 0.00387672281608317
0.35498046875 0.00388254545548667
0.35546875 0.00388836949452437
0.35595703125 0.00389419493349958
0.3564453125 0.00390002177271566
0.35693359375 0.00390585001247601
0.357421875 0.00391167965308409
0.35791015625 0.00391751069484341
0.3583984375 0.00392334313805752
0.35888671875 0.00392917698303002
0.359375 0.00393501223006457
0.35986328125 0.00394084887946485
0.3603515625 0.00394668693153464
0.36083984375 0.00395252638657771
0.361328125 0.00395836724489793
0.36181640625 0.00396420950679919
0.3623046875 0.00397005317258543
0.36279296875 0.00397589824256065
0.36328125 0.00398174471702889
0.36376953125 0.00398759259629425
0.3642578125 0.00399344188066087
0.36474609375 0.00399929257043294
0.365234375 0.0040051446659147
0.36572265625 0.00401099816741043
0.3662109375 0.00401685307522448
0.36669921875 0.00402270938966123
0.3671875 0.00402856711102512
0.36767578125 0.00403442623962064
0.3681640625 0.00404028677575231
0.36865234375 0.00404614871972473
0.369140625 0.00405201207184251
0.36962890625 0.00405787683241035
0.3701171875 0.00406374300173297
0.37060546875 0.00406961058011515
0.37109375 0.00407547956786173
0.37158203125 0.00408134996527757
0.3720703125 0.0040872217726676
0.37255859375 0.0040930949903368
0.373046875 0.00409896961859019
0.37353515625 0.00410484565773284
0.3740234375 0.00411072310806988
0.37451171875 0.00411660196990648
0.375 0.00412248224354785
0.37548828125 0.00412836392929927
0.3759765625 0.00413424702746605
0.37646484375 0.00414013153835355
0.376953125 0.00414601746226721
0.37744140625 0.00415190479951247
0.3779296875 0.00415779355039485
0.37841796875 0.00416368371521992
0.37890625 0.00416957529429328
0.37939453125 0.0041754682879206
0.3798828125 0.00418136269640759
0.38037109375 0.00418725852006
0.380859375 0.00419315575918365
0.38134765625 0.00419905441408438
0.3818359375 0.0042049544850681
0.38232421875 0.00421085597244078
0.3828125 0.0042167588765084
0.38330078125 0.00422266319757703
0.3837890625 0.00422856893595276
0.38427734375 0.00423447609194175
0.384765625 0.00424038466585018
0.38525390625 0.00424629465798432
0.3857421875 0.00425220606865046
0.38623046875 0.00425811889815495
0.38671875 0.00426403314680417
0.38720703125 0.00426994881490457
0.3876953125 0.00427586590276265
0.38818359375 0.00428178441068494
0.388671875 0.00428770433897805
0.38916015625 0.0042936256879486
0.3896484375 0.00429954845790328
0.39013671875 0.00430547264914884
0.390625 0.00431139826199206
0.39111328125 0.00431732529673978
0.3916015625 0.00432325375369887
0.39208984375 0.00432918363317627
0.392578125 0.00433511493547897
0.39306640625 0.00434104766091399
0.3935546875 0.00434698180978842
0.39404296875 0.00435291738240938
0.39453125 0.00435885437908406
0.39501953125 0.00436479280011967
0.3955078125 0.0043707326458235
0.39599609375 0.00437667391650287
0.396484375 0.00438261661246515
0.39697265625 0.00438856073401776
0.3974609375 0.00439450628146819
0.39794921875 0.00440045325512394
0.3984375 0.00440640165529258
0.39892578125 0.00441235148228174
0.3994140625 0.00441830273639908
0.39990234375 0.00442425541795232
0.400390625 0.00443020952724921
0.40087890625 0.00443616506459759
0.4013671875 0.0044421220303053
0.40185546875 0.00444808042468027
0.40234375 0.00445404024803044
0.40283203125 0.00446000150066384
0.4033203125 0.00446596418288851
0.40380859375 0.00447192829501257
0.404296875 0.00447789383734417
0.40478515625 0.00448386081019152
0.4052734375 0.00448982921386287
0.40576171875 0.00449579904866653
0.40625 0.00450177031491084
0.40673828125 0.0045077430129042
0.4072265625 0.00451371714295507
0.40771484375 0.00451969270537195
0.408203125 0.00452566970046338
0.40869140625 0.00453164812853795
0.4091796875 0.00453762798990432
0.40966796875 0.00454360928487117
0.41015625 0.00454959201374726
0.41064453125 0.00455557617684136
0.4111328125 0.00456156177446233
0.41162109375 0.00456754880691905
0.412109375 0.00457353727452046
0.41259765625 0.00457952717757555
0.4130859375 0.00458551851639335
0.41357421875 0.00459151129128295
0.4140625 0.00459750550255348
0.41455078125 0.00460350115051412
0.4150390625 0.00460949823547411
0.41552734375 0.00461549675774273
0.416015625 0.00462149671762931
0.41650390625 0.00462749811544322
0.4169921875 0.00463350095149389
0.41748046875 0.0046395052260908
0.41796875 0.00464551093954347
0.41845703125 0.00465151809216148
0.4189453125 0.00465752668425444
0.41943359375 0.00466353671613204
0.419921875 0.00466954818810398
0.42041015625 0.00467556110048005
0.4208984375 0.00468157545357005
0.42138671875 0.00468759124768386
0.421875 0.00469360848313138
0.42236328125 0.00469962716022259
0.4228515625 0.0047056472792675
0.42333984375 0.00471166884057617
0.423828125 0.0047176918444587
0.42431640625 0.00472371629122527
0.4248046875 0.00472974218118608
0.42529296875 0.00473576951465138
0.42578125 0.00474179829193148
0.42626953125 0.00474782851333675
0.4267578125 0.00475386017917757
0.42724609375 0.00475989328976441
0.427734375 0.00476592784540777
0.42822265625 0.00477196384641819
0.4287109375 0.00477800129310628
0.42919921875 0.00478404018578268
0.4296875 0.0047900805247581
0.43017578125 0.00479612231034327
0.4306640625 0.00480216554284899
0.43115234375 0.0048082102225861
0.431640625 0.00481425634986551
0.43212890625 0.00482030392499814
0.4326171875 0.00482635294829499
0.43310546875 0.00483240342006709
0.43359375 0.00483845534062554
0.43408203125 0.00484450871028147
0.4345703125 0.00485056352934606
0.43505859375 0.00485661979813056
0.435546875 0.00486267751694623
0.43603515625 0.00486873668610442
0.4365234375 0.00487479730591649
0.43701171875 0.0048808593766939
0.4375 0.0048869228987481
0.43798828125 0.00489298787239062
0.4384765625 0.00489905429793305
0.43896484375 0.00490512217568701
0.439453125 0.00491119150596416
0.43994140625 0.00491726228907623
0.4404296875 0.00492333452533499
0.44091796875 0.00492940821505227
0.44140625 0.00493548335853992
0.44189453125 0.00494155995610986
0.4423828125 0.00494763800807407
0.44287109375 0.00495371751474455
0.443359375 0.00495979847643337
0.44384765625 0.00496588089345264
0.4443359375 0.00497196476611452
0.44482421875 0.00497805009473122
0.4453125 0.00498413687961499
0.44580078125 0.00499022512107816
0.4462890625 0.00499631481943306
0.44677734375 0.00500240597499211
0.447265625 0.00500849858806775
0.44775390625 0.0050145926589725
0.4482421875 0.00502068818801889
0.44873046875 0.00502678517551954
0.44921875 0.00503288362178708
0.44970703125 0.00503898352713422
0.4501953125 0.0050450848918737
0.45068359375 0.00505118771631831
0.451171875 0.00505729200078091
0.45166015625 0.00506339774557437
0.4521484375 0.00506950495101164
0.45263671875 0.00507561361740571
0.453125 0.00508172374506963
0.45361328125 0.00508783533431646
0.4541015625 0.00509394838545936
0.45458984375 0.0051000628988115
0.455078125 0.00510617887468612
0.45556640625 0.00511229631339649
0.4560546875 0.00511841521525596
0.45654296875 0.00512453558057789
0.45703125 0.00513065740967572
0.45751953125 0.00513678070286293
0.4580078125 0.00514290546045303
0.45849609375 0.0051490316827596
0.458984375 0.00515515937009626
0.45947265625 0.0051612885227767
0.4599609375 0.00516741914111461
0.46044921875 0.00517355122542378
0.4609375 0.00517968477601803
0.46142578125 0.00518581979321121
0.4619140625 0.00519195627731724
0.46240234375 0.00519809422865009
0.462890625 0.00520423364752376
0.46337890625 0.00521037453425233
0.4638671875 0.00521651688914989
0.46435546875 0.00522266071253061
0.46484375 0.00522880600470869
0.46533203125 0.00523495276599839
0.4658203125 0.00524110099671401
0.46630859375 0.00524725069716991
0.466796875 0.00525340186768049
0.46728515625 0.00525955450856019
0.4677734375 0.00526570862012352
0.46826171875 0.00527186420268502
0.46875 0.0052780212565593
0.46923828125 0.00528417978206099
0.4697265625 0.00529033977950478
0.47021484375 0.00529650124920543
0.470703125 0.00530266419147772
0.47119140625 0.00530882860663648
0.4716796875 0.00531499449499662
0.47216796875 0.00532116185687306
0.47265625 0.00532733069258079
0.47314453125 0.00533350100243485
0.4736328125 0.00533967278675031
0.47412109375 0.00534584604584231
0.474609375 0.00535202078002603
0.47509765625 0.0053581969896167
0.4755859375 0.00536437467492959
0.47607421875 0.00537055383628003
0.4765625 0.00537673447398339
0.47705078125 0.0053829165883551
0.4775390625 0.00538910017971063
0.47802734375 0.0053952852483655
0.478515625 0.00540147179463527
0.47900390625 0.00540765981883557
0.4794921875 0.00541384932128206
0.47998046875 0.00542004030229046
0.48046875 0.00542623276217652
0.48095703125 0.00543242670125607
0.4814453125 0.00543862211984496
0.48193359375 0.00544481901825909
0.482421875 0.00545101739681444
0.48291015625 0.005457217255827
0.4833984375 0.00546341859561282
0.48388671875 0.00546962141648802
0.484375 0.00547582571876875
0.48486328125 0.00548203150277119
0.4853515625 0.00548823876881162
0.48583984375 0.00549444751720631
0.486328125 0.00550065774827162
0.48681640625 0.00550686946232394
0.4873046875 0.00551308265967972
0.48779296875 0.00551929734065545
0.48828125 0.00552551350556767
0.48876953125 0.00553173115473296
0.4892578125 0.00553795028846797
0.48974609375 0.00554417090708937
0.490234375 0.00555039301091392
0.49072265625 0.00555661660025838
0.4912109375 0.0055628416754396
0.49169921875 0.00556906823677444
0.4921875 0.00557529628457985
0.49267578125 0.0055815258191728
0.4931640625 0.0055877568408703
0.49365234375 0.00559398934998945
0.494140625 0.00560022334684736
0.49462890625 0.0056064588317612
0.4951171875 0.0056126958050482
0.49560546875 0.00561893426702561
0.49609375 0.00562517421801077
0.49658203125 0.00563141565832103
0.4970703125 0.0056376585882738
0.49755859375 0.00564390300818656
0.498046875 0.00565014891837682
0.49853515625 0.00565639631916212
0.4990234375 0.00566264521086008
0.49951171875 0.00566889559378837
0.5 0.00567514746826467
0.50048828125 0.00568140083460675
0.5009765625 0.00568765569313241
0.50146484375 0.0056939120441595
0.501953125 0.00570016988800591
0.50244140625 0.00570642922498961
0.5029296875 0.00571269005542857
0.50341796875 0.00571895237964085
0.50390625 0.00572521619794454
0.50439453125 0.00573148151065778
0.5048828125 0.00573774831809877
0.50537109375 0.00574401662058573
0.505859375 0.00575028641843696
0.50634765625 0.00575655771197079
0.5068359375 0.00576283050150561
0.50732421875 0.00576910478735984
0.5078125 0.00577538056985198
0.50830078125 0.00578165784930054
0.5087890625 0.00578793662602411
0.50927734375 0.00579421690034132
0.509765625 0.00580049867257083
0.51025390625 0.00580678194303137
0.5107421875 0.00581306671204171
0.51123046875 0.00581935297992067
0.51171875 0.00582564074698713
0.51220703125 0.00583193001355999
0.5126953125 0.00583822077995822
0.51318359375 0.00584451304650083
0.513671875 0.0058508068135069
0.51416015625 0.00585710208129552
0.5146484375 0.00586339885018586
0.51513671875 0.00586969712049712
0.515625 0.00587599689254857
0.51611328125 0.00588229816665949
0.5166015625 0.00588860094314926
0.51708984375 0.00589490522233726
0.517578125 0.00590121100454295
0.51806640625 0.00590751829008582
0.5185546875 0.00591382707928542
0.51904296875 0.00592013737246135
0.51953125 0.00592644916993324
0.52001953125 0.0059327624720208
0.5205078125 0.00593907727904375
0.52099609375 0.00594539359132189
0.521484375 0.00595171140917505
0.52197265625 0.00595803073292312
0.5224609375 0.00596435156288603
0.52294921875 0.00597067389938376
0.5234375 0.00597699774273635
0.52392578125 0.00598332309326386
0.5244140625 0.00598964995128643
0.52490234375 0.00599597831712424
0.525390625 0.00600230819109749
0.52587890625 0.00600863957352648
0.5263671875 0.00601497246473151
0.52685546875 0.00602130686503296
0.52734375 0.00602764277475124
0.52783203125 0.00603398019420681
0.5283203125 0.00604031912372019
0.52880859375 0.00604665956361195
0.529296875 0.00605300151420268
0.52978515625 0.00605934497581306
0.5302734375 0.00606568994876378
0.53076171875 0.0060720364333756
0.53125 0.00607838442996933
0.53173828125 0.00608473393886581
0.5322265625 0.00609108496038595
0.53271484375 0.00609743749485069
0.533203125 0.00610379154258103
0.53369140625 0.00611014710389801
0.5341796875 0.00611650417912273
0.53466796875 0.00612286276857633
0.53515625 0.00612922287258
0.53564453125 0.00613558449145498
0.5361328125 0.00614194762552255
0.53662109375 0.00614831227510404
0.537109375 0.00615467844052085
0.53759765625 0.00616104612209439
0.5380859375 0.00616741532014616
0.53857421875 0.00617378603499767
0.5390625 0.0061801582669705
0.53955078125 0.00618653201638628
0.5400390625 0.00619290728356668
0.54052734375 0.00619928406883342
0.541015625 0.00620566237250827
0.54150390625 0.00621204219491304
0.5419921875 0.00621842353636961
0.54248046875 0.00622480639719988
0.54296875 0.00623119077772581
0.54345703125 0.00623757667826942
0.5439453125 0.00624396409915277
0.54443359375 0.00625035304069795
0.544921875 0.00625674350322713
0.54541015625 0.00626313548706251
0.5458984375 0.00626952899252634
0.54638671875 0.00627592401994091
0.546875 0.00628232056962858
0.54736328125 0.00628871864191174
0.5478515625 0.00629511823711284
0.54833984375 0.00630151935555436
0.548828125 0.00630792199755885
0.54931640625 0.0063143261634489
0.5498046875 0.00632073185354714
0.55029296875 0.00632713906817626
0.55078125 0.00633354780765899
0.55126953125 0.00633995807231811
0.5517578125 0.00634636986247645
0.55224609375 0.00635278317845689
0.552734375 0.00635919802058235
0.55322265625 0.00636561438917581
0.5537109375 0.00637203228456029
0.55419921875 0.00637845170705886
0.5546875 0.00638487265699464
0.55517578125 0.0063912951346908
0.5556640625 0.00639771914047055
0.55615234375 0.00640414467465714
0.556640625 0.0064105717375739
0.55712890625 0.00641700032954419
0.5576171875 0.0064234304508914
0.55810546875 0.006429862101939
0.55859375 0.00643629528301049
0.55908203125 0.00644272999442941
0.5595703125 0.00644916623651938
0.56005859375 0.00645560400960403
0.560546875 0.00646204331400707
0.56103515625 0.00646848415005224
0.5615234375 0.00647492651806332
0.56201171875 0.00648137041836416
0.5625 0.00648781585127865
0.56298828125 0.00649426281713073
0.5634765625 0.00650071131624437
0.56396484375 0.00650716134894362
0.564453125 0.00651361291555255
0.56494140625 0.00652006601639529
0.5654296875 0.00652652065179601
0.56591796875 0.00653297682207895
0.56640625 0.00653943452756838
0.56689453125 0.00654589376858861
0.5673828125 0.00655235454546401
0.56787109375 0.00655881685851901
0.568359375 0.00656528070807807
0.56884765625 0.00657174609446569
0.5693359375 0.00657821301800645
0.56982421875 0.00658468147902495
0.5703125 0.00659115147784585
0.57080078125 0.00659762301479386
0.5712890625 0.00660409609019372
0.57177734375 0.00661057070437024
0.572265625 0.00661704685764827
0.57275390625 0.00662352455035271
0.5732421875 0.0066300037828085
0.57373046875 0.00663648455534063
0.57421875 0.00664296686827415
0.57470703125 0.00664945072193415
0.5751953125 0.00665593611664576
0.57568359375 0.00666242305273416
0.576171875 0.0066689115305246
0.57666015625 0.00667540155034236
0.5771484375 0.00668189311251276
0.57763671875 0.00668838621736118
0.578125 0.00669488086521305
0.57861328125 0.00670137705639384
0.5791015625 0.00670787479122907
0.57958984375 0.00671437407004431
0.580078125 0.00672087489316518
0.58056640625 0.00672737726091734
0.5810546875 0.00673388117362651
0.58154296875 0.00674038663161844
0.58203125 0.00674689363521896
0.58251953125 0.00675340218475391
0.5830078125 0.00675991228054919
0.58349609375 0.00676642392293077
0.583984375 0.00677293711222465
0.58447265625 0.00677945184875686
0.5849609375 0.00678596813285351
0.58544921875 0.00679248596484075
0.5859375 0.00679900534504476
0.58642578125 0.00680552627379179
0.5869140625 0.00681204875140812
0.58740234375 0.0068185727782201
0.587890625 0.0068250983545541
0.58837890625 0.00683162548073655
0.5888671875 0.00683815415709395
0.58935546875 0.00684468438395281
0.58984375 0.00685121616163971
0.59033203125 0.00685774949048127
0.5908203125 0.00686428437080417
0.59130859375 0.00687082080293513
0.591796875 0.00687735878720091
0.59228515625 0.00688389832392832
0.5927734375 0.00689043941344424
0.59326171875 0.00689698205607557
0.59375 0.00690352625214927
0.59423828125 0.00691007200199234
0.5947265625 0.00691661930593185
0.59521484375 0.00692316816429489
0.595703125 0.00692971857740861
0.59619140625 0.00693627054560022
0.5966796875 0.00694282406919695
0.59716796875 0.00694937914852611
0.59765625 0.00695593578391502
0.59814453125 0.00696249397569109
0.5986328125 0.00696905372418174
0.59912109375 0.00697561502971447
0.599609375 0.0069821778926168
0.60009765625 0.00698874231321632
0.6005859375 0.00699530829184065
0.60107421875 0.00700187582881747
0.6015625 0.00700844492447451
0.60205078125 0.00701501557913953
0.6025390625 0.00702158779314036
0.60302734375 0.00702816156680485
0.603515625 0.00703473690046094
0.60400390625 0.00704131379443657
0.6044921875 0.00704789224905976
0.60498046875 0.00705447226465857
0.60546875 0.00706105384156111
0.60595703125 0.00706763698009552
0.6064453125 0.00707422168059001
0.60693359375 0.00708080794337283
0.607421875 0.00708739576877227
0.60791015625 0.00709398515711668
0.6083984375 0.00710057610873445
0.60888671875 0.00710716862395403
0.609375 0.00711376270310389
0.60986328125 0.00712035834651258
0.6103515625 0.00712695555450867
0.61083984375 0.00713355432742081
0.611328125 0.00714015466557766
0.61181640625 0.00714675656930795
0.6123046875 0.00715336003894047
0.61279296875 0.00715996507480402
0.61328125 0.00716657167722748
0.61376953125 0.00717317984653976
0.6142578125 0.00717978958306984
0.61474609375 0.00718640088714672
0.615234375 0.00719301375909946
0.61572265625 0.00719962819925717
0.6162109375 0.00720624420794901
0.61669921875 0.00721286178550417
0.6171875 0.00721948093225192
0.61767578125 0.00722610164852154
0.6181640625 0.00723272393464239
0.61865234375 0.00723934779094385
0.619140625 0.00724597321775538
0.61962890625 0.00725260021540644
0.6201171875 0.0072592287842266
0.62060546875 0.00726585892454542
0.62109375 0.00727249063669254
0.62158203125 0.00727912392099763
0.6220703125 0.00728575877779044
0.62255859375 0.00729239520740072
0.623046875 0.00729903321015831
0.62353515625 0.00730567278639306
0.6240234375 0.00731231393643491
0.62451171875 0.00731895666061381
0.625 0.00732560095925978
0.62548828125 0.00733224683270287
0.6259765625 0.0073388942812732
0.62646484375 0.00734554330530091
0.626953125 0.00735219390511622
0.62744140625 0.00735884608104936
0.6279296875 0.00736549983343065
0.62841796875 0.00737215516259043
0.62890625 0.00737881206885908
0.62939453125 0.00738547055256704
0.6298828125 0.00739213061404482
0.63037109375 0.00739879225362293
0.630859375 0.00740545547163197
0.63134765625 0.00741212026840257
0.6318359375 0.0074187866442654
0.63232421875 0.00742545459955118
0.6328125 0.0074321241345907
0.63330078125 0.00743879524971477
0.6337890625 0.00744546794525426
0.63427734375 0.00745214222154009
0.634765625 0.00745881807890321
0.63525390625 0.00746549551767464
0.6357421875 0.00747217453818544
0.63623046875 0.00747885514076671
0.63671875 0.0074855373257496
0.63720703125 0.00749222109346533
0.6376953125 0.00749890644424512
0.63818359375 0.00750559337842028
0.638671875 0.00751228189632216
0.63916015625 0.00751897199828213
0.6396484375 0.00752566368463164
0.64013671875 0.00753235695570218
0.640625 0.00753905181182527
0.64111328125 0.0075457482533325
0.6416015625 0.00755244628055549
0.64208984375 0.00755914589382592
0.642578125 0.00756584709347551
0.64306640625 0.00757254987983603
0.6435546875 0.0075792542532393
0.64404296875 0.00758596021401717
0.64453125 0.00759266776250157
0.64501953125 0.00759937689902445
0.6455078125 0.00760608762391782
0.64599609375 0.00761279993751373
0.646484375 0.00761951384014428
0.64697265625 0.00762622933214162
0.6474609375 0.00763294641383795
0.64794921875 0.0076396650855655
0.6484375 0.00764638534765658
0.64892578125 0.00765310720044352
0.6494140625 0.0076598306442587
0.64990234375 0.00766655567943456
0.650390625 0.00767328230630358
0.65087890625 0.00768001052519828
0.6513671875 0.00768674033645123
0.65185546875 0.00769347174039507
0.65234375 0.00770020473736246
0.65283203125 0.00770693932768611
0.6533203125 0.00771367551169879
0.65380859375 0.00772041328973331
0.654296875 0.00772715266212254
0.65478515625 0.00773389362919936
0.6552734375 0.00774063619129675
0.65576171875 0.00774738034874769
0.65625 0.00775412610188524
0.65673828125 0.00776087345104249
0.6572265625 0.00776762239655258
0.65771484375 0.0077743729387487
0.658203125 0.00778112507796409
0.65869140625 0.00778787881453204
0.6591796875 0.00779463414878586
0.65966796875 0.00780139108105895
0.66015625 0.00780814961168472
0.66064453125 0.00781490974099665
0.6611328125 0.00782167146932826
0.66162109375 0.00782843479701312
0.662109375 0.00783519972438484
0.66259765625 0.00784196625177708
0.6630859375 0.00784873437952355
0.66357421875 0.00785550410795801
0.6640625 0.00786227543741426
0.66455078125 0.00786904836822615
0.6650390625 0.00787582290072758
0.66552734375 0.00788259903525249
0.666015625 0.00788937677213488
0.66650390625 0.00789615611170877
0.6669921875 0.00790293705430827
0.66748046875 0.0079097196002675
0.66796875 0.00791650374992064
0.66845703125 0.00792328950360192
0.6689453125 0.00793007686164562
0.66943359375 0.00793686582438606
0.669921875 0.0079436563921576
0.67041015625 0.00795044856529466
0.6708984375 0.00795724234413171
0.67138671875 0.00796403772900326
0.671875 0.00797083472024386
0.67236328125 0.00797763331818811
0.6728515625 0.00798443352317068
0.67333984375 0.00799123533552625
0.673828125 0.00799803875558958
0.67431640625 0.00800484378369545
0.6748046875 0.00801165042017871
0.67529296875 0.00801845866537424
0.67578125 0.00802526851961699
0.67626953125 0.00803207998324192
0.6767578125 0.00803889305658407
0.67724609375 0.0080457077399785
0.677734375 0.00805252403376036
0.67822265625 0.0080593419382648
0.6787109375 0.00806616145382703
0.67919921875 0.00807298258078233
0.6796875 0.00807980531946601
0.68017578125 0.00808662967021341
0.6806640625 0.00809345563335995
0.68115234375 0.00810028320924108
0.681640625 0.00810711239819229
0.68212890625 0.00811394320054913
0.6826171875 0.0081207756166472
0.68310546875 0.00812760964682212
0.68359375 0.0081344452914096
0.68408203125 0.00814128255074536
0.6845703125 0.00814812142516518
0.68505859375 0.00815496191500488
0.685546875 0.00816180402060036
0.68603515625 0.00816864774228751
0.6865234375 0.00817549308040232
0.68701171875 0.0081823400352808
0.6875 0.008189188607259
0.68798828125 0.00819603879667304
0.6884765625 0.00820289060385908
0.68896484375 0.00820974402915331
0.689453125 0.00821659907289199
0.68994140625 0.00822345573541141
0.6904296875 0.00823031401704792
0.69091796875 0.0082371739181379
0.69140625 0.0082440354390178
0.69189453125 0.00825089858002409
0.6923828125 0.00825776334149331
0.69287109375 0.00826462972376204
0.693359375 0.0082714977271669
0.69384765625 0.00827836735204455
0.6943359375 0.00828523859873173
0.69482421875 0.0082921114675652
0.6953125 0.00829898595888176
0.69580078125 0.00830586207301828
0.6962890625 0.00831273981031166
0.69677734375 0.00831961917109886
0.697265625 0.00832650015571687
0.69775390625 0.00833338276450274
0.6982421875 0.00834026699779356
0.69873046875 0.00834715285592647
0.69921875 0.00835404033923867
0.69970703125 0.00836092944806738
0.7001953125 0.00836782018274987
0.70068359375 0.00837471254362349
0.701171875 0.0083816065310256
0.70166015625 0.00838850214529363
0.7021484375 0.00839539938676503
0.70263671875 0.00840229825577734
0.703125 0.00840919875266809
0.70361328125 0.00841610087777491
0.7041015625 0.00842300463143545
0.70458984375 0.0084299100139874
0.705078125 0.00843681702576852
0.70556640625 0.0084437256671166
0.7060546875 0.00845063593836947
0.70654296875 0.00845754783986504
0.70703125 0.00846446137194123
0.70751953125 0.00847137653493603
0.7080078125 0.00847829332918745
0.70849609375 0.00848521175503359
0.708984375 0.00849213181281254
0.70947265625 0.0084990535028625
0.7099609375 0.00850597682552167
0.71044921875 0.0085129017811283
0.7109375 0.00851982837002072
0.71142578125 0.00852675659253727
0.7119140625 0.00853368644901636
0.71240234375 0.00854061793979642
0.712890625 0.00854755106521597
0.71337890625 0.00855448582561353
0.7138671875 0.0085614222213277
0.71435546875 0.00856836025269711
0.71484375 0.00857529992006043
0.71533203125 0.00858224122375641
0.7158203125 0.00858918416412381
0.71630859375 0.00859612874150145
0.716796875 0.0086030749562282
0.71728515625 0.00861002280864298
0.7177734375 0.00861697229908474
0.71826171875 0.00862392342789249
0.71875 0.00863087619540528
0.71923828125 0.00863783060196222
0.7197265625 0.00864478664790246
0.72021484375 0.00865174433356517
0.720703125 0.00865870365928961
0.72119140625 0.00866566462541506
0.7216796875 0.00867262723228086
0.72216796875 0.00867959148022637
0.72265625 0.00868655736959104
0.72314453125 0.00869352490071432
0.7236328125 0.00870049407393574
0.72412109375 0.00870746488959487
0.724609375 0.00871443734803131
0.72509765625 0.00872141144958473
0.7255859375 0.00872838719459483
0.72607421875 0.00873536458340135
0.7265625 0.00874234361634411
0.72705078125 0.00874932429376293
0.7275390625 0.00875630661599771
0.72802734375 0.0087632905833884
0.728515625 0.00877027619627497
0.72900390625 0.00877726345499744
0.7294921875 0.00878425235989591
0.72998046875 0.00879124291131049
0.73046875 0.00879823510958134
0.73095703125 0.0088052289550487
0.7314453125 0.00881222444805281
0.73193359375 0.00881922158893398
0.732421875 0.00882622037803257
0.73291015625 0.00883322081568899
0.7333984375 0.00884022290224367
0.73388671875 0.00884722663803711
0.734375 0.00885423202340986
0.73486328125 0.00886123905870249
0.7353515625 0.00886824774425565
0.73583984375 0.00887525808041
0.736328125 0.00888227006750628
0.73681640625 0.00888928370588526
0.7373046875 0.00889629899588775
0.73779296875 0.00890331593785463
0.73828125 0.00891033453212679
0.73876953125 0.0089173547790452
0.7392578125 0.00892437667895086
0.73974609375 0.00893140023218482
0.740234375 0.00893842543908818
0.74072265625 0.00894545230000208
0.7412109375 0.0089524808152677
0.74169921875 0.00895951098522628
0.7421875 0.00896654281021911
0.74267578125 0.0089735762905875
0.7431640625 0.00898061142667284
0.74365234375 0.00898764821881654
0.744140625 0.00899468666736007
0.74462890625 0.00900172677264494
0.7451171875 0.0090087685350127
0.74560546875 0.00901581195480497
0.74609375 0.0090228570323634
0.74658203125 0.00902990376802968
0.7470703125 0.00903695216214554
0.74755859375 0.0090440022150528
0.748046875 0.00905105392709327
0.74853515625 0.00905810729860884
0.7490234375 0.00906516232994144
0.74951171875 0.00907221902143304
0.75 0.00907927737342566
0.75048828125 0.00908633738626138
0.7509765625 0.00909339906028229
0.75146484375 0.00910046239583056
0.751953125 0.0091075273932484
0.75244140625 0.00911459405287805
0.7529296875 0.00912166237506181
0.75341796875 0.00912873236014203
0.75390625 0.00913580400846109
0.75439453125 0.00914287732036142
0.7548828125 0.00914995229618552
0.75537109375 0.00915702893627591
0.755859375 0.00916410724097516
0.75634765625 0.00917118721062588
0.7568359375 0.00917826884557076
0.75732421875 0.00918535214615249
0.7578125 0.00919243711271383
0.75830078125 0.00919952374559759
0.7587890625 0.00920661204514662
0.75927734375 0.00921370201170382
0.759765625 0.00922079364561212
0.76025390625 0.00922788694721451
0.7607421875 0.00923498191685403
0.76123046875 0.00924207855487375
0.76171875 0.00924917686161681
0.76220703125 0.00925627683742637
0.7626953125 0.00926337848264566
0.76318359375 0.00927048179761793
0.763671875 0.00927758678268649
0.76416015625 0.0092846934381947
0.7646484375 0.00929180176448597
0.76513671875 0.00929891176190373
0.765625 0.00930602343079149
0.76611328125 0.00931313677149278
0.7666015625 0.00932025178435118
0.76708984375 0.00932736846971033
0.767578125 0.00933448682791391
0.76806640625 0.00934160685930564
0.7685546875 0.00934872856422928
0.76904296875 0.00935585194302865
0.76953125 0.00936297699604762
0.77001953125 0.00937010372363008
0.7705078125 0.00937723212612
0.77099609375 0.00938436220386136
0.771484375 0.00939149395719822
0.77197265625 0.00939862738647465
0.7724609375 0.00940576249203481
0.77294921875 0.00941289927422287
0.7734375 0.00942003773338305
0.77392578125 0.00942717786985963
0.7744140625 0.00943431968399693
0.77490234375 0.00944146317613932
0.775390625 0.0094486083466312
0.77587890625 0.00945575519581703
0.7763671875 0.00946290372404131
0.77685546875 0.0094700539316486
0.77734375 0.00947720581898348
0.77783203125 0.00948435938639059
0.7783203125 0.00949151463421462
0.77880859375 0.00949867156280031
0.779296875 0.00950583017249241
0.77978515625 0.00951299046363577
0.7802734375 0.00952015243657524
0.78076171875 0.00952731609165575
0.78125 0.00953448142922224
0.78173828125 0.00954164844961973
0.7822265625 0.00954881715319326
0.78271484375 0.00955598754028794
0.783203125 0.0095631596112489
0.78369140625 0.00957033336642134
0.7841796875 0.00957750880615048
0.78466796875 0.00958468593078161
0.78515625 0.00959186474066004
0.78564453125 0.00959904523613116
0.7861328125 0.00960622741754038
0.78662109375 0.00961341128523315
0.787109375 0.00962059683955499
0.78759765625 0.00962778408085145
0.7880859375 0.00963497300946813
0.78857421875 0.00964216362575067
0.7890625 0.00964935593004476
0.78955078125 0.00965654992269614
0.7900390625 0.00966374560405059
0.79052734375 0.00967094297445393
0.791015625 0.00967814203425204
0.79150390625 0.00968534278379083
0.7919921875 0.00969254522341627
0.79248046875 0.00969974935347437
0.79296875 0.00970695517431118
0.79345703125 0.0097141626862728
0.7939453125 0.00972137188970537
0.79443359375 0.0097285827849551
0.794921875 0.0097357953723682
0.79541015625 0.00974300965229097
0.7958984375 0.00975022562506973
0.79638671875 0.00975744329105086
0.796875 0.00976466265058077
0.79736328125 0.00977188370400593
0.7978515625 0.00977910645167284
0.79833984375 0.00978633089392806
0.798828125 0.00979355703111819
0.79931640625 0.00980078486358989
0.7998046875 0.00980801439168982
0.80029296875 0.00981524561576474
0.80078125 0.00982247853616143
0.80126953125 0.00982971315322671
0.8017578125 0.00983694946730745
0.80224609375 0.00984418747875058
0.802734375 0.00985142718790305
0.80322265625 0.00985866859511188
0.8037109375 0.00986591170072411
0.80419921875 0.00987315650508686
0.8046875 0.00988040300854725
0.80517578125 0.00988765121145249
0.8056640625 0.00989490111414981
0.80615234375 0.00990215271698648
0.806640625 0.00990940602030985
0.80712890625 0.00991666102446727
0.8076171875 0.00992391772980616
0.80810546875 0.00993117613667399
0.80859375 0.00993843624541826
0.80908203125 0.00994569805638653
0.8095703125 0.00995296156992639
0.81005859375 0.00996022678638549
0.810546875 0.00996749370611151
0.81103515625 0.00997476232945218
0.8115234375 0.0099820326567553
0.81201171875 0.00998930468836868
0.8125 0.00999657842464019
0.81298828125 0.0100038538659177
0.8134765625 0.0100111310125493
0.81396484375 0.0100184098648829
0.814453125 0.0100256904232665
0.81494140625 0.0100329726880483
0.8154296875 0.0100402566595764
0.81591796875 0.0100475423381989
0.81640625 0.0100548297242642
0.81689453125 0.0100621188181205
0.8173828125 0.010069409620116
0.81787109375 0.0100767021305993
0.818359375 0.0100839963499186
0.81884765625 0.0100912922784225
0.8193359375 0.0100985899164594
0.81982421875 0.0101058892643779
0.8203125 0.0101131903225266
0.82080078125 0.0101204930912542
0.8212890625 0.0101277975709092
0.82177734375 0.0101351037618404
0.822265625 0.0101424116643967
0.82275390625 0.0101497212789268
0.8232421875 0.0101570326057795
0.82373046875 0.0101643456453039
0.82421875 0.0101716603978488
0.82470703125 0.0101789768637632
0.8251953125 0.0101862950433962
0.82568359375 0.0101936149370969
0.826171875 0.0102009365452144
0.82666015625 0.0102082598680979
0.8271484375 0.0102155849060965
0.82763671875 0.0102229116595597
0.828125 0.0102302401288366
0.82861328125 0.0102375703142766
0.8291015625 0.0102449022162292
0.82958984375 0.0102522358350438
0.830078125 0.0102595711710699
0.83056640625 0.010266908224657
0.8310546875 0.0102742469961547
0.83154296875 0.0102815874859126
0.83203125 0.0102889296942804
0.83251953125 0.0102962736216078
0.8330078125 0.0103036192682446
0.83349609375 0.0103109666345406
0.833984375 0.0103183157208457
0.83447265625 0.0103256665275096
0.8349609375 0.0103330190548824
0.83544921875 0.0103403733033141
0.8359375 0.0103477292731547
0.83642578125 0.0103550869647543
0.8369140625 0.0103624463784629
0.83740234375 0.0103698075146308
0.837890625 0.0103771703736081
0.83837890625 0.0103845349557452
0.8388671875 0.0103919012613923
0.83935546875 0.0103992692908997
0.83984375 0.0104066390446179
0.84033203125 0.0104140105228973
0.8408203125 0.0104213837260883
0.84130859375 0.0104287586545416
0.841796875 0.0104361353086076
0.84228515625 0.0104435136886369
0.8427734375 0.0104508937949803
0.84326171875 0.0104582756279884
0.84375 0.010465659188012
0.84423828125 0.0104730444754018
0.8447265625 0.0104804314905088
0.84521484375 0.0104878202336837
0.845703125 0.0104952107052776
0.84619140625 0.0105026029056413
0.8466796875 0.010509996835126
0.84716796875 0.0105173924940826
0.84765625 0.0105247898828622
0.84814453125 0.0105321890018161
0.8486328125 0.0105395898512954
0.84912109375 0.0105469924316513
0.849609375 0.0105543967432351
0.85009765625 0.0105618027863982
0.8505859375 0.0105692105614919
0.85107421875 0.0105766200688677
0.8515625 0.010584031308877
0.85205078125 0.0105914442818713
0.8525390625 0.0105988589882021
0.85302734375 0.0106062754282211
0.853515625 0.0106136936022799
0.85400390625 0.0106211135107302
0.8544921875 0.0106285351539237
0.85498046875 0.0106359585322122
0.85546875 0.0106433836459475
0.85595703125 0.0106508104954814
0.8564453125 0.0106582390811659
0.85693359375 0.010665669403353
0.857421875 0.0106731014623945
0.85791015625 0.0106805352586426
0.8583984375 0.0106879707924493
0.85888671875 0.0106954080641669
0.859375 0.0107028470741473
0.85986328125 0.0107102878227429
0.8603515625 0.010717730310306
0.86083984375 0.0107251745371888
0.861328125 0.0107326205037436
0.86181640625 0.0107400682103229
0.8623046875 0.0107475176572792
0.86279296875 0.0107549688449648
0.86328125 0.0107624217737324
0.86376953125 0.0107698764439345
0.8642578125 0.0107773328559237
0.86474609375 0.0107847910100527
0.865234375 0.0107922509066742
0.86572265625 0.0107997125461409
0.8662109375 0.0108071759288056
0.86669921875 0.0108146410550212
0.8671875 0.0108221079251406
0.86767578125 0.0108295765395167
0.8681640625 0.0108370468985024
0.86865234375 0.0108445190024507
0.869140625 0.0108519928517149
0.86962890625 0.0108594684466478
0.8701171875 0.0108669457876027
0.87060546875 0.0108744248749328
0.87109375 0.0108819057089913
0.87158203125 0.0108893882901316
0.8720703125 0.0108968726187068
0.87255859375 0.0109043586950704
0.873046875 0.0109118465195759
0.87353515625 0.0109193360925766
0.8740234375 0.010926827414426
0.87451171875 0.0109343204854778
0.875 0.0109418153060855
0.87548828125 0.0109493118766027
0.8759765625 0.0109568101973831
0.87646484375 0.0109643102687805
0.876953125 0.0109718120911486
0.87744140625 0.0109793156648412
0.8779296875 0.0109868209902122
0.87841796875 0.0109943280676154
0.87890625 0.0110018368974049
0.87939453125 0.0110093474799346
0.8798828125 0.0110168598155585
0.88037109375 0.0110243739046307
0.880859375 0.0110318897475054
0.88134765625 0.0110394073445367
0.8818359375 0.0110469266960787
0.88232421875 0.0110544478024859
0.8828125 0.0110619706641123
0.88330078125 0.0110694952813125
0.8837890625 0.0110770216544408
0.88427734375 0.0110845497838515
0.884765625 0.0110920796698993
0.88525390625 0.0110996113129385
0.8857421875 0.0111071447133238
0.88623046875 0.0111146798714097
0.88671875 0.0111222167875509
0.88720703125 0.0111297554621022
0.8876953125 0.0111372958954181
0.88818359375 0.0111448380878536
0.888671875 0.0111523820397634
0.88916015625 0.0111599277515024
0.8896484375 0.0111674752234256
0.89013671875 0.0111750244558878
0.890625 0.011182575449244
0.89111328125 0.0111901282038494
0.8916015625 0.011197682720059
0.89208984375 0.0112052389982279
0.892578125 0.0112127970387112
0.89306640625 0.0112203568418644
0.8935546875 0.0112279184080425
0.89404296875 0.0112354817376008
0.89453125 0.0112430468308948
0.89501953125 0.0112506136882799
0.8955078125 0.0112581823101114
0.89599609375 0.0112657526967449
0.896484375 0.0112733248485358
0.89697265625 0.0112808987658397
0.8974609375 0.0112884744490124
0.89794921875 0.0112960518984093
0.8984375 0.0113036311143862
0.89892578125 0.0113112120972989
0.8994140625 0.0113187948475031
0.89990234375 0.0113263793653547
0.900390625 0.0113339656512095
0.90087890625 0.0113415537054234
0.9013671875 0.0113491435283525
0.90185546875 0.0113567351203528
0.90234375 0.0113643284817801
0.90283203125 0.0113719236129908
0.9033203125 0.0113795205143409
0.90380859375 0.0113871191861865
0.904296875 0.0113947196288839
0.90478515625 0.0114023218427894
0.9052734375 0.0114099258282593
0.90576171875 0.0114175315856499
0.90625 0.0114251391153177
0.90673828125 0.011432748417619
0.9072265625 0.0114403594929104
0.90771484375 0.0114479723415484
0.908203125 0.0114555869638895
0.90869140625 0.0114632033602904
0.9091796875 0.0114708215311077
0.90966796875 0.0114784414766982
0.91015625 0.0114860631974185
0.91064453125 0.0114936866936255
0.9111328125 0.011501311965676
0.91162109375 0.0115089390139269
0.912109375 0.0115165678387351
0.91259765625 0.0115241984404575
0.9130859375 0.0115318308194512
0.91357421875 0.0115394649760732
0.9140625 0.0115471009106806
0.91455078125 0.0115547386236306
0.9150390625 0.0115623781152802
0.91552734375 0.0115700193859869
0.916015625 0.0115776624361077
0.91650390625 0.011585307266
0.9169921875 0.0115929538760213
0.91748046875 0.0116006022665288
0.91796875 0.01160825243788
0.91845703125 0.0116159043904324
0.9189453125 0.0116235581245435
0.91943359375 0.0116312136405709
0.919921875 0.0116388709388722
0.92041015625 0.0116465300198051
0.9208984375 0.0116541908837272
0.92138671875 0.0116618535309964
0.921875 0.0116695179619703
0.92236328125 0.0116771841770068
0.9228515625 0.0116848521764639
0.92333984375 0.0116925219606993
0.923828125 0.0117001935300711
0.92431640625 0.0117078668849373
0.9248046875 0.0117155420256558
0.92529296875 0.0117232189525849
0.92578125 0.0117308976660826
0.92626953125 0.0117385781665071
0.9267578125 0.0117462604542167
0.92724609375 0.0117539445295695
0.927734375 0.0117616303929239
0.92822265625 0.0117693180446383
0.9287109375 0.011777007485071
0.92919921875 0.0117846987145804
0.9296875 0.0117923917335251
0.93017578125 0.0118000865422635
0.9306640625 0.0118077831411543
0.93115234375 0.011815481530556
0.931640625 0.0118231817108272
0.93212890625 0.0118308836823268
0.9326171875 0.0118385874454133
0.93310546875 0.0118462930004456
0.93359375 0.0118540003477825
0.93408203125 0.0118617094877829
0.9345703125 0.0118694204208056
0.93505859375 0.0118771331472097
0.935546875 0.011884847667354
0.93603515625 0.0118925639815978
0.9365234375 0.0119002820902999
0.93701171875 0.0119080019938196
0.9375 0.011915723692516
0.93798828125 0.0119234471867484
0.9384765625 0.0119311724768759
0.93896484375 0.0119388995632579
0.939453125 0.0119466284462536
0.93994140625 0.0119543591262226
0.9404296875 0.0119620916035241
0.94091796875 0.0119698258785178
0.94140625 0.011977561951563
0.94189453125 0.0119852998230193
0.9423828125 0.0119930394932463
0.94287109375 0.0120007809626037
0.943359375 0.0120085242314511
0.94384765625 0.0120162693001483
0.9443359375 0.012024016169055
0.94482421875 0.012031764838531
0.9453125 0.0120395153089362
0.94580078125 0.0120472675806305
0.9462890625 0.0120550216539738
0.94677734375 0.012062777529326
0.947265625 0.0120705352070472
0.94775390625 0.0120782946874976
0.9482421875 0.012086055971037
0.94873046875 0.0120938190580258
0.94921875 0.0121015839488242
0.94970703125 0.0121093506437922
0.9501953125 0.0121171191432903
0.95068359375 0.0121248894476787
0.951171875 0.0121326615573179
0.95166015625 0.0121404354725681
0.9521484375 0.0121482111937899
0.95263671875 0.0121559887213437
0.953125 0.0121637680555901
0.95361328125 0.0121715491968897
0.9541015625 0.012179332145603
0.95458984375 0.0121871169020908
0.955078125 0.0121949034667137
0.95556640625 0.0122026918398325
0.9560546875 0.0122104820218079
0.95654296875 0.0122182740130009
0.95703125 0.0122260678137722
0.95751953125 0.0122338634244828
0.9580078125 0.0122416608454936
0.95849609375 0.0122494600771657
0.958984375 0.0122572611198601
0.95947265625 0.0122650639739378
0.9599609375 0.01227286863976
0.96044921875 0.0122806751176879
0.9609375 0.0122884834080827
0.96142578125 0.0122962935113056
0.9619140625 0.012304105427718
0.96240234375 0.0123119191576811
0.962890625 0.0123197347015564
0.96337890625 0.0123275520597052
0.9638671875 0.0123353712324891
0.96435546875 0.0123431922202695
0.96484375 0.0123510150234081
0.96533203125 0.0123588396422663
0.9658203125 0.0123666660772059
0.96630859375 0.0123744943285885
0.966796875 0.0123823243967758
0.96728515625 0.0123901562821297
0.9677734375 0.0123979899850118
0.96826171875 0.012405825505784
0.96875 0.0124136628448083
0.96923828125 0.0124215020024466
0.9697265625 0.0124293429790608
0.97021484375 0.012437185775013
0.970703125 0.0124450303906652
0.97119140625 0.0124528768263795
0.9716796875 0.012460725082518
0.97216796875 0.0124685751594431
0.97265625 0.0124764270575167
0.97314453125 0.0124842807771014
0.9736328125 0.0124921363185592
0.97412109375 0.0124999936822527
0.974609375 0.0125078528685442
0.97509765625 0.0125157138777961
0.9755859375 0.012523576710371
0.97607421875 0.0125314413666312
0.9765625 0.0125393078469395
0.97705078125 0.0125471761516584
0.9775390625 0.0125550462811506
0.97802734375 0.0125629182357787
0.978515625 0.0125707920159054
0.97900390625 0.0125786676218937
0.9794921875 0.0125865450541062
0.97998046875 0.0125944243129058
0.98046875 0.0126023053986555
0.98095703125 0.0126101883117181
0.9814453125 0.0126180730524567
0.98193359375 0.0126259596212342
0.982421875 0.0126338480184138
0.98291015625 0.0126417382443586
0.9833984375 0.0126496302994317
0.98388671875 0.0126575241839962
0.984375 0.0126654198984155
0.98486328125 0.0126733174430529
0.9853515625 0.0126812168182715
0.98583984375 0.0126891180244349
0.986328125 0.0126970210619063
0.98681640625 0.0127049259310493
0.9873046875 0.0127128326322273
0.98779296875 0.0127207411658039
0.98828125 0.0127286515321426
0.98876953125 0.012736563731607
0.9892578125 0.0127444777645608
0.98974609375 0.0127523936313677
0.990234375 0.0127603113323915
0.99072265625 0.0127682308679958
0.9912109375 0.0127761522385445
0.99169921875 0.0127840754444016
0.9921875 0.0127920004859308
0.99267578125 0.0127999273634962
0.9931640625 0.0128078560774617
0.99365234375 0.0128157866281913
0.994140625 0.0128237190160491
0.99462890625 0.0128316532413993
0.9951171875 0.012839589304606
0.99560546875 0.0128475272060334
0.99609375 0.0128554669460456
0.99658203125 0.0128634085250071
0.9970703125 0.0128713519432821
0.99755859375 0.012879297201235
0.998046875 0.0128872442992301
0.99853515625 0.012895193237632
0.9990234375 0.0129031440168051
0.99951171875 0.0129110966371139
1 0.0129190510989231
Total steps: 8192
