0 0
0.0009765625 9.76800972126739e-06
0.001953125 1.95407899567612e-05
0.0029296875 2.93183428496833e-05
0.00390625 3.91006705440084e-05
0.0048828125 4.88877751844848e-05
0.005859375 5.86796589166343e-05
0.0068359375 6.84763238867519e-05
0.0078125 7.82777722419061e-05
0.0087890625 8.80840061299395e-05
0.009765625 9.78950276994679e-05
0.0107421875 0.000107710839099881
0.01171875 0.000117531442481343
0.0126953125 0.000127356839994791
0.013671875 0.000137187033791936
0.0146484375 0.000147022026025265
0.015625 0.000156861818848037
0.0166015625 0.000166706414414287
0.017578125 0.000176555814878823
0.0185546875 0.000186410022397228
0.01953125 0.000196269039125859
0.0205078125 0.000206132867221848
0.021484375 0.000216001508843102
0.0224609375 0.000225874966148302
0.0234375 0.000235753241296905
0.0244140625 0.000245636336449141
0.025390625 0.000255524253766015
0.0263671875 0.000265416995409311
0.02734375 0.000275314563541582
0.0283203125 0.00028521696032616
0.029296875 0.000295124187927152
0.0302734375 0.000305036248509439
0.03125 0.00031495314423868
0.0322265625 0.000324874877281305
0.033203125 0.000334801449804523
0.0341796875 0.000344732863976319
0.03515625 0.000354669121965451
0.0361328125 0.000364610225941455
0.037109375 0.000374556178074641
0.0380859375 0.000384506980536097
0.0390625 0.000394462635497685
0.0400390625 0.000404423145132045
0.041015625 0.000414388511612591
0.0419921875 0.000424358737113514
0.04296875 0.000434333823809783
0.0439453125 0.00044431377387714
0.044921875 0.000454298589492106
0.0458984375 0.000464288272831978
0.046875 0.000474282826074828
0.0478515625 0.000484282251399507
0.048828125 0.000494286550985642
0.0498046875 0.000504295727013634
0.05078125 0.000514309781664665
0.0517578125 0.000524328717120691
0.052734375 0.000534352535564445
0.0537109375 0.00054438123917944
0.0546875 0.000554414830149963
0.0556640625 0.000564453310661078
0.056640625 0.000574496682898629
0.0576171875 0.000584544949049235
0.05859375 0.000594598111300292
0.0595703125 0.000604656171839976
0.060546875 0.000614719132857238
0.0615234375 0.000624786996541808
0.0625 0.000634859765084192
0.0634765625 0.000644937440675676
0.064453125 0.000655020025508321
0.0654296875 0.000665107521774969
0.06640625 0.000675199931669236
0.0673828125 0.000685297257385521
0.068359375 0.000695399501118996
0.0693359375 0.000705506665065613
0.0703125 0.000715618751422104
0.0712890625 0.000725735762385977
0.072265625 0.000735857700155518
0.0732421875 0.000745984566929792
0.07421875 0.000756116364908644
0.0751953125 0.000766253096292696
0.076171875 0.000776394763283346
0.0771484375 0.000786541368082776
0.078125 0.000796692912893941
0.0791015625 0.00080684939992058
0.080078125 0.000817010831367207
0.0810546875 0.000827177209439115
0.08203125 0.000837348536342379
0.0830078125 0.000847524814283849
0.083984375 0.000857706045471157
0.0849609375 0.000867892232112712
0.0859375 0.000878083376417703
0.0869140625 0.000888279480596099
0.087890625 0.000898480546858647
0.0888671875 0.000908686577416873
0.08984375 0.000918897574483084
0.0908203125 0.000929113540270366
0.091796875 0.000939334476992583
0.0927734375 0.000949560386864379
0.09375 0.00095979127210118
0.0947265625 0.000970027134919188
0.095703125 0.000980267977535387
0.0966796875 0.00099051380216754
0.09765625 0.00100076461103419
0.0986328125 0.00101102040635466
0.099609375 0.00102128119034905
0.1005859375 0.00103154696523825
0.1015625 0.00104181773324392
0.1025390625 0.0010520934965885
0.103515625 0.00106237425749522
0.1044921875 0.00107266001818807
0.10546875 0.00108295078089184
0.1064453125 0.0010932465478321
0.107421875 0.00110354732123519
0.1083984375 0.00111385310332823
0.109375 0.00112416389633914
0.1103515625 0.00113447970249658
0.111328125 0.00114480052403004
0.1123046875 0.00115512636316976
0.11328125 0.00116545722214676
0.1142578125 0.00117579310319286
0.115234375 0.00118613400854064
0.1162109375 0.00119647994042348
0.1171875 0.00120683090107552
0.1181640625 0.00121718689273169
0.119140625 0.00122754791762771
0.1201171875 0.00123791397800008
0.12109375 0.00124828507608606
0.1220703125 0.00125866121412371
0.123046875 0.00126904239435188
0.1240234375 0.00127942861901017
0.125 0.00128981989033899
0.1259765625 0.00130021621057953
0.126953125 0.00131061758197373
0.1279296875 0.00132102400676435
0.12890625 0.00133143548719491
0.1298828125 0.00134185202550973
0.130859375 0.00135227362395387
0.1318359375 0.00136270028477323
0.1328125 0.00137313201021444
0.1337890625 0.00138356880252495
0.134765625 0.00139401066395296
0.1357421875 0.00140445759674748
0.13671875 0.00141490960315828
0.1376953125 0.00142536668543592
0.138671875 0.00143582884583176
0.1396484375 0.0014462960865979
0.140625 0.00145676840998726
0.1416015625 0.00146724581825353
0.142578125 0.00147772831365118
0.1435546875 0.00148821589843546
0.14453125 0.00149870857486241
0.1455078125 0.00150920634518884
0.146484375 0.00151970921167236
0.1474609375 0.00153021717657134
0.1484375 0.00154073024214496
0.1494140625 0.00155124841065315
0.150390625 0.00156177168435666
0.1513671875 0.00157230006551698
0.15234375 0.00158283355639641
0.1533203125 0.00159337215925804
0.154296875 0.00160391587636572
0.1552734375 0.00161446470998409
0.15625 0.00162501866237859
0.1572265625 0.00163557773581541
0.158203125 0.00164614193256154
0.1591796875 0.00165671125488477
0.16015625 0.00166728570505364
0.1611328125 0.00167786528533751
0.162109375 0.00168844999800648
0.1630859375 0.00169903984533146
0.1640625 0.00170963482958415
0.1650390625 0.00172023495303701
0.166015625 0.00173084021796329
0.1669921875 0.00174145062663705
0.16796875 0.00175206618133309
0.1689453125 0.00176268688432701
0.169921875 0.00177331273789522
0.1708984375 0.00178394374431487
0.171875 0.00179457990586392
0.1728515625 0.00180522122482111
0.173828125 0.00181586770346596
0.1748046875 0.00182651934407877
0.17578125 0.00183717614894062
0.1767578125 0.0018478381203334
0.177734375 0.00185850526053975
0.1787109375 0.00186917757184311
0.1796875 0.0018798550565277
0.1806640625 0.00189053771687853
0.181640625 0.00190122555518139
0.1826171875 0.00191191857372284
0.18359375 0.00192261677479025
0.1845703125 0.00193332016067175
0.185546875 0.00194402873365626
0.1865234375 0.00195474249603351
0.1875 0.00196546145009396
0.1884765625 0.00197618559812891
0.189453125 0.0019869149424304
0.1904296875 0.00199764948529129
0.19140625 0.00200838922900519
0.1923828125 0.00201913417586652
0.193359375 0.00202988432817048
0.1943359375 0.00204063968821303
0.1953125 0.00205140025829096
0.1962890625 0.00206216604070179
0.197265625 0.00207293703774386
0.1982421875 0.00208371325171629
0.19921875 0.00209449468491898
0.2001953125 0.00210528133965261
0.201171875 0.00211607321821864
0.2021484375 0.00212687032291934
0.203125 0.00213767265605772
0.2041015625 0.00214848021993763
0.205078125 0.00215929301686365
0.2060546875 0.00217011104914119
0.20703125 0.0021809343190764
0.2080078125 0.00219176282897626
0.208984375 0.0022025965811485
0.2099609375 0.00221343557790166
0.2109375 0.00222427982154503
0.2119140625 0.00223512931438872
0.212890625 0.0022459840587436
0.2138671875 0.00225684405692135
0.21484375 0.00226770931123441
0.2158203125 0.00227857982399602
0.216796875 0.00228945559752018
0.2177734375 0.00230033663412172
0.21875 0.00231122293611621
0.2197265625 0.00232211450582002
0.220703125 0.00233301134555032
0.2216796875 0.00234391345762505
0.22265625 0.00235482084436292
0.2236328125 0.00236573350808346
0.224609375 0.00237665145110696
0.2255859375 0.0023875746757545
0.2265625 0.00239850318434795
0.2275390625 0.00240943697920995
0.228515625 0.00242037606266394
0.2294921875 0.00243132043703415
0.23046875 0.00244227010464557
0.2314453125 0.002453225067824
0.232421875 0.00246418532889601
0.2333984375 0.00247515089018896
0.234375 0.00248612175403099
0.2353515625 0.00249709792275104
0.236328125 0.00250807939867882
0.2373046875 0.00251906618414483
0.23828125 0.00253005828148035
0.2392578125 0.00254105569301745
0.240234375 0.002552058421089
0.2412109375 0.00256306646802861
0.2421875 0.00257407983617073
0.2431640625 0.00258509852785056
0.244140625 0.0025961225454041
0.2451171875 0.00260715189116812
0.24609375 0.00261818656748019
0.2470703125 0.00262922657667866
0.248046875 0.00264027192110266
0.2490234375 0.00265132260309212
0.25 0.00266237862498774
0.2509765625 0.00267343998913102
0.251953125 0.00268450669786421
0.2529296875 0.0026955787535304
0.25390625 0.00270665615847342
0.2548828125 0.00271773891503791
0.255859375 0.00272882702556927
0.2568359375 0.00273992049241372
0.2578125 0.00275101931791824
0.2587890625 0.0027621235044306
0.259765625 0.00277323305429936
0.2607421875 0.00278434796987386
0.26171875 0.00279546825350423
0.2626953125 0.00280659390754138
0.263671875 0.00281772493433701
0.2646484375 0.0028288613362436
0.265625 0.00284000311561443
0.2666015625 0.00285115027480354
0.267578125 0.00286230281616578
0.2685546875 0.00287346074205676
0.26953125 0.00288462405483291
0.2705078125 0.00289579275685141
0.271484375 0.00290696685047025
0.2724609375 0.00291814633804819
0.2734375 0.00292933122194478
0.2744140625 0.00294052150452036
0.275390625 0.00295171718813605
0.2763671875 0.00296291827515375
0.27734375 0.00297412476793616
0.2783203125 0.00298533666884676
0.279296875 0.00299655398024981
0.2802734375 0.00300777670451036
0.28125 0.00301900484399423
0.2822265625 0.00303023840106806
0.283203125 0.00304147737809924
0.2841796875 0.00305272177745596
0.28515625 0.00306397160150719
0.2861328125 0.00307522685262271
0.287109375 0.00308648753317304
0.2880859375 0.00309775364552953
0.2890625 0.00310902519206429
0.2900390625 0.00312030217515021
0.291015625 0.00313158459716099
0.2919921875 0.0031428724604711
0.29296875 0.00315416576745579
0.2939453125 0.00316546452049111
0.294921875 0.00317676872195388
0.2958984375 0.00318807837422172
0.296875 0.00319939347967302
0.2978515625 0.00321071404068697
0.298828125 0.00322204005964353
0.2998046875 0.00323337153892346
0.30078125 0.00324470848090831
0.3017578125 0.00325605088798038
0.302734375 0.0032673987625228
0.3037109375 0.00327875210691945
0.3046875 0.00329011092355502
0.3056640625 0.00330147521481497
0.306640625 0.00331284498308555
0.3076171875 0.00332422023075379
0.30859375 0.00333560096020753
0.3095703125 0.00334698717383535
0.310546875 0.00335837887402666
0.3115234375 0.00336977606317163
0.3125 0.00338117874366122
0.3134765625 0.00339258691788717
0.314453125 0.00340400058824203
0.3154296875 0.00341541975711909
0.31640625 0.00342684442691248
0.3173828125 0.00343827460001706
0.318359375 0.00344971027882852
0.3193359375 0.0034611514657433
0.3203125 0.00347259816315866
0.3212890625 0.00348405037347261
0.322265625 0.00349550809908398
0.3232421875 0.00350697134239235
0.32421875 0.00351844010579811
0.3251953125 0.00352991439170242
0.326171875 0.00354139420250724
0.3271484375 0.0035528795406153
0.328125 0.00356437040843012
0.3291015625 0.00357586680835601
0.330078125 0.00358736874279806
0.3310546875 0.00359887621416215
0.33203125 0.00361038922485493
0.3330078125 0.00362190777728386
0.333984375 0.00363343187385716
0.3349609375 0.00364496151698384
0.3359375 0.00365649670907371
0.3369140625 0.00366803745253735
0.337890625 0.00367958374978614
0.3388671875 0.00369113560323221
0.33984375 0.00370269301528852
0.3408203125 0.00371425598836879
0.341796875 0.00372582452488752
0.3427734375 0.00373739862726001
0.34375 0.00374897829790233
0.3447265625 0.00376056353923135
0.345703125 0.00377215435366471
0.3466796875 0.00378375074362084
0.34765625 0.00379535271151895
0.3486328125 0.00380696025977906
0.349609375 0.00381857339082193
0.3505859375 0.00383019210706915
0.3515625 0.00384181641094306
0.3525390625 0.00385344630486679
0.353515625 0.00386508179126428
0.3544921875 0.00387672287256023
0.35546875 0.00388836955118012
0.3564453125 0.00390002182955024
0.357421875 0.00391167971009763
0.3583984375 0.00392334319525015
0.359375 0.00393501228743643
0.3603515625 0.00394668698908586
0.361328125 0.00395836730262865
0.3623046875 0.00397005323049577
0.36328125 0.003981744775119
0.3642578125 0.00399344193893088
0.365234375 0.00400514472436473
0.3662109375 0.00401685313385468
0.3671875 0.00402856716983562
0.3681640625 0.00404028683474324
0.369140625 0.00405201213101401
0.3701171875 0.00406374306108517
0.37109375 0.00407547962739476
0.3720703125 0.00408722183238161
0.373046875 0.0040989696784853
0.3740234375 0.00411072316814624
0.375 0.00412248230380558
0.3759765625 0.00413424708790528
0.376953125 0.00414601752288808
0.3779296875 0.00415779361119751
0.37890625 0.00416957535527785
0.3798828125 0.00418136275757421
0.380859375 0.00419315582053245
0.3818359375 0.00420495454659922
0.3828125 0.00421675893822198
0.3837890625 0.00422856899784892
0.384765625 0.00424038472792907
0.3857421875 0.00425220613091221
0.38671875 0.00426403320924891
0.3876953125 0.00427586596539052
0.388671875 0.00428770440178918
0.3896484375 0.00429954852089782
0.390625 0.00431139832517013
0.3916015625 0.00432325381706061
0.392578125 0.00433511499902452
0.3935546875 0.00434698187351791
0.39453125 0.00435885444299763
0.3955078125 0.00437073270992128
0.396484375 0.00438261667674728
0.3974609375 0.0043945063459348
0.3984375 0.00440640171994382
0.3994140625 0.00441830280123507
0.400390625 0.0044302095922701
0.4013671875 0.00444212209551122
0.40234375 0.00445404031342153
0.4033203125 0.0044659642484649
0.404296875 0.004477893903106
0.4052734375 0.00448982927981027
0.40625 0.00450177038104394
0.4072265625 0.00451371720927403
0.408203125 0.00452566976696832
0.4091796875 0.00453762805659538
0.41015625 0.00454959208062457
0.4111328125 0.00456156184152604
0.412109375 0.0045735373417707
0.4130859375 0.00458551858383025
0.4140625 0.00459750557017718
0.4150390625 0.00460949830328476
0.416015625 0.00462149678562703
0.4169921875 0.00463350101967883
0.41796875 0.00464551100791576
0.4189453125 0.00465752675281422
0.419921875 0.00466954825685138
0.4208984375 0.00468157552250521
0.421875 0.00469360855225445
0.4228515625 0.0047056473485786
0.423828125 0.00471769191395798
0.4248046875 0.00472974225087366
0.42578125 0.00474179836180752
0.4267578125 0.00475386024924219
0.427734375 0.00476592791566111
0.4287109375 0.00477800136354849
0.4296875 0.0047900805953893
0.4306640625 0.00480216561366933
0.431640625 0.00481425642087512
0.4326171875 0.00482635301949401
0.43359375 0.00483845541201412
0.4345703125 0.00485056360092433
0.435546875 0.00486267758871432
0.4365234375 0.00487479737787455
0.4375 0.00488692297089625
0.4384765625 0.00489905437027144
0.439453125 0.00491119157849293
0.4404296875 0.00492333459805428
0.44140625 0.00493548343144986
0.4423828125 0.0049476380811748
0.443359375 0.00495979854972503
0.4443359375 0.00497196483959725
0.4453125 0.00498413695328893
0.4462890625 0.00499631489329834
0.447265625 0.00500849866212452
0.4482421875 0.00502068826226728
0.44921875 0.00503288369622723
0.4501953125 0.00504508496650575
0.451171875 0.00505729207560499
0.4521484375 0.00506950502602791
0.453125 0.00508172382027821
0.4541015625 0.0050939484608604
0.455078125 0.00510617895027975
0.4560546875 0.00511841529104232
0.45703125 0.00513065748565496
0.4580078125 0.00514290553662527
0.458984375 0.00515515944646166
0.4599609375 0.0051674192176733
0.4609375 0.00517968485277014
0.4619140625 0.00519195635426292
0.462890625 0.00520423372466315
0.4638671875 0.00521651696648313
0.46484375 0.00522880608223592
0.4658203125 0.00524110107443536
0.466796875 0.00525340194559611
0.4677734375 0.00526570869823354
0.46875 0.00527802133486387
0.4697265625 0.00529033985800403
0.470703125 0.00530266427017179
0.4716796875 0.00531499457388566
0.47265625 0.00532733077166494
0.4736328125 0.0053396728660297
0.474609375 0.00535202085950081
0.4755859375 0.00536437475459989
0.4765625 0.00537673455384936
0.4775390625 0.0053891002597724
0.478515625 0.00540147187489299
0.4794921875 0.00541384940173586
0.48046875 0.00542623284282655
0.4814453125 0.00543862220069135
0.482421875 0.00545101747785734
0.4833984375 0.00546341867685237
0.484375 0.00547582580020508
0.4853515625 0.00548823885044488
0.486328125 0.00550065783010195
0.4873046875 0.00551308274170726
0.48828125 0.00552551358779255
0.4892578125 0.00553795037089034
0.490234375 0.00555039309353393
0.4912109375 0.00556284175825738
0.4921875 0.00557529636759554
0.4931640625 0.00558775692408405
0.494140625 0.0056002234302593
0.4951171875 0.00561269588865847
0.49609375 0.00562517430181952
0.4970703125 0.00563765867228118
0.498046875 0.00565014900258295
0.4990234375 0.00566264529526512
0.5 0.00567514755286875
0.5009765625 0.00568765577793567
0.501953125 0.0057001699730085
0.5029296875 0.00571269014063062
0.50390625 0.0057252162833462
0.5048828125 0.00573774840370018
0.505859375 0.00575028650423826
0.5068359375 0.00576283058750695
0.5078125 0.00577538065605349
0.5087890625 0.00578793671242595
0.509765625 0.00580049875917312
0.5107421875 0.0058130667988446
0.51171875 0.00582564083399076
0.5126953125 0.00583822086716273
0.513671875 0.00585080690091244
0.5146484375 0.00586339893779257
0.515625 0.00587599698035659
0.5166015625 0.00588860103115873
0.517578125 0.00590121109275402
0.5185546875 0.00591382716769823
0.51953125 0.00592644925854793
0.5205078125 0.00593907736786046
0.521484375 0.00595171149819392
0.5224609375 0.00596435165210721
0.5234375 0.00597699783215998
0.5244140625 0.00598965004091266
0.525390625 0.00600230828092646
0.5263671875 0.00601497255476335
0.52734375 0.0060276428649861
0.5283203125 0.00604031921415822
0.529296875 0.00605300160484401
0.5302734375 0.00606569003960856
0.53125 0.0060783845210177
0.5322265625 0.00609108505163806
0.533203125 0.00610379163403701
0.5341796875 0.00611650427078274
0.53515625 0.00612922296444418
0.5361328125 0.00614194771759103
0.537109375 0.00615467853279378
0.5380859375 0.00616741541262369
0.5390625 0.00618015835965277
0.5400390625 0.00619290737645383
0.541015625 0.00620566246560045
0.5419921875 0.00621842362966695
0.54296875 0.00623119087122847
0.5439453125 0.00624396419286088
0.544921875 0.00625674359714084
0.5458984375 0.00626952908664579
0.546875 0.00628232066395392
0.5478515625 0.00629511833164421
0.548828125 0.0063079220922964
0.5498046875 0.006320731948491
0.55078125 0.00633354790280931
0.5517578125 0.00634636995783338
0.552734375 0.00635919811614603
0.5537109375 0.00637203238033087
0.5546875 0.00638487275297226
0.5556640625 0.00639771923665535
0.556640625 0.00641057183396603
0.5576171875 0.006423430547491
0.55859375 0.0064362953798177
0.5595703125 0.00644916633353436
0.560546875 0.00646204341122996
0.5615234375 0.00647492661549425
0.5625 0.00648781594891778
0.5634765625 0.00650071141409184
0.564453125 0.0065136130136085
0.5654296875 0.00652652075006059
0.56640625 0.00653943462604173
0.5673828125 0.00655235464414628
0.568359375 0.0065652808069694
0.5693359375 0.006578213117107
0.5703125 0.00659115157715575
0.5712890625 0.00660409618971311
0.572265625 0.00661704695737731
0.5732421875 0.00663000388274732
0.57421875 0.00664296696842291
0.5751953125 0.00665593621700459
0.576171875 0.00666891163109366
0.5771484375 0.00668189321329219
0.578125 0.00669488096620299
0.5791015625 0.00670787489242967
0.580078125 0.00672087499457659
0.5810546875 0.00673388127524887
0.58203125 0.00674689373705242
0.5830078125 0.00675991238259389
0.583984375 0.00677293721448073
0.5849609375 0.00678596823532113
0.5859375 0.00679900544772406
0.5869140625 0.00681204885429925
0.587890625 0.00682509845765719
0.5888671875 0.00683815426040916
0.58984375 0.00685121626516718
0.5908203125 0.00686428447454406
0.591796875 0.00687735889115335
0.5927734375 0.00689043951760938
0.59375 0.00690352635652726
0.5947265625 0.00691661941052283
0.595703125 0.00692971868221274
0.5966796875 0.00694282417421436
0.59765625 0.00695593588914586
0.5986328125 0.00696905382962616
0.599609375 0.00698217799827494
0.6005859375 0.00699530839771267
0.6015625 0.00700844503056054
0.6025390625 0.00702158789944056
0.603515625 0.00703473700697545
0.6044921875 0.00704789235578873
0.60546875 0.00706105394850468
0.6064453125 0.00707422178774834
0.607421875 0.00708739587614549
0.6083984375 0.00710057621632272
0.609375 0.00711376281090735
0.6103515625 0.00712695566252747
0.611328125 0.00714015477381195
0.6123046875 0.00715336014739039
0.61328125 0.00716657178589318
0.6142578125 0.00717978969195147
0.615234375 0.00719301386819717
0.6162109375 0.00720624431726294
0.6171875 0.00721948104178222
0.6181640625 0.00723272404438921
0.619140625 0.00724597332771886
0.6201171875 0.00725922889440689
0.62109375 0.00727249074708979
0.6220703125 0.0072857588884048
0.623046875 0.00729903332098993
0.6240234375 0.00731231404748393
0.625 0.00732560107052635
0.6259765625 0.00733889439275747
0.626953125 0.00735219401681833
0.6279296875 0.00736549994535076
0.62890625 0.00737881218099733
0.6298828125 0.00739213072640136
0.630859375 0.00740545558420695
0.6318359375 0.00741878675705896
0.6328125 0.007432124247603
0.6337890625 0.00744546805848544
0.634765625 0.00745881819235342
0.6357421875 0.00747217465185483
0.63671875 0.00748553743963832
0.6376953125 0.00749890655835331
0.638671875 0.00751228201064997
0.6396484375 0.00752566379917923
0.640625 0.00753905192659278
0.6416015625 0.00755244639554307
0.642578125 0.00756584720868331
0.6435546875 0.00757925436866746
0.64453125 0.00759266787815025
0.6455078125 0.00760608773978716
0.646484375 0.00761951395623443
0.6474609375 0.00763294653014906
0.6484375 0.00764638546418881
0.6494140625 0.00765983076101219
0.650390625 0.00767328242327847
0.6513671875 0.00768674045364769
0.65234375 0.00770020485478062
0.6533203125 0.00771367562933881
0.654296875 0.00772715277998456
0.6552734375 0.00774063630938092
0.65625 0.00775412622019172
0.6572265625 0.00776762251508151
0.658203125 0.00778112519671563
0.6591796875 0.00779463426776015
0.66015625 0.00780814973088191
0.6611328125 0.0078216715887485
0.662109375 0.00783519984402828
0.6630859375 0.00784873449939034
0.6640625 0.00786227555750455
0.6650390625 0.00787582302104151
0.666015625 0.00788937689267261
0.6669921875 0.00790293717506995
0.66796875 0.00791650387090642
0.6689453125 0.00793007698285565
0.669921875 0.00794365651359202
0.6708984375 0.00795724246579068
0.671875 0.00797083484212753
0.6728515625 0.0079844336452792
0.673828125 0.0079980388779231
0.6748046875 0.00801165054273738
0.67578125 0.00802526864240095
0.6767578125 0.00803889317959348
0.677734375 0.00805252415699537
0.6787109375 0.00806616157728779
0.6796875 0.00807980544315267
0.6806640625 0.00809345575727266
0.681640625 0.0081071125223312
0.6826171875 0.00812077574101246
0.68359375 0.00813444541600137
0.6845703125 0.0081481215499836
0.685546875 0.00816180414564558
0.6865234375 0.0081754932056745
0.6875 0.00818918873275828
0.6884765625 0.00820289072958562
0.689453125 0.00821659919884594
0.6904296875 0.00823031414322942
0.69140625 0.00824403556542701
0.6923828125 0.00825776346813038
0.693359375 0.00827149785403198
0.6943359375 0.00828523872582498
0.6953125 0.00829898608620332
0.6962890625 0.00831273993786168
0.697265625 0.0083265002834955
0.6982421875 0.00834026712580096
0.69921875 0.00835404046747498
0.7001953125 0.00836782031121526
0.701171875 0.00838160665972021
0.7021484375 0.00839539951568901
0.703125 0.00840919888182159
0.7041015625 0.00842300476081862
0.705078125 0.00843681715538151
0.7060546875 0.00845063606821245
0.70703125 0.00846446150201434
0.7080078125 0.00847829345949084
0.708984375 0.00849213194334637
0.7099609375 0.00850597695628607
0.7109375 0.00851982850101586
0.7119140625 0.00853368658024239
0.712890625 0.00854755119667304
0.7138671875 0.00856142235301596
0.71484375 0.00857530005198004
0.7158203125 0.00858918429627491
0.716796875 0.00860307508861096
0.7177734375 0.00861697243169929
0.71875 0.00863087632825179
0.7197265625 0.00864478678098107
0.720703125 0.00865870379260049
0.7216796875 0.00867262736582414
0.72265625 0.00868655750336688
0.7236328125 0.0087004942079443
0.724609375 0.00871443748227274
0.7255859375 0.00872838732906927
0.7265625 0.00874234375105172
0.7275390625 0.00875630675093866
0.728515625 0.00877027633144939
0.7294921875 0.00878425249530396
0.73046875 0.00879823524522318
0.7314453125 0.00881222458392858
0.732421875 0.00882622051414244
0.7333984375 0.00884022303858777
0.734375 0.00885423215998836
0.7353515625 0.0088682478810687
0.736328125 0.00888227020455404
0.7373046875 0.00889629913317036
0.73828125 0.0089103346696444
0.7392578125 0.00892437681670364
0.740234375 0.00893842557707627
0.7412109375 0.00895248095349125
0.7421875 0.00896654294867828
0.7431640625 0.00898061156536779
0.744140625 0.00899468680629094
0.7451171875 0.00900876867417966
0.74609375 0.00902285717176659
0.7470703125 0.00903695230178512
0.748046875 0.00905105406696939
0.7490234375 0.00906516247005425
0.75 0.00907927751377533
0.7509765625 0.00909339920086895
0.751953125 0.00910752753407222
0.7529296875 0.00912166251612294
0.75390625 0.00913580414975968
0.7548828125 0.00914995243772174
0.755859375 0.00916410738274914
0.7568359375 0.00917826898758266
0.7578125 0.00919243725496382
0.7587890625 0.00920661218763484
0.759765625 0.00922079378833872
0.7607421875 0.00923498205981918
0.76171875 0.00924917700482066
0.7626953125 0.00926337862608835
0.763671875 0.00927758692636819
0.7646484375 0.00929180190840682
0.765625 0.00930602357495166
0.7666015625 0.00932025192875082
0.767578125 0.00933448697255317
0.7685546875 0.00934872870910831
0.76953125 0.00936297714116658
0.7705078125 0.00937723227147905
0.771484375 0.00939149410279751
0.7724609375 0.00940576263787449
0.7734375 0.00942003787946328
0.7744140625 0.00943431983031787
0.775390625 0.009448608493193
0.7763671875 0.00946290387084413
0.77734375 0.00947720596602746
0.7783203125 0.00949151478149993
0.779296875 0.0095058303200192
0.7802734375 0.00952015258434366
0.78125 0.00953448157723244
0.7822265625 0.00954881730144541
0.783203125 0.00956315975974315
0.7841796875 0.00957750895488698
0.78515625 0.00959186488963895
0.7861328125 0.00960622756676185
0.787109375 0.00962059698901918
0.7880859375 0.0096349731591752
0.7890625 0.00964935607999486
0.7900390625 0.00966374575424387
0.791015625 0.00967814218468866
0.7919921875 0.0096925453740964
0.79296875 0.00970695532523496
0.7939453125 0.00972137204087296
0.794921875 0.00973579552377975
0.7958984375 0.0097502257767254
0.796875 0.00976466280248071
0.7978515625 0.00977910660381721
0.798828125 0.00979355718350716
0.7998046875 0.00980801454432353
0.80078125 0.00982247868904003
0.8017578125 0.00983694962043111
0.802734375 0.00985142734127191
0.8037109375 0.00986591185433834
0.8046875 0.009880403162407
0.8056640625 0.00989490126825524
0.806640625 0.00990940617466112
0.8076171875 0.00992391788440342
0.80859375 0.00993843640026167
0.8095703125 0.0099529617250161
0.810546875 0.00996749386144768
0.8115234375 0.00998203281233809
0.8125 0.00999657858046975
0.8134765625 0.0100111311686258
0.814453125 0.0100256905795901
0.8154296875 0.0100402568161472
0.81640625 0.0100548298810824
0.8173828125 0.0100694097771818
0.818359375 0.0100839965072321
0.8193359375 0.0100985900740208
0.8203125 0.010113190480336
0.8212890625 0.0101277977289667
0.822265625 0.0101424118227026
0.8232421875 0.0101570327643339
0.82421875 0.0101716605566518
0.8251953125 0.0101862952024481
0.826171875 0.0102009367045152
0.8271484375 0.0102155850656465
0.828125 0.0102302402886358
0.8291015625 0.0102449023762779
0.830078125 0.0102595713313682
0.8310546875 0.0102742471567027
0.83203125 0.0102889298550783
0.8330078125 0.0103036194292926
0.833984375 0.0103183158821439
0.8349609375 0.010333019216431
0.8359375 0.0103477294349539
0.8369140625 0.0103624465405127
0.837890625 0.0103771705359088
0.8388671875 0.010391901423944
0.83984375 0.0104066392074208
0.8408203125 0.0104213838891425
0.841796875 0.0104361354719132
0.8427734375 0.0104508939585376
0.84375 0.0104656593518211
0.8447265625 0.0104804316545699
0.845703125 0.0104952108695908
0.8466796875 0.0105099969996914
0.84765625 0.0105247900476801
0.8486328125 0.0105395900163658
0.849609375 0.0105543969085583
0.8505859375 0.0105692107270681
0.8515625 0.0105840314747062
0.8525390625 0.0105988591542845
0.853515625 0.0106136937686157
0.8544921875 0.010628535320513
0.85546875 0.0106433838127905
0.8564453125 0.0106582392482628
0.857421875 0.0106731016297454
0.8583984375 0.0106879709600544
0.859375 0.0107028472420067
0.8603515625 0.0107177304784199
0.861328125 0.0107326206721121
0.8623046875 0.0107475178259025
0.86328125 0.0107624219426107
0.8642578125 0.0107773330250571
0.865234375 0.0107922510760629
0.8662109375 0.0108071760984497
0.8671875 0.0108221080950403
0.8681640625 0.0108370470686578
0.869140625 0.0108519930221262
0.8701171875 0.0108669459582702
0.87109375 0.010881905879915
0.8720703125 0.0108968727898869
0.873046875 0.0109118466910125
0.8740234375 0.0109268275861194
0.875 0.0109418154780357
0.8759765625 0.0109568103695904
0.876953125 0.010971812263613
0.8779296875 0.010986821162934
0.87890625 0.0110018370703842
0.8798828125 0.0110168599887954
0.880859375 0.0110318899210002
0.8818359375 0.0110469268698315
0.8828125 0.0110619708381232
0.8837890625 0.0110770218287099
0.884765625 0.0110920798444269
0.8857421875 0.01110714488811
0.88671875 0.011122216962596
0.8876953125 0.0111372960707221
0.888671875 0.0111523822153265
0.8896484375 0.0111674753992479
0.890625 0.0111825756253258
0.8916015625 0.0111976828964003
0.892578125 0.0112127972153123
0.8935546875 0.0112279185849034
0.89453125 0.0112430470080159
0.8955078125 0.0112581824874926
0.896484375 0.0112733250261774
0.8974609375 0.0112884746269145
0.8984375 0.011303631292549
0.8994140625 0.0113187950259268
0.900390625 0.0113339658298942
0.9013671875 0.0113491437072984
0.90234375 0.0113643286609873
0.9033203125 0.0113795206938095
0.904296875 0.0113947198086143
0.9052734375 0.0114099260082515
0.90625 0.0114251392955718
0.9072265625 0.0114403596734267
0.908203125 0.0114555871446681
0.9091796875 0.0114708217121488
0.91015625 0.0114860633787222
0.9111328125 0.0115013121472425
0.912109375 0.0115165680205644
0.9130859375 0.0115318310015437
0.9140625 0.0115471010930363
0.9150390625 0.0115623782978994
0.916015625 0.0115776626189904
0.9169921875 0.0115929540591677
0.91796875 0.0116082526212903
0.9189453125 0.0116235583082179
0.919921875 0.0116388711228109
0.9208984375 0.0116541910679303
0.921875 0.0116695181464379
0.9228515625 0.0116848523611961
0.923828125 0.0117001937150682
0.9248046875 0.011715542210918
0.92578125 0.01173089785161
0.9267578125 0.0117462606400094
0.927734375 0.0117616305789821
0.9287109375 0.0117770076713948
0.9296875 0.0117923919201148
0.9306640625 0.01180778332801
0.931640625 0.0118231818979491
0.9326171875 0.0118385876328015
0.93359375 0.0118540005354371
0.9345703125 0.0118694206087269
0.935546875 0.0118848478555421
0.9365234375 0.011900282278755
0.9375 0.0119157238812382
0.9384765625 0.0119311726658653
0.939453125 0.0119466286355105
0.9404296875 0.0119620917930486
0.94140625 0.0119775621413552
0.9423828125 0.0119930396833065
0.943359375 0.0120085244217794
0.9443359375 0.0120240163596515
0.9453125 0.0120395154998012
0.9462890625 0.0120550218451073
0.947265625 0.0120705353984495
0.9482421875 0.0120860561627082
0.94921875 0.0121015841407644
0.9501953125 0.0121171193354997
0.951171875 0.0121326617497967
0.9521484375 0.0121482113865383
0.953125 0.0121637682486082
0.9541015625 0.012179332338891
0.955078125 0.0121949036602717
0.9560546875 0.0122104822156361
0.95703125 0.0122260680078707
0.9580078125 0.0122416610398627
0.958984375 0.0122572613144998
0.9599609375 0.0122728688346706
0.9609375 0.0122884836032643
0.9619140625 0.0123041056231707
0.962890625 0.0123197348972804
0.9638671875 0.0123353714284847
0.96484375 0.0123510152196753
0.9658203125 0.012366666273745
0.966796875 0.0123823245935869
0.9677734375 0.0123979901820949
0.96875 0.0124136630421638
0.9697265625 0.0124293431766888
0.970703125 0.0124450305885657
0.9716796875 0.0124607252806914
0.97265625 0.012476427255963
0.9736328125 0.0124921365172787
0.974609375 0.0125078530675369
0.9755859375 0.0125235769096371
0.9765625 0.0125393080464793
0.9775390625 0.0125550464809641
0.978515625 0.0125707922159929
0.9794921875 0.0125865452544677
0.98046875 0.0126023055992913
0.9814453125 0.0126180732533669
0.982421875 0.0126338482195986
0.9833984375 0.0126496305008912
0.984375 0.01266542010015
0.9853515625 0.0126812170202811
0.986328125 0.0126970212641911
0.9873046875 0.0127128328347875
0.98828125 0.0127286517349783
0.9892578125 0.0127444779676723
0.990234375 0.0127603115357788
0.9912109375 0.0127761524422079
0.9921875 0.0127920006898704
0.9931640625 0.0128078562816776
0.994140625 0.0128237192205417
0.9951171875 0.0128395895093752
0.99609375 0.0128554671510917
0.9970703125 0.0128713521486052
0.998046875 0.0128872445048304
0.9990234375 0.0129031442226828
1 0.0129190513050783
1.0009765625 0.0129349657549337
1.001953125 0.0129508875751664
1.0029296875 0.0129668167686945
1.00390625 0.0129827533384366
1.0048828125 0.0129986972873121
1.005859375 0.0130146486182411
1.0068359375 0.0130306073341442
1.0078125 0.0130465734379429
1.0087890625 0.0130625469325591
1.009765625 0.0130785278209155
1.0107421875 0.0130945161059356
1.01171875 0.0131105117905432
1.0126953125 0.013126514877663
1.013671875 0.0131425253702204
1.0146484375 0.0131585432711414
1.015625 0.0131745685833526
1.0166015625 0.0131906013097812
1.017578125 0.0132066414533553
1.0185546875 0.0132226890170035
1.01953125 0.013238744003655
1.0205078125 0.0132548064162398
1.021484375 0.0132708762576884
1.0224609375 0.0132869535309321
1.0234375 0.0133030382389028
1.0244140625 0.0133191303845331
1.025390625 0.013335229970756
1.0263671875 0.0133513370005056
1.02734375 0.0133674514767163
1.0283203125 0.0133835734023233
1.029296875 0.0133997027802624
1.0302734375 0.0134158396134701
1.03125 0.0134319839048835
1.0322265625 0.0134481356574403
1.033203125 0.0134642948740791
1.0341796875 0.0134804615577389
1.03515625 0.0134966357113594
1.0361328125 0.013512817337881
1.037109375 0.0135290064402448
1.0380859375 0.0135452030213924
1.0390625 0.0135614070842661
1.0400390625 0.013577618631809
1.041015625 0.0135938376669647
1.0419921875 0.0136100641926773
1.04296875 0.013626298211892
1.0439453125 0.0136425397275542
1.044921875 0.0136587887426101
1.0458984375 0.0136750452600066
1.046875 0.0136913092826913
1.0478515625 0.0137075808136122
1.048828125 0.0137238598557183
1.0498046875 0.0137401464119588
1.05078125 0.013756440485284
1.0517578125 0.0137727420786445
1.052734375 0.0137890511949918
1.0537109375 0.0138053678372778
1.0546875 0.0138216920084552
1.0556640625 0.0138380237114774
1.056640625 0.0138543629492982
1.0576171875 0.0138707097248722
1.05859375 0.0138870640411548
1.0595703125 0.0139034259011017
1.060546875 0.0139197953076694
1.0615234375 0.0139361722638152
1.0625 0.0139525567724968
1.0634765625 0.0139689488366726
1.064453125 0.0139853484593017
1.0654296875 0.0140017556433439
1.06640625 0.0140181703917594
1.0673828125 0.0140345927075092
1.068359375 0.0140510225935549
1.0693359375 0.0140674600528589
1.0703125 0.014083905088384
1.0712890625 0.0141003577030937
1.072265625 0.0141168178999521
1.0732421875 0.0141332856819242
1.07421875 0.0141497610519752
1.0751953125 0.0141662440130713
1.076171875 0.0141827345681792
1.0771484375 0.0141992327202662
1.078125 0.0142157384723002
1.0791015625 0.0142322518272499
1.080078125 0.0142487727880845
1.0810546875 0.0142653013577738
1.08203125 0.0142818375392884
1.0830078125 0.0142983813355993
1.083984375 0.0143149327496783
1.0849609375 0.0143314917844977
1.0859375 0.0143480584430307
1.0869140625 0.0143646327282508
1.087890625 0.0143812146431322
1.0888671875 0.01439780419065
1.08984375 0.0144144013737795
1.0908203125 0.014431006195497
1.091796875 0.0144476186587793
1.0927734375 0.0144642387666036
1.09375 0.0144808665219481
1.0947265625 0.0144975019277914
1.095703125 0.0145141449871128
1.0966796875 0.0145307957028921
1.09765625 0.01454745407811
1.0986328125 0.0145641201157475
1.099609375 0.0145807938187864
1.1005859375 0.0145974751902092
1.1015625 0.0146141642329987
1.1025390625 0.0146308609501388
1.103515625 0.0146475653446135
1.1044921875 0.0146642774194079
1.10546875 0.0146809971775073
1.1064453125 0.014697724621898
1.107421875 0.0147144597555666
1.1083984375 0.0147312025815006
1.109375 0.0147479531026878
1.1103515625 0.0147647113221169
1.111328125 0.0147814772427772
1.1123046875 0.0147982508676583
1.11328125 0.0148150321997508
1.1142578125 0.0148318212420458
1.115234375 0.0148486179975348
1.1162109375 0.0148654224692103
1.1171875 0.014882234660065
1.1181640625 0.0148990545730926
1.119140625 0.0149158822112872
1.1201171875 0.0149327175776435
1.12109375 0.0149495606751568
1.1220703125 0.0149664115068232
1.123046875 0.0149832700756393
1.1240234375 0.0150001363846022
1.125 0.0150170104367097
1.1259765625 0.0150338922349603
1.126953125 0.015050781782353
1.1279296875 0.0150676790818874
1.12890625 0.0150845841365639
1.1298828125 0.0151014969493831
1.130859375 0.0151184175233467
1.1318359375 0.0151353458614567
1.1328125 0.0151522819667157
1.1337890625 0.0151692258421271
1.134765625 0.0151861774906948
1.1357421875 0.0152031369154232
1.13671875 0.0152201041193175
1.1376953125 0.0152370791053833
1.138671875 0.0152540618766271
1.1396484375 0.0152710524360556
1.140625 0.0152880507866765
1.1416015625 0.0153050569314979
1.142578125 0.0153220708735284
1.1435546875 0.0153390926157775
1.14453125 0.015356122161255
1.1455078125 0.0153731595129716
1.146484375 0.0153902046739382
1.1474609375 0.0154072576471668
1.1484375 0.0154243184356695
1.1494140625 0.0154413870424593
1.150390625 0.0154584634705499
1.1513671875 0.0154755477229552
1.15234375 0.0154926398026901
1.1533203125 0.0155097397127698
1.154296875 0.0155268474562103
1.1552734375 0.0155439630360282
1.15625 0.0155610864552404
1.1572265625 0.0155782177168648
1.158203125 0.0155953568239196
1.1591796875 0.0156125037794238
1.16015625 0.0156296585863968
1.1611328125 0.0156468212478587
1.162109375 0.0156639917668302
1.1630859375 0.0156811701463326
1.1640625 0.0156983563893878
1.1650390625 0.0157155504990181
1.166015625 0.0157327524782468
1.1669921875 0.0157499623300972
1.16796875 0.0157671800575939
1.1689453125 0.0157844056637614
1.169921875 0.0158016391516253
1.1708984375 0.0158188805242115
1.171875 0.0158361297845466
1.1728515625 0.0158533869356579
1.173828125 0.0158706519805729
1.1748046875 0.0158879249223202
1.17578125 0.0159052057639286
1.1767578125 0.0159224945084276
1.177734375 0.0159397911588474
1.1787109375 0.0159570957182185
1.1796875 0.0159744081895724
1.1806640625 0.0159917285759408
1.181640625 0.0160090568803562
1.1826171875 0.0160263931058515
1.18359375 0.0160437372554605
1.1845703125 0.0160610893322172
1.185546875 0.0160784493391564
1.1865234375 0.0160958172793136
1.1875 0.0161131931557245
1.1884765625 0.0161305769714256
1.189453125 0.0161479687294542
1.1904296875 0.0161653684328478
1.19140625 0.0161827760846446
1.1923828125 0.0162001916878836
1.193359375 0.0162176152456039
1.1943359375 0.0162350467608458
1.1953125 0.0162524862366495
1.1962890625 0.0162699336760564
1.197265625 0.016287389082108
1.1982421875 0.0163048524578467
1.19921875 0.0163223238063152
1.2001953125 0.016339803130557
1.201171875 0.0163572904336161
1.2021484375 0.016374785718537
1.203125 0.0163922889883648
1.2041015625 0.0164098002461453
1.205078125 0.0164273194949247
1.2060546875 0.0164448467377498
1.20703125 0.0164623819776681
1.2080078125 0.0164799252177276
1.208984375 0.0164974764609767
1.2099609375 0.0165150357104645
1.2109375 0.0165326029692409
1.2119140625 0.016550178240356
1.212890625 0.0165677615268605
1.2138671875 0.016585352831806
1.21484375 0.0166029521582443
1.2158203125 0.016620559509228
1.216796875 0.0166381748878101
1.2177734375 0.0166557982970442
1.21875 0.0166734297399846
1.2197265625 0.0166910692196859
1.220703125 0.0167087167392036
1.2216796875 0.0167263723015936
1.22265625 0.0167440359099121
1.2236328125 0.0167617075672163
1.224609375 0.0167793872765637
1.2255859375 0.0167970750410125
1.2265625 0.0168147708636213
1.2275390625 0.0168324747474493
1.228515625 0.0168501866955563
1.2294921875 0.0168679067110028
1.23046875 0.0168856347968496
1.2314453125 0.0169033709561581
1.232421875 0.0169211151919905
1.2333984375 0.0169388675074092
1.234375 0.0169566279054774
1.2353515625 0.0169743963892587
1.236328125 0.0169921729618175
1.2373046875 0.0170099576262185
1.23828125 0.017027750385527
1.2392578125 0.0170455512428089
1.240234375 0.0170633602011307
1.2412109375 0.0170811772635593
1.2421875 0.0170990024331623
1.2431640625 0.0171168357130079
1.244140625 0.0171346771061645
1.2451171875 0.0171525266157014
1.24609375 0.0171703842446884
1.2470703125 0.0171882499961957
1.248046875 0.0172061238732942
1.2490234375 0.0172240058790552
1.25 0.0172418960165506
1.2509765625 0.0172597942888529
1.251953125 0.0172777006990351
1.2529296875 0.0172956152501708
1.25390625 0.017313537945334
1.2548828125 0.0173314687875994
1.255859375 0.0173494077800421
1.2568359375 0.0173673549257379
1.2578125 0.0173853102277631
1.2587890625 0.0174032736891943
1.259765625 0.0174212453131091
1.2607421875 0.0174392251025851
1.26171875 0.0174572130607009
1.2626953125 0.0174752091905355
1.263671875 0.0174932134951682
1.2646484375 0.0175112259776791
1.265625 0.0175292466411488
1.2666015625 0.0175472754886583
1.267578125 0.0175653125232894
1.2685546875 0.0175833577481241
1.26953125 0.0176014111662452
1.2705078125 0.0176194727807359
1.271484375 0.01763754259468
1.2724609375 0.0176556206111617
1.2734375 0.0176737068332659
1.2744140625 0.0176918012640779
1.275390625 0.0177099039066837
1.2763671875 0.0177280147641696
1.27734375 0.0177461338396226
1.2783203125 0.0177642611361301
1.279296875 0.0177823966567803
1.2802734375 0.0178005404046615
1.28125 0.0178186923828628
1.2822265625 0.0178368525944739
1.283203125 0.0178550210425849
1.2841796875 0.0178731977302863
1.28515625 0.0178913826606693
1.2861328125 0.0179095758368256
1.287109375 0.0179277772618474
1.2880859375 0.0179459869388275
1.2890625 0.017964204870859
1.2900390625 0.0179824310610358
1.291015625 0.0180006655124521
1.2919921875 0.0180189082282027
1.29296875 0.018037159211383
1.2939453125 0.0180554184650887
1.294921875 0.0180736859924164
1.2958984375 0.0180919617964628
1.296875 0.0181102458803253
1.2978515625 0.0181285382471019
1.298828125 0.018146838899891
1.2998046875 0.0181651478417915
1.30078125 0.0181834650759029
1.3017578125 0.0182017906053251
1.302734375 0.0182201244331587
1.3037109375 0.0182384665625047
1.3046875 0.0182568169964645
1.3056640625 0.0182751757381401
1.306640625 0.0182935427906342
1.3076171875 0.0183119181570497
1.30859375 0.0183303018404902
1.3095703125 0.0183486938440598
1.310546875 0.018367094170863
1.3115234375 0.0183855028240049
1.3125 0.0184039198065911
1.3134765625 0.0184223451217277
1.314453125 0.0184407787725212
1.3154296875 0.0184592207620788
1.31640625 0.0184776710935081
1.3173828125 0.0184961297699172
1.318359375 0.0185145967944146
1.3193359375 0.0185330721701096
1.3203125 0.0185515559001117
1.3212890625 0.018570047987531
1.322265625 0.0185885484354782
1.3232421875 0.0186070572470644
1.32421875 0.0186255744254012
1.3251953125 0.0186440999736007
1.326171875 0.0186626338947755
1.3271484375 0.0186811761920388
1.328125 0.0186997268685041
1.3291015625 0.0187182859272856
1.330078125 0.0187368533714978
1.3310546875 0.0187554292042559
1.33203125 0.0187740134286754
1.3330078125 0.0187926060478724
1.333984375 0.0188112070649636
1.3349609375 0.0188298164830659
1.3359375 0.0188484343052969
1.3369140625 0.0188670605347748
1.337890625 0.0188856951746179
1.3388671875 0.0189043382279455
1.33984375 0.0189229896978769
1.3408203125 0.0189416495875322
1.341796875 0.0189603179000319
1.3427734375 0.018978994638497
1.34375 0.0189976798060489
1.3447265625 0.0190163734058096
1.345703125 0.0190350754409016
1.3466796875 0.0190537859144477
1.34765625 0.0190725048295715
1.3486328125 0.0190912321893967
1.349609375 0.0191099679970478
1.3505859375 0.0191287122556496
1.3515625 0.0191474649683275
1.3525390625 0.0191662261382072
1.353515625 0.0191849957684152
1.3544921875 0.0192037738620781
1.35546875 0.0192225604223232
1.3564453125 0.0192413554522783
1.357421875 0.0192601589550715
1.3583984375 0.0192789709338317
1.359375 0.0192977913916879
1.3603515625 0.0193166203317697
1.361328125 0.0193354577572074
1.3623046875 0.0193543036711314
1.36328125 0.0193731580766729
1.3642578125 0.0193920209769634
1.365234375 0.0194108923751349
1.3662109375 0.0194297722743199
1.3671875 0.0194486606776514
1.3681640625 0.0194675575882626
1.369140625 0.0194864630092877
1.3701171875 0.0195053769438608
1.37109375 0.0195242993951169
1.3720703125 0.0195432303661912
1.373046875 0.0195621698602195
1.3740234375 0.019581117880338
1.375 0.0196000744296835
1.3759765625 0.019619039511393
1.376953125 0.0196380131286042
1.3779296875 0.0196569952844552
1.37890625 0.0196759859820845
1.3798828125 0.0196949852246312
1.380859375 0.0197139930152347
1.3818359375 0.0197330093570349
1.3828125 0.0197520342531722
1.3837890625 0.0197710677067875
1.384765625 0.0197901097210221
1.3857421875 0.0198091602990177
1.38671875 0.0198282194439166
1.3876953125 0.0198472871588615
1.388671875 0.0198663634469954
1.3896484375 0.019885448311462
1.390625 0.0199045417554053
1.3916015625 0.0199236437819699
1.392578125 0.0199427543943006
1.3935546875 0.0199618735955429
1.39453125 0.0199810013888426
1.3955078125 0.020000137777346
1.396484375 0.0200192827642
1.3974609375 0.0200384363525516
1.3984375 0.0200575985455485
1.3994140625 0.0200767693463389
1.400390625 0.0200959487580713
1.4013671875 0.0201151367838946
1.40234375 0.0201343334269584
1.4033203125 0.0201535386904124
1.404296875 0.0201727525774072
1.4052734375 0.0201919750910933
1.40625 0.020211206234622
1.4072265625 0.0202304460111451
1.408203125 0.0202496944238145
1.4091796875 0.0202689514757828
1.41015625 0.0202882171702031
1.4111328125 0.0203074915102287
1.412109375 0.0203267744990134
1.4130859375 0.0203460661397117
1.4140625 0.0203653664354781
1.4150390625 0.020384675389468
1.416015625 0.0204039930048369
1.4169921875 0.0204233192847408
1.41796875 0.0204426542323362
1.4189453125 0.0204619978507801
1.419921875 0.0204813501432297
1.4208984375 0.0205007111128428
1.421875 0.0205200807627778
1.4228515625 0.0205394590961931
1.423828125 0.0205588461162479
1.4248046875 0.0205782418261016
1.42578125 0.0205976462289142
1.4267578125 0.0206170593278461
1.427734375 0.0206364811260579
1.4287109375 0.020655911626711
1.4296875 0.020675350832967
1.4306640625 0.0206947987479878
1.431640625 0.0207142553749361
1.4326171875 0.0207337207169747
1.43359375 0.0207531947772669
1.4345703125 0.0207726775589765
1.435546875 0.0207921690652676
1.4365234375 0.0208116692993049
1.4375 0.0208311782642534
1.4384765625 0.0208506959632784
1.439453125 0.0208702223995459
1.4404296875 0.0208897575762221
1.44140625 0.0209093014964737
1.4423828125 0.0209288541634677
1.443359375 0.0209484155803718
1.4443359375 0.0209679857503538
1.4453125 0.0209875646765821
1.4462890625 0.0210071523622254
1.447265625 0.021026748810453
1.4482421875 0.0210463540244343
1.44921875 0.0210659680073394
1.4501953125 0.0210855907623387
1.451171875 0.0211052222926029
1.4521484375 0.0211248626013034
1.453125 0.0211445116916117
1.4541015625 0.0211641695666999
1.455078125 0.0211838362297404
1.4560546875 0.021203511683906
1.45703125 0.02122319593237
1.4580078125 0.0212428889783062
1.458984375 0.0212625908248884
1.4599609375 0.0212823014752912
1.4609375 0.0213020209326895
1.4619140625 0.0213217492002584
1.462890625 0.0213414862811738
1.4638671875 0.0213612321786116
1.46484375 0.0213809868957482
1.4658203125 0.0214007504357607
1.466796875 0.0214205228018261
1.4677734375 0.0214403039971222
1.46875 0.021460094024827
1.4697265625 0.021479892888119
1.470703125 0.021499700590177
1.4716796875 0.0215195171341802
1.47265625 0.0215393425233083
1.4736328125 0.0215591767607412
1.474609375 0.0215790198496594
1.4755859375 0.0215988717932437
1.4765625 0.0216187325946752
1.4775390625 0.0216386022571356
1.478515625 0.0216584807838067
1.4794921875 0.021678368177871
1.48046875 0.0216982644425112
1.4814453125 0.0217181695809103
1.482421875 0.021738083596252
1.4833984375 0.0217580064917201
1.484375 0.0217779382704988
1.4853515625 0.0217978789357729
1.486328125 0.0218178284907273
1.4873046875 0.0218377869385475
1.48828125 0.0218577542824193
1.4892578125 0.0218777305255288
1.490234375 0.0218977156710626
1.4912109375 0.0219177097222077
1.4921875 0.0219377126821513
1.4931640625 0.0219577245540812
1.494140625 0.0219777453411853
1.4951171875 0.0219977750466522
1.49609375 0.0220178136736706
1.4970703125 0.0220378612254298
1.498046875 0.0220579177051192
1.4990234375 0.0220779831159288
1.5 0.022098057461049
1.5009765625 0.0221181407436702
1.501953125 0.0221382329669837
1.5029296875 0.0221583341341808
1.50390625 0.0221784442484533
1.5048828125 0.0221985633129932
1.505859375 0.0222186913309932
1.5068359375 0.022238828305646
1.5078125 0.0222589742401449
1.5087890625 0.0222791291376836
1.509765625 0.0222992930014558
1.5107421875 0.0223194658346561
1.51171875 0.022339647640479
1.5126953125 0.0223598384221195
1.513671875 0.0223800381827732
1.5146484375 0.0224002469256356
1.515625 0.0224204646539031
1.5166015625 0.0224406913707719
1.517578125 0.022460927079439
1.5185546875 0.0224811717831015
1.51953125 0.0225014254849569
1.5205078125 0.0225216881882032
1.521484375 0.0225419598960386
1.5224609375 0.0225622406116617
1.5234375 0.0225825303382714
1.5244140625 0.0226028290790669
1.525390625 0.0226231368372481
1.5263671875 0.0226434536160148
1.52734375 0.0226637794185673
1.5283203125 0.0226841142481065
1.529296875 0.0227044581078332
1.5302734375 0.0227248110009489
1.53125 0.0227451729306552
1.5322265625 0.0227655439001544
1.533203125 0.0227859239126487
1.5341796875 0.0228063129713409
1.53515625 0.0228267110794341
1.5361328125 0.0228471182401317
1.537109375 0.0228675344566375
1.5380859375 0.0228879597321557
1.5390625 0.0229083940698905
1.5400390625 0.0229288374730469
1.541015625 0.0229492899448299
1.5419921875 0.0229697514884451
1.54296875 0.0229902221070981
1.5439453125 0.0230107018039951
1.544921875 0.0230311905823425
1.5458984375 0.0230516884453472
1.546875 0.0230721953962162
1.5478515625 0.023092711438157
1.548828125 0.0231132365743774
1.5498046875 0.0231337708080854
1.55078125 0.0231543141424895
1.5517578125 0.0231748665807984
1.552734375 0.0231954281262213
1.5537109375 0.0232159987819675
1.5546875 0.0232365785512468
1.5556640625 0.0232571674372692
1.556640625 0.023277765443245
1.5576171875 0.0232983725723851
1.55859375 0.0233189888279003
1.5595703125 0.0233396142130021
1.560546875 0.023360248730902
1.5615234375 0.0233808923848121
1.5625 0.0234015451779447
1.5634765625 0.0234222071135123
1.564453125 0.0234428781947279
1.5654296875 0.0234635584248047
1.56640625 0.0234842478069563
1.5673828125 0.0235049463443965
1.568359375 0.0235256540403395
1.5693359375 0.0235463708979997
1.5703125 0.0235670969205921
1.5712890625 0.0235878321113316
1.572265625 0.0236085764734337
1.5732421875 0.0236293300101141
1.57421875 0.0236500927245889
1.5751953125 0.0236708646200743
1.576171875 0.023691645699787
1.5771484375 0.0237124359669439
1.578125 0.0237332354247624
1.5791015625 0.0237540440764599
1.580078125 0.0237748619252542
1.5810546875 0.0237956889743636
1.58203125 0.0238165252270065
1.5830078125 0.0238373706864015
1.583984375 0.0238582253557679
1.5849609375 0.0238790892383248
1.5859375 0.023899962337292
1.5869140625 0.0239208446558893
1.587890625 0.0239417361973371
1.5888671875 0.0239626369648557
1.58984375 0.0239835469616661
1.5908203125 0.0240044661909893
1.591796875 0.0240253946560467
1.5927734375 0.02404633236006
1.59375 0.0240672793062511
1.5947265625 0.0240882354978425
1.595703125 0.0241092009380564
1.5966796875 0.0241301756301159
1.59765625 0.024151159577244
1.5986328125 0.0241721527826641
1.599609375 0.0241931552496
1.6005859375 0.0242141669812755
1.6015625 0.0242351879809149
1.6025390625 0.0242562182517428
1.603515625 0.024277257796984
1.6044921875 0.0242983066198635
1.60546875 0.0243193647236067
1.6064453125 0.0243404321114393
1.607421875 0.0243615087865871
1.6083984375 0.0243825947522765
1.609375 0.0244036900117337
1.6103515625 0.0244247945681857
1.611328125 0.0244459084248594
1.6123046875 0.024467031584982
1.61328125 0.0244881640517812
1.6142578125 0.0245093058284847
1.615234375 0.0245304569183207
1.6162109375 0.0245516173245175
1.6171875 0.0245727870503038
1.6181640625 0.0245939660989084
1.619140625 0.0246151544735605
1.6201171875 0.0246363521774896
1.62109375 0.0246575592139253
1.6220703125 0.0246787755860975
1.623046875 0.0247000012972365
1.6240234375 0.0247212363505728
1.625 0.024742480749337
1.6259765625 0.0247637344967602
1.626953125 0.0247849975960736
1.6279296875 0.0248062700505088
1.62890625 0.0248275518632974
1.6298828125 0.0248488430376715
1.630859375 0.0248701435768634
1.6318359375 0.0248914534841055
1.6328125 0.0249127727626307
1.6337890625 0.024934101415672
1.634765625 0.0249554394464627
1.6357421875 0.0249767868582362
1.63671875 0.0249981436542263
1.6376953125 0.0250195098376672
1.638671875 0.0250408854117929
1.6396484375 0.0250622703798381
1.640625 0.0250836647450375
1.6416015625 0.0251050685106261
1.642578125 0.0251264816798391
1.6435546875 0.025147904255912
1.64453125 0.0251693362420806
1.6455078125 0.0251907776415807
1.646484375 0.0252122284576487
1.6474609375 0.0252336886935208
1.6484375 0.0252551583524339
1.6494140625 0.0252766374376249
1.650390625 0.0252981259523308
1.6513671875 0.025319623899789
1.65234375 0.0253411312832372
1.6533203125 0.0253626481059132
1.654296875 0.0253841743710551
1.6552734375 0.0254057100819011
1.65625 0.0254272552416899
1.6572265625 0.0254488098536602
1.658203125 0.0254703739210509
1.6591796875 0.0254919474471014
1.66015625 0.0255135304350509
1.6611328125 0.0255351228881393
1.662109375 0.0255567248096063
1.6630859375 0.0255783362026922
1.6640625 0.0255999570706371
1.6650390625 0.0256215874166818
1.666015625 0.0256432272440669
1.6669921875 0.0256648765560334
1.66796875 0.0256865353558226
1.6689453125 0.0257082036466758
1.669921875 0.0257298814318348
1.6708984375 0.0257515687145413
1.671875 0.0257732654980375
1.6728515625 0.0257949717855655
1.673828125 0.025816687580368
1.6748046875 0.0258384128856876
1.67578125 0.0258601477047672
1.6767578125 0.0258818920408499
1.677734375 0.0259036458971791
1.6787109375 0.0259254092769983
1.6796875 0.0259471821835512
1.6806640625 0.0259689646200818
1.681640625 0.0259907565898342
1.6826171875 0.0260125580960528
1.68359375 0.0260343691419821
1.6845703125 0.0260561897308669
1.685546875 0.0260780198659521
1.6865234375 0.0260998595504829
1.6875 0.0261217087877046
1.6884765625 0.0261435675808628
1.689453125 0.0261654359332032
1.6904296875 0.0261873138479717
1.69140625 0.0262092013284145
1.6923828125 0.0262310983777779
1.693359375 0.0262530049993084
1.6943359375 0.0262749211962527
1.6953125 0.0262968469718578
1.6962890625 0.0263187823293705
1.697265625 0.0263407272720384
1.6982421875 0.0263626818031087
1.69921875 0.0263846459258292
1.7001953125 0.0264066196434476
1.701171875 0.026428602959212
1.7021484375 0.0264505958763706
1.703125 0.0264725983981717
1.7041015625 0.0264946105278638
1.705078125 0.0265166322686958
1.7060546875 0.0265386636239165
1.70703125 0.0265607045967751
1.7080078125 0.0265827551905207
1.708984375 0.0266048154084028
1.7099609375 0.026626885253671
1.7109375 0.0266489647295751
1.7119140625 0.0266710538393652
1.712890625 0.0266931525862912
1.7138671875 0.0267152609736035
1.71484375 0.0267373790045525
1.7158203125 0.026759506682389
1.716796875 0.0267816440103637
1.7177734375 0.0268037909917275
1.71875 0.0268259476297317
1.7197265625 0.0268481139276274
1.720703125 0.0268702898886662
1.7216796875 0.0268924755160997
1.72265625 0.0269146708131797
1.7236328125 0.0269368757831581
1.724609375 0.026959090429287
1.7255859375 0.0269813147548187
1.7265625 0.0270035487630056
1.7275390625 0.0270257924571003
1.728515625 0.0270480458403554
1.7294921875 0.0270703089160239
1.73046875 0.0270925816873589
1.7314453125 0.0271148641576134
1.732421875 0.0271371563300408
1.7333984375 0.0271594582078947
1.734375 0.0271817697944285
1.7353515625 0.0272040910928962
1.736328125 0.0272264221065517
1.7373046875 0.0272487628386489
1.73828125 0.0272711132924422
1.7392578125 0.0272934734711859
1.740234375 0.0273158433781344
1.7412109375 0.0273382230165425
1.7421875 0.0273606123896648
1.7431640625 0.0273830115007564
1.744140625 0.0274054203530722
1.7451171875 0.0274278389498676
1.74609375 0.0274502672943977
1.7470703125 0.027472705389918
1.748046875 0.0274951532396843
1.7490234375 0.0275176108469521
1.75 0.0275400782149773
1.7509765625 0.027562555347016
1.751953125 0.0275850422463242
1.7529296875 0.0276075389161582
1.75390625 0.0276300453597743
1.7548828125 0.0276525615804291
1.755859375 0.0276750875813793
1.7568359375 0.0276976233658814
1.7578125 0.0277201689371925
1.7587890625 0.0277427242985694
1.759765625 0.0277652894532694
1.7607421875 0.0277878644045496
1.76171875 0.0278104491556674
1.7626953125 0.0278330437098802
1.763671875 0.0278556480704457
1.7646484375 0.0278782622406215
1.765625 0.0279008862236655
1.7666015625 0.0279235200228355
1.767578125 0.0279461636413897
1.7685546875 0.0279688170825861
1.76953125 0.027991480349683
1.7705078125 0.0280141534459388
1.771484375 0.028036836374612
1.7724609375 0.028059529138961
1.7734375 0.0280822317422447
1.7744140625 0.0281049441877218
1.775390625 0.0281276664786512
1.7763671875 0.0281503986182919
1.77734375 0.0281731406099029
1.7783203125 0.0281958924567436
1.779296875 0.028218654162073
1.7802734375 0.0282414257291508
1.78125 0.0282642071612362
1.7822265625 0.028286998461589
1.783203125 0.0283097996334688
1.7841796875 0.0283326106801354
1.78515625 0.0283554316048485
1.7861328125 0.0283782624108683
1.787109375 0.0284011031014546
1.7880859375 0.0284239536798677
1.7890625 0.0284468141493678
1.7900390625 0.0284696845132151
1.791015625 0.02849256477467
1.7919921875 0.0285154549369931
1.79296875 0.0285383550034449
1.7939453125 0.0285612649772859
1.794921875 0.028584184861777
1.7958984375 0.0286071146601789
1.796875 0.0286300543757525
1.7978515625 0.0286530040117588
1.798828125 0.0286759635714587
1.7998046875 0.0286989330581135
1.80078125 0.0287219124749842
1.8017578125 0.0287449018253321
1.802734375 0.0287679011124185
1.8037109375 0.0287909103395049
1.8046875 0.0288139295098526
1.8056640625 0.0288369586267233
1.806640625 0.0288599976933786
1.8076171875 0.0288830467130799
1.80859375 0.0289061056890893
1.8095703125 0.0289291746246683
1.810546875 0.0289522535230789
1.8115234375 0.0289753423875829
1.8125 0.0289984412214424
1.8134765625 0.0290215500279194
1.814453125 0.029044668810276
1.8154296875 0.0290677975717744
1.81640625 0.0290909363156766
1.8173828125 0.0291140850452451
1.818359375 0.0291372437637421
1.8193359375 0.02916041247443
1.8203125 0.0291835911805712
1.8212890625 0.0292067798854281
1.822265625 0.0292299785922634
1.8232421875 0.0292531873043395
1.82421875 0.0292764060249191
1.8251953125 0.0292996347572647
1.826171875 0.0293228735046392
1.8271484375 0.0293461222703053
1.828125 0.0293693810575258
1.8291015625 0.0293926498695634
1.830078125 0.029415928709681
1.8310546875 0.0294392175811416
1.83203125 0.0294625164872081
1.8330078125 0.0294858254311434
1.833984375 0.0295091444162106
1.8349609375 0.0295324734456728
1.8359375 0.0295558125227929
1.8369140625 0.0295791616508342
1.837890625 0.0296025208330597
1.8388671875 0.0296258900727326
1.83984375 0.0296492693731161
1.8408203125 0.0296726587374735
1.841796875 0.029696058169068
1.8427734375 0.0297194676711628
1.84375 0.0297428872470213
1.8447265625 0.0297663168999067
1.845703125 0.0297897566330825
1.8466796875 0.0298132064498119
1.84765625 0.0298366663533584
1.8486328125 0.0298601363469854
1.849609375 0.0298836164339561
1.8505859375 0.0299071066175342
1.8515625 0.029930606900983
1.8525390625 0.0299541172875659
1.853515625 0.0299776377805465
1.8544921875 0.0300011683831881
1.85546875 0.0300247090987544
1.8564453125 0.0300482599305087
1.857421875 0.0300718208817146
1.8583984375 0.0300953919556355
1.859375 0.030118973155535
1.8603515625 0.0301425644846766
1.861328125 0.0301661659463238
1.8623046875 0.0301897775437401
1.86328125 0.0302133992801889
1.8642578125 0.0302370311589339
1.865234375 0.0302606731832385
1.8662109375 0.0302843253563662
1.8671875 0.0303079876815805
1.8681640625 0.0303316601621449
1.869140625 0.0303553428013229
1.8701171875 0.0303790356023779
1.87109375 0.0304027385685734
1.8720703125 0.0304264517031728
1.873046875 0.0304501750094397
1.8740234375 0.0304739084906373
1.875 0.0304976521500291
1.8759765625 0.0305214059908786
1.876953125 0.030545170016449
1.8779296875 0.0305689442300037
1.87890625 0.0305927286348061
1.8798828125 0.0306165232341194
1.880859375 0.030640328031207
1.8818359375 0.0306641430293321
1.8828125 0.030687968231758
1.8837890625 0.0307118036417478
1.884765625 0.0307356492625648
1.8857421875 0.030759505097472
1.88671875 0.0307833711497328
1.8876953125 0.03080724742261
1.888671875 0.0308311339193668
1.8896484375 0.0308550306432663
1.890625 0.0308789375975714
1.8916015625 0.030902854785545
1.892578125 0.0309267822104501
1.8935546875 0.0309507198755497
1.89453125 0.0309746677841064
1.8955078125 0.0309986259393832
1.896484375 0.0310225943446427
1.8974609375 0.0310465730031477
1.8984375 0.0310705619181609
1.8994140625 0.0310945610929449
1.900390625 0.0311185705307622
1.9013671875 0.0311425902348755
1.90234375 0.0311666202085471
1.9033203125 0.0311906604550395
1.904296875 0.0312147109776151
1.9052734375 0.0312387717795362
1.90625 0.031262842864065
1.9072265625 0.0312869242344639
1.908203125 0.0313110158939948
1.9091796875 0.03133511784592
1.91015625 0.0313592300935014
1.9111328125 0.0313833526400011
1.912109375 0.0314074854886809
1.9130859375 0.0314316286428026
1.9140625 0.0314557821056282
1.9150390625 0.0314799458804192
1.916015625 0.0315041199704374
1.9169921875 0.0315283043789443
1.91796875 0.0315524991092014
1.9189453125 0.0315767041644701
1.919921875 0.0316009195480119
1.9208984375 0.031625145263088
1.921875 0.0316493813129597
1.9228515625 0.031673627700888
1.923828125 0.0316978844301341
1.9248046875 0.0317221515039589
1.92578125 0.0317464289256233
1.9267578125 0.0317707166983882
1.927734375 0.0317950148255142
1.9287109375 0.0318193233102622
1.9296875 0.0318436421558925
1.9306640625 0.0318679713656657
1.931640625 0.0318923109428422
1.9326171875 0.0319166608906824
1.93359375 0.0319410212124463
1.9345703125 0.0319653919113942
1.935546875 0.0319897729907861
1.9365234375 0.0320141644538819
1.9375 0.0320385663039414
1.9384765625 0.0320629785442245
1.939453125 0.0320874011779907
1.9404296875 0.0321118342084995
1.94140625 0.0321362776390106
1.9423828125 0.032160731472783
1.943359375 0.0321851957130763
1.9443359375 0.0322096703631493
1.9453125 0.0322341554262613
1.9462890625 0.032258650905671
1.947265625 0.0322831568046374
1.9482421875 0.0323076731264191
1.94921875 0.0323321998742747
1.9501953125 0.0323567370514627
1.951171875 0.0323812846612415
1.9521484375 0.0324058427068693
1.953125 0.0324304111916043
1.9541015625 0.0324549901187044
1.955078125 0.0324795794914275
1.9560546875 0.0325041793130315
1.95703125 0.032528789586774
1.9580078125 0.0325534103159125
1.958984375 0.0325780415037045
1.9599609375 0.0326026831534072
1.9609375 0.0326273352682777
1.9619140625 0.0326519978515731
1.962890625 0.0326766709065503
1.9638671875 0.0327013544364661
1.96484375 0.0327260484445771
1.9658203125 0.0327507529341398
1.966796875 0.0327754679084105
1.9677734375 0.0328001933706455
1.96875 0.0328249293241008
1.9697265625 0.0328496757720325
1.970703125 0.0328744327176964
1.9716796875 0.032899200164348
1.97265625 0.032923978115243
1.9736328125 0.0329487665736367
1.974609375 0.0329735655427844
1.9755859375 0.0329983750259411
1.9765625 0.0330231950263617
1.9775390625 0.0330480255473012
1.978515625 0.0330728665920141
1.9794921875 0.0330977181637549
1.98046875 0.0331225802657779
1.9814453125 0.0331474529013374
1.982421875 0.0331723360736873
1.9833984375 0.0331972297860815
1.984375 0.0332221340417737
1.9853515625 0.0332470488440175
1.986328125 0.0332719741960662
1.9873046875 0.0332969101011731
1.98828125 0.0333218565625913
1.9892578125 0.0333468135835735
1.990234375 0.0333717811673726
1.9912109375 0.0333967593172411
1.9921875 0.0334217480364313
1.9931640625 0.0334467473281956
1.994140625 0.0334717571957859
1.9951171875 0.033496777642454
1.99609375 0.0335218086714518
1.9970703125 0.0335468502860307
1.998046875 0.033571902489442
1.9990234375 0.0335969652849369
2 0.0336220386757664
Total steps: 8192
