0 0
0.125 0.00132429425433826
0.25 0.00273558388008589
0.375 0.0042390105435001
0.5 0.00583993954300125
0.625 0.00754395796822917
0.75 0.00935687080608045
0.875 0.0112846946999732
1 0.0133336490495441
1.125 0.0155101441212629
1.25 0.0178207658270072
1.375 0.020272256818685
1.5 0.0228714935437793
1.625 0.0256254589107
1.75 0.0285412102256509
1.875 0.0316258420860249
2 0.0348864439509075
2.125 0.0383300521588086
2.25 0.0419635962279492
2.375 0.0457938393567452
2.5 0.0498273131427772
2.625 0.0540702466582177
2.75 0.0585284901585522
2.875 0.0632074338589132
3 0.0681119223868398
3.125 0.0732461657092632
3.25 0.078613647531142
3.375 0.0842170323683497
3.5 0.090058072701754
3.625 0.0961375178151977
3.75 0.102455026098492
3.875 0.109009082747842
4 0.115796924910093
4.125 0.12281447638357
4.25 0.130056293997262
4.375 0.137515527733264
4.5 0.145183896527956
4.625 0.153051681481465
4.75 0.161107737921714
4.875 0.169339527411703
5 0.177733170363839
5.125 0.186273519444063
5.25 0.194944253426552
5.375 0.203727990615261
5.5 0.212606420402656
5.625 0.221560451011215
5.75 0.230570370982458
5.875 0.239616021562991
6 0.248676976806472
6.125 0.257732727979866
6.25 0.266762868742387
6.375 0.275747277561327
6.5 0.284666293939808
6.625 0.293500885251131
6.75 0.302232801291204
6.875 0.310844714058819
7 0.319320340734016
7.125 0.32764454832648
7.25 0.335803438986946
7.375 0.343784415493849
7.5 0.351576226925385
7.625 0.359168994986953
7.75 0.36655422187205
7.875 0.373724780881138
8 0.380674891301707
8.125 0.38740007926114
8.25 0.393897126402841
8.375 0.400164008308969
8.5 0.406199824605802
8.625 0.412004722647699
8.75 0.417579816591212
8.875 0.422927103551065
9 0.428049378383234
9.125 0.432950148475874
9.25 0.437633549753796
9.375 0.442104264923671
9.5 0.44636744481073
9.625 0.450428633468146
9.75 0.45429369758119
9.875 0.457968760542136
10 0.461460141440585
10.125 0.464774299098135
10.25 0.46791778117652
10.375 0.470897178304056
10.5 0.473719083095881
10.625 0.476390053887935
10.75 0.478916582961767
10.875 0.481305069005711
11 0.483561793536372
11.125 0.485692900991379
11.25 0.487704382198562
11.375 0.489602060927052
11.5 0.491391583230891
11.625 0.493078409304814
11.75 0.494667807583803
11.875 0.496164850832119
12 0.497574413983155
12.125 0.498901173507885
12.25 0.500149608106674
12.375 0.501324000536109
12.5 0.50242844039927
12.625 0.503466827743997
12.75 0.504442877329259
12.875 0.505360123434415
13 0.506221925099944
13.125 0.507031471701125
13.25 0.507791788767992
13.375 0.508505743975834
13.5 0.50917605324048
13.625 0.50980528686167
13.75 0.510395875665971
13.875 0.510950117108067
14 0.511470181295811
14.125 0.511958116910268
14.25 0.512415856997177
14.375 0.512845224610804
14.5 0.513247938295171
14.625 0.513625617391164
14.75 0.513979787161026
14.875 0.514311883724388
15 0.514623258802262
15.125 0.514915184267294
15.25 0.515188856500261
15.375 0.515445400554136
15.5 0.515685874128178
15.625 0.515911271355475
15.75 0.516122526408096
15.875 0.516320516924635
16 0.516506067265404
16.125 0.51667995160088
16.25 0.51684289683928
16.375 0.516995585399305
16.5 0.517138657834207
16.625 0.517272715313354
16.75 0.517398321967476
16.875 0.517516007103708
17 0.517626267296458
17.125 0.517729568360018
17.25 0.517826347208685
17.375 0.517917013610004
17.5 0.51800195183656
17.625 0.518081522221585
17.75 0.518156062623435
17.875 0.518225889803797
18 0.518291300724296
18.125 0.518352573765974
18.25 0.518409969875901
18.375 0.518463733644997
18.5 0.518514094320952
18.625 0.518561266759924
18.75 0.518605452320542
18.875 0.518646839703534
19 0.518685605740156
19.125 0.518721916132397
19.25 0.518755926147822
19.375 0.518787781271718
19.5 0.518817617819089
19.625 0.518845563508892
19.75 0.51887173800279
19.875 0.518896253410532
20 0.518919214764009
20.125 0.518940720461856
20.25 0.51896086268641
20.375 0.518979727794691
20.5 0.518997396685012
20.625 0.519013945140702
20.75 0.519029444152347
20.875 0.519043960219871
21 0.519057555635711
21.125 0.519070288750237
21.25 0.519082214220531
21.375 0.519093383243544
21.5 0.51910384377462
21.625 0.519113640732271
21.75 0.519122816190085
21.875 0.519131409556546
22 0.519139457743543
22.125 0.519146995324253
22.25 0.519154054681085
22.375 0.51916066614428
22.5 0.519166858121785
22.625 0.519172657220916
22.75 0.519178088362353
22.875 0.519183174886926
23 0.519187938655659
23.125 0.519192400143499
23.25 0.519196578527107
23.375 0.519200491767112
23.5 0.519204156685153
23.625 0.519207589036053
23.75 0.519210803575426
23.875 0.519213814123005
24 0.519216633621963
24.125 0.519219274194477
24.25 0.519221747193771
24.375 0.519224063252877
24.5 0.519226232330286
24.625 0.51922826375273
24.75 0.519230166255234
24.875 0.519231948018646
25 0.519233616704779
25.125 0.519235179489332
25.25 0.519236643092717
25.375 0.519238013808943
25.5 0.519239297532659
25.625 0.519240499784488
25.75 0.519241625734753
25.875 0.519242680225699
26 0.519243667792306
26.125 0.519244592681784
26.25 0.51924545887183
26.375 0.519246270087724
26.5 0.519247029818347
26.625 0.519247741331179
26.75 0.519248407686347
26.875 0.519249031749779
27 0.519249616205534
27.125 0.519250163567333
27.25 0.51925067618937
27.375 0.519251156276442
27.5 0.519251605893418
27.625 0.519252026974128
27.75 0.519252421329669
27.875 0.519252790656204
28 0.519253136542246
28.125 0.519253460475494
28.25 0.519253763849234
28.375 0.519254047968323
28.5 0.519254314054805
28.625 0.519254563253168
28.75 0.519254796635261
28.875 0.51925501520491
29 0.519255219902231
29.125 0.519255411607672
29.25 0.519255591145803
29.375 0.519255759288862
29.5 0.519255916760075
29.625 0.519256064236765
29.75 0.51925620235327
29.875 0.519256331703665
30 0.519256452844324
30.125 0.519256566296307
30.25 0.519256672547603
30.375 0.51925677205523
30.5 0.519256865247201
30.625 0.519256952524362
30.75 0.519257034262119
30.875 0.519257110812053
31 0.519257182503428
31.125 0.519257249644611
31.25 0.5192573125244
31.375 0.519257371413259
31.5 0.519257426564489
31.625 0.519257478215314
31.75 0.519257526587902
31.875 0.519257571890319
32 0.519257614317426
Total steps: 256
