0 0
0.5 0.005
1 0.0094875
1.5 0.013493743671875
2 0.0170533287455464
2.5 0.0202025878603399
3 0.0229782567961785
3.5 0.0254164309738651
4 0.027551790394754
4.5 0.0294170607783003
5 0.0310426729680532
5.5 0.0324565818987471
6 0.0336842088545974
6.5 0.0347484750060576
7 0.0356698992478285
7.5 0.0364667384668705
8 0.0371551531129779
8.5 0.0377493851002557
9 0.0382619385525064
9.5 0.0387037567263579
10 0.0390843906613556
10.5 0.0394121567985353
11 0.0396942820669256
11.5 0.0399370358458287
12 0.0401458488451703
12.5 0.0403254193709037
13 0.0404798077100937
13.5 0.0406125195229612
14 0.0407265791996636
14.5 0.040824594153044
15 0.0409088109938593
15.5 0.0409811644860077
16 0.0410433201160923
16.5 0.0410967110414071
17 0.0411425701080559
17.5 0.0411819575597022
18 0.0412157849895074
18.5 0.041244836024406
19 0.0412697841726253
19.5 0.0412912082125353
20 0.0413096054534563
20.5 0.0413254031567505
21 0.0413389683680415
21.5 0.0413506163783704
22 0.0413606180030978
22.5 0.0413692058419889
23 0.0413765796617916
23.5 0.0413829110233581
24 0.0413883472586387
24.5 0.041393014888374
25 0.041397022558762
25.5 0.0414004635645205
26 0.0414034180163899
26.5 0.0414059547030309
27 0.0414081326902931
27.5 0.0414100026948153
28 0.0414116082637415
28.5 0.0414129867878726
29 0.041414170371739
29.5 0.0414151865807754
30 0.0414160590829377
30.5 0.0414168081996632
31 0.041417451378973
31.5 0.0414180036017109
32 0.0414184777303642
Total steps: 64
