0 0
0.125 0.00125
0.25 0.0024685546875
0.375 0.00365607910003185
0.5 0.00481300625823285
0.625 0.0059397854731218
0.75 0.00703688070486042
0.875 0.0081047689759821
1 0.0091439388415633
1.125 0.0101548889183319
1.25 0.0111381264742557
1.375 0.0120941660797297
1.5 0.013023528321091
1.625 0.0139267385768224
1.75 0.0148043258564785
1.875 0.0156568217020584
2 0.0164847591512807
2.125 0.0172886717619642
2.25 0.0180690926965035
2.375 0.0188265538652315
2.5 0.0195615851272957
2.625 0.0202747135475267
2.75 0.0209664627076593
2.875 0.0216373520701588
3 0.0222878963928289
3.125 0.022918605192306
3.25 0.0235299822545032
3.375 0.0241225251900285
3.5 0.0246967250325848
3.625 0.0252530658783533
3.75 0.0257920245643624
3.875 0.0263140703838623
4 0.0268196648367449
4.125 0.0273092614130818
4.25 0.0277833054078888
4.375 0.0282422337652681
4.5 0.0286864749501299
4.625 0.0291164488457436
4.75 0.0295325666754266
4.875 0.0299352309467361
5 0.0303248354165884
5.125 0.0307017650757933
5.25 0.0310663961515523
5.375 0.0314190961265329
5.5 0.0317602237731935
5.625 0.0320901292020983
5.75 0.0324091539230199
5.875 0.0327176309176936
6 0.033015884723143
6.125 0.0333042315245579
6.25 0.0335829792567638
6.375 0.0338524277133747
6.5 0.0341128686627792
6.625 0.0343645859701592
6.75 0.0346078557247927
6.875 0.0348429463719393
7 0.0350701188486561
7.125 0.0352896267229324
7.25 0.0355017163355786
7.375 0.0357066269443426
7.5 0.0359045908697662
7.625 0.0360958336423314
7.75 0.0362805741504813
7.875 0.0364590247891332
8 0.036631391608333
8.125 0.0367978744617293
8.25 0.0369586671545734
8.375 0.0371139575909788
8.5 0.0372639279201962
8.625 0.0374087546816861
8.75 0.0375486089487896
8.875 0.0376836564708212
9 0.0378140578134243
9.125 0.0379399684970491
9.25 0.0380615391334282
9.375 0.0381789155599418
9.5 0.0382922389717767
9.625 0.0384016460517983
9.75 0.0385072690980674
9.875 0.0386092361489418
10 0.0387076711057177
10.125 0.0388026938527712
10.25 0.0388944203751729
10.375 0.0389829628737535
10.5 0.0390684298776076
10.625 0.0391509263540297
10.75 0.0392305538158817
10.875 0.039307410426397
11 0.0393815911014334
11.125 0.0394531876091875
11.25 0.0395222886673921
11.375 0.0395889800380188
11.5 0.0396533446195119
11.625 0.0397154625365849
11.75 0.0397754112276084
11.875 0.0398332655296276
12 0.0398890977610427
12.125 0.0399429778019928
12.25 0.0399949731724817
12.375 0.0400451491082862
12.5 0.0400935686346909
12.625 0.0401402926380906
12.75 0.0401853799355044
12.875 0.0402288873420467
13 0.0402708697363981
13.125 0.0403113801243224
13.25 0.0403504697002734
13.375 0.0403881879071375
13.5 0.0404245824941563
13.625 0.040459699573074
13.75 0.0404935836725542
13.875 0.0405262777909096
14 0.0405578234471886
14.125 0.0405882607306622
14.25 0.0406176283487532
14.375 0.0406459636734496
14.5 0.0406733027862455
14.625 0.0406996805216466
14.75 0.040725130509285
14.875 0.0407496852146781
15 0.0407733759786742
15.125 0.04079623305562
15.25 0.0408182856502885
15.375 0.0408395619536027
15.5 0.0408600891771924
15.625 0.0408798935868165
15.75 0.0408990005346874
15.875 0.0409174344907282
16 0.0409352190727971
16.125 0.04095237707591
16.25 0.0409689305004913
16.375 0.0409849005796847
16.5 0.0410003078057518
16.625 0.0410151719555872
16.75 0.0410295121153792
16.875 0.0410433467044415
17 0.0410566934982428
17.125 0.0410695696506607
17.25 0.0410819917154828
17.375 0.0410939756671819
17.5 0.0411055369209855
17.625 0.0411166903522655
17.75 0.0411274503152684
17.875 0.0411378306612073
18 0.0411478447557383
18.125 0.0411575054958396
18.25 0.0411668253261136
18.375 0.0411758162545319
18.5 0.0411844898676402
18.625 0.041192857345242
18.75 0.0412009294745778
18.875 0.0412087166640172
19 0.0412162289562799
19.125 0.0412234760412008
19.25 0.0412304672680558
19.375 0.0412372116574617
19.5 0.0412437179128648
19.625 0.0412499944316337
19.75 0.0412560493157667
19.875 0.0412618903822294
20 0.0412675251729342
20.125 0.0412729609643735
20.25 0.0412782047769184
20.375 0.0412832633837948
20.5 0.0412881433197479
20.625 0.0412928508894052
20.75 0.0412973921753483
20.875 0.041301773045904
21 0.0413059991626645
21.125 0.0413100759877446
21.25 0.0413140087907868
21.375 0.0413178026557215
21.5 0.0413214624872913
21.625 0.041324993017348
21.75 0.0413283988109288
21.875 0.0413316842721212
22 0.0413348536497218
22.125 0.0413379110426983
22.25 0.0413408604054591
22.375 0.0413437055529397
22.5 0.0413464501655101
22.625 0.0413490977937113
22.75 0.0413516518628242
22.875 0.0413541156772806
23 0.0413564924249174
23.125 0.0413587851810829
23.25 0.041360996912599
23.375 0.0413631304815835
23.5 0.0413651886491393
23.625 0.0413671740789135
23.75 0.0413690893405313
23.875 0.0413709369129099
24 0.0413727191874556
24.125 0.0413744384711487
24.25 0.0413760969895196
24.375 0.0413776968895209
24.5 0.0413792402422977
24.625 0.0413807290458616
24.75 0.0413821652276691
24.875 0.0413835506471112
25 0.0413848870979131
25.125 0.0413861763104519
25.25 0.0413874199539906
25.375 0.0413886196388349
25.5 0.041389776918413
25.625 0.0413908932912832
25.75 0.0413919702030698
25.875 0.0413930090483316
26 0.0413940111723639
26.125 0.0413949778729376
26.25 0.0413959104019765
26.375 0.041396809967176
26.5 0.0413976777335643
26.625 0.0413985148250087
26.75 0.0413993223256689
26.875 0.0414001012813991
27 0.0414008527011004
27.125 0.0414015775580256
27.25 0.0414022767910383
27.375 0.0414029513058271
27.5 0.0414036019760774
27.625 0.0414042296446012
27.75 0.0414048351244284
27.875 0.0414054191998575
28 0.0414059826274716
28.125 0.0414065261371165
28.25 0.0414070504328456
28.375 0.0414075561938309
28.5 0.041408044075242
28.625 0.0414085147090938
28.75 0.0414089687050648
28.875 0.0414094066512861
29 0.0414098291151025
29.125 0.0414102366438071
29.25 0.04141062976535
29.375 0.0414110089890208
29.5 0.0414113748061092
29.625 0.04141172769054
29.75 0.0414120680994871
29.875 0.0414123964739653
30 0.0414127132394016
30.125 0.0414130188061854
30.25 0.0414133135702006
30.375 0.0414135979133376
30.5 0.0414138722039882
30.625 0.0414141367975225
30.75 0.0414143920367489
30.875 0.0414146382523585
31 0.0414148757633528
31.125 0.0414151048774573
31.25 0.0414153258915195
31.375 0.0414155390918939
31.5 0.0414157447548125
31.625 0.0414159431467428
31.75 0.0414161345247324
31.875 0.0414163191367427
32 0.0414164972219696
Total steps: 256
