0 0
0.5 0.00453615722716432
1 0.00863477763440423
1.5 0.0123256121022349
2 0.0156387941598044
2.5 0.0186046172704655
3 0.021252854219737
3.5 0.0236122466191666
4 0.0257101412558625
4.5 0.0275722491982646
5 0.0292225045346618
5.5 0.0306830016747357
6 0.0319739927563512
6.5 0.0331169655814977
7 0.0341249560926043
7.5 0.0350131486222639
8 0.0357951942254469
8.5 0.0364833240932257
9 0.0370884651831722
9.5 0.03762035450797
10 0.0380876495718505
10.5 0.038498033269105
11 0.0388583121955267
11.5 0.0391745078053966
12 0.0394519402032386
12.5 0.039695304616725
13 0.0399087407764648
13.5 0.0400958955478233
14 0.0402599792339082
14.5 0.0404038160089945
15 0.0405298889570835
15.5 0.0406403801881084
16 0.0407372064899673
16.5 0.0408220509522285
17 0.0408963909701021
17.5 0.0409615230074
18 0.0410185844663428
18.5 0.041068572981389
19 0.0411123634245465
19.5 0.0411507228814009
20 0.0411843238306603
20.5 0.0412137557355519
21 0.0412395352329491
21.5 0.0412621150856637
22 0.0412818920448114
22.5 0.0412992137524784
23 0.041314384799935
23.5 0.0413276720432538
24 0.0413393092662429
24.5 0.0413495012699816
25 0.041358427458814
25.5 0.0413662449843002
26 0.0413730915012302
26.5 0.0413790875832737
27 0.0413843388400737
27.5 0.041388937772511
28 0.0413929653983868
28.5 0.0413964926768309
29 0.0413995817562792
29.5 0.0414022870678108
30 0.0414046562829622
30.5 0.0414067311527821
31 0.0414085482428238
31.5 0.0414101395769608
32 0.041411533201321
Total steps: 269
