0 0
0.0625 0.000617261655783616
0.125 0.00122683341491634
0.1875 0.00182876606844225
0.25 0.00242311146789318
0.3125 0.00300992247518427
0.375 0.00358925291327277
0.4375 0.0041611575176015
0.5 0.00472569188834701
0.5625 0.00528291244349033
0.625 0.00583287637272662
0.6875 0.00637564159222838
0.75 0.00691126670027501
0.8125 0.00743981093376031
0.875 0.00796133412558755
0.9375 0.00847589666296046
1 0.00898355944657724
1.0625 0.0094843838507328
1.125 0.00997843168433381
1.1875 0.0104657651528291
1.25 0.0109464468210576
1.3125 0.0114205395770137
1.375 0.0118881065965302
1.4375 0.0123492113088769
1.5 0.0128039173632719
1.5625 0.0132522885963026
1.625 0.0136943890002515
1.6875 0.0141302826923215
1.75 0.0145600338847549
1.8125 0.0149837068558381
1.875 0.0154013659217861
1.9375 0.0158130754094966
2 0.0162188996301658
2.0625 0.0166189028537564
2.125 0.0170131492843071
2.1875 0.0174017030360736
2.25 0.017784628110489
2.3125 0.018161988373934
2.375 0.0185338475363027
2.4375 0.0189002691303532
2.5 0.0192613164918306
2.5625 0.0196170527403478
2.625 0.0199675407610135
2.6875 0.0203128431867914
2.75 0.0206530223815789
2.8125 0.0209881404239914
2.875 0.0213182590918364
2.9375 0.0216434398472664
3 0.0219637438225942
3.0625 0.0222792318067567
3.125 0.0225899642324143
3.1875 0.0228960011636702
3.25 0.0231974022843958
3.3125 0.0234942268871484
3.375 0.0237865338626662
3.4375 0.0240743816899267
3.5 0.0243578284267552
3.5625 0.0246369317009674
3.625 0.0249117487020339
3.6875 0.0251823361732528
3.75 0.0254487504044143
3.8125 0.0257110472249472
3.875 0.0259692819975304
3.9375 0.0262235096121588
4 0.0264737844806482
4.0625 0.0267201605315681
4.125 0.0269626912055876
4.1875 0.0272014294512235
4.25 0.0274364277209771
4.3125 0.0276677379678475
4.375 0.0278954116422093
4.4375 0.0281194996890433
4.5 0.0283400525455075
4.5625 0.0285571201388378
4.625 0.0287707518845666
4.6875 0.0289809966850486
4.75 0.0291879029282823
4.8125 0.0293915184870174
4.875 0.0295918907181368
4.9375 0.0297890664623035
5 0.0299830920438627
5.0625 0.030174013270988
5.125 0.0303618754360643
5.1875 0.0305467233162953
5.25 0.0307286011745296
5.3125 0.0309075527602936
5.375 0.0310836213110244
5.4375 0.0312568495534936
5.5 0.0314272797054133
5.5625 0.0315949534772177
5.625 0.0317599120740102
5.6875 0.0319221961976707
5.75 0.0320818460491139
5.8125 0.0322389013306925
5.875 0.0323934012487381
5.9375 0.0325453845162315
6 0.0326948893555989
6.0625 0.0328419535016239
6.125 0.0329866142044721
6.1875 0.0331289082328202
6.25 0.0332688718770847
6.3125 0.0334065409527445
6.375 0.0335419508037512
6.4375 0.0336751363060228
6.5 0.0338061318710143
6.5625 0.0339349714493617
6.625 0.0340616885345932
6.6875 0.0341863161669035
6.75 0.034308886936987
6.8125 0.0344294329899249
6.875 0.0345479860291223
6.9375 0.0346645773202908
7 0.034779237695474
7.0625 0.0348919975571099
7.125 0.0350028868821285
7.1875 0.0351119352260803
7.25 0.0352191717272919
7.3125 0.0353246251110463
7.375 0.0354283236937841
7.4375 0.035530295387323
7.5 0.0356305677030919
7.5625 0.0357291677563782
7.625 0.0358261222705842
7.6875 0.0359214575814911
7.75 0.0360151996415268
7.8125 0.0361073740240374
7.875 0.0361980059275573
7.9375 0.0362871201800779
8 0.0363747412433123
8.0625 0.0364608932169532
8.125 0.0365455998429228
8.1875 0.0366288845096137
8.25 0.0367107702561165
8.3125 0.036791279776436
8.375 0.0368704354236911
8.4375 0.0369482592142991
8.5 0.037024772832142
8.5625 0.037099997632714
8.625 0.0371739546472484
8.6875 0.0372466645868227
8.75 0.0373181478464416
8.8125 0.0373884245090956
8.875 0.0374575143497951
8.9375 0.0375254368395786
9 0.0375922111494942
9.0625 0.0376578561545537
9.125 0.0377223904376581
9.1875 0.037785832293494
9.25 0.0378481997324005
9.3125 0.0379095104842054
9.375 0.0379697820020305
9.4375 0.0380290314660646
9.5 0.0380872757873056
9.5625 0.0381445316112686
9.625 0.0382008153216621
9.6875 0.0382561430440295
9.75 0.0383105306493581
9.8125 0.0383639937576525
9.875 0.0384165477414747
9.9375 0.0384682077294485
10 0.0385189886097294
10.0625 0.0385689050334396
10.125 0.0386179714180663
10.1875 0.0386662019508259
10.25 0.0387136105919919
10.3125 0.0387602110781867
10.375 0.038806016925638
10.4375 0.038851041433399
10.5 0.0388952976865331
10.5625 0.0389387985592616
10.625 0.0389815567180768
10.6875 0.0390235846248176
10.75 0.0390648945397109
10.8125 0.0391054985243757
10.875 0.0391454084447919
10.9375 0.039184635974234
11 0.0392231925961682
11.0625 0.0392610896071151
11.125 0.039298338119476
11.1875 0.0393349490643249
11.25 0.0393709331941651
11.3125 0.0394063010856512
11.375 0.0394410631422757
11.4375 0.0394752295970223
11.5 0.0395088105149839
11.5625 0.0395418157959472
11.625 0.039574255176943
11.6875 0.0396061382347632
11.75 0.0396374743884442
11.8125 0.0396682729017175
11.875 0.0396985428854268
11.9375 0.0397282932999131
12 0.0397575329573673
12.0625 0.03978627052415
12.125 0.0398145145230804
12.1875 0.0398422733356934
12.25 0.0398695552044646
12.3125 0.0398963682350056
12.375 0.0399227203982275
12.4375 0.0399486195324745
12.5 0.0399740733456272
12.5625 0.0399990894171761
12.625 0.0400236752002657
12.6875 0.0400478380237089
12.75 0.0400715850939728
12.8125 0.0400949234971361
12.875 0.0401178602008174
12.9375 0.0401404020560763
13 0.0401625557992862
13.0625 0.0401843280539798
13.125 0.0402057253326677
13.1875 0.0402267540386297
13.25 0.0402474204676804
13.3125 0.0402677308099078
13.375 0.0402876911513862
13.4375 0.0403073074758638
13.5 0.0403265856664251
13.5625 0.0403455315071276
13.625 0.0403641506846144
13.6875 0.0403824487897026
13.75 0.0404004313189471
13.8125 0.0404181036761809
13.875 0.040435471174032
13.9375 0.040452539035417
14 0.0404693123950117
14.0625 0.0404857963006998
14.125 0.0405019957149979
14.1875 0.0405179155164602
14.25 0.0405335605010605
14.3125 0.0405489353835524
14.375 0.0405640447988097
14.4375 0.0405788933031447
14.5 0.0405934853756065
14.5625 0.0406078254192587
14.625 0.0406219177624379
14.6875 0.0406357666599909
14.75 0.0406493762944941
14.8125 0.0406627507774527
14.875 0.0406758941504812
14.9375 0.0406888103864654
15 0.0407015033907054
15.0625 0.0407139770020415
15.125 0.0407262349939613
15.1875 0.0407382810756894
15.25 0.04075011889326
15.3125 0.0407617520305718
15.375 0.0407731840104269
15.4375 0.040784418295552
15.5 0.040795458289604
15.5625 0.0408063073381591
15.625 0.040816968729686
15.6875 0.0408274456965035
15.75 0.0408377414157226
15.8125 0.0408478590101732
15.875 0.0408578015493161
15.9375 0.0408675720501403
16 0.0408771734780447
16.0625 0.0408866087477074
16.125 0.0408958807239387
16.1875 0.0409049922225219
16.25 0.0409139460110395
16.3125 0.0409227448096861
16.375 0.040931391292068
16.4375 0.04093988808599
16.5 0.0409482377742287
16.5625 0.0409564428952938
16.625 0.0409645059441764
16.6875 0.0409724293730853
16.75 0.0409802155921708
16.8125 0.0409878669702372
16.875 0.0409953858354431
16.9375 0.0410027744759899
17 0.0410100351407998
17.0625 0.0410171700401817
17.125 0.0410241813464866
17.1875 0.0410310711947519
17.25 0.041037841683335
17.3125 0.041044494874537
17.375 0.0410510327952147
17.4375 0.0410574574373842
17.5 0.0410637707588127
17.5625 0.041069974683602
17.625 0.0410760711027609
17.6875 0.0410820618747692
17.75 0.0410879488261317
17.8125 0.0410937337519228
17.875 0.0410994184163227
17.9375 0.0411050045531439
18 0.0411104938663491
18.0625 0.0411158880305609
18.125 0.0411211886915622
18.1875 0.0411263974667889
18.25 0.0411315159458136
18.3125 0.0411365456908223
18.375 0.0411414882370816
18.4375 0.0411463450933994
18.5 0.0411511177425772
18.5625 0.0411558076418548
18.625 0.0411604162233476
18.6875 0.0411649448944766
18.75 0.0411693950383911
18.8125 0.0411737680143843
18.875 0.0411780651583018
18.9375 0.0411822877829431
19 0.0411864371784569
19.0625 0.0411905146127288
19.125 0.0411945213317634
19.1875 0.0411984585600591
19.25 0.0412023275009773
19.3125 0.0412061293371046
19.375 0.0412098652306096
19.4375 0.041213536323593
19.5 0.0412171437384325
19.5625 0.0412206885781209
19.625 0.0412241719265993
19.6875 0.0412275948490844
19.75 0.0412309583923899
19.8125 0.0412342635852429
19.875 0.0412375114385948
19.9375 0.0412407029459267
20 0.0412438390835496
20.0625 0.0412469208109001
20.125 0.0412499490708303
20.1875 0.0412529247898931
20.25 0.0412558488786226
20.3125 0.0412587222318099
20.375 0.041261545728774
20.4375 0.0412643202336278
20.5 0.0412670465955404
20.5625 0.0412697256489941
20.625 0.0412723582140372
20.6875 0.0412749450965331
20.75 0.0412774870884041
20.8125 0.0412799849678719
20.875 0.0412824394996935
20.9375 0.0412848514353935
21 0.041287221513492
21.0625 0.0412895504597286
21.125 0.0412918389872834
21.1875 0.0412940877969925
21.25 0.041296297577562
21.3125 0.0412984690057765
21.375 0.0413006027467048
21.4375 0.0413026994539024
21.5 0.0413047597696097
21.5625 0.0413067843249476
21.625 0.0413087737401091
21.6875 0.0413107286245482
21.75 0.0413126495771651
21.8125 0.0413145371864884
21.875 0.0413163920308541
21.9375 0.0413182146785819
22 0.0413200056881478
22.0625 0.0413217656083544
22.125 0.0413234949784978
22.1875 0.0413251943285319
22.25 0.0413268641792297
22.3125 0.0413285050423422
22.375 0.0413301174207539
22.4375 0.0413317018086363
22.5 0.0413332586915983
22.5625 0.0413347885468344
22.625 0.04133629184327
22.6875 0.0413377690417044
22.75 0.0413392205949513
22.8125 0.0413406469479768
22.875 0.041342048538035
22.9375 0.0413434257948017
23 0.0413447791405052
23.0625 0.0413461089900552
23.125 0.0413474157511692
23.1875 0.0413486998244971
23.25 0.0413499616037437
23.3125 0.0413512014757881
23.375 0.0413524198208026
23.4375 0.0413536170123684
23.5 0.0413547934175895
23.5625 0.0413559493972052
23.625 0.0413570853056997
23.6875 0.0413582014914109
23.75 0.0413592982966365
23.8125 0.0413603760577386
23.875 0.0413614351052464
23.9375 0.0413624757639572
24 0.041363498353036
24.0625 0.0413645031861122
24.125 0.0413654905713761
24.1875 0.0413664608116732
24.25 0.041367414204596
24.3125 0.0413683510425758
24.375 0.0413692716129715
24.4375 0.0413701761981578
24.5 0.0413710650756113
24.5625 0.0413719385179955
24.625 0.0413727967932441
24.6875 0.041373640164643
24.75 0.0413744688909107
24.8125 0.0413752832262774
24.875 0.041376083420563
24.9375 0.0413768697192534
25 0.0413776423635753
25.0625 0.0413784015905707
25.125 0.0413791476331685
25.1875 0.0413798807202565
25.25 0.0413806010767513
25.3125 0.0413813089236668
25.375 0.041382004478182
25.4375 0.0413826879537078
25.5 0.0413833595599518
25.5625 0.0413840195029827
25.625 0.0413846679852936
25.6875 0.0413853052058635
25.75 0.0413859313602187
25.8125 0.0413865466404924
25.875 0.0413871512354836
25.9375 0.0413877453307147
26 0.0413883291084886
26.0625 0.0413889027479446
26.125 0.0413894664251128
26.1875 0.0413900203129682
26.25 0.0413905645814841
26.3125 0.0413910993976835
26.375 0.0413916249256906
26.4375 0.0413921413267812
26.5 0.0413926487594317
26.5625 0.0413931473793679
26.625 0.0413936373396129
26.6875 0.0413941187905336
26.75 0.0413945918798867
26.8125 0.0413950567528646
26.875 0.0413955135521392
26.9375 0.0413959624179059
27 0.0413964034879267
27.0625 0.0413968368975721
27.125 0.0413972627798628
27.1875 0.0413976812655104
27.25 0.0413980924829574
27.3125 0.0413984965584166
27.375 0.0413988936159101
27.4375 0.0413992837773065
27.5 0.0413996671623592
27.5625 0.0414000438887425
27.625 0.0414004140720879
27.6875 0.0414007778260193
27.75 0.0414011352621881
27.8125 0.0414014864903076
27.875 0.0414018316181859
27.9375 0.0414021707517598
28 0.0414025039951268
28.0625 0.041402831450577
28.125 0.0414031532186246
28.1875 0.0414034693980388
28.25 0.0414037800858739
28.3125 0.0414040853774992
28.375 0.041404385366628
28.4375 0.0414046801453466
28.5 0.0414049698041426
28.5625 0.0414052544319322
28.625 0.041405534116088
28.6875 0.0414058089424655
28.75 0.0414060789954293
28.8125 0.0414063443578795
28.875 0.0414066051112764
28.9375 0.0414068613356662
29 0.0414071131097049
29.0625 0.041407360510683
29.125 0.0414076036145487
29.1875 0.0414078424959316
29.25 0.0414080772281654
29.3125 0.0414083078833105
29.375 0.0414085345321757
29.4375 0.0414087572443407
29.5 0.0414089760881765
29.5625 0.0414091911308673
29.625 0.0414094024384303
29.6875 0.0414096100757366
29.75 0.0414098141065306
29.8125 0.04141001459345
29.875 0.0414102115980445
29.9375 0.0414104051807952
30 0.041410595401133
30.0625 0.0414107823174564
30.125 0.04141096598715
30.1875 0.041411146466602
30.25 0.0414113238112212
30.3125 0.0414114980754542
30.375 0.0414116693128021
30.4375 0.0414118375758369
30.5 0.0414120029162177
30.5625 0.0414121653847064
30.625 0.0414123250311835
30.6875 0.0414124819046629
30.75 0.0414126360533078
30.8125 0.0414127875244446
30.875 0.0414129363645779
30.9375 0.0414130826194049
31 0.0414132263338288
31.0625 0.0414133675519732
31.125 0.0414135063171955
31.1875 0.0414136426720999
31.25 0.0414137766585509
31.3125 0.0414139083176857
31.375 0.0414140376899274
31.4375 0.0414141648149968
31.5 0.0414142897319249
31.5625 0.041414412479065
31.625 0.041414533094104
31.6875 0.0414146516140746
31.75 0.0414147680753661
31.8125 0.041414882513736
31.875 0.0414149949643207
31.9375 0.0414151054616463
32 0.0414152140396393
Total steps: 2048
