0 0
0.25 0.00237958800422788
0.5 0.00464241666557796
0.75 0.00679164416313957
1 0.00883094390142386
1.25 0.0107641152333162
1.5 0.0125950464735413
1.75 0.0143276814162607
2 0.0159659893120299
2.25 0.0175139382083831
2.5 0.0189754715181446
2.75 0.0203544876491571
3 0.021654822507364
3.25 0.0228802346709447
3.5 0.0240343930253685
3.75 0.0251208666467314
4 0.0261431167225967
4.25 0.02710449030487
4.5 0.0280082156972129
4.75 0.0288573992894347
5 0.0296550236626124
5.25 0.0304039468008624
5.5 0.0311069022583131
5.75 0.0317665001425719
6 0.032385228788565
6.25 0.0329654570088612
6.5 0.0335094368183062
6.75 0.0340193065418864
7 0.0344970942251431
7.25 0.0349447212761134
7.5 0.0353640062766813
7.75 0.0357566689093669
8 0.0361243339529888
8.25 0.0364685353073288
8.5 0.0367907200129387
8.75 0.0370922522376038
9 0.0373744172057516
9.25 0.0376384250513214
9.5 0.0378854145783227
9.75 0.038116456916567
10 0.0383325590628907
10.25 0.0385346673006379
10.5 0.03872367049229
10.75 0.0389004032419358
11 0.0390656489258145
11.25 0.0392201425904634
11.5 0.0393645737190902
11.75 0.0394995888676882
12 0.0396257941731544
12.25 0.0397437577362642
12.5 0.0398540118828319
12.75 0.0399570553067526
13 0.0400533550988975
13.25 0.0401433486660306
13.5 0.0402274455440492
13.75 0.0403060291099217
14 0.0403794581967271
14.25 0.0404480686161867
14.5 0.0405121745930358
14.75 0.0405720701155117
15 0.0406280302061425
15.25 0.0406803121169121
15.5 0.0407291564527554
15.75 0.0407747882272037
16 0.040817417853865
16.25 0.0408572420772754
16.5 0.040894444846516
16.75 0.0409291981348386
17 0.0409616627083983
17.25 0.0409919888470448
17.5 0.0410203170199794
17.75 0.0410467785189471
18 0.041071496051493
18.25 0.0410945842966826
18.5 0.0411161504255557
18.75 0.0411362945884595
19 0.0411551103712909
19.25 0.0411726852225595
19.5 0.0411891008530791
19.75 0.0412044336099876
20 0.0412187548266991
20.25 0.0412321311502953
20.5 0.0412446248477777
20.75 0.041256294092513
21 0.0412671932321272
21.25 0.041277373039026
21.5 0.0412868809446483
21.75 0.0412957612584917
22 0.0413040553728832
22.25 0.0413118019544111
22.5 0.0413190371228743
22.75 0.0413257946185523
23 0.0413321059585508
23.25 0.0413380005829266
23.5 0.0413435059912551
23.75 0.0413486478702578
24 0.0413534502130715
24.25 0.0413579354307012
24.5 0.0413621244561645
24.75 0.0413660368418048
25 0.0413696908502173
25.25 0.0413731035392044
25.5 0.0413762908411512
25.75 0.0413792676371842
26 0.041382047826456
26.25 0.0413846443908734
26.5 0.0413870694555679
26.75 0.0413893343453876
27 0.0413914496376708
27.25 0.0413934252115461
27.5 0.0413952702939852
27.75 0.0413969935028239
28 0.0413986028869477
28.25 0.041400105963831
28.5 0.0414015097546018
28.75 0.0414028208167954
29 0.0414040452749487
29.25 0.0414051888491784
29.5 0.0414062568818736
29.75 0.041407254362629
30 0.0414081859515329
30.25 0.0414090560009201
30.5 0.0414098685756886
30.75 0.0414106274722767
31 0.0414113362363879
31.25 0.0414119981795458
31.5 0.0414126163945572
31.75 0.0414131937699536
32 0.0414137330034811
Total steps: 513
