0 0
1 0.00905378501214992
2 0.0163386341199537
3 0.0221139731453135
4 0.0266381597393805
5 0.03014903691179
6 0.0328536576226774
7 0.03492540390015
8 0.0365054782346349
9 0.0377101224677014
10 0.0386227083859521
11 0.0393126838308255
12 0.0398335739598206
13 0.0402263720623484
14 0.0405223255178584
15 0.0407451685685384
16 0.0409128809362232
17 0.0410390559096125
18 0.0411339551110518
19 0.0412053163740537
20 0.0412589695318181
21 0.0412993041090635
22 0.0413296235881562
23 0.0413524132246857
24 0.0413695422082004
25 0.0413824160938148
26 0.0413920916418046
27 0.0413993632819794
28 0.0414048281834732
29 0.0414089352065838
30 0.0414120217194064
31 0.0414143412821052
32 0.0414160844610086
Total steps: 137
