0 0
0.5 0.00475648295820475
1 0.00904122409398196
1.5 0.0128837591706043
2 0.0163164014731483
2.5 0.0193722704818705
3 0.0220843369151652
3.5 0.0244846901554917
4 0.0266040041308772
4.5 0.0284711730290953
5 0.0301130871042003
5.5 0.0315545201351844
6 0.0328181028501822
6.5 0.0339243601012072
7 0.034891793244586
7.5 0.0357369927143881
8 0.0364747689751528
8.5 0.0371182928132882
9 0.0376792382496639
9.5 0.0381679232478265
10 0.0385934448952676
10.5 0.0389638069020652
11 0.0392860381469282
11.5 0.0395663016571873
12 0.0398099938830596
12.5 0.0400218344574757
13 0.0402059468541225
13.5 0.0403659304951708
14 0.0405049249379722
14.5 0.040625666803737
15 0.0407305401138769
15.5 0.0408216206812255
16 0.0409007151711607
16.5 0.0409693954072056
17 0.0410290284509452
17.5 0.0410808029398502
18 0.0411257521207933
18.5 0.0411647739729449
19 0.0411986487721511
19.5 0.0412280544102904
20 0.0412535797476731
20.5 0.0412757362443507
21 0.0412949680871457
21.5 0.0413116610031632
22 0.0413261499273015
22.5 0.0413387256706266
23 0.0413496407181895
23.5 0.0413591142687211
24 0.041367336614419
24.5 0.041374472946548
25 0.0413806666616081
25.5 0.0413860422332233
26 0.0413907077065002
26.5 0.0413947568642648
27 0.0413982711081717
27.5 0.0414013210920905
28 0.0414039681402966
28.5 0.0414062654787467
29 0.0414082593040204
29.5 0.0414099897112903
30 0.0414114914998802
30.5 0.0414127948725376
31 0.0414139260424252
31.5 0.0414149077599979
32 0.0414157597703283
Total steps: 257
