0 0
0.5 0.0005
1 0.000949875
1.5 0.00135443636874219
2 0.00171807548292948
2.5 0.00204479204295401
3 0.00233822225140915
3.5 0.00260166638461974
4 0.00283811541216934
4.5 0.00305027642140601
5 0.00324059668614191
5.5 0.0034112862840866
6 0.00356433921862195
6.5 0.00370155303972705
7 0.00382454698830139
7.5 0.00393477870963839
8 0.00403355959692763
8.5 0.00412206883572389
9 0.00420136622640828
9.5 0.00427240386468325
10 0.00433603676082344
10.5 0.00439303247734549
11 0.00444407986243744
11.5 0.00448979695328183
12 0.0045307381196128
12.5 0.00456740051369726
13 0.00460022988860128
13.5 0.00462962584222716
14 0.00465594654028493
14.5 0.00467951296716344
15 0.00470061274964217
15.5 0.00471950359456691
16 0.00473641637802065
16.5 0.0047515579201656
17 0.00476511347681469
17.5 0.00477724897590976
18 0.00478811302442987
18.5 0.00479783870881953
19 0.00480654520979965
19.5 0.00481433925039276
20 0.00482131639414455
20.5 0.00482756220884387
21 0.00483315330951935
21.5 0.00483815829311076
22 0.00484263857596509
22.5 0.00484664914417986
23 0.00485023922579849
23.5 0.0048534528929449
24 0.00485632960115839
24.5 0.00485890467244501
25 0.00486120972789256
25.5 0.00486327307509402
26 0.00486512005508315
26.5 0.00486677335299965
27 0.00486825327626495
27.5 0.00486957800365753
28 0.00487076380832492
28.5 0.00487182525745418
29 0.00487277539103918
29.5 0.00487362588192951
30 0.00487438717911805
30.5 0.00487506863602027
31 0.00487567862531529
31.5 0.00487622464175508
32 0.00487671339420114
Total steps: 64
