0 0
0.125 0.000125
0.25 0.000246873046875
0.375 0.000365693602415466
0.5 0.000481534545878723
0.625 0.000594467197791896
0.75 0.000704561343940942
0.875 0.000811885259506497
1 0.000916505733309509
1.125 0.00101848809213187
1.25 0.00111789622507935
1.375 0.00121479260795611
1.5 0.00130923832762216
1.625 0.0014012931063068
1.75 0.0014910153258529
1.875 0.00157846205186884
2 0.00166368905776597
2.125 0.0017467508486617
2.25 0.00182770068512925
2.375 0.00190659060677671
2.5 0.00198347145563957
2.625 0.00205839289937166
2.75 0.00213140345422134
2.875 0.00220255050778023
3 0.00227188034149331
3.125 0.00233943815292022
3.25 0.00240526807773829
3.375 0.00246941321147911
3.5 0.00253191563099101
3.625 0.00259281641562092
3.75 0.00265215566810976
3.875 0.00270997253519603
4 0.00276630522792344
4.125 0.0028211910416486
4.25 0.0028746663757457
4.375 0.00292676675300558
4.5 0.00297752683872713
4.625 0.00302698045949953
4.75 0.00307516062167427
4.875 0.00312209952952628
5 0.00316782860310409
5.125 0.00321237849576915
5.25 0.00325577911142491
5.375 0.00329805962143649
5.5 0.00333924848124226
5.625 0.00337937344665877
5.75 0.0034184615898808
5.875 0.0034565393151786
6 0.00349363237429446
6.125 0.00352976588154126
6.25 0.00356496432860541
6.375 0.00359925159905725
6.5 0.00363265098257165
6.625 0.00366518518886222
6.75 0.00369687636133208
6.875 0.0037277460904449
7 0.00375781542681943
7.125 0.00378710489405119
7.25 0.00381563450126509
7.375 0.00384342375540256
7.5 0.00387049167324704
7.625 0.00389685679319178
7.75 0.00392253718675366
7.875 0.00394755046983713
8 0.00397191381375222
8.125 0.00399564395599043
8.25 0.00401875721076279
8.375 0.00404126947930383
8.5 0.00406319625994569
8.625 0.0040845526579662
8.75 0.00410535339521508
8.875 0.00412561281952225
9 0.00414534491389212
9.125 0.00416456330548793
9.25 0.00418328127441005
9.375 0.0042015117622722
9.5 0.00421926738057933
9.625 0.00423656041891124
9.75 0.00425340285291557
9.875 0.00426980635211404
10 0.00428578228752562
10.125 0.00430134173911047
10.25 0.00431649550303813
10.375 0.00433125409878371
10.5 0.00434562777605559
10.625 0.00435962652155819
10.75 0.0043732600655933
10.875 0.00438653788850331
11 0.00439946922695982
11.125 0.00441206308010095
11.25 0.00442432821552058
11.375 0.00443627317511273
11.5 0.00444790628077438
11.625 0.00445923563996971
11.75 0.00447026915115887
11.875 0.00448101450909442
12 0.00449147920998822
12.125 0.00450167055655179
12.25 0.00451159566291303
12.375 0.00452126145941201
12.5 0.00453067469727866
12.625 0.00453984195319512
12.75 0.00454876963374525
12.875 0.004557463979754
13 0.00456593107051931
13.125 0.00457417682793874
13.25 0.00458220702053361
13.375 0.00459002726737289
13.5 0.00459764304189917
13.625 0.0046050596756591
13.75 0.00461228236194057
13.875 0.00461931615931877
14 0.00462616599511334
14.125 0.00463283666875871
14.25 0.00463933285508982
14.375 0.00464565910754503
14.5 0.00465181986128847
14.625 0.00465781943625352
14.75 0.00466366204010959
14.875 0.00466935177115381
15 0.00467489262112961
15.125 0.00468028847797399
15.25 0.004685543128495
15.375 0.00469066026098151
15.5 0.00469564346774647
15.625 0.00470049624760579
15.75 0.00470522200829392
15.875 0.00470982406881816
16 0.0047143056617528
16.125 0.00471866993547493
16.25 0.00472291995634306
16.375 0.00472705871082023
16.5 0.00473108910754278
16.625 0.00473501397933628
16.75 0.0047388360851798
16.875 0.00474255811212003
17 0.00474618267713618
17.125 0.00474971232895718
17.25 0.00475314954983227
17.375 0.00475649675725608
17.5 0.00475975630564945
17.625 0.00476293048799707
17.75 0.00476602153744296
17.875 0.00476903162884496
18 0.00477196288028922
18.125 0.00477481735456564
18.25 0.00477759706060531
18.375 0.00478030395488099
18.5 0.00478293994277134
18.625 0.00478550687989003
18.75 0.0047880065733806
18.875 0.00479044078317774
19 0.00479281122323616
19.125 0.00479511956272756
19.25 0.00479736742720676
19.375 0.00479955639974764
19.5 0.00480168802204965
19.625 0.00480376379551577
19.75 0.00480578518230249
19.875 0.00480775360634262
20 0.00480967045434165
20.125 0.00481153707674818
20.25 0.00481335478869936
20.375 0.00481512487094164
20.5 0.00481684857072776
20.625 0.0048185271026904
20.75 0.00482016164969322
20.875 0.00482175336365974
21 0.00482330336638075
21.125 0.00482481275030072
21.25 0.00482628257928376
21.375 0.00482771388935978
21.5 0.0048291076894511
21.625 0.00483046496208028
21.75 0.00483178666405954
21.875 0.00483307372716218
22 0.0048343270587766
22.125 0.00483554754254328
22.25 0.00483673603897517
22.375 0.00483789338606196
22.5 0.00483902039985854
22.625 0.0048401178750583
22.75 0.00484118658555128
22.875 0.00484222728496799
23 0.00484324070720888
23.125 0.00484422756696016
23.25 0.00484518856019609
23.375 0.00484612436466821
23.5 0.00484703564038177
23.625 0.00484792303005984
23.75 0.00484878715959517
23.875 0.00484962863849041
24 0.00485044806028674
24.125 0.00485124600298138
24.25 0.00485202302943416
24.375 0.00485277968776354
24.5 0.0048535165117322
24.625 0.00485423402112269
24.75 0.00485493272210315
24.875 0.00485561310758355
25 0.00485627565756264
25.125 0.0048569208394658
25.25 0.00485754910847405
25.375 0.00485816090784454
25.5 0.00485875666922262
25.625 0.00485933681294571
25.75 0.00485990174833936
25.875 0.00486045187400544
26 0.00486098757810286
26.125 0.00486150923862098
26.25 0.00486201722364581
26.375 0.00486251189161928
26.5 0.00486299359159178
26.625 0.00486346266346801
26.75 0.00486391943824644
26.875 0.00486436423825256
27 0.00486479737736595
27.125 0.00486521916124144
27.25 0.00486562988752454
27.375 0.00486602984606113
27.5 0.00486641931910176
27.625 0.00486679858150055
27.75 0.00486716790090892
27.875 0.00486752753796425
28 0.00486787774647353
28.125 0.00486821877359237
28.25 0.00486855085999912
28.375 0.00486887424006459
28.5 0.00486918914201728
28.625 0.00486949578810425
28.75 0.00486979439474785
28.875 0.00487008517269827
29 0.00487036832718214
29.125 0.00487064405804729
29.25 0.00487091255990358
29.375 0.00487117402226021
29.5 0.00487142862965931
29.625 0.0048716765618061
29.75 0.00487191799369559
29.875 0.00487215309573604
30 0.0048723820338691
30.125 0.00487260496968688
30.25 0.00487282206054588
30.375 0.00487303345967801
30.5 0.00487323931629867
30.625 0.00487343977571196
30.75 0.00487363497941323
30.875 0.00487382506518883
31 0.00487401016721335
31.125 0.00487419041614425
31.25 0.00487436593921404
31.375 0.00487453686032002
31.5 0.00487470330011169
31.625 0.00487486537607588
31.75 0.00487502320261963
31.875 0.00487517689115088
32 0.00487532655015711
Total steps: 256
