0 0
0.25 0.00025
0.5 0.000487484375
0.75 0.000713050745996033
1 0.00092727109835464
1.25 0.00113069258551445
1.5 0.00132383833980799
1.75 0.0015072082858301
2 0.00168127995233438
2.25 0.00184650927914813
2.5 0.00200333141606123
2.75 0.00215216151106752
3 0.00229339548572172
3.25 0.00242741079572215
3.5 0.00255456717514324
3.75 0.002675207363023
4 0.00278965781126306
4.25 0.00289822937302392
4.5 0.00300121797099806
4.75 0.0030989052451208
5 0.0031915591794352
5.25 0.00327943470796448
5.5 0.0033627742995653
5.75 0.00344180852183959
6 0.00351675658427235
6.25 0.00358782686084048
6.5 0.00365521739240261
6.75 0.00371911636923605
7 0.00377970259413227
7.25 0.00383714592650063
7.5 0.00389160770796029
7.75 0.00394324116992411
8 0.00399219182369686
8.25 0.00403859783362272
8.5 0.00408259037382615
8.75 0.00412429396909472
9 0.00416382682045411
9.25 0.00420130111598372
9.5 0.00423682332741774
9.75 0.00427049449306992
10 0.00430241048761259
10.25 0.00433266227923098
10.5 0.00436133617466296
10.75 0.00438851405262271
11 0.00441427358609406
11.25 0.00443868845396613
11.5 0.00446182854246998
11.75 0.00448376013686088
12 0.00450454610377661
12.25 0.00452424606468752
12.5 0.00454291656083968
12.75 0.00456061121007801
13 0.00457738085592174
13.25 0.00459327370925061
13.5 0.00460833548294606
13.75 0.00462260951981791
14 0.00463613691413384
14.25 0.0046489566270555
14.5 0.00466110559627266
14.75 0.00467261884011413
15 0.00468352955640217
15.25 0.00469386921630564
15.5 0.00470366765343541
15.75 0.00471295314841515
16 0.0047217525091496
16.25 0.00473009114700271
16.5 0.00473799314908783
16.75 0.00474548134686324
17 0.00475257738121672
17.25 0.00475930176421477
17.5 0.00476567393768332
17.75 0.00477171232877907
18 0.00477743440270297
18.25 0.00478285671269978
18.5 0.00478799494748124
18.75 0.0047928639762029
19 0.00479747789111916
19.25 0.00480185004803426
19.5 0.0048059931046616
19.75 0.004809919056998
20 0.00481363927381438
20.25 0.00481716452935906
20.5 0.00482050503436538
20.75 0.00482367046545053
21 0.00482666999298819
21.25 0.00482951230753347
21.5 0.00483220564487465
21.75 0.00483475780978232
22 0.00483717619852339
22.25 0.00483946782020333
22.5 0.00484163931699747
22.75 0.00484369698332862
23 0.00484564678404562
23.25 0.0048474943716544
23.5 0.00484924510265088
23.75 0.00485090405300194
24 0.00485247603281898
24.25 0.00485396560026576
24.5 0.00485537707474033
24.75 0.00485671454936884
25 0.00485798190284688
25.25 0.00485918281066244
25.5 0.00486032075573246
25.75 0.00486139903848369
26 0.00486242078640666
26.25 0.00486338896311031
26.5 0.00486430637690317
26.75 0.00486517568892591
27 0.00486599942085859
27.25 0.00486677996222471
27.5 0.0048675195773133
27.75 0.00486822041173875
28 0.0048688844986575
28.25 0.0048695137646593
28.5 0.00487011003535029
28.75 0.00487067504064367
29 0.0048712104197736
29.25 0.00487171772604649
29.5 0.0048721984313436
29.75 0.00487265393038782
30 0.0048730855447871
30.25 0.00487349452686604
30.5 0.00487388206329689
30.75 0.00487424927854031
31 0.00487459723810596
31.25 0.00487492695164222
31.5 0.00487523937586415
31.75 0.00487553541732795
32 0.00487581593506015
Total steps: 128
