0 0
1 0.000832699609426654
2 0.00152526245956067
3 0.0021006662814405
4 0.00257852193765826
5 0.00297487400999282
6 0.00330342531661956
7 0.00357563774307956
8 0.00380107865923296
9 0.00398772031008482
10 0.00414184541434908
11 0.00426943773164334
12 0.00437504495805938
13 0.00446244162665599
14 0.00453475855489077
15 0.00459459125657467
16 0.00464409053108453
17 0.00468549331781698
18 0.00471966187627763
19 0.00474785865608601
20 0.00477112629823934
21 0.00479032574615111
22 0.00480616780022319
23 0.00481923922742732
24 0.00483002435426844
25 0.00483892291682465
26 0.00484626481147703
27 0.00485232228093598
28 0.00485731997908772
29 0.00486144328225397
30 0.0048648451512787
31 0.00486765179636725
32 0.00486996735304999
Total steps: 156
