0 0
0.5 0.000454456218144734
1 0.000867302861174287
1.5 0.00124226176360343
2 0.00158269947099615
2.5 0.00189170322514551
3 0.00217210052232865
3.5 0.00242647799107385
4 0.00265719946165429
4.5 0.00286667410020925
5 0.00305657418693497
5.5 0.0032287003943623
6 0.00338469288712745
6.5 0.00352604469677706
7 0.00365411415462004
7.5 0.00377013641537192
8 0.00387523411079232
8.5 0.00397042717680495
9 0.00405664190015367
9.5 0.00413471923185654
10 0.00420542241487783
10.5 0.00426944397279531
11 0.00432741210500167
11.5 0.00437989653230832
12 0.00442741383485126
12.5 0.0044704323220357
13 0.00450937647198303
13.5 0.00454463097562366
14 0.00457654441826301
14.5 0.00460543262917136
15 0.00463158172753982
15.5 0.00465525089102298
16 0.00467667487106782
16.5 0.00469606627731528
17 0.00471361765156181
17.5 0.00472950335008211
18 0.00474388125154267
18.5 0.00475689430627491
19 0.00476867194132264
19.5 0.004779331334428
20 0.00478897856896627
20.5 0.00479770968077895
21 0.00480561160687936
21.5 0.00481276304511113
22 0.00481923523302127
22.5 0.00482509265346052
23 0.00483039367373933
23.5 0.00483519112454352
24 0.00483953282424386
24.5 0.00484346205371466
25 0.004847017986304
25.5 0.00485023607716778
26 0.00485314841578869
26.5 0.00485578404514525
27 0.00485816925067286
27.5 0.0048603278218654
28 0.00486228128909882
28.5 0.00486404913801663
29 0.00486564900359719
29.5 0.00486709684582371
30 0.00486840710869701
30.5 0.00486959286416725
31 0.00487066594241244
31.5 0.0048716370497564
32 0.00487251587539749
Total steps: 265
