0 0
0.25 0.000243899019030754
0.5 0.00047587274681327
0.75 0.000696478624539852
1 0.000906250547673698
1.25 0.00110569961011379
1.5 0.00129531485146415
1.75 0.00147556400378124
2 0.00164689423461919
2.25 0.00180973288360142
2.5 0.00196448819011939
2.75 0.00211155001009871
3 0.00225129052008027
3.25 0.0023840649071421
3.5 0.00251021204343843
3.75 0.00263005514435767
4 0.00274390240950292
4.25 0.00285204764587848
4.5 0.00295477087282631
4.75 0.00305233890839816
5 0.00314500593697437
5.25 0.00323301405805051
5.5 0.00331659381620909
5.75 0.00339596471237728
6 0.00347133569654391
6.25 0.00354290564217104
6.5 0.00361086380258805
6.75 0.00367539024970101
7 0.00373665629538679
7.25 0.00379482489597202
7.5 0.00385005104022144
7.75 0.00390248212127946
8 0.00395225829302325
8.25 0.00399951281129629
8.5 0.00404437236049802
8.75 0.0040869573660091
9 0.00412738229293263
9.25 0.00416575593163017
9.5 0.00420218167052813
9.75 0.00423675775666456
10 0.00426957754443967
10.25 0.00430072973302551
10.5 0.00433029859288084
10.75 0.00435836418180756
11 0.00438500255097412
11.25 0.00441028594132035
11.5 0.00443428297074618
11.75 0.00445705881247513
12 0.00447867536497091
12.25 0.00449919141377347
12.5 0.00451866278560815
12.75 0.00453714249510975
13 0.00455468088449044
13.25 0.00457132575646895
13.5 0.00458712250076601
13.75 0.00460211421445958
14 0.0046163418164817
14.25 0.00462984415652749
14.5 0.00464265811863606
14.75 0.00465481871969205
15 0.00466635920308636
15.25 0.0046773111277643
15.5 0.00468770445287986
15.75 0.00469756761826503
16 0.00470692762091416
16.25 0.00471581008767435
16.5 0.00472423934432457
16.75 0.00473223848121757
17 0.00473982941565134
17.25 0.00474703295112867
17.5 0.00475386883365654
17.75 0.00476035580522974
18 0.00476651165463663
18.25 0.00477235326571839
18.5 0.00477789666320692
18.75 0.0047831570562607
19 0.00478814887981229
19.25 0.0047928858338356
19.5 0.00479738092063607
19.75 0.00480164648026186
20 0.00480569422412933
20.25 0.0048095352669518
20.5 0.00481318015705613
20.75 0.00481663890516756
21 0.00481992101173927
21.25 0.00482303549289965
21.5 0.00482599090508636
21.75 0.00482879536843301
22 0.00483145658897116
22.25 0.00483398187970708
22.5 0.00483637818062986
22.75 0.00483865207770464
23 0.00484080982090204
23.25 0.00484285734131249
23.5 0.00484480026739142
23.75 0.00484664394037932
24 0.00484839342893828
24.25 0.00485005354304463
24.5 0.00485162884717531
24.75 0.00485312367282357
25 0.00485454213037816
25.25 0.00485588812039806
25.5 0.00485716534431351
25.75 0.00485837731458223
26 0.00485952736432876
26.25 0.00486061865649277
26.5 0.00486165419251161
26.75 0.00486263682056049
27 0.00486356924337288
27.25 0.00486445402566241
27.5 0.00486529360116655
27.75 0.00486609027933128
28 0.00486684625165495
28.25 0.00486756359770883
28.5 0.00486824429085052
28.75 0.00486889020364618
29 0.00486950311301606
29.25 0.00487008470511771
29.5 0.00487063657998004
29.75 0.004871160255901
30 0.00487165717362084
30.25 0.0048721287002825
30.5 0.00487257613318989
30.75 0.00487300070337439
31 0.00487340357897927
31.25 0.0048737858684715
31.5 0.00487414862368948
31.75 0.00487449284273532
32 0.00487481947271944
Total steps: 512
