0 0
1 0.000908725030519049
2 0.00165089989585797
3 0.00225620833827663
4 0.00274927502856573
5 0.00315050491128821
6 0.00347673320441828
7 0.00374212781747306
8 0.00395758972630974
9 0.00413243505593908
10 0.00427426874574618
11 0.00438928955996848
12 0.00448254397230764
13 0.00455813633921071
14 0.00461940213491154
15 0.00466905024894574
16 0.00470927955020181
17 0.00474187416130058
18 0.00476828119434911
19 0.00478967408672625
20 0.00480700414546898
21 0.00482104245689298
22 0.00483241393709442
23 0.00484162498053326
24 0.00484908589946588
25 0.00485512912853196
26 0.00486002398903542
27 0.00486398866000341
28 0.0048671998824565
29 0.004869800824801
30 0.00487190745693047
31 0.00487361371522029
32 0.00487499568739943
Total steps: 135
