0 0
0.5 0.00047613347248809
1 0.000906783364740439
1.5 0.00129606830378172
2 0.00164782338051064
2.5 0.00196555400958895
3 0.00225245934077687
3.5 0.00251145499324032
4 0.00274519490102767
4.5 0.00295609212311195
5 0.00314633852395992
5.5 0.00331792327239752
6 0.00347265013929586
6.5 0.00361215359981435
7 0.0037379137649332
7.5 0.00385127018092789
8 0.00395343454525761
8.5 0.00404550239388043
9 0.0041284638189575
9.5 0.00420321327783653
10 0.00427055855458001
10.5 0.00433122893450688
11 0.00438588265055797
11.5 0.00443511365802131
12 0.00447945779146128
12.5 0.00451939835474012
13 0.00455537119192056
13.5 0.00458776928368888
14 0.00461694691080522
14.5 0.00464322342302714
15 0.00466688664899686
15.5 0.00468819597976063
16 0.00470738515591492
16.5 0.00472466478585874
17 0.00474022462027848
17.5 0.00475423560580142
18 0.00476685173872315
18.5 0.0047782117378385
19 0.00478844055367716
19.5 0.00479765072985819
20 0.00480594363082269
20.5 0.00481341054887295
21 0.00482013370223163
21.5 0.00482618713472622
22 0.00483163752669575
22.5 0.00483654492579944
23 0.00484096340557347
23.5 0.00484494165882627
24 0.00484852353227677
24.5 0.00485174850821887
25 0.00485465213843266
25.5 0.00485726643505399
26 0.00485962022265323
26.5 0.00486173945535799
27 0.0048636475024782
27.5 0.00486536540575205
28 0.00486691211102461
28.5 0.00486830467689362
29 0.00486955846260718
29.5 0.00487068729727214
30 0.00487170363222888
30.5 0.00487261867826419
31 0.00487344252916869
31.5 0.00487418427299607
32 0.00487485209224655
Total steps: 257
