0 0
0.0625 6.21116966204614e-05
0.125 0.00012345134590958
0.1875 0.000184028079877784
0.25 0.000243850934288934
0.3125 0.000302928849371368
0.375 0.000361270670532103
0.4375 0.000418885149073862
0.5 0.000475780942914652
0.5625 0.000531966617309597
0.625 0.000587450645574754
0.6875 0.000642241409812636
0.75 0.000696347201639188
0.8125 0.000749776222911956
0.875 0.00080253658645921
0.9375 0.000854636316809776
1 0.000906083350923346
1.0625 0.000956885538921052
1.125 0.00100705064481608
1.1875 0.0010565863472441
1.25 0.00110550024019337
1.3125 0.00115379983373418
1.375 0.00120149255474766
1.4375 0.00124858574765356
1.5 0.0012950866751369
1.5625 0.00134100251887344
1.625 0.00138634038025357
1.6875 0.00143110728110464
1.75 0.00147531016441156
1.8125 0.0015189558950354
1.875 0.00156205126043
1.9375 0.00160460297135638
2 0.00164661766259478
2.0625 0.00168810189365427
2.125 0.0017290621494798
2.1875 0.00176950484115651
2.25 0.0018094363066113
2.3125 0.0018488628113114
2.375 0.00188779054895998
2.4375 0.00192622564218863
2.5 0.00196417414324661
2.5625 0.00200164203468681
2.625 0.00203863523004827
2.6875 0.00207515957453533
2.75 0.00211122084569309
2.8125 0.00214682475407933
2.875 0.00218197694393271
2.9375 0.00221668299383716
3 0.00225094841738247
3.0625 0.00228477866382097
3.125 0.00231817911872024
3.1875 0.00235115510461182
3.25 0.00238371188163585
3.3125 0.00241585464818158
3.375 0.00244758854152374
3.4375 0.0024789186384547
3.5 0.00250984995591233
3.5625 0.0025403874516037
3.625 0.00257053602462427
3.6875 0.00260030051607294
3.75 0.00262968570966253
3.8125 0.00265869633232596
3.875 0.00268733705481791
3.9375 0.00271561249231212
4 0.00274352720499408
4.0625 0.0027710856986493
4.125 0.00279829242524703
4.1875 0.00282515178351942
4.25 0.00285166811953618
4.3125 0.0028778457272746
4.375 0.00290368884918507
4.4375 0.00292920167675196
4.5 0.00295438835104991
4.5625 0.00297925296329558
4.625 0.00300379955539476
4.6875 0.00302803212048482
4.75 0.00305195460347267
4.8125 0.00307557090156808
4.875 0.00309888486481229
4.9375 0.00312190029660224
5 0.00314462095420995
5.0625 0.00316705054929757
5.125 0.00318919274842763
5.1875 0.00321105117356886
5.25 0.00323262940259739
5.3125 0.00325393096979341
5.375 0.00327495936633329
5.4375 0.00329571804077719
5.5 0.00331621039955207
5.5625 0.00333643980743035
5.625 0.00335640958800393
5.6875 0.00337612302415385
5.75 0.00339558335851543
5.8125 0.00341479379393899
5.875 0.00343375749394622
5.9375 0.00345247758318198
6 0.00347095714786196
6.0625 0.00348919923621573
6.125 0.00350720685892567
6.1875 0.00352498298956143
6.25 0.00354253056501014
6.3125 0.00355985248590242
6.375 0.00357695161703399
6.4375 0.00359383078778321
6.5 0.0036104927925243
6.5625 0.00362694039103646
6.625 0.00364317630890878
6.6875 0.00365920323794106
6.75 0.0036750238365405
6.8125 0.00369064073011433
6.875 0.00370605651145838
6.9375 0.00372127374114164
7 0.00373629494788679
7.0625 0.0037511226289468
7.125 0.00376575925047756
7.1875 0.00378020724790658
7.25 0.00379446902629786
7.3125 0.00380854696071283
7.375 0.00382244339656751
7.4375 0.00383616064998582
7.5 0.00384970100814917
7.5625 0.00386306672964224
7.625 0.00387626004479512
7.6875 0.00388928315602167
7.75 0.00390213823815429
7.8125 0.00391482743877503
7.875 0.0039273528785431
7.9375 0.00393971665151882
8 0.00395192082548399
8.0625 0.0039639674422588
8.125 0.00397585851801521
8.1875 0.00398759604358691
8.25 0.00399918198477579
8.3125 0.00401061828265511
8.375 0.00402190685386922
8.4375 0.00403304959092996
8.5 0.00404404836250981
8.5625 0.00405490501373165
8.625 0.00406562136645538
8.6875 0.00407619921956124
8.75 0.00408664034923
8.8125 0.00409694650921991
8.875 0.0041071194311406
8.9375 0.00411716082472382
9 0.00412707237809112
9.0625 0.00413685575801847
9.125 0.0041465126101979
9.1875 0.00415604455949611
9.25 0.00416545321021008
9.3125 0.00417474014631991
9.375 0.00418390693173851
9.4375 0.00419295511055863
9.5 0.00420188620729694
9.5625 0.00421070172713527
9.625 0.00421940315615912
9.6875 0.00422799196159336
9.75 0.0042364695920352
9.8125 0.00424483747768448
9.875 0.00425309703057121
9.9375 0.00426124964478049
10 0.00426929669667485
10.0625 0.00427723954511388
10.125 0.00428507953167138
10.1875 0.00429281798084989
10.25 0.00430045620029274
10.3125 0.00430799548099358
10.375 0.00431543709750343
10.4375 0.00432278230813535
10.5 0.00433003235516655
10.5625 0.00433718846503825
10.625 0.00434425184855309
10.6875 0.00435122370107022
10.75 0.00435810520269802
10.8125 0.00436489751848464
10.875 0.00437160179860611
10.9375 0.00437821917855233
11 0.00438475077931081
11.0625 0.00439119770754812
11.125 0.00439756105578933
11.1875 0.00440384190259511
11.25 0.00441004131273686
11.3125 0.00441616033736964
11.375 0.00442220001420305
11.4375 0.00442816136767006
11.5 0.00443404540909377
11.5625 0.00443985313685216
11.625 0.00444558553654092
11.6875 0.00445124358113417
11.75 0.00445682823114338
11.8125 0.00446234043477426
11.875 0.00446778112808178
11.9375 0.00447315123512331
12 0.00447845166810989
12.0625 0.00448368332755567
12.125 0.0044888471024255
12.1875 0.00449394387028075
12.25 0.00449897449742331
12.3125 0.00450393983903788
12.375 0.00450884073933252
12.4375 0.00451367803167739
12.5 0.00451845253874188
12.5625 0.00452316507263007
12.625 0.00452781643501443
12.6875 0.00453240741726797
12.75 0.00453693880059473
12.8125 0.00454141135615863
12.875 0.00454582584521084
12.9375 0.00455018301921542
13 0.00455448361997357
13.0625 0.00455872837974624
13.125 0.00456291802137527
13.1875 0.00456705325840303
13.25 0.00457113479519055
13.3125 0.00457516332703424
13.375 0.00457913954028112
13.4375 0.00458306411244263
13.5 0.00458693771230704
13.5625 0.00459076100005047
13.625 0.00459453462734652
13.6875 0.00459825923747452
13.75 0.00460193546542646
13.8125 0.00460556393801259
13.875 0.00460914527396567
13.9375 0.00461268008404398
14 0.00461616897113301
14.0625 0.00461961253034584
14.125 0.00462301134912237
14.1875 0.0046263660073272
14.25 0.00462967707734638
14.3125 0.00463294512418288
14.375 0.0046361707055509
14.4375 0.00463935437196901
14.5 0.00464249666685208
14.5625 0.00464559812660211
14.625 0.00464865928069789
14.6875 0.00465168065178352
14.75 0.00465466275575587
14.8125 0.00465760610185089
14.875 0.00466051119272889
14.9375 0.00466337852455866
15 0.00466620858710065
15.0625 0.00466900186378899
15.125 0.00467175883181259
15.1875 0.00467447996219508
15.25 0.00467716571987388
15.3125 0.0046798165637782
15.375 0.00468243294690607
15.4375 0.00468501531640038
15.5 0.00468756411362401
15.5625 0.00469007977423395
15.625 0.00469256272825456
15.6875 0.0046950134001498
15.75 0.00469743220889464
15.8125 0.00469981956804555
15.875 0.00470217588581002
15.9375 0.00470450156511534
16 0.00470679700367636
16.0625 0.0047090625940625
16.125 0.00471129872376386
16.1875 0.00471350577525651
16.25 0.00471568412606695
16.3125 0.00471783414883573
16.375 0.00471995621138031
16.4375 0.00472205067675707
16.5 0.00472411790332257
16.5625 0.004726158244794
16.625 0.0047281720503089
16.6875 0.00473015966448412
16.75 0.00473212142747394
16.8125 0.00473405767502759
16.875 0.00473596873854597
16.9375 0.00473785494513758
17 0.00473971661767389
17.0625 0.00474155407484387
17.125 0.00474336763120788
17.1875 0.00474515759725089
17.25 0.00474692427943501
17.3125 0.00474866798025128
17.375 0.00475038899827094
17.4375 0.00475208762819591
17.5 0.00475376416090872
17.5625 0.00475541888352174
17.625 0.00475705207942582
17.6875 0.00475866402833829
17.75 0.00476025500635035
17.8125 0.00476182528597388
17.875 0.00476337513618759
17.9375 0.00476490482248266
18 0.00476641460690772
18.0625 0.00476790474811331
18.125 0.00476937550139575
18.1875 0.00477082711874045
18.25 0.00477225984886466
18.3125 0.00477367393725967
18.375 0.0047750696262325
18.4375 0.00477644715494702
18.5 0.00477780675946455
18.5625 0.00477914867278398
18.625 0.00478047312488128
18.6875 0.00478178034274865
18.75 0.004783070550433
18.8125 0.00478434396907408
18.875 0.00478560081694204
18.9375 0.00478684130947451
19 0.00478806565931328
19.0625 0.00478927407634038
19.125 0.00479046676771384
19.1875 0.00479164393790286
19.25 0.00479280578872264
19.3125 0.00479395251936866
19.375 0.00479508432645064
19.4375 0.00479620140402591
19.5 0.00479730394363252
19.5625 0.00479839213432176
19.625 0.00479946616269042
19.6875 0.0048005262129125
19.75 0.0048015724667706
19.8125 0.00480260510368686
19.875 0.00480362430075352
19.9375 0.00480463023276309
20 0.00480562307223814
20.0625 0.00480660298946066
20.125 0.0048075701525011
20.1875 0.004808524727247
20.25 0.00480946687743127
20.3125 0.00481039676466009
20.375 0.00481131454844047
20.4375 0.00481222038620743
20.5 0.00481311443335086
20.5625 0.00481399684324199
20.625 0.00481486776725959
20.6875 0.00481572735481573
20.75 0.00481657575338134
20.8125 0.00481741310851128
20.875 0.00481823956386926
20.9375 0.00481905526125229
21 0.00481986034061491
21.0625 0.00482065494009304
21.125 0.00482143919602761
21.1875 0.00482221324298779
21.25 0.00482297721379396
21.3125 0.00482373123954041
21.375 0.00482447544961772
21.4375 0.00482520997173482
21.5 0.00482593493194085
21.5625 0.00482665045464664
21.625 0.00482735666264598
21.6875 0.00482805367713659
21.75 0.00482874161774084
21.8125 0.00482942060252617
21.875 0.00483009074802524
21.9375 0.00483075216925589
22 0.00483140497974076
22.0625 0.00483204929152669
22.125 0.00483268521520388
22.1875 0.0048333128599248
22.25 0.00483393233342283
22.3125 0.00483454374203068
22.375 0.00483514719069856
22.4375 0.00483574278301216
22.5 0.0048363306212103
22.5625 0.00483691080620247
22.625 0.00483748343758606
22.6875 0.00483804861366338
22.75 0.00483860643145849
22.8125 0.00483915698673378
22.875 0.00483970037400639
22.9375 0.00484023668656432
23 0.00484076601648241
23.0625 0.00484128845463813
23.125 0.00484180409072706
23.1875 0.00484231301327829
23.25 0.00484281530966955
23.3125 0.00484331106614215
23.375 0.00484380036781578
23.4375 0.00484428329870302
23.5 0.00484475994172375
23.5625 0.00484523037871935
23.625 0.00484569469046669
23.6875 0.00484615295669196
23.75 0.00484660525608434
23.8125 0.00484705166630944
23.875 0.0048474922640226
23.9375 0.00484792712488206
24 0.00484835632356184
24.0625 0.00484877993376459
24.125 0.00484919802823418
24.1875 0.00484961067876815
24.25 0.00485001795623005
24.3125 0.00485041993056151
24.375 0.00485081667079428
24.4375 0.00485120824506202
24.5 0.00485159472061197
24.5625 0.00485197616381649
24.625 0.00485235264018441
24.6875 0.00485272421437227
24.75 0.00485309095019537
24.8125 0.00485345291063874
24.875 0.00485381015786789
24.9375 0.0048541627532395
25 0.00485451075731189
25.0625 0.00485485422985546
25.125 0.00485519322986288
25.1875 0.00485552781555918
25.25 0.00485585804441182
25.3125 0.00485618397314044
25.375 0.00485650565772665
25.4375 0.00485682315342356
25.5 0.00485713651476532
25.5625 0.00485744579557644
25.625 0.00485775104898097
25.6875 0.0048580523274117
25.75 0.00485834968261905
25.8125 0.00485864316568002
25.875 0.0048589328270069
25.9375 0.00485921871635592
26 0.00485950088283581
26.0625 0.00485977937491617
26.125 0.00486005424043582
26.1875 0.004860325526611
26.25 0.00486059328004345
26.3125 0.00486085754672839
26.375 0.00486111837206245
26.4375 0.00486137580085142
26.5 0.00486162987731794
26.5625 0.0048618806451091
26.625 0.0048621281473039
26.6875 0.00486237242642065
26.75 0.00486261352442428
26.8125 0.0048628514827335
26.875 0.00486308634222795
26.9375 0.00486331814325516
27 0.00486354692563752
27.0625 0.00486377272867909
27.125 0.00486399559117232
27.1875 0.00486421555140475
27.25 0.00486443264716554
27.3125 0.00486464691575197
27.375 0.00486485839397583
27.4375 0.00486506711816977
27.5 0.00486527312419346
27.5625 0.00486547644743982
27.625 0.00486567712284105
27.6875 0.00486587518487462
27.75 0.00486607066756923
27.8125 0.00486626360451058
27.875 0.0048664540288472
27.9375 0.0048666419732961
28 0.00486682747014837
28.0625 0.00486701055127479
28.125 0.00486719124813121
28.1875 0.00486736959176401
28.25 0.00486754561281541
28.3125 0.00486771934152872
28.375 0.00486789080775354
28.4375 0.0048680600409509
28.5 0.00486822707019826
28.5625 0.00486839192419457
28.625 0.00486855463126515
28.6875 0.00486871521936656
28.75 0.00486887371609141
28.8125 0.0048690301486731
28.875 0.00486918454399045
28.9375 0.00486933692857239
29 0.00486948732860244
29.0625 0.00486963576992326
29.125 0.00486978227804103
29.1875 0.00486992687812988
29.25 0.00487006959503621
29.3125 0.00487021045328289
29.375 0.00487034947707356
29.4375 0.00487048669029673
29.5 0.00487062211652987
29.5625 0.00487075577904351
29.625 0.00487088770080519
29.6875 0.00487101790448342
29.75 0.00487114641245159
29.8125 0.00487127324679175
29.875 0.00487139842929848
29.9375 0.00487152198148259
30 0.0048716439245748
30.0625 0.00487176427952941
30.125 0.0048718830670279
30.1875 0.00487200030748248
30.25 0.00487211602103956
30.3125 0.00487223022758325
30.375 0.00487234294673878
30.4375 0.00487245419787581
30.5 0.00487256400011184
30.5625 0.00487267237231541
30.625 0.00487277933310941
30.6875 0.00487288490087424
30.75 0.00487298909375096
30.8125 0.00487309192964443
30.875 0.00487319342622638
30.9375 0.00487329360093842
31 0.00487339247099507
31.0625 0.00487349005338669
31.125 0.00487358636488242
31.1875 0.00487368142203303
31.25 0.00487377524117381
31.3125 0.0048738678384273
31.375 0.00487395922970614
31.4375 0.00487404943071576
31.5 0.00487413845695709
31.5625 0.00487422632372919
31.625 0.00487431304613193
31.6875 0.00487439863906855
31.75 0.00487448311724824
31.8125 0.00487456649518863
31.875 0.00487464878721833
31.9375 0.00487473000747935
32 0.00487481016992956
Total steps: 2048
