0 0
0.25 0.000266653132018528
0.5 0.000568816356288923
0.75 0.000911088632982368
1 0.00129880486542044
1.25 0.00173791272627756
1.5 0.00223511389465013
1.75 0.00279795270282658
2 0.00343491321135855
2.25 0.00415552491579704
2.5 0.0049704770804036
2.75 0.00589174140408323
3 0.00693270233081173
3.25 0.00810829379664201
3.5 0.00943514053044599
3.75 0.0109317011657942
4 0.0126184093454969
4.25 0.0145178076781974
4.5 0.0166546678128395
4.75 0.0190560880172251
5 0.0217515574851995
5.25 0.0247729741865545
5.5 0.028154600490928
5.75 0.0319329381780221
6 0.0361465020060699
6.25 0.0408354690605758
6.5 0.0460411800702296
6.75 0.0518054692990512
7 0.058169802152671
7.25 0.0651742049898543
7.5 0.0728559805173406
7.75 0.08124821514435
8 0.0903781020552456
8.25 0.100265125278598
8.5 0.110919174696803
8.75 0.122338687827021
9 0.134508938373785
9.25 0.147400610172336
9.5 0.160968803863233
9.75 0.175152618282387
10 0.189875426020317
10.25 0.205045921887848
10.5 0.22055996601873
10.75 0.236303175197402
11 0.25215414477213
11.25 0.26798811898733
11.5 0.283680879486167
11.75 0.299112597783946
12 0.314171401631469
12.25 0.32875643666357
12.5 0.342780258372866
12.75 0.356170456783182
13 0.368870487295781
13.25 0.380839746653126
13.5 0.392052985563443
13.75 0.402499185068444
14 0.412180041221005
14.25 0.421108203752439
14.5 0.429305402618545
14.75 0.436800575889226
15 0.443628087608773
15.25 0.449826098585788
15.5 0.455435129217353
15.75 0.460496833061659
16 0.465052983716097
16.25 0.469144665724038
16.5 0.472811652357082
16.75 0.476091948580891
17 0.479021475596885
17.25 0.481633873359018
17.5 0.483960398774236
17.75 0.486029899397662
18 0.487868844936292
18.25 0.489501401493659
18.5 0.490949536030096
18.75 0.492233140859912
19 0.493370170093791
19.25 0.494376781737419
19.5 0.495267480677086
19.75 0.496055259037655
20 0.496751731414576
20.25 0.497367263290061
20.5 0.497911091575381
20.75 0.498391436705718
21 0.498815606078049
21.25 0.499190088889347
21.5 0.499520642622089
21.75 0.499812371553425
22 0.500069797747128
22.25 0.500296925034953
22.5 0.500497296515142
22.75 0.500674046097779
23 0.500829944614979
23.25 0.500967440992858
23.5 0.501088698955167
23.75 0.501195629697833
24 0.501289920941233
24.25 0.501373062734314
24.5 0.501446370352373
24.75 0.501511004599319
25 0.501567989795775
25.25 0.501618229706854
25.5 0.501662521637849
25.75 0.501701568902581
26 0.501735991847606
26.25 0.501766337595939
26.5 0.501793088656212
26.75 0.501816670527192
27 0.501837458413198
27.25 0.501855783153054
27.5 0.50187193645366
27.75 0.501886175508949
28 0.501898727075779
28.25 0.501909791070149
28.5 0.501919543739799
28.75 0.501928140462818
29 0.501935718216116
29.25 0.501942397752534
29.5 0.501948285520839
29.75 0.501953475358873
30 0.50195804998657
30.25 0.501962082322434
30.5 0.501965636644308
30.75 0.501968769612802
31 0.501971531173613
31.25 0.501973965353036
31.5 0.50197611095929
31.75 0.50197800220081
32 0.501979669231307
Total steps: 514
