0 0
1 0.00133207164761559
2 0.00354377411001876
3 0.00719596682086788
4 0.0131752733843794
5 0.0228275925927494
6 0.0380644676851874
7 0.0612968280282867
8 0.0949727770106777
9 0.14044797279073
10 0.196503265013113
11 0.258535790661436
12 0.319590484731493
13 0.373083317739371
14 0.415311942471924
15 0.445958022079801
16 0.466774322986473
17 0.480230242215184
18 0.488703799377975
19 0.493938184784842
20 0.4971330503826
21 0.499106132100115
22 0.500281436260143
23 0.50097930273601
24 0.501392892673314
25 0.501637730134852
26 0.501782572453904
27 0.501868225180629
28 0.501918864193078
29 0.501948798494334
30 0.501966492145782
31 0.501976950053192
32 0.501983131066716
Total steps: 163
