0 0
0.0625 6.34916934673861e-05
0.125 0.000128998460490241
0.1875 0.000196583700851854
0.25 0.000266312773224742
0.3125 0.000338253053371078
0.375 0.000412473993920413
0.4375 0.000489047185757277
0.5 0.000568046421051161
0.5625 0.000649547757961299
0.625 0.000733629587048428
0.6875 0.000820372699425447
0.75 0.000909860356678537
0.8125 0.00100217836258983
0.875 0.00109741513669218
0.9375 0.00119566178968589
1 0.00129701220074649
1.0625 0.00140156309675181
1.125 0.00150941413345538
1.1875 0.00162066797863222
1.25 0.00173543039722155
1.3125 0.00185381033848963
1.375 0.001975920025234
1.4375 0.00210187504504883
1.5 0.0022317944436687
1.5625 0.00236580082040612
1.625 0.00250402042569524
1.6875 0.00264658326075187
1.75 0.00279362317935647
1.8125 0.0029452779917636
1.875 0.00310168957073797
1.9375 0.00326300395971286
2 0.00342937148306279
2.0625 0.00360094685847747
2.125 0.00377788931141938
2.1875 0.00396036269164154
2.25 0.00414853559173663
2.3125 0.00434258146768228
2.375 0.00454267876134039
2.4375 0.00474901102486169
2.5 0.00496176704693856
2.5625 0.00518114098084113
2.625 0.005407332474163
2.6875 0.00564054680019317
2.75 0.00588099499082117
2.8125 0.00612889397087138
2.875 0.00638446669375142
2.9375 0.00664794227828723
3 0.00691955614660486
3.0625 0.00719955016290528
3.125 0.00748817277296412
3.1875 0.00778567914417313
3.25 0.00809233130592414
3.3125 0.00840839829011896
3.375 0.00873415627157134
3.4375 0.00906988870804761
3.5 0.00941588647967337
3.5625 0.0097724480274123
3.625 0.0101398794903016
3.6875 0.0105184948411052
3.75 0.0109086160200229
3.8125 0.0113105730660663
3.875 0.0117247042456896
3.9375 0.0121513561782317
4 0.0125908839577023
4.0625 0.01304365127041
4.125 0.0135100305079046
4.1875 0.0139904028746705
4.25 0.0144851584899763
4.3125 0.0149946964832517
4.375 0.0155194250823283
4.4375 0.0160597616938433
4.5 0.0166161329750696
4.5625 0.0171889748963965
4.625 0.0177787327936491
4.6875 0.0183858614093899
4.75 0.0190108249223129
4.8125 0.0196540969637933
4.875 0.0203161606206204
4.9375 0.0209975084228955
5 0.0216986423160389
5.0625 0.022420073615808
5.125 0.0231623229451856
5.1875 0.0239259201519618
5.25 0.024711404205789
5.3125 0.0255193230734548
5.375 0.026350233571079
5.4375 0.0272047011919065
5.5 0.0280832999083366
5.5625 0.028986611946796
5.625 0.0299152275340384
5.6875 0.0308697446134288
5.75 0.0318507685297506
5.8125 0.0328589116810581
5.875 0.033894793136087
5.9375 0.0349590382157309
6 0.0360522780370913
6.0625 0.0371751490186197
6.125 0.0383282923448824
6.1875 0.0395123533895049
6.25 0.0407279810948845
6.3125 0.0419758273073002
6.375 0.0432565460661046
6.4375 0.044570792845741
6.5 0.0459192237494091
6.5625 0.0473024946532858
6.625 0.0487212603003111
6.6875 0.050176173342662
6.75 0.0516678833321681
6.8125 0.0531970356580651
6.875 0.0547642704316438
6.9375 0.05637022131753
7 0.0580155143115202
7.0625 0.0597007664651143
7.125 0.061426584557109
7.1875 0.0631935637128661
7.25 0.0650022859721302
7.3125 0.0668533188065538
7.375 0.0687472135883842
7.4375 0.0706845040120852
7.5 0.0726657044709951
7.5625 0.0746913083914734
7.625 0.0767617865273476
7.6875 0.0788775852178497
7.75 0.0810391246126175
7.8125 0.0832467968677331
7.875 0.0855009643171777
7.9375 0.0878019576244922
8 0.0901500739198464
8.0625 0.092545574928138
8.125 0.0949886850941506
8.1875 0.0974795897112103
8.25 0.100018433060175
8.3125 0.102605316565978
8.375 0.105240296979303
8.4375 0.107923384591336
8.5 0.110654541489827
8.5625 0.113433679865009
8.625 0.11626066037417
8.6875 0.119135290573873
8.75 0.122057323429017
8.8125 0.125026455908018
8.875 0.1280423276735
8.9375 0.131104519877861
9 0.13421255407305
9.0625 0.137365891243772
9.125 0.140563930973155
9.1875 0.143806010749667
9.25 0.147091405423734
9.3125 0.150419326822134
9.375 0.153788923527734
9.4375 0.15719928083163
9.5 0.160649420864088
9.5625 0.16413830291001
9.625 0.167664823913874
9.6875 0.171227819178277
9.75 0.174826063259263
9.8125 0.178458271060743
9.875 0.182123099129209
9.9375 0.185819147148972
10 0.189544959636992
10.0625 0.193299027835297
10.125 0.197079791797794
10.1875 0.200885642667147
10.25 0.204714925136224
10.3125 0.208565940087464
10.375 0.212436947402371
10.4375 0.216326168932246
10.5 0.22023179162021
10.5625 0.224151970763531
10.625 0.228084833404334
10.6875 0.232028481835888
10.75 0.235980997210846
10.8125 0.239940443237123
10.875 0.243904869946438
10.9375 0.247872317520073
11 0.251840820155961
11.0625 0.255808409960926
11.125 0.259773120851726
11.1875 0.263732992448472
11.25 0.267686073944059
11.3125 0.271630427933425
11.375 0.27556413418672
11.4375 0.279485293350901
11.5 0.283392030564746
11.5625 0.287282498972923
11.625 0.291154883125431
11.6875 0.295007402249554
11.75 0.298838313382334
11.8125 0.302645914352512
11.875 0.306428546601917
11.9375 0.310184597837322
12 0.31391250450492
12.0625 0.317610754080658
12.125 0.321277887170884
12.1875 0.324912499418851
12.25 0.328513243213857
12.3125 0.33207882920088
12.375 0.335608027589744
12.4375 0.339099669263922
12.5 0.342552646690153
12.5625 0.345965914631066
12.625 0.349338490663949
12.6875 0.352669455509731
12.75 0.355957953177054
12.8125 0.359203190927113
12.875 0.36240443906562
12.9375 0.365561030568898
13 0.368672360551642
13.0625 0.37173788558439
13.125 0.374757122869125
13.1875 0.377729649281775
13.25 0.380655100290631
13.3125 0.38353316875989
13.375 0.386363603647641
13.4375 0.389146208607682
13.5 0.391880840504527
13.5625 0.394567407850921
13.625 0.397205869177037
13.6875 0.399796231340387
13.75 0.402338547785246
13.8125 0.404832916760154
13.875 0.407279479501768
13.9375 0.409678418393
14 0.412029955103085
14.0625 0.414334348716792
14.125 0.416591893859657
14.1875 0.418802918825707
14.25 0.420967783713726
14.3125 0.423086878577718
14.375 0.425160621596806
14.4375 0.427189457269366
14.5 0.429173854635835
14.5625 0.431114305534166
14.625 0.433011322891548
14.6875 0.434865439055608
14.75 0.436677204167927
14.8125 0.438447184582356
14.875 0.440175961330248
14.9375 0.441864128634415
15 0.443512292473273
15.0625 0.445121069196365
15.125 0.446691084192158
15.1875 0.448222970608727
15.25 0.449717368127739
15.3125 0.451174921791858
15.375 0.45259628088555
15.4375 0.453982097868995
15.5 0.455333027364715
15.5625 0.456649725196296
15.625 0.457932847478483
15.6875 0.45918304975778
15.75 0.460400986202563
15.8125 0.461587308841631
15.875 0.462742666850012
15.9375 0.46386770588079
16 0.46496306744162
16.0625 0.466029388314584
16.125 0.467067300017965
16.1875 0.468077428308504
16.25 0.469060392722678
16.3125 0.470016806155501
16.375 0.470947274475374
16.4375 0.471852396173489
16.5 0.472732762046285
16.5625 0.473588954909492
16.625 0.474421549342302
16.6875 0.475231111460206
16.75 0.4760181987151
16.8125 0.476783359721243
16.875 0.477527134105733
16.9375 0.478250052382136
17 0.478952635846003
17.0625 0.479635396490998
17.125 0.480298836944423
17.1875 0.480943450420953
17.25 0.481569720693445
17.3125 0.482178122079715
17.375 0.482769119444227
17.4375 0.483343168213668
17.5 0.483900714405439
17.5625 0.484442194668123
17.625 0.484968036333029
17.6875 0.485478657475959
17.75 0.48597446698839
17.8125 0.486455864657274
17.875 0.486923241252731
17.9375 0.487376978622935
18 0.487817449795509
18.0625 0.488245019084817
18.125 0.488660042204539
18.1875 0.489062866384981
18.25 0.489453830494576
18.3125 0.48983326516507
18.375 0.490201492919944
18.4375 0.4905588283056
18.5 0.490905578024915
18.5625 0.491242041072765
18.625 0.491568508873159
18.6875 0.491885265417637
18.75 0.492192587404619
18.8125 0.492490744379411
18.875 0.492779998874591
18.9375 0.493060606550516
19 0.493332816335724
19.0625 0.49359687056701
19.125 0.493853005128971
19.1875 0.494101449592838
19.25 0.494342427354432
19.3125 0.494576155771075
19.375 0.494802846297337
19.4375 0.495022704619465
19.5 0.495235930788397
19.5625 0.495442719351253
19.625 0.495643259481198
19.6875 0.495837735105605
19.75 0.496026325032445
19.8125 0.496209203074827
19.875 0.496386538173634
19.9375 0.496558494518218
20 0.496725231665092
20.0625 0.496886904654599
20.125 0.497043664125521
20.1875 0.497195656427604
20.25 0.497343023731985
20.3125 0.497485904139506
20.375 0.497624431786904
20.4375 0.497758736950877
20.5 0.497888946150017
20.5625 0.498015182244633
20.625 0.498137564534439
20.6875 0.498256208854154
20.75 0.498371227666991
20.8125 0.498482730156076
20.875 0.498590822313801
20.9375 0.498695607029135
21 0.498797184172916
21.0625 0.498895650681135
21.125 0.498991100636259
21.1875 0.499083625346593
21.25 0.499173313423733
21.3125 0.499260250858112
21.375 0.499344521092696
21.4375 0.499426205094835
21.5 0.499505381426316
21.5625 0.49958212631164
21.625 0.499656513704561
21.6875 0.499728615352913
21.75 0.499798500861761
21.8125 0.499866237754904
21.875 0.499931891534776
21.9375 0.499995525740752
22 0.50005720200592
22.0625 0.500116980112331
22.125 0.500174918044772
22.1875 0.500231072043082
22.25 0.500285496653059
22.3125 0.500338244775972
22.375 0.500389367716727
22.4375 0.500438915230702
22.5 0.500486935569298
22.5625 0.500533475524218
22.625 0.500578580470522
22.6875 0.50062229440848
22.75 0.500664660004247
22.8125 0.500705718629398
22.875 0.50074551039935
22.9375 0.50078407421069
23 0.50082144777745
23.0625 0.500857667666342
23.125 0.500892769330997
23.1875 0.500926787145212
23.25 0.500959754435249
23.3125 0.500991703511206
23.375 0.501022665697474
23.4375 0.501052671362324
23.5 0.501081749946627
23.5625 0.501109929991745
23.625 0.501137239166604
23.6875 0.501163704293987
23.75 0.501189351376048
23.8125 0.501214205619079
23.875 0.501238291457561
23.9375 0.501261632577495
24 0.50128425193905
24.0625 0.501306171798546
24.125 0.501327413729785
24.1875 0.501347998644749
24.25 0.501367946813687
24.3125 0.501387277884602
24.375 0.501406010902165
24.4375 0.501424164326059
24.5 0.501441756048781
24.5625 0.501458803412908
24.625 0.501475323227854
24.6875 0.501491331786118
24.75 0.50150684487905
24.8125 0.501521877812142
24.875 0.501536445419863
24.9375 0.501550562080043
25 0.501564241727832
25.0625 0.501577497869227
25.125 0.501590343594205
25.1875 0.501602791589449
25.25 0.501614854150695
25.3125 0.501626543194707
25.375 0.501637870270882
25.4375 0.501648846572516
25.5 0.501659482947716
25.5625 0.501669789909993
25.625 0.501679777648523
25.6875 0.501689456038102
25.75 0.501698834648801
25.8125 0.501707922755323
25.875 0.501716729346075
25.9375 0.501725263131969
26 0.501733532554949
26.0625 0.50174154579626
26.125 0.501749310784472
26.1875 0.501756835203245
26.25 0.501764126498871
26.3125 0.501771191887576
26.375 0.501778038362604
26.4375 0.501784672701086
26.5 0.50179110147069
26.5625 0.50179733103608
26.625 0.501803367565165
26.6875 0.501809217035169
26.75 0.501814885238502
26.8125 0.501820377788465
26.875 0.501825700124765
26.9375 0.501830857518878
27 0.501835855079228
27.0625 0.501840697756228
27.125 0.501845390347145
27.1875 0.501849937500837
27.25 0.501854343722324
27.3125 0.501858613377236
27.375 0.501862750696112
27.4375 0.501866759778573
27.5 0.501870644597364
27.5625 0.501874409002276
27.625 0.501878056723941
27.6875 0.501881591377514
27.75 0.501885016466242
27.8125 0.501888335384921
27.875 0.501891551423249
27.9375 0.501894667769072
28 0.501897687511536
28.0625 0.501900613644136
28.125 0.501903449067673
28.1875 0.501906196593121
28.25 0.501908858944403
28.3125 0.501911438761088
28.375 0.501913938600994
28.4375 0.50191636094272
28.5 0.501918708188095
28.5625 0.501920982664555
28.625 0.501923186627444
28.6875 0.501925322262241
28.75 0.501927391686727
28.8125 0.501929396953077
28.875 0.501931340049892
28.9375 0.501933222904164
29 0.501935047383185
29.0625 0.501936815296394
29.125 0.501938528397168
29.1875 0.501940188384558
29.25 0.50194179690497
29.3125 0.501943355553794
29.375 0.501944865876988
29.4375 0.501946329372601
29.5 0.501947747492265
29.5625 0.501949121642624
29.625 0.501950453186733
29.6875 0.501951743445407
29.75 0.501952993698528
29.8125 0.501954205186311
29.875 0.501955379110536
29.9375 0.501956516635737
30 0.501957618890355
30.0625 0.501958686967859
30.125 0.501959721927823
30.1875 0.501960724796983
30.25 0.501961696570251
30.3125 0.5019626382117
30.375 0.501963550655521
30.4375 0.50196443480695
30.5 0.50196529154316
30.5625 0.501966121714138
30.625 0.501966926143521
30.6875 0.501967705629414
30.75 0.501968460945184
30.8125 0.501969192840224
30.875 0.501969902040695
30.9375 0.501970589250249
31 0.501971255150723
31.0625 0.50197190040282
31.125 0.501972525646756
31.1875 0.501973131502904
31.25 0.501973718572402
31.3125 0.501974287437754
31.375 0.501974838663403
31.4375 0.501975372796294
31.5 0.501975890366417
31.5625 0.501976391887328
31.625 0.501976877856664
31.6875 0.501977348756632
31.75 0.501977805054489
31.8125 0.501978247203007
31.875 0.501978675640918
31.9375 0.501979090793352
32 0.501979493072261
Total steps: 2048
