0 0
0.125 0.000129027251259327
0.25 0.000266374016735298
0.375 0.000412571694586002
0.5 0.000568184953044117
0.625 0.000733813723478664
0.75 0.000910095300726856
0.875 0.00109770655479129
1 0.00129736625790188
1.125 0.00150983753079605
1.25 0.00173593041186719
1.375 0.00197650455255999
1.5 0.00223247204204371
1.625 0.00250480036375705
1.75 0.00279451548588046
1.875 0.00310270508713839
2 0.00343052191854981
2.125 0.00377918730081387
2.25 0.00414999475591971
2.375 0.00454431377028524
2.5 0.0049635936852372
2.625 0.0054093677089204
2.75 0.00588325704174221
2.875 0.00638697510519255
3 0.00692233186130072
3.125 0.00749123820706971
3.25 0.0080957104249341
3.375 0.00873787466658944
3.5 0.00941997144340632
3.625 0.0101443600920414
3.75 0.0109135231787608
3.875 0.0117300708003719
4 0.0125967447334929
4.125 0.0135164223771638
4.25 0.0144921204264972
4.375 0.015526998207193
4.5 0.0166243605923018
4.625 0.0177876604136444
4.75 0.0190205002708276
4.875 0.0203266336309009
5 0.0217099651014737
5.125 0.0231745497496734
5.25 0.0247245913288392
5.375 0.0263644392645082
5.5 0.0280985842413009
5.625 0.0299316522230588
5.75 0.0318683967303616
5.875 0.0339136891927709
6 0.0360725071882802
6.125 0.0383499203800193
6.25 0.0407510739608563
6.375 0.0432811694208091
6.5 0.0459454424608095
6.625 0.0487491378900796
6.75 0.0516974813639396
6.875 0.0547956478449963
7 0.0580487267040829
7.125 0.0614616834186605
7.25 0.0650393178761916
7.375 0.068786219348605
7.5 0.0727067182715588
7.625 0.0768048350386379
7.75 0.0810842261054403
7.875 0.0855481277908595
8 0.0901992982614513
8.125 0.0950399582877803
8.25 0.100071731466743
8.375 0.105295584708193
8.5 0.110711769884369
8.625 0.116319767632728
8.75 0.122118234382678
8.875 0.128104953739713
9 0.134276793402083
9.125 0.140629668800888
9.25 0.147158514640094
9.375 0.153857265465073
9.5 0.160718846304138
9.625 0.167735174305697
9.75 0.174897172134164
9.875 0.182194793692
10 0.189617062506714
10.125 0.197152122865235
10.25 0.204787303500625
10.375 0.212509193345906
10.5 0.220303728576325
10.625 0.228156289875115
10.75 0.236051808589255
10.875 0.243974880201631
11 0.251909883343829
11.125 0.259841102418208
11.25 0.267752851795346
11.375 0.275629599507978
11.5 0.283456088377009
11.625 0.291217452578515
11.75 0.298899327789663
11.875 0.306487953230543
12 0.313970264140652
12.125 0.321333973483847
12.25 0.328567641954011
12.375 0.335660735644667
12.5 0.342603671038768
12.625 0.349387847259945
12.75 0.356005665794567
12.875 0.362450538137536
13 0.368716882027838
13.125 0.374800107118302
13.25 0.380696591065331
13.375 0.386403647127847
13.5 0.391919484431034
13.625 0.397243162081775
13.75 0.402374538322079
13.875 0.407314215878024
14 0.412063484609282
14.125 0.41662426249265
14.25 0.420999035886743
14.375 0.425190799928565
14.5 0.429202999810166
14.625 0.433039473578509
14.75 0.436704396997381
14.875 0.44020223090907
15 0.44353767143782
15.125 0.446715603288261
15.25 0.449741056311175
15.375 0.452619165436777
15.5 0.455355134012451
15.625 0.457954200527531
15.75 0.460421608662069
15.875 0.462762580559069
16 0.464982293189814
16.125 0.46708585765905
16.25 0.469078301280107
16.375 0.470964552238852
16.5 0.472749426658914
16.625 0.474437617878187
16.75 0.476033687747551
16.875 0.477542059766387
17 0.478967013875343
17.125 0.480312682734284
17.25 0.481583049322157
17.375 0.482781945705087
17.5 0.483913052829217
17.625 0.484979901205222
17.75 0.485985872361896
17.875 0.486934200956592
18 0.487827977440345
18.125 0.488670151185222
18.25 0.48946353399067
18.375 0.490210803894371
18.5 0.490914509221259
18.625 0.491577072811979
18.75 0.492200796379086
18.875 0.492787864945724
19 0.493340351327452
19.125 0.493860220623231
19.25 0.494349334686445
19.375 0.494809456551206
19.5 0.495242254793122
19.625 0.495649307807187
19.75 0.496032107988584
19.875 0.496392065804939
20 0.496730513750982
20.125 0.497048710178714
20.25 0.497347842998011
20.375 0.497629033244231
20.5 0.497893338510764
20.625 0.498141756245661
20.75 0.498375226912494
20.875 0.498594637016468
21 0.498800821997498
21.125 0.498994568992596
21.25 0.499176619470376
21.375 0.499347671740884
21.5 0.499508383344273
21.625 0.499659373322078
21.75 0.499801224375022
21.875 0.499934484911407
22 0.500059670990214
22.125 0.500177268163064
22.25 0.500287733219226
22.375 0.500391495837783
22.5 0.500488960151056
22.625 0.500580506223301
22.75 0.500666491448604
22.875 0.500747251871821
23 0.500823103436267
23.125 0.500894343161782
23.25 0.500961250256661
23.375 0.501024087166794
23.5 0.501083100565275
23.625 0.501138522285576
23.75 0.50119057020126
23.875 0.5012394490551
24 0.501285351240306
24.125 0.501328457536494
24.25 0.501368937802838
24.375 0.501406951630797
24.5 0.501442648958656
24.625 0.501476170650005
24.75 0.501507649038198
24.875 0.501537208438712
25 0.501564965631231
25.125 0.50159103031318
25.25 0.501615505526359
25.375 0.501638488058209
25.5 0.501660068819197
25.625 0.501680333197689
25.75 0.501699361393631
25.875 0.501717228732274
26 0.501734005959112
26.125 0.501749759517133
26.25 0.501764551807432
26.375 0.501778441434159
26.5 0.501791483434731
26.625 0.501803729496194
26.75 0.501815228158527
26.875 0.501826025005707
27 0.501836162845222
27.125 0.50184568187675
27.25 0.501854619850642
27.375 0.501863012216817
27.5 0.501870892264647
27.625 0.501878291254371
27.75 0.501885238540545
27.875 0.501891761688014
28 0.501897886580845
28.125 0.501903637524657
28.25 0.501909037342734
28.375 0.501914107466303
28.5 0.501918868019337
28.625 0.50192333789819
28.75 0.501927534846406
28.875 0.501931475524972
29 0.5019351755783
29.125 0.501938649696194
29.25 0.501941911672052
29.375 0.501944974457519
29.5 0.501947850213812
29.625 0.501950550359934
29.75 0.501953085617931
29.875 0.501955466055409
30 0.501957701125453
30.125 0.501959799704117
30.25 0.501961770125626
30.375 0.501963620215439
30.5 0.501965357321287
30.625 0.501966988342327
30.75 0.501968519756518
30.875 0.501969957646322
31 0.501971307722842
31.125 0.501972575348489
31.25 0.501973765558264
31.375 0.50197488307974
31.5 0.501975932351831
31.625 0.501976917542413
31.75 0.501977842564863
31.875 0.501978711093604
32 0.501979526578688
Total steps: 1024
