0 0
0.5 0.00057131804741338
1 0.00130537835084018
1.5 0.0022476192387162
2 0.00345608818525694
2.5 0.00500405246362515
3 0.00698368570061492
3.5 0.00951014308934004
4 0.0127259961348352
4.5 0.0168056883348909
5 0.0219593786044301
5.5 0.0284351161727819
6 0.0365177406680658
6.5 0.0465222876511323
7 0.0587791831953268
7.5 0.0736084852266013
8 0.0912727831342262
8.5 0.111953117924804
9 0.135666184708655
9.5 0.162219274493603
10 0.191176974097322
10.5 0.22186389516606
11 0.253413072249079
11.5 0.284856509285182
12 0.315239555378335
12.5 0.343731715128031
13 0.36970808978789
13.5 0.392786868049802
14 0.412823023309289
14.5 0.429869812941037
15 0.444124270419812
15.5 0.455871218806389
16 0.465435339545933
16.5 0.473145468237256
17 0.479311293162551
17.5 0.484210435691548
18 0.488083151587041
18.5 0.491132033442485
19 0.493524623491872
19.5 0.495397449408258
20 0.496860520076108
20.5 0.498001714374402
21 0.498890768040784
21.5 0.499582736578954
22 0.500120913926929
22.5 0.500539241053649
23 0.500864263571388
23.5 0.501116705058754
24 0.50131272099062
24.5 0.501464891827765
25 0.501583005768029
25.5 0.501674673458637
26 0.501745809394301
26.5 0.501801008103332
27 0.501843837629934
27.5 0.501877068202649
28 0.501902850227008
28.5 0.50192285272715
29 0.501938370961338
29.5 0.501950410037056
30 0.501959749855276
30.5 0.501966995539165
31 0.501972616583258
31.5 0.501976977241007
32 0.501980360108569
Total steps: 273
