0 0
1 0.01
2 0.0179
3 0.02399959
4 0.0286236916798319
5 0.0320796376184834
6 0.0346346069450535
7 0.0365081295578045
8 0.0378736601224341
9 0.0388645139668777
10 0.0395811607276205
11 0.0400982602975507
12 0.0404707377591504
13 0.0407387095925504
14 0.0409313252147742
15 0.0410696867879817
16 0.0411690302575225
17 0.0412403351536732
18 0.0412915028793512
19 0.0413282140934455
20 0.0413545499946028
21 0.0413734411904261
22 0.0413869913164032
23 0.0413967100028986
24 0.0414036804032548
25 0.0414086795716689
26 0.041412264913466
27 0.0414148362455097
28 0.0414166803351654
29 0.041418002858147
30 0.0414189513257602
31 0.0414196315316824
32 0.0414201193491256
Total steps: 32
