0 0
0.0625 0.000625
0.125 0.0012421630859375
0.1875 0.00185153961179253
0.25 0.00245318110421174
0.3125 0.00304714020931347
0.375 0.0036334706402311
0.4375 0.00421222712542237
0.5 0.00478346535776983
0.5625 0.0053472419444959
0.625 0.00590361435791389
0.6875 0.00645264088703453
0.75 0.00699438059004553
0.8125 0.00752889324768006
0.875 0.00805623931748813
0.9375 0.00857647988902324
1 0.00908967663995502
1.0625 0.0095958917931169
1.125 0.0100951880744964
1.1875 0.0105876286721739
1.25 0.0110732771962155
1.3125 0.0115521976395213
1.375 0.0120244543396334
1.4375 0.0124901119415026
1.5 0.0129492353612144
1.5625 0.0134018897506717
1.625 0.0138481404632327
1.6875 0.0142880530202992
1.75 0.014721693078851
1.8125 0.0151491263999212
1.875 0.0155704188180046
1.9375 0.015985636211394
2 0.0163948444734339
2.0625 0.0167981094846842
2.125 0.0171954970859845
2.1875 0.0175870730524075
2.25 0.017972903068093
2.3125 0.0183530527019484
2.375 0.0187275873842065
2.4375 0.0190965723838269
2.5 0.0194600727867284
2.5625 0.0198181534748402
2.625 0.0201708791059577
2.6875 0.020518314094389
2.75 0.0208605225923794
2.8125 0.021197568472298
2.875 0.0215295153095731
2.9375 0.0218564263663619
3 0.0221783645759381
3.0625 0.0224953925277849
3.125 0.0228075724533764
3.1875 0.0231149662126332
3.25 0.0234176352810371
3.3125 0.0237156407373894
3.375 0.024009043252198
3.4375 0.0242979030766776
3.5 0.0245822800323489
3.5625 0.0248622335012203
3.625 0.0251378224165382
3.6875 0.0254091052540911
3.75 0.0256761400240517
3.8125 0.0259389842633426
3.875 0.0261976950285124
3.9375 0.0264523288891056
4 0.0267029419215132
4.0625 0.0269495897032903
4.125 0.0271923273079257
4.1875 0.0274312093000503
4.25 0.0276662897310707
4.3125 0.0278976221352146
4.375 0.0281252595259745
4.4375 0.0283492543929371
4.5 0.0285696586989856
4.5625 0.0287865238778623
4.625 0.0289999008320783
4.6875 0.0292098399311605
4.75 0.0294163910102207
4.8125 0.0296196033688388
4.875 0.0298195257702454
4.9375 0.0300162064407947
5 0.0302096930697162
5.0625 0.0304000328091343
5.125 0.0305872722743454
5.1875 0.030771457544342
5.25 0.030952634162575
5.3125 0.0311308471379427
5.375 0.031306140945998
5.4375 0.0314785595303649
5.5 0.0316481463043537
5.5625 0.0318149441527679
5.625 0.031978995433893
5.6875 0.0321403419816593
5.75 0.03229902510797
5.8125 0.0324550856051875
5.875 0.0326085637487702
5.9375 0.0327594993000507
6 0.0329079315091507
6.0625 0.0330538991180231
6.125 0.0331974403636163
6.1875 0.0333385929811526
6.25 0.0334773942075155
6.3125 0.0336138807847387
6.375 0.0337480889635913
6.4375 0.033880054507253
6.5 0.034009812695074
6.5625 0.0341373983264134
6.625 0.0342628457245522
6.6875 0.0343861887406738
6.75 0.0345074607579085
6.8125 0.0346266946954373
6.875 0.0347439230126486
6.9375 0.0348591777133462
7 0.0349724903500012
7.0625 0.0350838920280461
7.125 0.0351934134102058
7.1875 0.0353010847208619
7.25 0.0354069357504468
7.3125 0.0355109958598639
7.375 0.0356132939849307
7.4375 0.0357138586408405
7.5 0.0358127179266414
7.5625 0.0359098995297275
7.625 0.0360054307303412
7.6875 0.0360993384060821
7.75 0.0361916490364213
7.8125 0.0362823887072176
7.875 0.0363715831152335
7.9375 0.0364592575726488
8 0.0365454370115689
8.0625 0.0366301459885264
8.125 0.0367134086889735
8.1875 0.0367952489317636
8.25 0.0368756901736197
8.3125 0.0369547555135881
8.375 0.0370324676974764
8.4375 0.0371088491222727
8.5 0.0371839218405456
8.5625 0.0372577075648235
8.625 0.0373302276719516
8.6875 0.0374015032074247
8.75 0.037471554889696
8.8125 0.037540403114459
8.875 0.0376080679589035
8.9375 0.0376745691859422
9 0.0377399262484087
9.0625 0.0378041582932264
9.125 0.0378672841655449
9.1875 0.0379293224128459
9.25 0.0379902912890168
9.3125 0.03805020875839
9.375 0.0381090924997503
9.4375 0.0381669599103063
9.5 0.0382238281096278
9.5625 0.0382797139435478
9.625 0.0383346339880285
9.6875 0.0383886045529908
9.75 0.0384416416861081
9.8125 0.0384937611765615
9.875 0.0385449785587596
9.9375 0.0385953091160192
10 0.0386447678842089
10.0625 0.0386933696553548
10.125 0.0387411289812074
10.1875 0.0387880601767712
10.25 0.0388341773237943
10.3125 0.0388794942742208
10.375 0.0389240246536044
10.4375 0.0389677818644822
10.5 0.0390107790897113
10.5625 0.0390530292957657
10.625 0.0390945452359952
10.6875 0.0391353394538447
10.75 0.0391754242860361
10.8125 0.0392148118657112
10.875 0.0392535141255359
10.9375 0.0392915428007665
11 0.0393289094322779
11.0625 0.0393656253695536
11.125 0.0394017017736382
11.1875 0.0394371496200515
11.25 0.0394719797016663
11.3125 0.0395062026315474
11.375 0.0395398288457552
11.4375 0.0395728686061113
11.5 0.0396053320029276
11.5625 0.0396372289576997
11.625 0.0396685692257631
11.6875 0.0396993623989149
11.75 0.0397296179079984
11.8125 0.0397593450254537
11.875 0.0397885528678322
11.9375 0.039817250398277
12 0.0398454464289686
12.0625 0.0398731496235363
12.125 0.0399003684994358
12.1875 0.0399271114302934
12.25 0.0399533866482168
12.3125 0.0399792022460727
12.375 0.0400045661797323
12.4375 0.0400294862702838
12.5 0.0400539702062139
12.5625 0.0400780255455562
12.625 0.0401016597180098
12.6875 0.040124880027026
12.75 0.0401476936518642
12.8125 0.0401701076496182
12.875 0.0401921289572116
12.9375 0.0402137643933644
13 0.0402350206605295
13.0625 0.0402559043468008
13.125 0.0402764219277921
13.1875 0.0402965797684881
13.25 0.0403163841250672
13.3125 0.0403358411466963
13.375 0.0403549568772994
13.4375 0.0403737372572976
13.5 0.0403921881253238
13.5625 0.0404103152199103
13.625 0.0404281241811506
13.6875 0.0404456205523358
13.75 0.0404628097815652
13.8125 0.0404796972233319
13.875 0.0404962881400845
13.9375 0.0405125877037631
14 0.0405286009973126
14.0625 0.0405443330161713
14.125 0.0405597886697362
14.1875 0.0405749727828062
14.25 0.0405898900970008
14.3125 0.0406045452721578
14.375 0.0406189428877085
14.4375 0.0406330874440299
14.5 0.0406469833637774
14.5625 0.0406606349931942
14.625 0.0406740466034012
14.6875 0.0406872223916652
14.75 0.0407001664826476
14.8125 0.0407128829296323
14.875 0.0407253757157343
14.9375 0.0407376487550884
15 0.0407497058940189
15.0625 0.0407615509121906
15.125 0.0407731875237403
15.1875 0.0407846193783907
15.25 0.0407958500625458
15.3125 0.0408068831003686
15.375 0.040817721954841
15.4375 0.0408283700288066
15.5 0.040838830665996
15.5625 0.0408491071520356
15.625 0.0408592027154403
15.6875 0.0408691205285884
15.75 0.0408788637086823
15.8125 0.0408884353186917
15.875 0.0408978383682824
15.9375 0.040907075814729
16 0.0409161505638129
16.0625 0.0409250654707052
16.125 0.040933823340835
16.1875 0.0409424269307434
16.25 0.0409508789489229
16.3125 0.0409591820566433
16.375 0.0409673388687634
16.4375 0.0409753519545296
16.5 0.0409832238383607
16.5625 0.0409909570006196
16.625 0.0409985538783727
16.6875 0.0410060168661356
16.75 0.0410133483166073
16.8125 0.041020550541391
16.875 0.0410276258117037
16.9375 0.0410345763590734
17 0.0410414043760244
17.0625 0.0410481120167518
17.125 0.0410547013977837
17.1875 0.0410611745986326
17.25 0.0410675336624359
17.3125 0.0410737805965858
17.375 0.0410799173733474
17.4375 0.041085945930468
17.5 0.0410918681717746
17.5625 0.041097685967762
17.625 0.0411034011561709
17.6875 0.041109015542556
17.75 0.0411145309008441
17.8125 0.0411199489738838
17.875 0.0411252714739843
17.9375 0.0411305000834465
18 0.0411356364550837
18.0625 0.0411406822127349
18.125 0.0411456389517676
18.1875 0.0411505082395737
18.25 0.0411552916160556
18.3125 0.0411599905941047
18.375 0.0411646066600717
18.4375 0.0411691412742285
18.5 0.041173595871222
18.5625 0.0411779718605213
18.625 0.0411822706268557
18.6875 0.041186493530646
18.75 0.0411906419084286
18.8125 0.0411947170732714
18.875 0.0411987203151839
18.9375 0.0412026529015185
19 0.0412065160773668
19.0625 0.0412103110659476
19.125 0.0412140390689888
19.1875 0.0412177012671026
19.25 0.0412212988201549
19.3125 0.0412248328676266
19.375 0.0412283045289711
19.4375 0.0412317149039631
19.5 0.0412350650730434
19.5625 0.0412383560976568
19.625 0.0412415890205837
19.6875 0.0412447648662675
19.75 0.0412478846411346
19.8125 0.0412509493339099
19.875 0.0412539599159267
19.9375 0.041256917341431
20 0.0412598225478808
20.0625 0.0412626764562396
20.125 0.0412654799712659
20.1875 0.0412682339817964
20.25 0.0412709393610254
20.3125 0.0412735969667787
20.375 0.041276207641783
20.4375 0.0412787722139302
20.5 0.041281291496538
20.5625 0.0412837662886049
20.625 0.0412861973750616
20.6875 0.0412885855270175
20.75 0.0412909315020034
20.8125 0.0412932360442095
20.875 0.0412954998847192
20.9375 0.0412977237417396
21 0.0412999083208273
21.0625 0.0413020543151102
21.125 0.0413041624055058
21.1875 0.0413062332609357
21.25 0.041308267538536
21.3125 0.0413102658838646
21.375 0.0413122289311041
21.4375 0.0413141573032618
21.5 0.0413160516123661
21.5625 0.0413179124596593
21.625 0.0413197404357871
21.6875 0.0413215361209847
21.75 0.04132330008526
21.8125 0.0413250328885732
21.875 0.0413267350810135
21.9375 0.0413284072029723
22 0.0413300497853142
22.0625 0.0413316633495442
22.125 0.0413332484079724
22.1875 0.0413348054638756
22.25 0.0413363350116561
22.3125 0.0413378375369982
22.375 0.041339313517021
22.4375 0.0413407634204296
22.5 0.0413421877076627
22.5625 0.0413435868310384
22.625 0.041344961234897
22.6875 0.0413463113557411
22.75 0.0413476376223739
22.8125 0.0413489404560348
22.875 0.0413502202705321
22.9375 0.0413514774723741
23 0.0413527124608976
23.0625 0.0413539256283943
23.125 0.0413551173602345
23.1875 0.0413562880349891
23.25 0.0413574380245497
23.3125 0.0413585676942457
23.375 0.0413596774029601
23.4375 0.0413607675032433
23.5 0.0413618383414242
23.5625 0.04136289025772
23.625 0.041363923586344
23.6875 0.0413649386556111
23.75 0.0413659357880421
23.8125 0.0413669153004653
23.875 0.0413678775041172
23.9375 0.041368822704741
24 0.0413697512026833
24.0625 0.041370663292989
24.125 0.0413715592654952
24.1875 0.0413724394049229
24.25 0.0413733039909667
24.3125 0.0413741532983841
24.375 0.0413749875970819
24.4375 0.0413758071522022
24.5 0.0413766122242062
24.5625 0.0413774030689566
24.625 0.0413781799377989
24.6875 0.0413789430776412
24.75 0.0413796927310317
24.8125 0.0413804291362367
24.875 0.041381152527315
24.9375 0.041381863134193
25 0.041382561182737
25.0625 0.0413832468948251
25.125 0.0413839204884174
25.1875 0.0413845821776252
25.25 0.0413852321727789
25.3125 0.0413858706804945
25.375 0.0413864979037394
25.4375 0.0413871140418966
25.5 0.0413877192908281
25.5625 0.0413883138429367
25.625 0.0413888978872274
25.6875 0.0413894716093671
25.75 0.0413900351917436
25.8125 0.0413905888135235
25.875 0.0413911326507088
25.9375 0.0413916668761931
26 0.0413921916598164
26.0625 0.0413927071684185
26.125 0.0413932135658926
26.1875 0.041393711013237
26.25 0.041394199668606
26.3125 0.0413946796873607
26.375 0.0413951512221175
26.4375 0.0413956144227971
26.5 0.0413960694366721
26.5625 0.0413965164084134
26.625 0.0413969554801362
26.6875 0.0413973867914455
26.75 0.0413978104794799
26.8125 0.0413982266789554
26.875 0.0413986355222083
26.9375 0.041399037139237
27 0.041399431657743
27.0625 0.0413998192031722
27.125 0.0414001998987541
27.1875 0.0414005738655411
27.25 0.0414009412224471
27.3125 0.041401302086285
27.375 0.0414016565718039
27.4375 0.0414020047917258
27.5 0.0414023468567808
27.5625 0.041402682875743
27.625 0.0414030129554644
27.6875 0.0414033372009092
27.75 0.041403655715187
27.8125 0.0414039685995858
27.875 0.0414042759536038
27.9375 0.0414045778749811
28 0.041404874459731
28.0625 0.0414051658021702
28.125 0.041405451994949
28.1875 0.0414057331290806
28.25 0.0414060092939698
28.3125 0.0414062805774419
28.375 0.0414065470657702
28.4375 0.0414068088437037
28.5 0.0414070659944937
28.5625 0.0414073185999205
28.625 0.0414075667403193
28.6875 0.0414078104946057
28.75 0.0414080499403008
28.8125 0.0414082851535559
28.875 0.0414085162091766
28.9375 0.0414087431806465
29 0.0414089661401509
29.0625 0.0414091851585992
29.125 0.0414094003056481
29.1875 0.0414096116497229
29.25 0.04140981925804
29.3125 0.0414100231966281
29.375 0.0414102235303486
29.4375 0.0414104203229172
29.5 0.0414106136369232
29.5625 0.04141080353385
29.625 0.0414109900740944
29.6875 0.0414111733169859
29.75 0.0414113533208055
29.8125 0.0414115301428042
29.875 0.0414117038392211
29.9375 0.0414118744653016
30 0.0414120420753147
30.0625 0.0414122067225703
30.125 0.0414123684594361
30.1875 0.0414125273373544
30.25 0.0414126834068583
30.3125 0.0414128367175878
30.375 0.0414129873183056
30.4375 0.0414131352569126
30.5 0.0414132805804633
30.5625 0.0414134233351802
30.625 0.0414135635664693
30.6875 0.0414137013189338
30.75 0.0414138366363887
30.8125 0.0414139695618748
30.875 0.0414141001376719
30.9375 0.0414142284053126
31 0.0414143544055958
31.0625 0.0414144781785988
31.125 0.041414599763691
31.1875 0.0414147191995457
31.25 0.0414148365241528
31.3125 0.0414149517748307
31.375 0.0414150649882384
31.4375 0.0414151762003866
31.5 0.04141528544665
31.5625 0.0414153927617776
31.625 0.0414154981799046
31.6875 0.0414156017345627
31.75 0.041415703458691
31.8125 0.0414158033846462
31.875 0.0414159015442134
31.9375 0.0414159979686157
32 0.0414160926885245
Total steps: 512
