0 0
0.25 0.0025
0.5 0.0048734375
0.75 0.0071238280267334
1 0.00925494939395811
1.25 0.011270788402189
1.5 0.0131754913142778
1.75 0.0149733183557208
2 0.0166686023722893
2.25 0.0182657116774135
2.5 0.0197690170377722
2.75 0.0211828626772237
3 0.0225115411255619
3.25 0.0237592716983219
3.5 0.0249301823654971
3.75 0.026028294749028
4 0.0270575119796911
4.25 0.0280216091420737
4.5 0.0289242260402422
4.75 0.0297688620252234
5 0.030558872637393
5.25 0.0312974678313063
5.5 0.031987711566578
5.75 0.0326325225654325
6 0.033234676054915
6.25 0.0337968063290505
6.5 0.0343214099830871
6.75 0.034810849688126
7 0.0352673583897173
7.25 0.0356930438282843
7.5 0.0360898932924381
7.75 0.0364597785283513
8 0.0368044607393496
8.25 0.0371255956198036
8.5 0.0374247383762821
8.75 0.0377033486968347
9 0.0379627956362542
9.25 0.0382043623913115
9.5 0.0384292509453142
9.75 0.0386385865659941
10 0.0388334221447399
10.25 0.039014742368635
10.5 0.0391834677196805
10.75 0.0393404582980617
11 0.0394865174683832
11.25 0.0396223953295188
11.5 0.0397487920101307
11.75 0.039866360793058
12 0.0399757110726845
12.25 0.0400774111501086
12.5 0.0401719908714795
12.75 0.040259944115261
13 0.0403417311344569
13.25 0.0404177807600029
13.5 0.0404884924716118
13.75 0.0405542383423753
14 0.040615364863374
14.25 0.040672194654459
14.5 0.0407250280672335
14.75 0.0407741446861026
15 0.0408198047330767
15.25 0.0408622503818112
15.5 0.0409017069861542
15.75 0.0409383842282512
16 0.0409724771910336
16.25 0.0410041673596895
16.5 0.0410336235564897
16.75 0.0410610028131213
17 0.0410864511844604
17.25 0.0411101045075041
17.5 0.0411320891089745
17.75 0.0411525224649086
18 0.0411715138153569
18.25 0.0411891647371271
18.5 0.0412055696773352
18.75 0.04122081645036
19 0.0412349867006334
19.25 0.0412481563335514
19.5 0.0412603959166445
19.75 0.0412717710530127
20 0.041282342728899
20.25 0.0412921676371575
20.5 0.0413012984782559
20.75 0.0413097842403456
21 0.0413176704598323
21.25 0.0413249994637839
21.5 0.0413318105954243
21.75 0.041338140423879
22 0.041344022939259
22.25 0.0413494897340956
22.5 0.0413545701720733
22.75 0.0413592915449404
23 0.0413636792184185
23.25 0.0413677567678765
23.5 0.0413715461044811
23.75 0.0413750675924883
24 0.0413783401582931
24.25 0.0413813813918146
24.5 0.0413842076407502
24.75 0.0413868340981995
25 0.0413892748841215
25.25 0.0413915431210571
25.5 0.0413936510045187
25.75 0.0413956098684218
26 0.041397430245906
26.25 0.0413991219258696
26.5 0.0414006940055178
26.75 0.0414021549392073
27 0.0414035125838444
27.25 0.0414047742410821
27.5 0.0414059466965392
27.75 0.0414070362562531
28 0.0414080487805588
28.25 0.0414089897155775
28.5 0.0414098641224825
28.75 0.0414106767046977
29 0.0414114318331776
29.25 0.0414121335699002
29.5 0.0414127856897024
29.75 0.041413391700572
30 0.0414139548625071
30.25 0.0414144782050433
30.5 0.0414149645435422
30.75 0.0414154164943293
31 0.0414158364887632
31.25 0.041416226786309
31.5 0.0414165894866898
31.75 0.0414169265411781
32 0.0414172397630899
Total steps: 128
