0 0
1 0.00827643195629141
2 0.015040833796915
3 0.0205155323618084
4 0.0249113659880451
5 0.0284187410246891
6 0.0312032974230017
7 0.0334053183064129
8 0.0351444593436993
9 0.0365116535687746
10 0.0375843484451707
11 0.0384246912960554
12 0.0390822215889895
13 0.0395962268811555
14 0.0399945914951339
15 0.0403062574381898
16 0.0405499955648378
17 0.0407405509937034
18 0.0408894914788302
19 0.0410092498614049
20 0.0411020707395572
21 0.041174001976664
22 0.0412297381000656
23 0.0412729213379348
24 0.0413063764154988
25 0.041332293395397
26 0.0413523698846542
27 0.041367921533884
28 0.0413799678359164
29 0.0413892987077477
30 0.0413965261373199
31 0.041402124231762
32 0.041406460263721
Total steps: 167
