0 0
0.125 0.0012193505233717
0.25 0.00240843492938494
0.375 0.00356767260790988
0.5 0.00469749753962305
0.625 0.0057983568040776
0.75 0.00687070914033787
0.875 0.00791502356187744
1 0.00893177802704609
1.125 0.00992145816604517
1.25 0.0108845560650098
1.375 0.0118215691074825
1.5 0.0127329988732761
1.625 0.0136193500944596
1.75 0.0144811296679655
1.875 0.0153188457241036
2 0.0161330067500771
2.125 0.0169241207674278
2.25 0.0176926945621958
2.375 0.0184392329664471
2.5 0.0191642381897215
2.625 0.0198682091988601
2.75 0.0205516411445997
2.875 0.0212150248332656
3 0.0218588462418486
3.125 0.0224835860747234
3.25 0.0230897193602438
3.375 0.0236777150854466
3.5 0.024248035867093
3.625 0.0248011376572882
3.75 0.0253374694819384
3.875 0.0258574732103267
4 0.0263615833541214
4.125 0.0268502268941645
4.25 0.0273238231334271
4.375 0.0277827835745651
4.5 0.0282275118205492
4.625 0.028658403496898
4.75 0.0290758461940889
4.875 0.029480219428777
5 0.0298718946225023
5.125 0.0302512350966228
5.25 0.030618596082261
5.375 0.0309743247441088
5.5 0.0313187602169869
5.625 0.0316522336541099
5.75 0.0319750682860586
5.875 0.0322875794895133
6 0.0325900748648529
6.125 0.0328828543217721
6.25 0.0331662101721161
6.375 0.0334404272291823
6.5 0.033705782912777
6.625 0.0339625473593642
6.75 0.0342109835366805
6.875 0.034451347362234
7 0.0346838878251388
7.125 0.0349088471107777
7.25 0.0351264607278188
7.375 0.0353369576371436
7.5 0.0355405603822789
7.625 0.0357374852209531
7.75 0.0359279422574271
7.875 0.0361121355752755
8 0.0362902633703231
8.125 0.0364625180834614
8.25 0.0366290865330973
8.375 0.0367901500470042
8.5 0.0369458845933682
8.625 0.0370964609108409
8.75 0.0372420446374279
8.875 0.0373827964380589
9 0.0375188721307017
9.125 0.0376504228108967
9.25 0.0377775949746026
9.375 0.0379005306392563
9.5 0.0380193674629629
9.625 0.0381342388617415
9.75 0.0382452741247652
9.875 0.0383525985275397
10 0.0384563334429776
10.125 0.0385565964503316
10.25 0.0386535014419565
10.375 0.0387471587278805
10.5 0.0388376751381676
10.625 0.0389251541230642
10.75 0.0390096958509236
10.875 0.0390913973039109
11 0.039170352371492
11.125 0.0392466519417175
11.25 0.0393203839903136
11.375 0.0393916336675969
11.5 0.0394604833832325
11.625 0.039527012888857
11.75 0.039591299358592
11.875 0.0396534174674739
12 0.0397134394678287
12.125 0.0397714352636232
12.25 0.0398274724828222
12.375 0.039881616547787
12.5 0.0399339307437475
12.625 0.0399844762853841
12.75 0.040033312381554
12.875 0.0400804962981991
13 0.0401260834194722
13.125 0.0401701273071178
13.25 0.0402126797581458
13.375 0.0402537908608353
13.5 0.0402935090491059
13.625 0.0403318811552945
13.75 0.0403689524613739
13.875 0.0404047667486518
14 0.0404393663459867
14.125 0.0404727921765564
14.25 0.0405050838032172
14.375 0.0405362794724881
14.5 0.0405664161571965
14.625 0.0405955295978196
14.75 0.0406236543425576
14.875 0.0406508237861702
15 0.0406770702076123
15.125 0.0407024248065
15.25 0.0407269177384402
15.375 0.0407505781492551
15.5 0.0407734342081327
15.625 0.0407955131397334
15.75 0.0408168412552831
15.875 0.0408374439826819
16 0.040857345895656
16.125 0.0408765707419819
16.25 0.0408951414708097
16.375 0.0409130802591116
16.5 0.0409304085372824
16.625 0.0409471470139169
16.75 0.0409633156997885
16.875 0.0409789339310542
17 0.0409940203917085
17.125 0.0410085931353095
17.25 0.0410226696059994
17.375 0.0410362666588406
17.5 0.0410494005794901
17.625 0.0410620871032302
17.75 0.041074341433378
17.875 0.0410861782590915
18 0.0410976117725915
18.125 0.0411086556858183
18.25 0.0411193232465401
18.375 0.0411296272539312
18.5 0.041139580073636
18.625 0.0411491936523362
18.75 0.0411584795318359
18.875 0.0411674488626809
19 0.0411761124173265
19.125 0.0411844806028689
19.25 0.0411925634733532
19.375 0.0412003707416735
19.5 0.0412079117910756
19.625 0.0412151956862783
19.75 0.0412222311842229
19.875 0.0412290267444645
20 0.0412355905392165
20.125 0.0412419304630596
20.25 0.0412480541423259
20.375 0.0412539689441694
20.5 0.0412596819853323
20.625 0.0412652001406178
20.75 0.0412705300510792
20.875 0.0412756781319336
21 0.0412806505802104
21.125 0.0412854533821426
21.25 0.0412900923203098
21.375 0.0412945729805414
21.5 0.0412989007585866
21.625 0.0413030808665607
21.75 0.0413071183391737
21.875 0.04131101803975
22 0.0413147846660434
22.125 0.0413184227558581
22.25 0.0413219366924784
22.375 0.0413253307099156
22.5 0.0413286088979783
22.625 0.0413317752071706
22.75 0.0413348334534251
22.875 0.0413377873226761
23 0.0413406403752776
23.125 0.0413433960502726
23.25 0.041346057669517
23.375 0.0413486284416649
23.5 0.0413511114660179
23.625 0.041353509736245
23.75 0.0413558261439759
23.875 0.0413580634822726
24 0.0413602244489831
24.125 0.0413623116499824
24.25 0.0413643276023017
24.375 0.0413662747371538
24.5 0.0413681554028536
24.625 0.041369971867641
24.75 0.0413717263224074
24.875 0.0413734208833294
25 0.0413750575944138
25.125 0.0413766384299553
25.25 0.0413781652969114
25.375 0.041379640037196
25.5 0.0413810644298957
25.625 0.04138244019341
25.75 0.0413837689875197
25.875 0.0413850524153839
26 0.04138629202547
26.125 0.0413874893134175
26.25 0.0413886457238387
26.375 0.0413897626520579
26.5 0.0413908414457916
26.625 0.0413918834067716
26.75 0.0413928897923125
26.875 0.0413938618168263
27 0.0413948006532851
27.125 0.041395707434634
27.25 0.0413965832551564
27.375 0.041397429171792
27.5 0.0413982462054107
27.625 0.0413990353420425
27.75 0.0413997975340658
27.875 0.0414005337013552
28 0.0414012447323904
28.125 0.0414019314853268
28.25 0.0414025947890299
28.375 0.0414032354440748
28.5 0.0414038542237111
28.625 0.041404451874795
28.75 0.0414050291186901
28.875 0.0414055866521368
29 0.0414061251480927
29.125 0.0414066452565438
29.25 0.0414071476052885
29.375 0.0414076328006949
29.5 0.0414081014284314
29.625 0.0414085540541739
29.75 0.0414089912242873
29.875 0.041409413466485
30 0.041409821290465
30.125 0.0414102151885252
30.25 0.0414105956361569
30.375 0.0414109630926182
30.5 0.0414113180014887
30.625 0.0414116607912038
30.75 0.0414119918755723
30.875 0.041412311654275
31 0.0414126205133476
31.125 0.0414129188256457
31.25 0.0414132069512953
31.375 0.0414134852381268
31.5 0.0414137540220952
31.625 0.0414140136276851
31.75 0.0414142643683023
31.875 0.0414145065466523
32 0.0414147404551051
Total steps: 1024
