0 0
0.0625 0.000621106185910101
0.125 0.00123444944290099
0.1875 0.00184008035830943
0.25 0.00243805063499504
0.3125 0.00302841303970452
0.375 0.00361122135218806
0.4375 0.00418653031509247
0.5 0.00475439558465336
0.5625 0.00531487368220713
0.625 0.00586802194654145
0.6875 0.00641389848710115
0.75 0.00695256213806475
0.8125 0.00748407241330516
0.875 0.0080084894622463
0.9375 0.00852587402662599
1 0.00903628739817375
1.0625 0.00953979137721087
1.125 0.0100364482321783
1.1875 0.0105263206600973
1.25 0.0110094717479652
1.3125 0.0114859649350888
1.375 0.011955863976356
1.4375 0.0124192329064445
1.5 0.0128761360049671
1.5625 0.0133266377625493
1.625 0.0137708028478375
1.6875 0.014208696075432
1.75 0.0146403823747388
1.8125 0.0150659267597358
1.875 0.015485394299644
1.9375 0.0158988500904977
2 0.016306359227604
2.0625 0.0167079867788824
2.125 0.0171037977590759
2.1875 0.017493857104821
2.25 0.0178782296505684
2.3125 0.0182569801053398
2.375 0.0186301730303126
2.4375 0.0189978728172162
2.5 0.0193601436675313
2.5625 0.0197170495724756
2.625 0.0200686542937656
2.6875 0.0204150213451385
2.75 0.0207562139746224
2.8125 0.0210922951475397
2.875 0.0214233275302291
2.9375 0.0217493734744736
3 0.0220704950026183
3.0625 0.0223867537933646
3.125 0.0226982111682248
3.1875 0.023004928078625
3.25 0.0233069650936382
3.3125 0.0236043823883358
3.375 0.0238972397327413
3.4375 0.024185596481372
3.5 0.0244695115633538
3.5625 0.0247490434730948
3.625 0.0250242502615033
3.6875 0.0252951895277352
3.75 0.0255619184114579
3.8125 0.0258244935856145
3.875 0.0260829712496764
3.9375 0.0263374071233685
4 0.0265878564408551
4.0625 0.0268343739453716
4.125 0.0270770138842888
4.1875 0.0273158300045974
4.25 0.0275508755487984
4.3125 0.0277822032511879
4.375 0.0280098653345228
4.4375 0.0282339135070548
4.5 0.0284543989599214
4.5625 0.0286713723648808
4.625 0.02888488387238
4.6875 0.0290949831099434
4.75 0.0293017191808714
4.8125 0.0295051406632373
4.875 0.0297052956091723
4.9375 0.0299022315444266
5 0.030095995468198
5.0625 0.0302866338532157
5.125 0.0304741926460714
5.1875 0.0306587172677858
5.25 0.030840252614603
5.3125 0.0310188430590017
5.375 0.0311945324509154
5.4375 0.0313673641191522
5.5 0.0315373808730051
5.5625 0.0317046250040452
5.625 0.0318691382880898
5.6875 0.0320309619873353
5.75 0.0321901368526506
5.8125 0.0323467031260197
5.875 0.0325007005431295
5.9375 0.0326521683360927
6 0.0328011452363016
6.0625 0.0329476694774033
6.125 0.0330917787983927
6.1875 0.0332335104468139
6.25 0.0333729011820668
6.3125 0.03350998727881
6.375 0.0336448045304573
6.4375 0.0337773882527591
6.5 0.033907773287466
6.5625 0.0340359940060674
6.625 0.0341620843136012
6.6875 0.0342860776525287
6.75 0.0344080070066713
6.8125 0.034527904905203
6.875 0.0346458034266951
6.9375 0.034761734203209
7 0.0348757284244319
7.0625 0.0349878168418529
7.125 0.0350980297729743
7.1875 0.0352063971055559
7.25 0.0353129483018866
7.3125 0.0354177124030827
7.375 0.0355207180334067
7.4375 0.035621993404606
7.5 0.0357215663202663
7.5625 0.0358194641801786
7.625 0.0359157139847158
7.6875 0.0360103423392163
7.75 0.0361033754583734
7.8125 0.0361948391706254
7.875 0.0362847589225472
7.9375 0.0363731597832382
8 0.0364600664487068
8.0625 0.0365455032462474
8.125 0.0366294941388097
8.1875 0.0367120627293566
8.25 0.0367932322652108
8.3125 0.0368730256423869
8.375 0.036951465409908
8.4375 0.0370285737741057
8.5 0.0371043726029006
8.5625 0.0371788834300637
8.625 0.0372521274594557
8.6875 0.0373241255692449
8.75 0.0373948983160998
8.8125 0.0374644659393583
8.875 0.03753284836517
8.9375 0.0376000652106121
9 0.0376661357877774
9.0625 0.0377310791078328
9.125 0.0377949138850499
9.1875 0.0378576585408034
9.25 0.0379193312075395
9.3125 0.0379799497327127
9.375 0.0380395316826895
9.4375 0.0380980943466196
9.5 0.0381556547402738
9.5625 0.0382122296098473
9.625 0.0382678354357296
9.6875 0.0383224884362384
9.75 0.0383762045713189
9.8125 0.0384289995462079
9.875 0.038480888815061
9.9375 0.0385318875845448
10 0.0385820108173918
10.0625 0.0386312732359196
10.125 0.0386796893255122
10.1875 0.0387272733380658
10.25 0.038774039295396
10.3125 0.0388200009926093
10.375 0.0388651720014364
10.4375 0.0389095656735286
10.5 0.0389531951437168
10.5625 0.0389960733332336
10.625 0.0390382129528974
10.6875 0.0390796265062595
10.75 0.0391203262927146
10.8125 0.0391603244105734
10.875 0.039199632760098
10.9375 0.0392382630465017
11 0.0392762267829099
11.0625 0.0393135352932865
11.125 0.039350199715322
11.1875 0.0393862310032859
11.25 0.0394216399308434
11.3125 0.039456437093835
11.375 0.039490632913021
11.4375 0.03952423763679
11.5 0.0395572613438327
11.5625 0.0395897139457791
11.625 0.0396216051898022
11.6875 0.039652944661186
11.75 0.0396837417858599
11.8125 0.0397140058328975
11.875 0.0397437459169832
11.9375 0.0397729710008438
12 0.0398016898976469
12.0625 0.0398299112733671
12.125 0.0398576436491178
12.1875 0.0398848954034518
12.25 0.0399116747746292
12.3125 0.0399379898628528
12.375 0.0399638486324729
12.4375 0.0399892589141596
12.5 0.0400142284070448
12.5625 0.0400387646808336
12.625 0.0400628751778843
12.6875 0.0400865672152593
12.75 0.0401098479867459
12.8125 0.0401327245648473
12.875 0.0401552039027446
12.9375 0.0401772928362304
13 0.0401989980856131
13.0625 0.0402203262575938
13.125 0.0402412838471143
13.1875 0.0402618772391789
13.25 0.0402821127106476
13.3125 0.0403019964320033
13.375 0.0403215344690921
13.4375 0.0403407327848371
13.5 0.0403595972409264
13.5625 0.0403781335994759
13.625 0.0403963475246658
13.6875 0.0404142445843531
13.75 0.0404318302516588
13.8125 0.0404491099065307
13.875 0.0404660888372825
13.9375 0.0404827722421089
14 0.0404991652305769
14.0625 0.040515272825095
14.125 0.0405310999623583
14.1875 0.0405466514947716
14.25 0.0405619321918509
14.3125 0.0405769467416014
14.375 0.0405916997518758
14.4375 0.0406061957517093
14.5 0.0406204391926352
14.5625 0.0406344344499784
14.625 0.0406481858241296
14.6875 0.0406616975417981
14.75 0.0406749737572459
14.8125 0.0406880185535009
14.875 0.040700835943552
14.9375 0.0407134298715241
15 0.0407258042138347
15.0625 0.0407379627803323
15.125 0.0407499093154155
15.1875 0.0407616474991354
15.25 0.0407731809482792
15.3125 0.0407845132174367
15.375 0.0407956478000495
15.4375 0.0408065881294436
15.5 0.0408173375798444
15.5625 0.040827899467376
15.625 0.0408382770510439
15.6875 0.0408484735337019
15.75 0.0408584920630028
15.8125 0.0408683357323341
15.875 0.0408780075817378
15.9375 0.0408875105988162
16 0.0408968477196215
16.0625 0.0409060218295315
16.125 0.0409150357641114
16.1875 0.04092389230996
16.25 0.0409325942055436
16.3125 0.0409411441420151
16.375 0.0409495447640197
16.4375 0.0409577986704875
16.5 0.0409659084154132
16.5625 0.0409738765086221
16.625 0.0409817054165244
16.6875 0.040989397562856
16.75 0.0409969553294079
16.8125 0.0410043810567426
16.875 0.0410116770448994
16.9375 0.0410188455540873
17 0.0410258888053666
17.0625 0.0410328089813193
17.125 0.0410396082267079
17.1875 0.0410462886491235
17.25 0.0410528523196229
17.3125 0.0410593012733549
17.375 0.0410656375101768
17.4375 0.0410718629952594
17.5 0.0410779796596828
17.5625 0.0410839894010216
17.625 0.0410898940839211
17.6875 0.0410956955406622
17.75 0.0411013955717188
17.8125 0.0411069959463042
17.875 0.0411124984029091
17.9375 0.04111790464983
18 0.0411232163656895
18.0625 0.0411284351999467
18.125 0.0411335627734
18.1875 0.0411386006786807
18.25 0.0411435504807384
18.3125 0.0411484137173184
18.375 0.0411531918994307
18.4375 0.0411578865118116
18.5 0.0411624990133764
18.5625 0.0411670308376656
18.625 0.0411714833932827
18.6875 0.041175858064325
18.75 0.0411801562108068
18.8125 0.0411843791690755
18.875 0.0411885282522208
18.9375 0.0411926047504764
19 0.0411966099316156
19.0625 0.0412005450413393
19.125 0.0412044113036582
19.1875 0.041208209921268
19.25 0.0412119420759182
19.3125 0.0412156089287747
19.375 0.0412192116207762
19.4375 0.0412227512729846
19.5 0.0412262289869291
19.5625 0.0412296458449448
19.625 0.0412330029105051
19.6875 0.0412363012285487
19.75 0.0412395418258011
19.8125 0.0412427257110901
19.875 0.0412458538756561
19.9375 0.0412489272934575
20 0.0412519469214704
20.0625 0.0412549136999831
20.125 0.0412578285528858
20.1875 0.0412606923879553
20.25 0.0412635060971345
20.3125 0.0412662705568075
20.375 0.04126898662807
20.4375 0.0412716551569944
20.5 0.0412742769748909
20.5625 0.0412768528985642
20.625 0.0412793837305654
20.6875 0.0412818702594395
20.75 0.0412843132599693
20.8125 0.0412867134934144
20.875 0.0412890717077461
20.9375 0.0412913886378789
21 0.0412936650058973
21.0625 0.041295901521279
21.125 0.0412980988811143
21.1875 0.0413002577703213
21.25 0.0413023788618584
21.3125 0.0413044628169314
21.375 0.0413065102851992
21.4375 0.0413085219049738
21.5 0.0413104983034183
21.5625 0.0413124400967412
21.625 0.0413143478903866
21.6875 0.041316222279222
21.75 0.0413180638477228
21.8125 0.0413198731701524
21.875 0.0413216508107413
21.9375 0.0413233973238607
22 0.0413251132541952
22.0625 0.0413267991369112
22.125 0.0413284554978226
22.1875 0.0413300828535543
22.25 0.041331681711702
22.3125 0.0413332525709894
22.375 0.0413347959214237
22.4375 0.0413363122444465
22.5 0.0413378020130841
22.5625 0.0413392656920935
22.625 0.0413407037381072
22.6875 0.0413421165997746
22.75 0.0413435047179011
22.8125 0.0413448685255855
22.875 0.0413462084483536
22.9375 0.0413475249042913
23 0.0413488183041736
23.0625 0.0413500890515925
23.125 0.0413513375430825
23.1875 0.0413525641682434
23.25 0.0413537693098616
23.3125 0.0413549533440291
23.375 0.04135611664026
23.4375 0.0413572595616057
23.5 0.0413583824647674
23.5625 0.0413594857002074
23.625 0.0413605696122575
23.6875 0.0413616345392264
23.75 0.0413626808135049
23.8125 0.041363708761669
23.875 0.0413647187045818
23.9375 0.0413657109574927
24 0.0413666858301363
24.0625 0.0413676436268278
24.125 0.0413685846465584
24.1875 0.0413695091830881
24.25 0.0413704175250367
24.3125 0.0413713099559743
24.375 0.0413721867545088
24.4375 0.0413730481943733
24.5 0.0413738945445107
24.5625 0.0413747260691578
24.625 0.0413755430279273
24.6875 0.0413763456758887
24.75 0.0413771342636479
24.8125 0.0413779090374247
24.875 0.0413786702391302
24.9375 0.0413794181064413
25 0.0413801528728754
25.0625 0.0413808747678628
25.125 0.041381584016818
25.1875 0.0413822808412103
25.25 0.0413829654586325
25.3125 0.0413836380828686
25.375 0.0413842989239609
25.4375 0.0413849481882747
25.5 0.0413855860785631
25.5625 0.0413862127940301
25.625 0.0413868285303924
25.6875 0.0413874334799408
25.75 0.0413880278315998
25.8125 0.0413886117709864
25.875 0.0413891854804684
25.9375 0.0413897491392207
26 0.0413903029232816
26.0625 0.0413908470056072
26.125 0.0413913815561259
26.1875 0.0413919067417906
26.25 0.0413924227266315
26.3125 0.0413929296718069
26.375 0.0413934277356532
26.4375 0.0413939170737348
26.5 0.0413943978388921
26.5625 0.0413948701812895
26.625 0.041395334248462
26.6875 0.0413957901853615
26.75 0.0413962381344014
26.8125 0.0413966782355017
26.875 0.0413971106261324
26.9375 0.0413975354413561
27 0.0413979528138703
27.0625 0.0413983628740492
27.125 0.0413987657499834
27.1875 0.041399161567521
27.25 0.041399550450306
27.3125 0.0413999325198171
27.375 0.0414003078954058
27.4375 0.0414006766943336
27.5 0.041401039031808
27.5625 0.0414013950210195
27.625 0.0414017447731759
27.6875 0.0414020883975376
27.75 0.0414024260014514
27.8125 0.0414027576903842
27.875 0.0414030835679558
27.9375 0.0414034037359711
28 0.0414037182944522
28.0625 0.0414040273416693
28.125 0.0414043309741714
28.1875 0.0414046292868168
28.25 0.0414049223728022
28.3125 0.0414052103236919
28.375 0.0414054932294467
28.4375 0.0414057711784517
28.5 0.0414060442575437
28.5625 0.041406312552039
28.625 0.0414065761457591
28.6875 0.0414068351210575
28.75 0.0414070895588455
28.8125 0.0414073395386166
28.875 0.0414075851384726
28.9375 0.0414078264351466
29 0.0414080635040282
29.0625 0.0414082964191862
29.125 0.041408525253392
29.1875 0.0414087500781422
29.25 0.0414089709636814
29.3125 0.0414091879790233
29.375 0.0414094011919731
29.4375 0.041409610669148
29.5 0.0414098164759984
29.5625 0.041410018676828
29.625 0.0414102173348145
29.6875 0.0414104125120285
29.75 0.0414106042694535
29.8125 0.0414107926670046
29.875 0.0414109777635475
29.9375 0.0414111596169166
30 0.0414113382839331
30.0625 0.0414115138204229
30.125 0.0414116862812341
30.1875 0.0414118557202538
30.25 0.041412022190425
30.3125 0.0414121857437635
30.375 0.0414123464313736
30.4375 0.0414125043034647
30.5 0.0414126594093663
30.5625 0.0414128117975438
30.625 0.0414129615156136
30.6875 0.0414131086103578
30.75 0.0414132531277393
30.8125 0.0414133951129153
30.875 0.0414135346102523
30.9375 0.0414136716633393
31 0.0414138063150017
31.0625 0.0414139386073148
31.125 0.0414140685816166
31.1875 0.0414141962785209
31.25 0.0414143217379302
31.3125 0.0414144449990477
31.375 0.0414145661003899
31.4375 0.0414146850797984
31.5 0.0414148019744519
31.5625 0.0414149168208779
31.625 0.0414150296549636
31.6875 0.0414151405119679
31.75 0.0414152494265317
31.8125 0.0414153564326889
31.875 0.0414154615638775
31.9375 0.0414155648529494
32 0.0414156663321809
Total steps: 2048
