0 0
0.125 0.00123447631816804
0.25 0.00243810483039201
0.375 0.00361130318093269
0.5 0.00475450523508633
0.625 0.0058681594890496
0.75 0.0069527275321055
0.875 0.00800868256342337
1 0.00903650796531799
1.125 0.0100366959343916
1.25 0.0110097461715894
1.375 0.0119561646318324
1.5 0.0128764623335565
1.625 0.0137711542281737
1.75 0.0146407581291925
1.875 0.0154857937004772
2 0.016306781502899
2.125 0.0171042420984241
2.25 0.0178786952105094
2.375 0.0186306589395143
2.5 0.0193606490317064
2.625 0.0200691782003201
2.75 0.0207567554970354
2.875 0.021423885732163
3 0.022071068941763
3.125 0.0226987998998777
3.25 0.0233075676740258
3.375 0.0238978552220874
3.5 0.0244701390287015
3.625 0.0250248887792976
3.75 0.0255625670698984
3.875 0.026083629150847
4 0.0265885227026413
4.125 0.0270776876420915
4.25 0.0275515559570535
4.375 0.028010551568037
4.5 0.0284550902150336
4.625 0.0288855793679586
4.75 0.0293024181591567
4.875 0.0297059973364738
5 0.0300966992354564
5.125 0.0304748977692942
5.25 0.0308409584351828
5.375 0.0311952383358396
5.5 0.0315380862149651
5.625 0.0318698425054986
5.75 0.032190839389576
5.875 0.0325014008691499
6 0.0328018428462927
6.125 0.0330924732122508
6.25 0.0333735919443754
6.375 0.0336454912101033
6.5 0.0339084554772106
6.625 0.0341627616296118
6.75 0.034408679088018
6.875 0.0346464699348183
7 0.0348763890425836
7.125 0.0350986842056386
7.25 0.0353135962741824
7.375 0.0355213592904761
7.5 0.0357222006266527
7.625 0.0359163411237333
7.75 0.0361039952314719
7.875 0.0362853711486742
8 0.0364606709636694
8.125 0.036630090794638
8.25 0.0367938209295246
8.375 0.0369520459652894
8.5 0.037104944946273
8.625 0.0372526915014709
8.75 0.0373954539805345
8.875 0.0375333955883329
9 0.0376666745179271
9.125 0.0377954440818254
9.25 0.0379198528414031
9.375 0.0380400447343831
9.5 0.0381561592002893
9.625 0.0382683313037933
9.75 0.0383766918558902
9.875 0.0384813675328463
10 0.038582480992873
10.125 0.0386801509904905
10.25 0.0387744924885499
10.375 0.0388656167678961
10.5 0.0389536315346525
10.625 0.0390386410251226
10.75 0.0391207461083047
10.875 0.0392000443860227
11 0.0392766302906808
11.125 0.0393505951806534
11.25 0.0394220274333281
11.375 0.0394910125358184
11.5 0.0395576331733716
11.625 0.0396219693154953
11.75 0.0396840982998323
11.875 0.0397440949138124
12 0.0398020314741151
12.125 0.039857977903976
12.25 0.039912001808373
12.375 0.0399641685471289
12.5 0.0400145413059677
12.625 0.0400631811655648
12.75 0.0401101471686284
12.875 0.0401554963850542
13 0.0401992839751929
13.125 0.0402415632512708
13.25 0.0402823857370051
13.375 0.040321801225456
13.5 0.0403598578351533
13.625 0.0403966020645427
13.75 0.0404320788447891
13.875 0.0404663315909788
14 0.0404994022517614
14.125 0.0405313313574691
14.25 0.0405621580667549
14.375 0.0405919202117877
14.5 0.0406206543420418
14.625 0.04064839576672
14.75 0.0406751785958468
14.875 0.0407010357800678
15 0.0407259991491928
15.125 0.0407500994495156
15.25 0.0407733663799474
15.375 0.0407958286269962
15.5 0.040817513898626
15.625 0.0408384489570289
15.75 0.0408586596503403
15.875 0.0408781709433303
16 0.0408970069471004
16.125 0.0409151909478156
16.25 0.0409327454345011
16.375 0.0409496921259312
16.5 0.0409660519966394
16.625 0.0409818453020743
16.75 0.0409970916029304
16.875 0.0410118097886768
17 0.0410260181003095
17.125 0.0410397341523527
17.25 0.0410529749541307
17.375 0.041065756930334
17.5 0.0410780959409029
17.625 0.0410900073002489
17.75 0.0411015057958348
17.875 0.0411126057061355
18 0.0411233208179982
18.125 0.0411336644434202
18.25 0.0411436494357663
18.375 0.0411532882054399
18.5 0.0411625927350288
18.625 0.0411715745939407
18.75 0.0411802449525457
18.875 0.0411886145958422
19 0.0411966939366613
19.125 0.0412044930284246
19.25 0.0412120215774713
19.375 0.0412192889549669
19.5 0.0412263042084091
19.625 0.0412330760727427
19.75 0.0412396129810982
19.875 0.0412459230751641
20 0.041252014215208
20.125 0.0412578939897556
20.25 0.0412635697249402
20.375 0.0412690484935343
20.5 0.0412743371236726
20.625 0.0412794422072773
20.75 0.0412843701081958
20.875 0.0412891269700606
21 0.0412937187238802
21.125 0.0412981510953707
21.25 0.0413024296120355
21.375 0.0413065596100043
21.5 0.0413105462406358
21.625 0.0413143944768957
21.75 0.0413181091195149
21.875 0.041321694802937
22 0.0413251560010617
22.125 0.0413284970327902
22.25 0.0413317220673812
22.375 0.041334835129622
22.5 0.0413378401048221
22.625 0.041340740743635
22.75 0.0413435406667144
22.875 0.0413462433692098
23 0.0413488522251073
23.125 0.0413513704914211
23.25 0.0413538013122407
23.375 0.0413561477226382
23.5 0.0413584126524416
23.625 0.0413605989298771
23.75 0.0413627092850868
23.875 0.041364746353524
24 0.0413667126792325
24.125 0.0413686107180114
24.25 0.0413704428404719
24.375 0.0413722113349878
24.5 0.041373918410544
24.625 0.0413755661994876
24.75 0.0413771567601824
24.875 0.0413786920795732
25 0.0413801740756603
25.125 0.0413816045998892
25.25 0.0413829854394574
25.375 0.0413843183195413
25.5 0.0413856049054463
25.625 0.0413868468046824
25.75 0.0413880455689679
25.875 0.0413892026961643
26 0.0413903196321434
26.125 0.0413913977725903
26.25 0.041392438464744
26.375 0.0413934430090776
26.5 0.0413944126609202
26.625 0.0413953486320231
26.75 0.041396252092071
26.875 0.0413971241701418
27 0.0413979659561148
27.125 0.041398778502031
27.25 0.041399562823406
27.375 0.041400319900497
27.5 0.0414010506795263
27.625 0.0414017560738624
27.75 0.0414024369651601
27.875 0.041403094204461
28 0.0414037286132558
28.125 0.04140434098451
28.25 0.0414049320836541
28.375 0.0414055026495387
28.5 0.0414060533953577
28.625 0.0414065850095385
28.75 0.0414070981566018
28.875 0.0414075934779914
29 0.0414080715928752
29.125 0.0414085330989188
29.25 0.0414089785730316
29.375 0.0414094085720874
29.5 0.0414098236336203
29.625 0.0414102242764958
29.75 0.0414106110015593
29.875 0.0414109842922611
30 0.0414113446152612
30.125 0.0414116924210117
30.25 0.0414120281443197
30.375 0.0414123522048906
30.5 0.0414126650078524
30.625 0.0414129669442619
30.75 0.0414132583915934
30.875 0.0414135397142104
31 0.0414138112638204
31.125 0.041414073379915
31.25 0.0414143263901939
31.375 0.0414145706109743
31.5 0.0414148063475862
31.625 0.041415033894754
31.75 0.041415253536965
31.875 0.0414154655488246
32 0.0414156701953997
Total steps: 1024
