0 0
0.25 0.00243833983146667
0.5 0.00475497966644501
0.75 0.00695344182329891
1 0.00903745900955768
1.25 0.0110109277935446
1.5 0.012877865750396
1.75 0.0146423723956941
2 0.0163085939334237
2.25 0.0178806917724658
2.5 0.019362814706786
2.75 0.0207590746079466
3 0.0220735254434313
3.25 0.0233101454092567
3.5 0.0244728219491297
3.75 0.0255653394236931
4 0.0265913691909129
4.25 0.0275544618612403
4.5 0.0284580414977552
4.75 0.0293054015411219
5 0.0300997022510372
5.25 0.0308439694692132
5.5 0.0315410945232308
5.75 0.0321938351053212
6 0.0328048169749122
6.25 0.0333765363482822
6.5 0.0339113628526864
6.75 0.0344115429356663
7 0.0348792036328257
7.25 0.035316356609059
7.5 0.035724902399029
7.75 0.0361066347825917
8 0.0364632452398597
8.25 0.0367963274387241
8.5 0.0371073817149444
8.75 0.0373978195114131
9 0.0376689677489702
9.25 0.0379220731062244
9.5 0.038158306190292
9.75 0.0383787655842545
10 0.0385844817605016
10.25 0.0387764208520335
10.5 0.0389554882762814
10.75 0.0391225322081218
11 0.0392783469005496
11.25 0.0394236758529679
11.5 0.0395592148282989
11.75 0.0396856147211351
12 0.0398034842799784
12.25 0.0399133926872682
12.5 0.040015872001415
12.75 0.0401114194654388
13 0.0402004996870984
13.25 0.0402835466955813
13.5 0.0403609658799475
13.75 0.040433135814563
14 0.0405004099767645
14.25 0.0405631183619467
14.5 0.0406215690011852
14.75 0.0406760493863989
15 0.0407268278079233
15.25 0.0407741546092189
15.5 0.0408182633632757
15.75 0.0408593719751047
16 0.0408976837145304
16.25 0.0409333881833174
16.5 0.0409666622204833
16.75 0.0409976707494668
17 0.0410265675706431
17.25 0.0410534961025011
17.5 0.0410785900746241
17.75 0.0411019741754496
18 0.0411237646576213
18.25 0.0411440699035897
18.5 0.0411629909539679
18.75 0.0411806220010052
19 0.041197050849403
19.25 0.0412123593465665
19.5 0.0412266237842608
19.75 0.04123991527352
20 0.0412523000945476
20.25 0.0412638400232362
20.5 0.0412745926358363
20.75 0.0412846115932079
21 0.0412939469059971
21.25 0.0413026451819961
21.5 0.0413107498568659
21.75 0.0413183014093216
22 0.0413253375618157
22.25 0.0413318934676817
22.5 0.0413380018856417
22.75 0.0413436933425223
23 0.0413489962849667
23.25 0.0413539372208803
23.5 0.0413585408512992
23.75 0.041362830193323
24 0.0413668266947152
24.25 0.0413705503407297
24.5 0.0413740197536888
24.75 0.0413772522858007
25 0.0413802641056735
25.25 0.0413830702789507
25.5 0.0413856848434668
25.75 0.0413881208792922
26 0.0413903905740153
26.25 0.0413925052835824
26.5 0.0413944755889985
26.75 0.0413963113491676
27 0.0413980217501364
27.25 0.0413996153509844
27.5 0.0414011001265879
27.75 0.0414024835074719
28 0.041403772416945
28.25 0.0414049733057054
28.5 0.0414060921840871
28.75 0.0414071346521084
29 0.0414081059274716
29.25 0.0414090108716541
29.5 0.0414098540142194
29.75 0.0414106395754708
30 0.0414113714875599
30.25 0.0414120534141548
30.5 0.0414126887687673
30.75 0.0414132807318287
31 0.0414138322666017
31.25 0.0414143461340055
31.5 0.0414148249064304
31.75 0.0414152709806083
32 0.0414156865896059
Total steps: 512
