0 0
0.03125 0.0003125
0.0625 0.000629879760742188
0.09375 0.000952209233612753
0.125 0.00127955916843718
0.15625 0.00161200111570447
0.1875 0.00194960742852494
0.21875 0.00229245126431048
0.25 0.00264060658616535
0.28125 0.00299414816397597
0.3125 0.00335315157518722
0.34375 0.00371769320525308
0.375 0.00408785024774865
0.40625 0.00446370070413072
0.4375 0.00484532338313351
0.46875 0.005232797899786
0.5 0.00562620467403703
0.53125 0.00602562492897404
0.5625 0.00643114068862099
0.59375 0.00684283477530079
0.625 0.0072607908065473
0.65625 0.00768509319155159
0.6875 0.008115827127127
0.71875 0.00855307859317719
0.75 0.00899693434765117
0.78125 0.00944748192096897
0.8125 0.00990480960990139
0.84375 0.0103690064708871
0.875 0.0108401623127699
0.90625 0.0113183676889392
0.9375 0.0118037138888557
0.96875 0.012296292928945
1 0.0127961975428412
1.03125 0.013303521170962
1.0625 0.0138183579493974
1.09375 0.0143408026980937
1.125 0.0148709509083131
1.15625 0.0154088987293519
1.1875 0.0159547429544964
1.21875 0.0165085810061996
1.25 0.0170705109204578
1.28125 0.0176406313303685
1.3125 0.0182190414488514
1.34375 0.0188058410505111
1.375 0.0194011304526248
1.40625 0.0200050104952333
1.4375 0.0206175825203177
1.46875 0.021238948350042
1.5 0.0218692102640422
1.53125 0.0225084709757437
1.5625 0.0231568336076876
1.59375 0.0238144016658473
1.625 0.0244812790129167
1.65625 0.0251575698405527
1.6875 0.0258433786405525
1.71875 0.0265388101749499
1.75 0.0272439694450115
1.78125 0.0279589616591173
1.8125 0.028683892199508
1.84375 0.0294188665878843
1.875 0.0301639904498414
1.90625 0.0309193694781246
1.9375 0.0316851093946914
1.96875 0.0324613159115661
2 0.0332480946904747
2.03125 0.0340455513012462
2.0625 0.0348537911789718
2.09375 0.0356729195799074
2.125 0.0365030415361136
2.15625 0.037344261808822
2.1875 0.0381966848405209
2.21875 0.0390604147057539
2.25 0.0399355550606255
2.28125 0.0408222090910102
2.3125 0.0417204794594613
2.34375 0.0426304682508177
2.375 0.0435522769165091
2.40625 0.0444860062175604
2.4375 0.0454317561662976
2.46875 0.04638962596676
2.5 0.0473597139538239
2.53125 0.0483421175310465
2.5625 0.0493369331072383
2.59375 0.0503442560317755
2.625 0.051364180528666
2.65625 0.0523967996293832
2.6875 0.053442205104486
2.71875 0.0545004873940427
2.75 0.0555717355368812
2.78125 0.0566560370986893
2.8125 0.0577534780989898
2.84375 0.05886414293702
2.875 0.059988114316545
2.90625 0.0611254731696393
2.9375 0.0622762985794708
2.96875 0.0634406677021263
3 0.0646186556875191
3.03125 0.0658103355994222
3.0625 0.0670157783346722
3.09375 0.0682350525415952
3.125 0.0694682245377028
3.15625 0.0707153582267162
3.1875 0.0719765150149733
3.21875 0.0732517537272791
3.25 0.074541130522264
3.28125 0.0758446988073139
3.3125 0.0771625091531415
3.34375 0.0784946092080716
3.375 0.0798410436121124
3.40625 0.0812018539108932
3.4375 0.0825770784695457
3.46875 0.0839667523866147
3.5 0.085370907408082
3.53125 0.0867895718415933
3.5625 0.0882227704709792
3.59375 0.0896705244711641
3.625 0.0911328513235593
3.65625 0.0926097647320411
3.6875 0.0941012745396129
3.71875 0.0956073866458575
3.75 0.0971281029252849
3.78125 0.0986634211466842
3.8125 0.10021333489359
3.84375 0.101777833485974
3.875 0.103356901903283
3.90625 0.104950520708927
3.9375 0.106558665976345
3.96875 0.108181309216767
4 0.109818417308784
4.03125 0.111469952429852
4.0625 0.113135871989859
4.09375 0.11481612856686
4.125 0.116510669845121
4.15625 0.118219438555583
4.1875 0.119942372418877
4.21875 0.121679404091001
4.25 0.123430461111799
4.28125 0.12519546585635
4.3125 0.126974335489387
4.34375 0.128766981922879
4.375 0.130573311776876
4.40625 0.132393226343753
4.4375 0.134226621555945
4.46875 0.13607338795731
4.5 0.137933410678199
4.53125 0.13980656941438
4.5625 0.141692738409873
4.59375 0.143591786443837
4.625 0.14550357682158
4.65625 0.147427967369796
4.6875 0.149364810436112
4.71875 0.151313952893032
4.75 0.153275236146357
4.78125 0.155248496148153
4.8125 0.157233563414334
4.84375 0.159230263046934
4.875 0.161238414761105
4.90625 0.163257832916914
4.9375 0.165288326555968
4.96875 0.167329699442915
5 0.169381750111847
5.03125 0.171444271917627
5.0625 0.173517053092172
5.09375 0.175599876805681
5.125 0.177692521232827
5.15625 0.1797947596239
5.1875 0.181906360380892
5.21875 0.184027087138499
5.25 0.186156698850017
5.28125 0.188294949878088
5.3125 0.190441590090258
5.34375 0.19259636495929
5.375 0.194759015668169
5.40625 0.196929279219733
5.4375 0.199106888550853
5.46875 0.201291572651073
5.5 0.20348305668561
5.53125 0.205681062122632
5.5625 0.207885306864676
5.59375 0.210095505384117
5.625 0.212311368862538
5.65625 0.214532605333881
5.6875 0.216758919831243
5.71875 0.218990014537156
5.75 0.221225588937206
5.78125 0.223465339976831
5.8125 0.225708962221126
5.84375 0.22795614801749
5.875 0.23020658766092
5.90625 0.232459969561794
5.9375 0.234715980415926
5.96875 0.236974305376719
6 0.239234628229206
6.03125 0.241496631565788
6.0625 0.243759996963453
6.09375 0.246024405162268
6.125 0.248289536244946
6.15625 0.250555069817251
6.1875 0.252820685189047
6.21875 0.255086061555768
6.25 0.257350878180076
6.28125 0.259614814573513
6.3125 0.26187755067791
6.34375 0.264138767046344
6.375 0.26639814502342
6.40625 0.268655366924663
6.4375 0.270910116214817
6.46875 0.273162077684813
6.5 0.275410937627229
6.53125 0.277656384010008
6.5625 0.279898106648242
6.59375 0.282135797373831
6.625 0.284369150202804
6.65625 0.286597861500127
6.6875 0.288821630141803
6.71875 0.291040157674088
6.75 0.293253148469653
6.78125 0.295460309880511
6.8125 0.29766135238756
6.84375 0.299855989746579
6.875 0.302043939130529
6.90625 0.304224921268022
6.9375 0.306398660577818
6.96875 0.308564885299225
7 0.310723327618284
7.03125 0.312873723789627
7.0625 0.315015814253902
7.09375 0.317149343750681
7.125 0.319274061426738
7.15625 0.321389720939659
7.1875 0.323496080556664
7.21875 0.325592903248626
7.25 0.327679956779203
7.28125 0.32975701378904
7.3125 0.331823851875023
7.34375 0.333880253664533
7.375 0.335926006884695
7.40625 0.337960904426596
7.4375 0.339984744404486
7.46875 0.341997330209937
7.5 0.343998470561008
7.53125 0.345987979546388
7.5625 0.347965676664595
7.59375 0.349931386858209
7.625 0.351884940543227
7.65625 0.353826173633556
7.6875 0.3557549275607
7.71875 0.35767104928872
7.75 0.359574391324503
7.78125 0.361464811723436
7.8125 0.363342174090544
7.84375 0.365206347577183
7.875 0.367057206873368
7.90625 0.368894632195837
7.9375 0.370718509271931
7.96875 0.372528729319405
8 0.37432518902226
8.03125 0.376107790502716
8.0625 0.37787644128942
8.09375 0.379631054282018
8.125 0.381371547712197
8.15625 0.383097845101313
8.1875 0.384809875214731
8.21875 0.386507572013
8.25 0.388190874599972
8.28125 0.389859727168013
8.3125 0.391514078940403
8.34375 0.393153884111079
8.375 0.394779101781827
8.40625 0.396389695897053
8.4375 0.397985635176277
8.46875 0.399566893044448
8.5 0.40113344756023
8.53125 0.402685281342373
8.5625 0.404222381494292
8.59375 0.405744739526986
8.625 0.407252351280414
8.65625 0.408745216843438
8.6875 0.410223340472479
8.71875 0.411686730508974
8.75 0.413135399295766
8.78125 0.414569363092535
8.8125 0.415988641990388
8.84375 0.417393259825707
8.875 0.418783244093361
8.90625 0.420158625859402
8.9375 0.421519439673328
8.96875 0.42286572348002
9 0.424197518531449
9.03125 0.425514869298246
9.0625 0.426817823381221
9.09375 0.428106431422931
9.125 0.429380747019362
9.15625 0.430640826631824
9.1875 0.431886729499129
9.21875 0.433118517550133
9.25 0.434336255316703
9.28125 0.435540009847197
9.3125 0.436729850620507
9.34375 0.437905849460733
9.375 0.439068080452559
9.40625 0.440216619857371
9.4375 0.441351546030185
9.46875 0.44247293933743
9.5 0.443580882075643
9.53125 0.444675458391106
9.5625 0.445756754200488
9.59375 0.446824857112516
9.625 0.447879856350723
9.65625 0.448921842677305
9.6875 0.449950908318113
9.71875 0.450967146888824
9.75 0.451970653322305
9.78125 0.452961523797197
9.8125 0.453939855667757
9.84375 0.454905747394951
9.875 0.455859298478843
9.90625 0.456800609392274
9.9375 0.457729781515867
9.96875 0.458646917074347
10 0.459552119074203
10.03125 0.460445491242687
10.0625 0.461327137968176
10.09375 0.462197164241869
10.125 0.46305567560086
10.15625 0.463902778072555
10.1875 0.464738578120457
10.21875 0.465563182591294
10.25 0.466376698663517
10.28125 0.467179233797125
10.3125 0.467970895684853
10.34375 0.468751792204676
10.375 0.469522031373653
10.40625 0.470281721303077
10.4375 0.471030970154945
10.46875 0.471769886099706
10.5 0.47249857727531
10.53125 0.473217151747512
10.5625 0.473925717471441
10.59375 0.474624382254406
10.625 0.475313253719932
10.65625 0.475992439272999
10.6875 0.476662046066482
10.71875 0.477322180968761
10.75 0.477972950532499
10.78125 0.478614460964546
10.8125 0.47924681809698
10.84375 0.479870127359243
10.875 0.480484493751363
10.90625 0.481090021818244
10.9375 0.481686815624995
10.96875 0.482274978733294
11 0.482854614178745
11.03125 0.483425824449235
11.0625 0.483988711464241
11.09375 0.484543376555094
11.125 0.485089920446161
11.15625 0.48562844323693
11.1875 0.486159044384985
11.21875 0.486681822689834
11.25 0.48719687627759
11.28125 0.48770430258647
11.3125 0.488204198353091
11.34375 0.488696659599559
11.375 0.489181781621309
11.40625 0.489659658975699
11.4375 0.490130385471313
11.46875 0.490594054157981
11.5 0.491050757317476
11.53125 0.491500586454872
11.5625 0.491943632290558
11.59375 0.492379984752872
11.625 0.492809732971347
11.65625 0.493232965270547
11.6875 0.493649769164475
11.71875 0.49406023135154
11.75 0.49446443771006
11.78125 0.494862473294282
11.8125 0.495254422330913
11.84375 0.495640368216136
11.875 0.496020393513094
11.90625 0.496394579949833
11.9375 0.496763008417688
11.96875 0.497125758970083
12 0.497482910821754
12.03125 0.497834542348354
12.0625 0.498180731086447
12.09375 0.498521553733865
12.125 0.498857086150419
12.15625 0.499187403358941
12.1875 0.499512579546667
12.21875 0.499832688066916
12.25 0.500147801441081
12.28125 0.500457991360899
12.3125 0.500763328691007
12.34375 0.501063883471751
12.375 0.501359724922254
12.40625 0.501650921443723
12.4375 0.501937540622989
12.46875 0.502219649236266
12.5 0.502497313253114
12.53125 0.502770597840612
12.5625 0.503039567367715
12.59375 0.503304285409789
12.625 0.503564814753321
12.65625 0.503821217400794
12.6875 0.504073554575706
12.71875 0.504321886727745
12.75 0.504566273538096
12.78125 0.504806773924875
12.8125 0.505043446048688
12.84375 0.505276347318301
12.875 0.50550553439642
12.90625 0.50573106320557
12.9375 0.505952988934062
12.96875 0.506171366042053
13 0.506386248267683
13.03125 0.506597688633284
13.0625 0.50680573945166
13.09375 0.507010452332432
13.125 0.507211878188428
13.15625 0.50741006724214
13.1875 0.507605069032215
13.21875 0.507796932419993
13.25 0.507985705596082
13.28125 0.50817143608696
13.3125 0.50835417076161
13.34375 0.508533955838175
13.375 0.508710836890633
13.40625 0.508884858855488
13.4375 0.509056066038468
13.46875 0.509224502121239
13.5 0.509390210168114
13.53125 0.509553232632769
13.5625 0.509713611364952
13.59375 0.509871387617195
13.625 0.510026602051505
13.65625 0.510179294746054
13.6875 0.510329505201849
13.71875 0.510477272349391
13.75 0.510622634555311
13.78125 0.510765629628981
13.8125 0.510906294829112
13.84375 0.511044666870317
13.875 0.511180781929647
13.90625 0.511314675653104
13.9375 0.511446383162114
13.96875 0.511575939059971
14 0.511703377438249
14.03125 0.511828731883168
14.0625 0.511952035481933
14.09375 0.512073320829022
14.125 0.512192620032449
14.15625 0.512309964719965
14.1875 0.512425386045234
14.21875 0.512538914693953
14.25 0.512650580889932
14.28125 0.512760414401125
14.3125 0.512868444545617
14.34375 0.51297470019756
14.375 0.51307920979306
14.40625 0.513182001336018
14.4375 0.513283102403917
14.46875 0.51338254015356
14.5 0.513480341326756
14.53125 0.513576532255954
14.5625 0.513671138869826
14.59375 0.513764186698798
14.625 0.51385570088052
14.65625 0.513945706165297
14.6875 0.51403422692145
14.71875 0.514121287140637
14.75 0.514206910443112
14.78125 0.514291120082927
14.8125 0.514373938953093
14.84375 0.514455389590669
14.875 0.514535494181808
14.90625 0.514614274566745
14.9375 0.51469175224473
14.96875 0.514767948378905
15 0.514842883801131
15.03125 0.514916579016753
15.0625 0.514989054209318
15.09375 0.515060329245232
15.125 0.515130423678369
15.15625 0.515199356754623
15.1875 0.515267147416403
15.21875 0.515333814307076
15.25 0.515399375775366
15.28125 0.51546384987968
15.3125 0.5155272543924
15.34375 0.515589606804114
15.375 0.51565092432779
15.40625 0.515711223902908
15.4375 0.515770522199534
15.46875 0.51582883562234
15.5 0.51588618031458
15.53125 0.515942572162008
15.5625 0.515998026796754
15.59375 0.516052559601136
15.625 0.516106185711439
15.65625 0.51615892002163
15.6875 0.516210777187033
15.71875 0.516261771627955
15.75 0.516311917533253
15.78125 0.51636122886387
15.8125 0.516409719356312
15.84375 0.516457402526077
15.875 0.516504291671048
15.90625 0.516550399874826
15.9375 0.516595740010032
15.96875 0.516640324741547
16 0.516684166529726
16.03125 0.516727277633549
16.0625 0.516769670113743
16.09375 0.516811355835849
16.125 0.516852346473257
16.15625 0.516892653510185
16.1875 0.516932288244632
16.21875 0.516971261791272
16.25 0.517009585084321
16.28125 0.517047268880356
16.3125 0.517084323761091
16.34375 0.517120760136125
16.375 0.517156588245635
16.40625 0.517191818163039
16.4375 0.517226459797625
16.46875 0.517260522897126
16.5 0.517294017050274
16.53125 0.517326951689309
16.5625 0.51735933609245
16.59375 0.517391179386332
16.625 0.517422490548406
16.65625 0.517453278409309
16.6875 0.517483551655187
16.71875 0.517513318829998
16.75 0.517542588337765
16.78125 0.517571368444813
16.8125 0.517599667281956
16.84375 0.517627492846661
16.875 0.517654853005181
16.90625 0.517681755494642
16.9375 0.517708207925121
16.96875 0.517734217781668
17 0.517759792426319
17.03125 0.517784939100064
17.0625 0.517809664924788
17.09375 0.51783397690519
17.125 0.517857881930664
17.15625 0.517881386777152
17.1875 0.517904498108975
17.21875 0.517927222480631
17.25 0.517949566338562
17.28125 0.517971536022905
17.3125 0.517993137769203
17.34375 0.518014377710097
17.375 0.518035261876993
17.40625 0.518055796201697
17.4375 0.518075986518031
17.46875 0.518095838563418
17.5 0.518115357980449
17.53125 0.518134550318418
17.5625 0.518153421034841
17.59375 0.518171975496944
17.625 0.518190218983134
17.65625 0.51820815668444
17.6875 0.518225793705938
17.71875 0.518243135068151
17.75 0.518260185708426
17.78125 0.518276950482291
17.8125 0.518293434164789
17.84375 0.518309641451791
17.875 0.518325576961291
17.90625 0.518341245234678
17.9375 0.518356650737988
17.96875 0.518371797863134
18 0.518386690929125
18.03125 0.518401334183254
18.0625 0.518415731802274
18.09375 0.518429887893557
18.125 0.518443806496227
18.15625 0.518457491582284
18.1875 0.518470947057701
18.21875 0.518484176763512
18.25 0.518497184476875
18.28125 0.518509973912125
18.3125 0.518522548721803
18.34375 0.518534912497676
18.375 0.518547068771735
18.40625 0.518559021017176
18.4375 0.518570772649372
18.46875 0.518582327026826
18.5 0.518593687452103
18.53125 0.518604857172755
18.5625 0.51861583938223
18.59375 0.518626637220761
18.625 0.518637253776244
18.65625 0.518647692085106
18.6875 0.518657955133148
18.71875 0.518668045856387
18.75 0.518677967141878
18.78125 0.518687721828519
18.8125 0.518697312707851
18.84375 0.518706742524837
18.875 0.51871601397864
18.90625 0.518725129723372
18.9375 0.518734092368846
18.96875 0.518742904481305
19 0.518751568584148
19.03125 0.518760087158634
19.0625 0.518768462644586
19.09375 0.518776697441076
19.125 0.518784793907097
19.15625 0.518792754362232
19.1875 0.518800581087306
19.21875 0.518808276325028
19.25 0.518815842280627
19.28125 0.51882328112247
19.3125 0.518830594982674
19.34375 0.518837785957714
19.375 0.518844856109006
19.40625 0.518851807463498
19.4375 0.518858642014235
19.46875 0.518865361720931
19.5 0.518871968510515
19.53125 0.51887846427768
19.5625 0.51888485088542
19.59375 0.518891130165555
19.625 0.518897303919251
19.65625 0.518903373917531
19.6875 0.518909341901774
19.71875 0.51891520958421
19.75 0.518920978648406
19.78125 0.518926650749743
19.8125 0.518932227515885
19.84375 0.518937710547239
19.875 0.518943101417415
19.90625 0.518948401673664
19.9375 0.518953612837326
19.96875 0.518958736404256
20 0.51896377384525
20.03125 0.518968726606466
20.0625 0.518973596109832
20.09375 0.518978383753449
20.125 0.518983090911992
20.15625 0.518987718937099
20.1875 0.518992269157756
20.21875 0.518996742880674
20.25 0.519001141390661
20.28125 0.51900546595099
20.3125 0.519009717803755
20.34375 0.519013898170228
20.375 0.519018008251205
20.40625 0.519022049227347
20.4375 0.51902602225952
20.46875 0.51902992848912
20.5 0.519033769038406
20.53125 0.519037545010812
20.5625 0.519041257491267
20.59375 0.519044907546502
20.625 0.519048496225355
20.65625 0.51905202455907
20.6875 0.51905549356159
20.71875 0.519058904229851
20.75 0.519062257544058
20.78125 0.519065554467973
20.8125 0.519068795949187
20.84375 0.519071982919389
20.875 0.519075116294633
20.90625 0.519078196975603
20.9375 0.519081225847864
20.96875 0.519084203782121
21 0.519087131634463
21.03125 0.519090010246611
21.0625 0.519092840446157
21.09375 0.519095623046801
21.125 0.519098358848584
21.15625 0.519101048638116
21.1875 0.519103693188799
21.21875 0.519106293261054
21.25 0.519108849602531
21.28125 0.519111362948331
21.3125 0.519113834021209
21.34375 0.519116263531785
21.375 0.519118652178744
21.40625 0.51912100064904
21.4375 0.519123309618092
21.46875 0.519125579749974
21.5 0.519127811697606
21.53125 0.519130006102945
21.5625 0.519132163597165
21.59375 0.519134284800837
21.625 0.51913637032411
21.65625 0.519138420766884
21.6875 0.519140436718981
21.71875 0.519142418760316
21.75 0.519144367461062
21.78125 0.519146283381811
21.8125 0.519148167073741
21.84375 0.519150019078767
21.875 0.519151839929702
21.90625 0.519153630150404
21.9375 0.51915539025593
21.96875 0.519157120752686
22 0.519158822138565
22.03125 0.519160494903095
22.0625 0.519162139527581
22.09375 0.519163756485235
22.125 0.519165346241321
22.15625 0.519166909253283
22.1875 0.519168445970878
22.21875 0.519169956836304
22.25 0.519171442284327
22.28125 0.519172902742407
22.3125 0.519174338630821
22.34375 0.519175750362779
22.375 0.519177138344549
22.40625 0.519178502975569
22.4375 0.519179844648563
22.46875 0.519181163749656
22.5 0.519182460658481
22.53125 0.519183735748288
22.5625 0.519184989386057
22.59375 0.519186221932595
22.625 0.519187433742647
22.65625 0.519188625164992
22.6875 0.519189796542548
22.71875 0.519190948212466
22.75 0.519192080506231
22.78125 0.519193193749754
22.8125 0.519194288263466
22.84375 0.519195364362414
22.875 0.519196422356345
22.90625 0.519197462549799
22.9375 0.519198485242198
22.96875 0.519199490727926
23 0.519200479296421
23.03125 0.519201451232251
23.0625 0.519202406815203
23.09375 0.519203346320356
23.125 0.519204270018166
23.15625 0.519205178174541
23.1875 0.519206071050916
23.21875 0.519206948904333
23.25 0.519207811987508
23.28125 0.519208660548911
23.3125 0.519209494832832
23.34375 0.519210315079452
23.375 0.519211121524915
23.40625 0.519211914401393
23.4375 0.519212693937154
23.46875 0.519213460356626
23.5 0.519214213880464
23.53125 0.519214954725611
23.5625 0.519215683105364
23.59375 0.51921639922943
23.625 0.519217103303991
23.65625 0.51921779553176
23.6875 0.519218476112042
23.71875 0.519219145240789
23.75 0.519219803110658
23.78125 0.519220449911066
23.8125 0.519221085828244
23.84375 0.51922171104529
23.875 0.519222325742222
23.90625 0.519222930096033
23.9375 0.519223524280737
23.96875 0.51922410846742
24 0.519224682824292
24.03125 0.519225247516735
24.0625 0.519225802707346
24.09375 0.519226348555989
24.125 0.519226885219839
24.15625 0.519227412853428
24.1875 0.519227931608686
24.21875 0.519228441634989
24.25 0.519228943079201
24.28125 0.519229436085716
24.3125 0.519229920796496
24.34375 0.519230397351118
24.375 0.519230865886811
24.40625 0.519231326538493
24.4375 0.519231779438816
24.46875 0.519232224718197
24.5 0.519232662504863
24.53125 0.51923309292488
24.5625 0.519233516102195
24.59375 0.519233932158672
24.625 0.519234341214121
24.65625 0.51923474338634
24.6875 0.519235138791143
24.71875 0.519235527542396
24.75 0.519235909752051
24.78125 0.519236285530176
24.8125 0.519236654984986
24.84375 0.519237018222876
24.875 0.519237375348453
24.90625 0.519237726464562
24.9375 0.519238071672318
24.96875 0.519238411071135
25 0.519238744758757
25.03125 0.51923907283128
25.0625 0.519239395383185
25.09375 0.519239712507363
25.125 0.519240024295142
25.15625 0.519240330836316
25.1875 0.519240632219164
25.21875 0.519240928530484
25.25 0.51924121985561
25.28125 0.519241506278443
25.3125 0.519241787881472
25.34375 0.519242064745797
25.375 0.519242336951154
25.40625 0.519242604575937
25.4375 0.519242867697224
25.46875 0.519243126390792
25.5 0.519243380731145
25.53125 0.519243630791535
25.5625 0.519243876643978
25.59375 0.519244118359282
25.625 0.519244356007061
25.65625 0.519244589655759
25.6875 0.519244819372669
25.71875 0.519245045223949
25.75 0.519245267274648
25.78125 0.519245485588717
25.8125 0.519245700229032
25.84375 0.519245911257413
25.875 0.519246118734637
25.90625 0.51924632272046
25.9375 0.519246523273632
25.96875 0.519246720451915
26 0.519246914312099
26.03125 0.519247104910018
26.0625 0.519247292300567
26.09375 0.519247476537718
26.125 0.519247657674532
26.15625 0.519247835763182
26.1875 0.519248010854958
26.21875 0.519248183000291
26.25 0.519248352248761
26.28125 0.519248518649115
26.3125 0.519248682249279
26.34375 0.519248843096374
26.375 0.519249001236726
26.40625 0.519249156715883
26.4375 0.519249309578626
26.46875 0.519249459868983
26.5 0.519249607630241
26.53125 0.519249752904959
26.5625 0.519249895734978
26.59375 0.519250036161438
26.625 0.519250174224783
26.65625 0.519250309964781
26.6875 0.519250443420527
26.71875 0.51925057463046
26.75 0.519250703632371
26.78125 0.519250830463417
26.8125 0.519250955160129
26.84375 0.519251077758421
26.875 0.519251198293606
26.90625 0.519251316800402
26.9375 0.519251433312941
26.96875 0.519251547864782
27 0.51925166048892
27.03125 0.519251771217794
27.0625 0.519251880083297
27.09375 0.519251987116784
27.125 0.519252092349086
27.15625 0.519252195810513
27.1875 0.519252297530863
27.21875 0.519252397539437
27.25 0.519252495865039
27.28125 0.51925259253599
27.3125 0.519252687580135
27.34375 0.51925278102485
27.375 0.51925287289705
27.40625 0.519252963223196
27.4375 0.519253052029306
27.46875 0.51925313934096
27.5 0.519253225183305
27.53125 0.519253309581067
27.5625 0.519253392558556
27.59375 0.519253474139671
27.625 0.519253554347913
27.65625 0.519253633206382
27.6875 0.519253710737793
27.71875 0.519253786964478
27.75 0.519253861908394
27.78125 0.519253935591125
27.8125 0.519254008033897
27.84375 0.519254079257574
27.875 0.519254149282673
27.90625 0.519254218129363
27.9375 0.519254285817473
27.96875 0.519254352366502
28 0.519254417795618
28.03125 0.519254482123666
28.0625 0.519254545369176
28.09375 0.519254607550365
28.125 0.519254668685143
28.15625 0.519254728791119
28.1875 0.519254787885608
28.21875 0.519254845985629
28.25 0.519254903107918
28.28125 0.519254959268929
28.3125 0.519255014484838
28.34375 0.519255068771549
28.375 0.5192551221447
28.40625 0.519255174619664
28.4375 0.519255226211556
28.46875 0.519255276935236
28.5 0.519255326805315
28.53125 0.519255375836157
28.5625 0.519255424041887
28.59375 0.519255471436387
28.625 0.519255518033311
28.65625 0.51925556384608
28.6875 0.519255608887891
28.71875 0.519255653171716
28.75 0.519255696710312
28.78125 0.51925573951622
28.8125 0.519255781601769
28.84375 0.519255822979082
28.875 0.519255863660078
28.90625 0.519255903656473
28.9375 0.51925594297979
28.96875 0.519255981641355
29 0.519256019652303
29.03125 0.519256057023584
29.0625 0.519256093765963
29.09375 0.519256129890022
29.125 0.519256165406167
29.15625 0.519256200324629
29.1875 0.519256234655464
29.21875 0.519256268408563
29.25 0.519256301593647
29.28125 0.519256334220276
29.3125 0.519256366297846
29.34375 0.519256397835599
29.375 0.519256428842618
29.40625 0.519256459327834
29.4375 0.519256489300029
29.46875 0.519256518767836
29.5 0.519256547739743
29.53125 0.519256576224095
29.5625 0.519256604229098
29.59375 0.519256631762817
29.625 0.519256658833184
29.65625 0.519256685447996
29.6875 0.51925671161492
29.71875 0.519256737341492
29.75 0.519256762635124
29.78125 0.519256787503101
29.8125 0.519256811952585
29.84375 0.519256835990621
29.875 0.519256859624131
29.90625 0.519256882859923
29.9375 0.51925690570469
29.96875 0.519256928165013
30 0.519256950247362
30.03125 0.519256971958096
30.0625 0.519256993303469
30.09375 0.519257014289631
30.125 0.519257034922626
30.15625 0.519257055208397
30.1875 0.519257075152788
30.21875 0.519257094761543
30.25 0.519257114040311
30.28125 0.519257132994645
30.3125 0.519257151630004
30.34375 0.519257169951757
30.375 0.519257187965181
30.40625 0.519257205675465
30.4375 0.51925722308771
30.46875 0.519257240206932
30.5 0.519257257038061
30.53125 0.519257273585947
30.5625 0.519257289855355
30.59375 0.519257305850972
30.625 0.519257321577406
30.65625 0.519257337039186
30.6875 0.519257352240766
30.71875 0.519257367186525
30.75 0.519257381880768
30.78125 0.519257396327728
30.8125 0.519257410531566
30.84375 0.519257424496373
30.875 0.519257438226173
30.90625 0.519257451724919
30.9375 0.5192574649965
30.96875 0.51925747804474
31 0.519257490873396
31.03125 0.519257503486163
31.0625 0.519257515886676
31.09375 0.519257528078505
31.125 0.519257540065163
31.15625 0.519257551850102
31.1875 0.519257563436717
31.21875 0.519257574828346
31.25 0.51925758602827
31.28125 0.519257597039715
31.3125 0.519257607865852
31.34375 0.519257618509801
31.375 0.519257628974627
31.40625 0.519257639263344
31.4375 0.519257649378917
31.46875 0.519257659324259
31.5 0.519257669102235
31.53125 0.519257678715661
31.5625 0.519257688167306
31.59375 0.519257697459894
31.625 0.5192577065961
31.65625 0.519257715578556
31.6875 0.519257724409851
31.71875 0.519257733092526
31.75 0.519257741629085
31.78125 0.519257750021985
31.8125 0.519257758273645
31.84375 0.51925776638644
31.875 0.519257774362708
31.90625 0.519257782204747
31.9375 0.519257789914815
31.96875 0.519257797495133
32 0.519257804947886
Total steps: 1024
