0 0
0.0625 0.000625
0.125 0.0012695068359375
0.1875 0.00193407819658514
0.25 0.00261928434907402
0.3125 0.00332570819432625
0.375 0.00405394530446183
0.4375 0.00480460394069304
0.5 0.00557830505015052
0.5625 0.00637568224001569
0.625 0.00719738172726458
0.6875 0.0080440622622586
0.75 0.00891639502434924
0.8125 0.00981506348759576
0.875 0.010740763254629
0.9375 0.0116942018566304
1 0.0126760985173337
1.0625 0.013687183878899
1.125 0.0147281996874562
1.1875 0.0157998984360621
1.25 0.0169030429627772
1.3125 0.0180384060015264
1.375 0.0192067696833818
1.4375 0.0204089249858831
1.5 0.0216456711279995
1.5625 0.0229178149083381
1.625 0.0242261699842129
1.6875 0.025571556089213
1.75 0.0269547981869495
1.8125 0.0283767255587104
1.875 0.0298381708228305
1.9375 0.0313399688836657
2 0.0328829558081784
2.0625 0.0344679676282663
2.125 0.0360958390671232
2.1875 0.0377674021880983
2.25 0.039483484964724
2.3125 0.0412449097708117
2.375 0.0430524917897744
2.4375 0.0449070373426231
2.5 0.0468093421343993
2.5625 0.0487601894191583
2.625 0.050760348083995
2.6875 0.0528105706530193
2.75 0.0549115912126326
2.8125 0.0570641232599334
2.875 0.0592688574765923
2.9375 0.0615264594310745
3 0.0638375672126628
3.0625 0.0662027890013316
3.125 0.068622700578151
3.1875 0.0710978427815533
3.25 0.073628718915465
3.3125 0.0762157921160025
3.375 0.0788594826841357
3.4375 0.0815601653924393
3.5 0.0843181667747755
3.5625 0.087133762408471
3.625 0.0900071741992697
3.6875 0.0929385676800383
3.75 0.0959280493348884
3.8125 0.0989756639610289
3.875 0.102081392081278
3.9375 0.10524514742074
4 0.108466774461662
4.0625 0.111746046090957
4.125 0.115082661355239
4.1875 0.118476243338552
4.25 0.121926337178156
4.3125 0.125432408233869
4.375 0.128993840426468
4.4375 0.132609934760547
4.5 0.136279908046989
4.5625 0.140002891839877
4.625 0.143777931602152
4.6875 0.147603986113732
4.75 0.151479927134995
4.8125 0.155404539337662
4.875 0.159376520514042
4.9375 0.163394482074408
5 0.167456949840961
5.0625 0.171562365145363
5.125 0.175709086235264
5.1875 0.179895389993514
5.25 0.184119473972004
5.3125 0.188379458740146
5.375 0.192673390546074
5.4375 0.196999244286606
5.5 0.201354926779969
5.5625 0.205738280333183
5.625 0.210147086593941
5.6875 0.214579070674757
5.75 0.219031905535116
5.8125 0.223503216605441
5.875 0.2279905866348
5.9375 0.232491560742508
6 0.237003651652181
6.0625 0.241524345085282
6.125 0.246051105289892
6.1875 0.250581380679303
6.25 0.255112609554085
6.3125 0.259642225880556
6.375 0.264167665098061
6.4375 0.268686369927165
6.5 0.273195796150849
6.5625 0.277693418340907
6.625 0.282176735502194
6.6875 0.286643276607971
6.75 0.291090606000435
6.8125 0.295516328631592
6.875 0.299918095120836
6.9375 0.304293606607055
7 0.308640619374655
7.0625 0.312956949234615
7.125 0.317240475643557
7.1875 0.321489145545759
7.25 0.32570097692508
7.3125 0.329874062055866
7.375 0.334006570444035
7.4375 0.338096751451674
7.5 0.342142936600653
7.5625 0.346143541552816
7.625 0.350097067766421
7.6875 0.354002103830457
7.75 0.357857326480384
7.8125 0.361661501300666
7.875 0.365413483121121
7.9375 0.369112216115736
8 0.372756733613986
8.0625 0.376346157636013
8.125 0.379879698164176
8.1875 0.383356652164475
8.25 0.386776402372193
8.3125 0.390138415856825
8.375 0.393442242381897
8.4375 0.396687512575675
8.5 0.399873935929073
8.5625 0.403001298637143
8.625 0.406069461300602
8.6875 0.409078356503686
8.75 0.412027986284441
8.8125 0.414918419513229
8.875 0.417749789194808
8.9375 0.420522289708877
9 0.423236174003404
9.0625 0.425891750754446
9.125 0.428489381505479
9.1875 0.431029477798591
9.25 0.433512498309089
9.3125 0.435938945994362
9.375 0.438309365267018
9.4375 0.440624339201564
9.5 0.442884486783062
9.5625 0.445090460205464
9.625 0.447242942226515
9.6875 0.44934264358538
9.75 0.451390300488404
9.8125 0.453386672167728
9.875 0.455332538516762
9.9375 0.457228697805903
10 0.459075964481258
10.0625 0.460875167048522
10.125 0.462627146043663
10.1875 0.464332752091496
10.25 0.465992844052802
10.3125 0.467608287260176
10.375 0.469179951842406
10.4375 0.470708711136804
10.5 0.472195440188575
10.5625 0.473641014336037
10.625 0.475046307880209
10.6875 0.476412192837052
10.75 0.477739537770472
10.8125 0.479029206703978
10.875 0.480282058108762
10.9375 0.481498943965836
11 0.482680708899755
11.0625 0.483828189381374
11.125 0.484942212997039
11.1875 0.486023597781542
11.25 0.487073151612183
11.3125 0.488091671661225
11.375 0.489079943904073
11.4375 0.490038742680499
11.5 0.490968830306272
11.5625 0.491870956732574
11.625 0.492745859250653
11.6875 0.493594262239194
11.75 0.494416876951953
11.8125 0.495214401343269
11.875 0.495987519929136
11.9375 0.49673690368158
12 0.497463209954182
12.0625 0.49816708243663
12.125 0.498849151136311
12.1875 0.499510032384982
12.25 0.500150328868685
12.3125 0.500770629679115
12.375 0.501371510384761
12.4375 0.501953533120192
12.5 0.502517246691958
12.5625 0.503063186699652
12.625 0.503591875670741
12.6875 0.504103823207853
12.75 0.5045995261473
12.8125 0.505079468727648
12.875 0.505544122767249
12.9375 0.505993947849694
13 0.506429391516215
13.0625 0.506850889464129
13.125 0.507258865750472
13.1875 0.50765373300002
13.25 0.508035892616968
13.3125 0.508405734999553
13.375 0.508763639757012
13.4375 0.509109975928243
13.5 0.509445102201647
13.5625 0.509769367135621
13.625 0.510083109379243
13.6875 0.51038665789272
13.75 0.510680332167186
13.8125 0.510964442443511
13.875 0.511239289929771
13.9375 0.511505167017082
14 0.511762357493543
14.0625 0.512011136756007
14.125 0.512251772019496
14.1875 0.512484522524035
14.25 0.512709639738744
14.3125 0.512927367563015
14.375 0.513137942524664
14.4375 0.513341593974907
14.5 0.513538544280079
14.5625 0.51372900901
14.625 0.513913197122913
14.6875 0.514091311146935
14.75 0.514263547357979
14.8125 0.51443009595409
14.875 0.514591141226197
14.9375 0.514746861725235
15 0.51489743042565
15.0625 0.515043014885268
15.125 0.515183777401551
15.1875 0.515319875164241
15.25 0.515451460404418
15.3125 0.515578680539991
15.375 0.515701678317656
15.4375 0.515820591951355
15.5 0.515935555257269
15.5625 0.516046697785395
15.625 0.516154144947737
15.6875 0.516258018143184
15.75 0.516358434879088
15.8125 0.516455508889635
15.875 0.516549350251033
15.9375 0.51664006549358
16 0.516727757710679
16.0625 0.516812526664843
16.125 0.516894468890764
16.1875 0.516973677795483
16.25 0.517050243755755
16.3125 0.51712425421263
16.375 0.517195793763339
16.4375 0.517264944250538
16.5 0.51733178484896
16.5625 0.517396392149552
16.625 0.51745884024114
16.6875 0.517519200789694
16.75 0.517577543115247
16.8125 0.517633934266522
16.875 0.517688439093336
16.9375 0.517741120316822
17 0.51779203859754
17.0625 0.517841252601526
17.125 0.517888819064329
17.1875 0.517934792853099
17.25 0.517979227026772
17.3125 0.518022172894405
17.375 0.518063680071715
17.4375 0.518103796535866
17.5 0.518142568678557
17.5625 0.518180041357461
17.625 0.518216257946055
17.6875 0.518251260381894
17.75 0.518285089213364
17.8125 0.518317783644975
17.875 0.518349381581216
17.9375 0.518379919669027
18 0.51840943333893
18.0625 0.518437956844847
18.125 0.518465523302657
18.1875 0.518492164727521
18.25 0.518517912070017
18.3125 0.518542795251114
18.375 0.518566843196034
18.4375 0.518590083867017
18.5 0.518612544295036
18.5625 0.518634250610495
18.625 0.518655228072929
18.6875 0.518675501099746
18.75 0.518695093294046
18.8125 0.518714027471528
18.875 0.51873232568653
18.9375 0.518750009257224
19 0.518767098789989
19.0625 0.51878361420299
19.125 0.518799574748989
19.1875 0.518814999037411
19.25 0.518829905055693
19.3125 0.518844310189928
19.375 0.518858231244834
19.4375 0.518871684463078
19.5 0.518884685543952
19.5625 0.518897249661448
19.625 0.51890939148173
19.6875 0.518921125180037
19.75 0.518932464457031
19.8125 0.518943422554598
19.875 0.518954012271137
19.9375 0.51896424597634
20 0.518974135625489
20.0625 0.518983692773272
20.125 0.51899292858715
20.1875 0.519001853860282
20.25 0.519010479024015
20.3125 0.519018814159969
20.375 0.519026869011717
20.4375 0.519034652996077
20.5 0.519042175214032
20.5625 0.519049444461288
20.625 0.51905646923848
20.6875 0.519063257761038
20.75 0.519069817968726
20.8125 0.519076157534869
20.875 0.51908228387526
20.9375 0.51908820415679
21 0.51909392530577
21.0625 0.51909945401599
21.125 0.519104796756509
21.1875 0.519109959779174
21.25 0.519114949125902
21.3125 0.519119770635712
21.375 0.519124429951524
21.4375 0.519128932526728
21.5 0.519133283631542
21.5625 0.519137488359148
21.625 0.519141551631631
21.6875 0.519145478205714
21.75 0.519149272678302
21.8125 0.519152939491849
21.875 0.51915648293953
21.9375 0.519159907170256
22 0.519163216193512
22.0625 0.519166413884035
22.125 0.519169503986336
22.1875 0.51917249011907
22.25 0.519175375779264
22.3125 0.519178164346394
22.375 0.519180859086338
22.4375 0.519183463155185
22.5 0.519185979602921
22.5625 0.519188411376997
22.625 0.519190761325768
22.6875 0.519193032201821
22.75 0.519195226665195
22.8125 0.519197347286487
22.875 0.519199396549857
22.9375 0.519201376855932
23 0.519203290524611
23.0625 0.519205139797781
23.125 0.519206926841935
23.1875 0.519208653750705
23.25 0.519210322547313
23.3125 0.519211935186937
23.375 0.519213493558993
23.4375 0.519214999489353
23.5 0.519216454742475
23.5625 0.519217861023468
23.625 0.51921921998009
23.6875 0.519220533204672
23.75 0.519221802235984
23.8125 0.519223028561035
23.875 0.519224213616811
23.9375 0.519225358791962
24 0.51922646542842
24.0625 0.519227534822978
24.125 0.519228568228799
24.1875 0.519229566856891
24.25 0.519230531877519
24.3125 0.519231464421579
24.375 0.519232365581917
24.4375 0.519233236414615
24.5 0.519234077940222
24.5625 0.519234891144951
24.625 0.519235676981837
24.6875 0.519236436371845
24.75 0.519237170204957
24.8125 0.519237879341209
24.875 0.519238564611699
24.9375 0.519239226819564
25 0.519239866740914
25.0625 0.519240485125747
25.125 0.519241082698826
25.1875 0.519241660160523
25.25 0.519242218187649
25.3125 0.519242757434236
25.375 0.519243278532311
25.4375 0.519243782092635
25.5 0.519244268705413
25.5625 0.519244738940994
25.625 0.519245193350531
25.6875 0.519245632466633
25.75 0.519246056803986
25.8125 0.519246466859955
25.875 0.519246863115169
25.9375 0.519247246034084
26 0.519247616065526
26.0625 0.519247973643215
26.125 0.519248319186279
26.1875 0.519248653099739
26.25 0.519248975774988
26.3125 0.519249287590245
26.375 0.519249588911004
26.4375 0.519249880090458
26.5 0.519250161469913
26.5625 0.519250433379189
26.625 0.519250696137009
26.6875 0.519250950051368
26.75 0.519251195419895
26.8125 0.519251432530205
26.875 0.519251661660232
26.9375 0.519251883078557
27 0.519252097044723
27.0625 0.519252303809536
27.125 0.519252503615365
27.1875 0.519252696696419
27.25 0.519252883279025
27.3125 0.519253063581896
27.375 0.519253237816381
27.4375 0.519253406186718
27.5 0.519253568890272
27.5625 0.519253726117762
27.625 0.519253878053494
27.6875 0.519254024875566
27.75 0.519254166756085
27.8125 0.519254303861365
27.875 0.519254436352124
27.9375 0.519254564383667
28 0.519254688106077
28.0625 0.519254807664384
28.125 0.519254923198735
28.1875 0.519255034844562
28.25 0.519255142732741
28.3125 0.519255246989739
28.375 0.51925534773777
28.4375 0.519255445094933
28.5 0.519255539175354
28.5625 0.519255630089316
28.625 0.519255717943391
28.6875 0.519255802840565
28.75 0.519255884880358
28.8125 0.519255964158939
28.875 0.519256040769241
28.9375 0.519256114801071
29 0.51925618634121
29.0625 0.519256255473522
29.125 0.519256322279046
29.1875 0.519256386836093
29.25 0.519256449220342
29.3125 0.51925650950492
29.375 0.519256567760497
29.4375 0.519256624055361
29.5 0.519256678455506
29.5625 0.5192567310247
29.625 0.519256781824568
29.6875 0.519256830914661
29.75 0.519256878352523
29.8125 0.519256924193764
29.875 0.519256968492121
29.9375 0.519257011299523
30 0.519257052666151
30.0625 0.519257092640497
30.125 0.519257131269421
30.1875 0.519257168598206
30.25 0.519257204670611
30.3125 0.519257239528922
30.375 0.519257273214001
30.4375 0.519257305765336
30.5 0.519257337221085
30.5625 0.519257367618123
30.625 0.519257396992083
30.6875 0.519257425377399
30.75 0.519257452807345
30.8125 0.519257479314076
30.875 0.519257504928665
30.9375 0.51925752968114
31 0.519257553600515
31.0625 0.519257576714832
31.125 0.519257599051185
31.1875 0.51925762063576
31.25 0.519257641493858
31.3125 0.519257661649931
31.375 0.519257681127606
31.4375 0.519257699949718
31.5 0.51925771813833
31.5625 0.519257735714763
31.625 0.519257752699623
31.6875 0.51925776911282
31.75 0.519257784973594
31.8125 0.519257800300539
31.875 0.519257815111621
31.9375 0.519257829424203
32 0.519257843255064
Total steps: 512
