0 0
1 0.0188230761809406
2 0.051259418689311
3 0.100132716523506
4 0.165005696739939
5 0.237339722062348
6 0.306672499034111
7 0.36633416004119
8 0.413837321086351
9 0.449300583657763
10 0.474302948508133
11 0.491085674154025
12 0.501920795753591
13 0.508719627069955
14 0.512903410878256
15 0.515445488890604
16 0.51697775345413
17 0.517896798168311
18 0.518446385916802
19 0.518774445014407
20 0.51897005724127
21 0.519086619552034
22 0.519156050341676
23 0.519197397509638
24 0.51922201703458
25 0.519236675144365
26 0.519245401945352
27 0.519250597352061
28 0.519253690327805
29 0.519255531646672
30 0.519256627818983
31 0.519257280388927
32 0.519257668874023
Total steps: 131
