0 0
0.25 0.00285481429581025
0.5 0.00610912450885026
0.75 0.00981149502877177
1 0.0140141666424016
1.25 0.0187726441150107
1.5 0.0241450268960659
1.75 0.0301910312054332
2 0.0369706558367802
2.25 0.044542455153157
2.5 0.0529614029736265
2.75 0.0622763618980704
3 0.0725272144997675
3.25 0.0837417642620975
3.5 0.0959325711001444
3.75 0.10909394179008
4 0.123199339942314
4.25 0.138199502110212
4.5 0.154021535708262
4.75 0.170569223650387
5 0.187724669451661
5.25 0.205351292685445
5.5 0.223298044072862
5.75 0.241404573734691
6 0.259506978076653
6.25 0.277443689059357
6.5 0.29506106418303
6.75 0.312218285422792
7 0.328791269389778
7.25 0.344675411026518
7.5 0.359787108716439
7.75 0.374064131533169
8 0.387464976586207
8.25 0.39996741983334
8.5 0.411566487372841
8.75 0.422272070780123
9 0.432106386755809
9.25 0.441101446082138
9.5 0.449296656735637
9.75 0.456736646485608
10 0.463469355094493
10.25 0.469544417302338
10.5 0.475011835745902
10.75 0.479920927518195
11 0.484319518348435
11.25 0.488253353263151
11.5 0.491765690934849
11.75 0.494897049697245
12 0.49768507553638
12.25 0.500164505574097
12.5 0.50236720414243
12.75 0.504322252156892
13 0.506056073910302
13.25 0.507592588498024
13.5 0.508953375789792
13.75 0.510157849168762
14 0.511223429180551
14.25 0.512165713806617
14.5 0.512998642338627
14.75 0.513734650826927
15 0.514384817849587
15.25 0.514958999937603
15.5 0.515465956431571
15.75 0.515913463865353
16 0.516308420198234
16.25 0.516656939369726
16.5 0.51696443674772
16.75 0.517235706094732
17 0.517474988699749
17.25 0.517686035323011
17.5 0.517872161584961
17.75 0.518036297403515
18 0.518181031049783
18.25 0.518308648354349
18.5 0.51842116755628
18.75 0.518520370246897
19 0.518607828820925
19.25 0.518684930809851
19.5 0.518752900436582
19.75 0.518812817697028
20 0.518865635243328
20.25 0.518912193314962
20.5 0.51895323293801
20.75 0.518989407589211
21 0.519021293500095
21.25 0.519049398757193
21.5 0.519074171337017
21.75 0.51909600619896
22 0.519115251545377
22.25 0.519132214345719
22.5 0.519147165210506
22.75 0.519160342691108
23 0.519171957072542
23.25 0.519182193718735
23.5 0.519191216022779
23.75 0.519199168008643
24 0.519206176625335
24.25 0.51921235376977
24.5 0.519217798070313
24.75 0.519222596459248
25 0.519226825559091
25.25 0.519230552904743
25.5 0.51923383802088
25.75 0.519236733371712
26 0.519239285198202
26.25 0.519241534256063
26.5 0.51924351646628
26.75 0.519245263488529
27 0.519246803226594
27.25 0.519248160273877
27.5 0.519249356306068
27.75 0.519250410427257
28 0.519251339474988
28.25 0.519252158289147
28.5 0.519252879948947
28.75 0.519253515981806
29 0.519254076547451
29.25 0.519254570600179
29.5 0.519255006031873
29.75 0.519255389798048
30 0.519255728028948
30.25 0.51925602612746
30.5 0.519256288855413
30.75 0.519256520409637
31 0.519256724489
31.25 0.519256904353494
31.5 0.519257062876301
31.75 0.519257202589694
32 0.519257325725484
Total steps: 128
