0 0
1 0.0192582316950776
2 0.0529161991559224
3 0.104141471059536
4 0.170287323692948
5 0.242734508764879
6 0.311457499346651
7 0.369643013834759
8 0.414938286677099
9 0.448167733599011
10 0.471573046735457
11 0.487613124220186
12 0.49840713060607
13 0.505584045570766
14 0.51031845574597
15 0.513425532369615
16 0.515457646581211
17 0.516783906290421
18 0.517648369270989
19 0.518211057022666
20 0.518577233162781
21 0.518815548742566
22 0.518970356303773
23 0.519071040222116
24 0.519136626990454
25 0.519179103387866
26 0.51920690675636
27 0.519224942340678
28 0.51923651473689
29 0.519244218915431
30 0.519249191133843
31 0.519252281309732
32 0.519254461561772
Total steps: 419
