0 0
1 0.0192582403565531
2 0.0529162266308429
3 0.104141534743629
4 0.170287442999465
5 0.242734657802128
6 0.311457618882951
7 0.369643138334083
8 0.414938447025534
9 0.448167921795319
10 0.471573226912657
11 0.48761319600105
12 0.498407105790712
13 0.505583950195678
14 0.510318321621957
15 0.513425387071355
16 0.515457632448702
17 0.516783954220952
18 0.51764832717737
19 0.518211121486445
20 0.518577336049445
21 0.518815540976142
22 0.518970442197977
23 0.519071155485895
24 0.519136629918856
25 0.519179192332271
26 0.519206859261285
27 0.519224843110553
28 0.519236532614457
29 0.519244130700183
30 0.519249069351077
31 0.519252279391703
32 0.519254365859441
Total steps: 884
