0 0
1 0.0192578265297266
2 0.0529149976031992
3 0.104138796659629
4 0.170282471993299
5 0.242727686262228
6 0.311452282702268
7 0.369640878684477
8 0.414938606733966
9 0.448165062956979
10 0.471574157964908
11 0.487611749545365
12 0.498403735197101
13 0.505579457234469
14 0.510318952790599
15 0.513428486998303
16 0.515456052034655
17 0.516780446232423
18 0.517649162409539
19 0.518207811293417
20 0.518572637635218
21 0.518815598244051
22 0.518966726881738
23 0.519066262810908
24 0.519136484808203
25 0.519175518615745
26 0.519202038370466
27 0.519224780204731
28 0.519238320240005
29 0.519246381343893
30 0.51925118041937
31 0.51925403744213
32 0.519255738290846
Total steps: 271
