0 0
1 0.0192491164924476
2 0.0528785428895095
3 0.104047868975492
4 0.170108301572166
5 0.24255082346062
6 0.311350968859598
7 0.369592688636232
8 0.41484877740467
9 0.447983332046565
10 0.471520681889459
11 0.487663277305261
12 0.498519943942753
13 0.505532222925937
14 0.510190298288309
15 0.513468720376213
16 0.515570851505624
17 0.516753507085241
18 0.51776251089853
19 0.518366159729713
20 0.518726584271386
21 0.518941529153664
22 0.519069623626728
23 0.519145927904497
24 0.519191369877207
25 0.519218428132557
26 0.51923453841975
27 0.519244129852254
28 0.519249840032192
29 0.519253239475891
30 0.519255263245145
31 0.519256468034737
32 0.51925718526677
Total steps: 175
