0 0
1 0.0192582403181157
2 0.0529162265184419
3 0.104141534405041
4 0.170287442420932
5 0.242734657209245
6 0.311457618554568
7 0.369643138452058
8 0.414938447375937
9 0.448167921763015
10 0.47157322651209
11 0.487613195452363
12 0.498407105696244
13 0.505583950499486
14 0.510318322208302
15 0.513425387794425
16 0.51545763319002
17 0.516783954327631
18 0.517648326984085
19 0.518211121699723
20 0.518577335764217
21 0.518815540512391
22 0.518970442240813
23 0.519071155094355
24 0.519136629393291
25 0.519179192322533
26 0.519206858853456
27 0.519224842586993
28 0.519236532589816
29 0.519244130302951
30 0.519249069553172
31 0.519252279822281
32 0.519254365778125
Total steps: 651
