0 0
1 0.0192582403559171
2 0.0529162266272365
3 0.104141534734443
4 0.170287442984767
5 0.242734657781393
6 0.311457618867865
7 0.369643138315387
8 0.414938447003136
9 0.448167921773365
10 0.471573226902621
11 0.487613195999419
12 0.498407105783465
13 0.505583950195732
14 0.510318321630754
15 0.513425387082386
16 0.515457632442779
17 0.516783954207112
18 0.517648327181766
19 0.518211121498597
20 0.518577336045632
21 0.518815540968851
22 0.518970442202844
23 0.51907115547733
24 0.519136629927546
25 0.519179192347225
26 0.519206859259741
27 0.519224843123171
28 0.519236532631521
29 0.51924413070057
30 0.519249069364254
31 0.519252279408672
32 0.519254365860325
Total steps: 807
