0 0
1 0.0192582403529306
2 0.0529162266058519
3 0.104141534693385
4 0.170287442912277
5 0.242734657707834
6 0.31145761877486
7 0.369643138267602
8 0.414938447004928
9 0.448167921736998
10 0.471573226796961
11 0.487613195858862
12 0.498407105764399
13 0.505583950127394
14 0.510318321523736
15 0.513425386955123
16 0.515457632447376
17 0.516783954275797
18 0.51764832713907
19 0.518211121410612
20 0.518577336064007
21 0.518815541031113
22 0.518970442181606
23 0.519071155538783
24 0.519136629997732
25 0.519179192333208
26 0.519206859322802
27 0.519224843076909
28 0.519236532544686
29 0.519244130712687
30 0.519249069289348
31 0.519252279306165
32 0.519254365858668
Total steps: 728
