0 0
1 0.01722799
2 0.0471836146485842
3 0.0941757598390052
4 0.15766914824199
5 0.229743348925104
6 0.299787483671679
7 0.360637873160308
8 0.409442799394088
9 0.446111352741518
10 0.472110073662892
11 0.489643658334129
12 0.501004101704904
13 0.508150600527947
14 0.512555740741018
15 0.515235200044204
16 0.516851355694731
17 0.517821115439446
18 0.518401174643135
19 0.518747474375996
20 0.518953981418546
21 0.519077042349912
22 0.519150346401933
23 0.519194000989328
24 0.519219994725009
25 0.51923547112425
26 0.519244685136132
27 0.519250170611684
28 0.519253436278433
29 0.519255380405831
30 0.519256537782609
31 0.519257226788816
32 0.519257636965062
Total steps: 128
