0 0
1 0.019258240175432
2 0.0529162260142305
3 0.104141533255461
4 0.170287440123022
5 0.242734654476929
6 0.311457614301207
7 0.369643133030085
8 0.414938445433703
9 0.448167918846206
10 0.471573222948526
11 0.487613195880763
12 0.498407103509859
13 0.505583945929132
14 0.510318316085861
15 0.513425381111211
16 0.515457626744806
17 0.516783952971577
18 0.517648328090144
19 0.518211119893069
20 0.518577337736704
21 0.51881554387854
22 0.518970441882564
23 0.519071157960184
24 0.519136633279432
25 0.519179192399024
26 0.519206861865796
27 0.519224846472694
28 0.519236532787109
29 0.519244133243095
30 0.519249072586641
31 0.519252279587676
32 0.519254368289629
Total steps: 571
