0 0
1 0.0192562972182244
2 0.0529095050150785
3 0.104128605652871
4 0.17026130678352
5 0.242706197387055
6 0.311425187222808
7 0.369608425548583
8 0.414929410646833
9 0.448142525672725
10 0.471570452329861
11 0.487630671817015
12 0.498438384753915
13 0.505621574151852
14 0.510356265010824
15 0.513431928300339
16 0.515485982699171
17 0.516818630024988
18 0.517650871110972
19 0.518199398013968
20 0.518586259286084
21 0.518801706681537
22 0.518948074167616
23 0.519073522997891
24 0.519148250330654
25 0.519192752831392
26 0.519219251559628
27 0.519235028665214
28 0.519244421719134
29 0.519250013790589
30 0.519253342918789
31 0.519255324826882
32 0.51925650469546
Total steps: 217
