0 0
1 0.0192582385120797
2 0.052916221539258
3 0.104141520293513
4 0.170287418867344
5 0.242734632907832
6 0.311457609901026
7 0.36964313779535
8 0.414938439359685
9 0.448167904782476
10 0.471573205349042
11 0.487613192754828
12 0.498407094700592
13 0.505583932309544
14 0.510318299784067
15 0.513425388715293
16 0.515457645609021
17 0.516783946532354
18 0.517648310926617
19 0.518211125090535
20 0.518577347838141
21 0.518815537041948
22 0.518970453798972
23 0.51907114582462
24 0.519136612417441
25 0.519179194539836
26 0.519206844276443
27 0.519224822687989
28 0.519236532249089
29 0.519244114884754
30 0.519249048935458
31 0.519252278374266
32 0.519254350438794
Total steps: 495
