0 0
1 0.0192582403567083
2 0.0529162266314963
3 0.104141534744821
4 0.170287443001484
5 0.242734657804177
6 0.311457618885191
7 0.369643138334703
8 0.414938447026908
9 0.448167921797232
10 0.471573226912966
11 0.487613195999588
12 0.498407105792
13 0.505583950194586
14 0.510318321622029
15 0.513425387069081
16 0.515457632445252
17 0.516783954217187
18 0.517648327176974
19 0.518211121487621
20 0.518577336048395
21 0.518815540977718
22 0.518970442200497
23 0.519071155485705
24 0.519136629920957
25 0.519179192335088
26 0.519206859261358
27 0.519224843112727
28 0.519236532617253
29 0.51924413070033
30 0.51924906935319
31 0.519252279393882
32 0.519254365859274
Total steps: 964
