0 0
1 0.0191654369355625
2 0.0526171526357553
3 0.103579110351927
4 0.169187717607286
5 0.241614912441932
6 0.310513328111572
7 0.369491934693891
8 0.414349338070732
9 0.446980866020174
10 0.46988153580428
11 0.485655568094743
12 0.49642584751695
13 0.503752107082345
14 0.509852911833807
15 0.513594467942412
16 0.515862957753168
17 0.517228489296375
18 0.518046861005755
19 0.518536005370105
20 0.518827898294291
21 0.519001914841275
22 0.519105597649345
23 0.519167352816427
24 0.519204127642799
25 0.519226024147801
26 0.519239060836861
27 0.519246822252806
28 0.519251442906099
29 0.519254193706778
30 0.519255831318292
31 0.519256806218751
32 0.519257386593162
Total steps: 143
