0 0
1 0.0192581996854246
2 0.0529160746768077
3 0.104141234869645
4 0.170286813110258
5 0.242733990647472
6 0.311456917477102
7 0.369642082616682
8 0.414937855465875
9 0.448167031119947
10 0.471573181620097
11 0.48761269610471
12 0.498406178396293
13 0.505582745351888
14 0.510317023318676
15 0.513424143815559
16 0.515457360211485
17 0.516784152914708
18 0.517647978687104
19 0.518211489941868
20 0.518577968833033
21 0.518815472474765
22 0.51897098197819
23 0.519071886864582
24 0.519136645790349
25 0.519179760410802
26 0.519207588794768
27 0.519224885257977
28 0.519237088531311
29 0.519243869535644
30 0.519248476632538
31 0.519252427807017
32 0.519254780041017
Total steps: 340
