0 0
1 0.0192562972182244
2 0.0529095050150785
3 0.104120257190357
4 0.170251368526525
5 0.242696106815745
6 0.311416206219423
7 0.369601181378947
8 0.414923959713163
9 0.448138624082801
10 0.471567747817904
11 0.487628838199863
12 0.49843715997562
13 0.50557072563435
14 0.510284202712269
15 0.51338461157416
16 0.515455249109914
17 0.516751826121738
18 0.517606832049903
19 0.518209721895398
20 0.518545909392664
21 0.518774294792418
22 0.518969967704576
23 0.519086566211435
24 0.519156018573738
25 0.519197378592944
26 0.519222005771508
27 0.5192366684387
28 0.519245397953163
29 0.51925059497538
30 0.519253688912908
31 0.519255530804354
32 0.519256627317537
Total steps: 210
