0 0
0.5 0.00570482941514733
1 0.0129900826888692
1.5 0.0222248717072891
2 0.0338195423735345
2.5 0.0482042717756374
3 0.0657892859986701
3.5 0.0869049735218438
4 0.111715978138607
4.5 0.140164318348377
5 0.17187007112408
5.5 0.206111961776951
6 0.24186386474412
6.5 0.277902710514113
7 0.312967658115472
7.5 0.345929009634491
8 0.375921415212946
8.5 0.402411616955139
9 0.425196476724686
9.5 0.444348570350073
10 0.460135963116666
10.5 0.472940261320029
11 0.483188230457656
11.5 0.49130296352771
12 0.497673995812112
12.5 0.502642494137347
13 0.506496867816572
13.5 0.509474717416378
14 0.511768082177554
14.5 0.51352997569325
15 0.514881013707279
15.5 0.515915505355655
16 0.516706738942932
16.5 0.517311402431276
17 0.517773188534922
17.5 0.518125683225535
18 0.518394650739661
18.5 0.51859982437277
19 0.518756300285548
19.5 0.518875616752449
20 0.518966586620539
20.5 0.519035937546762
21 0.519088803318961
21.5 0.519129100271674
22 0.519159815306439
22.5 0.519183226064213
23 0.519201069110311
23.5 0.519214668336266
24 0.51922503294782
24.5 0.519232932219116
25 0.519238952508112
25.5 0.519243540734491
26 0.519247037529649
26.5 0.519249702509402
27 0.519251733539646
27.5 0.519253281421891
28 0.51925446108697
28.5 0.519255360126894
29 0.51925604529764
29.5 0.519256567475346
30 0.519256965433673
30.5 0.519257268722688
31 0.519257499862961
31.5 0.519257676017752
32 0.519257810267417
Total steps: 264
