0 0
1 0.0132168760998172
2 0.0344536342951287
3 0.0669743158374944
4 0.113394597152944
5 0.173649369637319
6 0.243211619194539
7 0.313662143992642
8 0.376175572583559
9 0.425342873606481
10 0.4603473151529
11 0.483470160826243
12 0.497971155968692
13 0.506762753348619
14 0.511981930862713
15 0.515041235968634
16 0.51682106652355
17 0.517851983803817
18 0.518447587867802
19 0.518791184066426
20 0.518989230255529
21 0.519103326739371
22 0.519169040850587
23 0.519206882215054
24 0.519228671047575
25 0.51924121580641
26 0.519248438572009
27 0.519252597615459
28 0.519254991927067
29 0.519256369628804
30 0.519257163030462
31 0.519257619939919
32 0.519257883540547
Total steps: 341
