0 0
1 0.0132168761223491
2 0.0344536343773721
3 0.06697431600163
4 0.113394597487314
5 0.173649370142513
6 0.243211619742021
7 0.313662144366897
8 0.376175572456545
9 0.425342873268445
10 0.460347315217858
11 0.483470160700353
12 0.497971155654578
13 0.506762752930924
14 0.511981931120814
15 0.515041236459429
16 0.516821067101101
17 0.517851983651316
18 0.518447587385952
19 0.518791183558044
20 0.518989230326819
21 0.519103327068763
22 0.519169040588241
23 0.519206881707336
24 0.519228670549724
25 0.519241215841075
26 0.519248438845178
27 0.519252597377018
28 0.51925499147802
29 0.519256369857383
30 0.519257163545945
31 0.519257620457754
32 0.519257883493123
Total steps: 383
