0 0
1 0.0132163041191162
2 0.0344504659582266
3 0.0669682415874933
4 0.113383608346198
5 0.173632859167037
6 0.243193563613386
7 0.313653282831626
8 0.376156040373933
9 0.425335480827755
10 0.460355666549893
11 0.48349088713348
12 0.497997154467412
13 0.50678797782524
14 0.511972437679486
15 0.515020652187619
16 0.516800085279972
17 0.517859797113728
18 0.518463546087511
19 0.518806923574026
20 0.519002023860462
21 0.519112813655589
22 0.519175706729285
23 0.519211403346299
24 0.519231661812088
25 0.519243158179813
26 0.519249681975137
27 0.519253383936038
28 0.519255484610164
29 0.519256676628432
30 0.519257353031612
31 0.519257736851543
32 0.519257954647053
Total steps: 155
