0 0
1 0.0132144604040028
2 0.0344393103010147
3 0.0669455698372436
4 0.113335682229398
5 0.17353767579927
6 0.243090394369915
7 0.313555563413305
8 0.376183136456856
9 0.425307815762925
10 0.460259777827374
11 0.483348208698257
12 0.497842609462412
13 0.506833281016185
14 0.512116085005055
15 0.515175203482883
16 0.516931464148952
17 0.517934719915159
18 0.518506181353283
19 0.518831155694604
20 0.519015786786796
21 0.519120627376113
22 0.519180141867011
23 0.51921392044817
24 0.519233090255169
25 0.519243968780916
26 0.51925014195761
27 0.519253644953532
28 0.519255632723674
29 0.519256760674592
30 0.519257400723007
31 0.519257763913648
32 0.519257970003219
Total steps: 140
