0 0
1 0.0132167406824946
2 0.0344529322875364
3 0.0669730224564349
4 0.113392460963957
5 0.17364651298536
6 0.243208361351886
7 0.313658535798004
8 0.376174107162033
9 0.425340533450592
10 0.460342904602966
11 0.483463746200939
12 0.4979639243393
13 0.506755940719699
14 0.511976244324477
15 0.515041904503276
16 0.516823854911304
17 0.517855013360048
18 0.518446252354863
19 0.51878861830401
20 0.518991626698764
21 0.519106910654694
22 0.519172356085101
23 0.51920950171846
24 0.519230582642545
25 0.519242545779973
26 0.519249334463135
27 0.519253186739855
28 0.519255372711791
29 0.519256613132325
30 0.519257317001193
31 0.519257716406364
32 0.519257943045607
Total steps: 175
