0 0
1 0.0132168760228772
2 0.0344536339955104
3 0.0669743151634908
4 0.11339459542806
5 0.173649366287087
6 0.243211614472146
7 0.313662137261547
8 0.376175566987115
9 0.425342868056419
10 0.460347312775177
11 0.483470161659202
12 0.497971159376291
13 0.506762757977609
14 0.511981936196159
15 0.515041240826695
16 0.516821066326514
17 0.517851981209139
18 0.518447584903102
19 0.518791184690502
20 0.518989232467436
21 0.51910332510338
22 0.519169037610509
23 0.519206879024491
24 0.519228671282648
25 0.519241217574801
26 0.519248437038044
27 0.519252594720863
28 0.519254993404749
29 0.519256372954364
30 0.519257166368827
31 0.519257619641002
32 0.519257881611661
Total steps: 300
