0 0
1 0.0132168761236832
2 0.034453634381729
3 0.0669743160174125
4 0.113394597526215
5 0.173649370198087
6 0.243211619809657
7 0.313662144439498
8 0.3761755725661
9 0.425342873386433
10 0.460347315247032
11 0.483470160750635
12 0.497971155732335
13 0.506762753024184
14 0.511981931212713
15 0.515041236538621
16 0.516821067085684
17 0.517851983604993
18 0.518447587442679
19 0.518791183639339
20 0.518989230401923
21 0.519103327051206
22 0.519169040543006
23 0.519206881756541
24 0.519228670621421
25 0.519241215907335
26 0.519248438829895
27 0.519252597337452
28 0.519254991521033
29 0.519256369920028
30 0.519257163500467
31 0.519257620384941
32 0.519257883424358
Total steps: 501
