0 0
1 0.0132168743256316
2 0.0344536266543639
3 0.0669742961813459
4 0.113394563552407
5 0.173649310982913
6 0.24321155453858
7 0.313662116051298
8 0.376175573402923
9 0.425342835561731
10 0.460347315687852
11 0.483470206730992
12 0.497971234157278
13 0.50676284201016
14 0.51198186872338
15 0.515041125927672
16 0.516820957309325
17 0.51785202194583
18 0.518447669356513
19 0.518791265677982
20 0.518989202688682
21 0.51910326776083
22 0.519169099274451
23 0.51920696904253
24 0.5192286065996
25 0.519241112980646
26 0.519248341381445
27 0.519252623213437
28 0.519255052940189
29 0.519256431679635
30 0.519257214037114
31 0.519257657980197
32 0.519257909892161
Total steps: 233
