0 0
1 0.01303499875
2 0.0339409266915317
3 0.0659884833276832
4 0.111896736957854
5 0.171761706927602
6 0.241161760033826
7 0.311725345001675
8 0.374655103124895
9 0.42443958631145
10 0.460033343362243
11 0.483551706742471
12 0.498236686827229
13 0.507066861555449
14 0.51225204740675
15 0.515253496745295
16 0.516976266843068
17 0.517960265329836
18 0.518520716600389
19 0.518839416434488
20 0.519020478414823
21 0.5191232909349
22 0.519181653710273
23 0.519214778468841
24 0.519233577176013
25 0.519244245094189
26 0.519250298753744
27 0.51925373392759
28 0.51925568321169
29 0.51925678932372
30 0.519257416979749
31 0.519257773138407
32 0.519257975237731
Total steps: 128
