0 0
1 0.0132168761233705
2 0.0344536343807682
3 0.0669743160143277
4 0.113394597519666
5 0.173649370189481
6 0.243211619792921
7 0.313662144415076
8 0.37617557255189
9 0.425342873382045
10 0.460347315233148
11 0.483470160749242
12 0.497971155743324
13 0.506762753043015
14 0.511981931233711
15 0.51504123655781
16 0.516821067100896
17 0.517851983603525
18 0.518447587435708
19 0.518791183648704
20 0.518989230415109
21 0.519103327062909
22 0.519169040540056
23 0.519206881749757
24 0.519228670629481
25 0.519241215918869
26 0.519248438821791
27 0.519252597324295
28 0.519254991509011
29 0.51925636992356
30 0.519257163508519
31 0.519257620376708
32 0.519257883412209
Total steps: 419
