0 0
1 0.0132168440534895
2 0.0344535611209465
3 0.0669741614541342
4 0.113394336005259
5 0.173648820371409
6 0.243210862010805
7 0.3136609026535
8 0.376174346417534
9 0.425342181047093
10 0.460347435946227
11 0.483470042286606
12 0.497970880596141
13 0.506763226330469
14 0.511982648522468
15 0.515041934773888
16 0.516820831723132
17 0.517851467332588
18 0.518447066662611
19 0.518791365518953
20 0.518989613910531
21 0.519102950562336
22 0.519168477975121
23 0.519207300715546
24 0.519229333572961
25 0.519241836964682
26 0.51924893223873
27 0.519252958496861
28 0.519255243195942
29 0.519256539639263
30 0.519257275298065
31 0.51925769274225
32 0.519257929617601
Total steps: 200
