0 0
1 0.0132168756979381
2 0.0344536326559438
3 0.0669743119235119
4 0.113394585122375
5 0.173649353605327
6 0.243211600728825
7 0.31366212425308
8 0.376175552698675
9 0.425342865356874
10 0.460347304262372
11 0.483470143049351
12 0.497971132416156
13 0.506762728273517
14 0.511981908750145
15 0.515041243088283
16 0.516821083053021
17 0.517852000143359
18 0.518447580939494
19 0.518791170532672
20 0.518989243024111
21 0.519103345979055
22 0.519169058168774
23 0.519206877505832
24 0.519228659875976
25 0.519241227476438
26 0.519248455704031
27 0.519252612927004
28 0.519254987947728
29 0.519256360610017
30 0.519257173709138
31 0.519257635096397
32 0.519257896906937
Total steps: 265
