0 0
0.25 0.00266567999985395
0.5 0.00568247548733074
0.75 0.00909072913268272
1 0.0129353541929028
1.25 0.0172638212089346
1.5 0.0221264003604647
1.75 0.0275756317777349
2 0.0336655579607201
2.25 0.0404506790076598
2.5 0.0479845966428956
2.75 0.056318324038966
3 0.0654982565684362
3.25 0.0755638249326535
3.5 0.0865448868130601
3.75 0.0984589551522785
4 0.111308407429722
4.25 0.125077865710606
4.5 0.139731974566512
4.75 0.155213824487078
5 0.171444263355796
5.25 0.188322301141804
5.5 0.205726740638721
5.75 0.223519063581175
6 0.241547477587657
6.25 0.259651902059938
6.5 0.277669560641024
6.75 0.295440773317627
7 0.312814516394084
7.25 0.329653347982451
7.5 0.345837374756458
7.75 0.361267048177233
8 0.375864705776539
8.25 0.389574895404921
8.5 0.402363621252649
8.75 0.414216719822414
9 0.425137608754725
9.25 0.43514465439452
9.5 0.444268382197422
9.75 0.452548716231497
10 0.460032388674719
10.25 0.466770614385788
10.5 0.47281708428483
10.75 0.478226297241068
11 0.483052224455544
11.25 0.487347282684064
11.5 0.491161582018499
11.75 0.494542408921544
12 0.497533904324562
12.25 0.500176898518244
12.5 0.50250886818925
12.75 0.504563985436257
13 0.506373233330554
13.25 0.50796456716837
13.5 0.509363104754317
13.75 0.510591332735732
14 0.51166931913648
14.25 0.512614924828675
14.5 0.513444008775568
14.75 0.514170623537674
15 0.514807198821222
15.25 0.515364711825973
15.5 0.515852843875959
15.75 0.516280123342352
16 0.516654055235787
16.25 0.516981238091866
16.5 0.517267468927635
16.75 0.517517837132077
17 0.517736808188587
17.25 0.517928298126531
17.5 0.518095739573415
17.75 0.51824214023726
18 0.518370134596941
18.25 0.518482029520905
18.5 0.518579844475365
18.75 0.518665346923961
19 0.518740083463692
19.25 0.518805407187559
19.5 0.518862501713625
19.75 0.518912402273163
20 0.518956014207607
20.25 0.518994129184866
20.5 0.519027439410245
20.75 0.519056550075412
21 0.519081990260399
21.25 0.519104222478212
21.5 0.519123651029036
21.75 0.519140629310965
22 0.519155466216392
22.25 0.519168431727537
22.5 0.519179761810684
22.75 0.519189662696491
23 0.519198314623003
23.25 0.519205875108482
23.5 0.519212481812906
23.75 0.519218255039635
24 0.519223299922376
24.25 0.519227708336914
24.5 0.519231560572183
24.75 0.5192349267909
25 0.519237868306223
25.25 0.519240438697572
25.5 0.51924268478584
25.75 0.519244647485705
26 0.519246362550502
26.25 0.519247861223197
26.5 0.519249170805283
26.75 0.51925031515395
27 0.519251315116552
27.25 0.519252188910288
27.5 0.519252952453998
27.75 0.519253619658106
28 0.519254202677997
28.25 0.519254712135432
28.5 0.519255157312028
28.75 0.519255546318338
29 0.519255886241597
29.25 0.51925618327483
29.5 0.519256442829674
29.75 0.519256669634962
30 0.519256867822874
30.25 0.519257041004219
30.5 0.519257192334213
30.75 0.519257324569964
31 0.519257440120704
31.25 0.519257541091678
31.5 0.519257629322504
31.75 0.519257706420683
32 0.519257773790889
Total steps: 514
