0 0
1 0.0131737940912937
2 0.0343369277178784
3 0.0667599768146679
4 0.11295750342409
5 0.173071475978584
6 0.2425847924755
7 0.31307639789124
8 0.375783567332153
9 0.425282346484961
10 0.460608475408339
11 0.483918862199774
12 0.49846062338094
13 0.507199512069262
14 0.512329231561796
15 0.515297933064781
16 0.517001691931998
17 0.517974761041777
18 0.518528964262791
19 0.518844103673229
20 0.519023140462479
21 0.519124802236714
22 0.519182511525579
23 0.519215265305976
24 0.519233853452359
25 0.519244401872773
26 0.51925038771894
27 0.51925378441093
28 0.519255711858279
29 0.519256805579058
30 0.519257426203723
31 0.519257778372478
32 0.519257978207761
Total steps: 131
