0 0
1 0.0132168761236124
2 0.0344536343815344
3 0.0669743160168668
4 0.113394597525188
5 0.173649370196277
6 0.243211619807696
7 0.313662144438225
8 0.376175572564161
9 0.425342873383679
10 0.460347315247326
11 0.483470160749189
12 0.497971155732342
13 0.506762753025187
14 0.511981931214146
15 0.515041236537778
16 0.516821067083712
17 0.517851983602936
18 0.518447587442988
19 0.518791183640721
20 0.518989230400812
21 0.519103327049054
22 0.519169040540893
23 0.519206881757197
24 0.519228670622879
25 0.519241215906486
26 0.519248438828075
27 0.519252597338484
28 0.519254991523266
29 0.519256369922257
30 0.519257163500276
31 0.519257620383669
32 0.519257883425441
Total steps: 460
